k = 1
30.250859 49.000000 0.000000 0.000000
28.024055 44.000000 0.000000 0.000000
28.024055 44.000000 0.000000 0.000000
k = 2
25.791142 47.000000 0.537238 1.840486
23.926308 42.000000 0.644992 1.493571
23.041237 38.000000 0.536050 1.752620
23.041237 38.000000 0.536050 1.752620
k = 3
23.184803 41.000000 0.592178 1.577939
21.453608 39.000000 0.443631 1.876028
21.116838 38.000000 0.468062 1.986916
20.876289 36.000000 0.427561 2.173565
20.876289 36.000000 0.427561 2.173565
k = 4
21.647957 36.000000 0.502961 1.752412
20.176785 34.000000 0.534549 1.756333
20.077511 34.000000 0.536344 1.683554
20.006109 34.000000 0.638123 1.535842
19.957617 34.000000 0.637036 1.475736
19.957617 34.000000 0.637036 1.475736
