../TreeLifeData/COG0292.newick
1 30.333333 30.333333 34.15
2 26.727816 26.727816 29.5699074074
3 25.224216 25.224216 27.0235403807
4 24.410365 24.410365 25.1089441872
../TreeLifeData/COG0616.newick
1 42.848485 40.984848 44.0172727273
2 37.224920 35.423422 38.9240451389
3 36.318890 34.662774 36.6323477615
../TreeLifeData/COG1304.newick
1 41.245614 41.245614 46.5175438596
2 35.960648 35.411550 39.1472567414
3 33.028955 32.407306 35.255734243
4 31.796174 31.375315 32.6874086257
../TreeLifeData/COG1247.newick
1 32.666667 29.833333 33.4888888889
2 20.953704 19.500000 25.2861111111
3 19.496914 18.044753 21.4273919753
4 17.375772 16.239198 19.2395061728
../TreeLifeData/COG2217.newick
1 70.068140 69.714549 72.5484346225
2 62.697005 61.285847 65.700647047
../TreeLifeData/COG0100.newick
1 57.388889 56.388889 60.6527777778
2 51.143285 48.728058 53.7384006076
3 48.649964 46.778701
../TreeLifeData/COG0821.newick
1 35.705128 35.705128 37.6679487179
2 30.763472 30.763472 32.986076055
3 29.508948 29.508948 30.6096120459
4 28.703442 28.430055 28.7944043803
../TreeLifeData/COG1162.newick
1 23.192308 23.192308 24.5692307692
2 18.677885 18.677885 19.6435096154
3 17.240385 16.987981 17.725
4 16.728365 16.475962 16.2878605769
../TreeLifeData/COG2216.newick
1 12.484848 12.484848 14.3248484848
2 10.775758 10.775758 11.7127272727
3 9.454545 9.454545 10.1345454545
4 8.787879 8.787879 9.35757575758
../TreeLifeData/COG1944.newick
1 15.300000 15.300000 15.94
2 11.225000 10.787500 12.554375
3 10.425000 10.081250 10.56
4 9.781250 9.531250 9.93125
../TreeLifeData/COG0256.newick
1 25.333333 25.333333 26.1833333333
2 21.198568 20.863281 23.1536458333
3 20.110026 20.110026 20.6292317708
4 19.096191 18.706380 19.3302083333
../TreeLifeData/COG0059.newick
1 28.111111 28.111111 31.1972222222
2 23.225694 22.851562 25.6560763889
3 21.753906 21.417101 22.7388020833
4 20.555990 20.555990 21.2542100694
../TreeLifeData/COG2301.newick
1 29.837234 29.735106 33.6665957447
2 26.562699 26.286636 29.1773138298
3 25.528191 24.748836 27.2675099734
4 24.597606 23.993451 25.5727593085
../TreeLifeData/COG2264.newick
1 20.850000 20.850000 23.8966666667
2 16.345833 16.345833 18.9370833333
3 15.179167 15.179167 17.0579166667
4 14.152083 13.970833 15.5747916667
../TreeLifeData/COG1808.newick
1 16.500000 16.500000 17.3666666667
2 12.995370 12.995370 14.2310185185
3 11.805556 11.805556 12.7344907407
4 11.215278 11.215278 11.6023148148
../TreeLifeData/COG0071.newick
1 38.952381 38.952381 42.8535714286
2 34.352056 34.352056 37.1793242601
3 32.990587 32.990587 34.8913693706
4 31.943410 31.786619
../TreeLifeData/COG1018.newick
1 69.689598 68.251242 74.506379264
2 65.298002 59.708760 66.7577752634
../TreeLifeData/COG3505.newick
1 20.862069 20.862069 22.8137931034
2 16.512931 16.140086 18.6318965517
3 14.609914 14.346983 15.6747844828
4 13.364224 13.364224 14.5392241379
../TreeLifeData/COG0630.newick
1 24.000000 22.000000 23.4333333333
2 18.729167 18.402778 19.7893229167
3 16.927951 16.927951 17.9369791667
4 16.009549 16.009549 16.7765625
../TreeLifeData/COG0123.newick
1 38.653846 38.653846 39.4230769231
2 31.700909 31.700909 33.9594651442
3 31.066895 31.066895 31.1297588642
4 29.995136 29.444298 29.3726186899
../TreeLifeData/COG3839.newick
1 121.282805 121.010078 137.280171112
2 116.478596 112.165964 125.109047951
../TreeLifeData/COG0736.newick
1 24.194444 24.194444 25.6833333333
2 20.440394 19.836806 21.827662037
3 19.449074 18.895255 19.9072916667
4 18.614294 17.767650 18.5586226852
../TreeLifeData/COG1232.newick
1 14.000000 14.000000 14.6666666667
2 10.555556 10.555556 11.8888888889
3 9.625000 9.625000 10.2069444444
4 8.944444 8.944444 9.39722222222
../TreeLifeData/COG3152.newick
1 16.844444 16.844444 18.6266666667
2 13.822222 13.822222 15.5074074074
3 13.074074 12.670370 13.9555555556
4 12.338889 12.033333 12.7912962963
../TreeLifeData/COG1284.newick
1 27.346154 26.697802 30.4725274725
2 23.039835 22.190934 25.6519230769
3 20.243132 19.446429 23.0105082418
4 19.460165 18.759615 20.9207417582
../TreeLifeData/COG1073.newick
1 101.523722 98.523722 107.329269258
2 94.738288 90.111769 99.2367947763
../TreeLifeData/COG1451.newick
1 33.685383 32.295009 36.3039215686
2 29.368622 28.515346 31.5416290664
3 27.788575 27.156877 29.2730559269
4 27.008105 26.437792 27.4483748329
../TreeLifeData/COG1042.newick
1 18.679487 18.679487 20.5448717949
2 15.500000 15.500000 17.258974359
3 14.057692 14.057692 15.3259615385
4 13.108974 13.108974 13.9708333333
../TreeLifeData/COG1733.newick
1 64.582753 64.582753 70.199033256
2 57.637304 56.992835 63.5205834023
../TreeLifeData/COG2089.newick
1 21.700000 21.700000 23.2733333333
2 17.872222 17.872222 19.4915277778
3 16.577778 16.577778 17.8563888889
4 15.931944 15.931944 16.2159722222
../TreeLifeData/COG2334.newick
1 19.147619 18.519048 20.0714285714
2 15.246429 15.246429 16.8897619048
3 14.271429 14.271429 15.3163095238
4 13.458333 13.458333 14.4275
../TreeLifeData/COG0017.newick
1 26.416667 25.916667 26.9
2 20.772135 20.463542 22.3932291667
3 19.567708 19.431315 20.3068359375
4 18.683594 18.447591 18.5522786458
../TreeLifeData/COG0104.newick
1 31.500000 31.500000 32.0333333333
2 24.518066 24.258789 26.69765625
3 23.924154 23.707194 24.14609375
4 23.431803 23.155599 22.4699544271
../TreeLifeData/COG1048.newick
1 22.166667 22.166667 22.5666666667
2 16.932292 16.729167 18.065625
3 15.576823 15.270833 16.2791666667
4 15.154948 14.947917 15.100390625
../TreeLifeData/COG1570.newick
1 18.800000 18.200000 18.9
2 13.300000 13.300000 14.84875
3 12.187500 12.187500 13.005625
4 11.275000 11.075000 11.755625
../TreeLifeData/COG1135.newick
1 17.250000 17.250000 17.6
2 12.835938 12.531250 13.741796875
3 12.089844 11.863281 12.5640625
4 11.523437 11.308594 11.069921875
../TreeLifeData/COG1283.newick
1 19.100000 19.100000 20.52
2 15.968750 15.690625 17.0303125
3 14.945312 14.945312 15.617890625
4 13.912500 13.912500 14.2675
../TreeLifeData/COG0064.newick
1 19.666667 19.666667 20.8
2 15.336806 15.336806 16.8138888889
3 14.395833 14.395833 14.7916666667
4 13.934028 13.934028 13.4246527778
../TreeLifeData/COG4631.newick
1 15.666667 15.666667 16.0666666667
2 11.531250 11.531250 12.95
3 10.671875 10.671875 11.0109375
4 10.197917 10.197917 10.2432291667
../TreeLifeData/COG0233.newick
1 23.166667 23.166667 23.7666666667
2 17.382812 17.382812 19.4130208333
3 16.565104 16.565104 17.0770833333
4 15.399740 15.399740 15.6260416667
../TreeLifeData/COG0315.newick
1 41.377778 41.377778 46.8755555556
2 31.210790 30.200000 40.4763194444
3 29.731224 28.725952 34.6080349794
4 28.787564 27.779707 31.5108307613
../TreeLifeData/COG2812.newick
1 31.092593 31.092593 33.7722222222
2 27.152971 26.194541 29.1398148148
3 25.895158 25.064815 26.5032986111
4 24.846354 24.138117 24.5070794753
../TreeLifeData/COG0677.newick
../TreeLifeData/COG0298.newick
1 18.166667 18.166667 18.55
2 13.598958 13.598958 14.896875
3 12.776042 12.776042 13.4713541667
4 12.026042 12.026042 12.278125
../TreeLifeData/COG0168.newick
1 34.250000 34.250000 38.9142857143
2 31.176156 30.193544 33.0453170929
3 28.483401 27.163066 30.8929618607
4 27.529477 26.388374 28.596785898
../TreeLifeData/COG5059.newick
1 83.611111 77.671717 87.0626262626
2 75.747880 70.781162 77.4873310866
../TreeLifeData/COG0337.newick
1 36.133333 36.133333 39.6172222222
2 32.388585 32.259028 34.2377922454
3 30.491421 30.039752 32.4417322531
4 29.265953 28.839545 30.5189361497
../TreeLifeData/COG0321.newick
1 22.866667 22.866667 24.4266666667
2 18.793333 18.639167 20.7150833333
3 17.748333 17.470833 18.5485833333
4 17.005833 16.921667 17.2728333333
../TreeLifeData/COG0238.newick
1 28.583333 28.583333 31.4875
2 23.979492 23.742188 26.950390625
3 22.652344 22.472982 24.9611653646
4 21.662435 21.515299 22.9945638021
../TreeLifeData/COG2156.newick
1 21.866667 21.866667 23.0933333333
2 15.350000 14.941667 17.355
3 13.650000 13.650000 15.2975
4 12.391667 11.983333 13.43
../TreeLifeData/COG4965.newick
1 22.604167 22.604167 25.1979166667
2 16.348958 16.104167 21.4989583333
3 13.739583 13.489583 17.1979166667
4 12.182292 11.838542 15.2421875
../TreeLifeData/COG1418.newick
1 17.714286 17.714286 19.9142857143
2 14.420635 14.420635 15.8099206349
3 13.250000 13.250000 14.0515873016
4 12.571429 12.571429 13.1091269841
../TreeLifeData/COG1433.newick
1 21.880000 21.706667 23.172
2 13.973333 12.946667 16.9893333333
3 11.946667 10.880000 13.7773333333
4 10.066667 10.013333 13.426
../TreeLifeData/COG1222.newick
1 41.500000 41.500000 42.6166666667
2 34.552714 34.108134 36.9438802083
3 33.165853 32.763082 34.0273681641
4 32.360474 32.003194 31.4402730306
../TreeLifeData/COG2710.newick
1 48.862424 48.422424 53.4825454545
2 44.183608 42.347034 46.6601088068
3 43.059462 41.092091 43.4113373224
../TreeLifeData/COG2169.newick
1 15.555556 14.555556 16.2555555556
2 12.526749 12.526749 13.3946502058
3 10.609053 10.609053 12.0193415638
4 10.057613 10.057613 10.8283950617
../TreeLifeData/COG0572.newick
1 33.333333 33.333333 35.6
2 28.364176 27.776204 30.2940538194
3 27.320177 27.076172 27.8134711372
4 26.537354 26.123644 25.892046441
../TreeLifeData/COG0190.newick
1 45.596154 45.365385 48.8128205128
2 40.838209 39.257272 43.0132145461
3 39.373923 37.987971 40.0663761671
../TreeLifeData/COG0144.newick
1 41.277778 41.277778 49.0888888889
2 33.321711 32.435619 37.2635159465
3 31.629083 30.658034 34.9689637989
4 29.671746 29.005096 30.1576822917
../TreeLifeData/COG0291.newick
1 24.166667 24.166667 27.3
2 19.704861 19.704861 22.2726851852
3 18.195602 18.195602 19.4112268519
4 17.089120 16.818287 18.0351851852
../TreeLifeData/COG0251.newick
1 24.211765 24.211765 27.1123529412
2 20.478824 20.250588 23.0710588235
3 19.122353 18.037647 20.8095294118
4 17.274118 16.428235 19.1541176471
../TreeLifeData/COG1619.newick
1 18.000000 18.000000 20.28
2 15.125000 14.836111 16.6919444444
3 13.755556 13.525000 14.8386111111
4 12.872222 12.516667 13.2233333333
../TreeLifeData/COG0569.newick
1 34.083333 33.833333 36.5583333333
2 29.563192 27.839427 32.1057454427
3 28.664602 27.177582 29.3145222982
4 27.208781 26.044566 27.6893157959
../TreeLifeData/COG0124.newick
1 26.000000 26.000000 26.5666666667
2 20.117188 19.947917 21.915625
3 19.003472 19.003472 19.4828125
4 18.472222 18.252604 18.1352430556
../TreeLifeData/COG0368.newick
1 21.803030 21.803030 24.5848484848
2 18.882576 18.219697 20.0232954545
3 17.750000 17.312500 17.9070075758
4 16.715909 16.371212 16.6058712121
../TreeLifeData/COG0564.newick
1 46.611111 46.611111 49.7166666667
2 42.138190 41.630914 46.0557163066
3 40.587121 40.118678 40.8715056745
4 37.759601 36.502176
../TreeLifeData/COG2113.newick
1 19.411111 19.411111 21.5333333333
2 17.385069 17.194792 18.7467708333
3 16.012153 16.012153 16.6701041667
4 15.131597 15.131597 15.6479861111
../TreeLifeData/COG0299.newick
1 21.000000 21.000000 21.35
2 16.187500 16.187500 17.73203125
3 15.468750 15.468750 15.579296875
4 14.816406 14.816406 14.4708984375
../TreeLifeData/COG4963.newick
1 13.000000 13.000000 13.3666666667
2 10.048611 10.048611 11.2111111111
3 8.902778 8.902778 9.68611111111
4 8.187500 8.187500 8.82916666667
../TreeLifeData/COG0126.newick
1 30.833333 30.833333 32.5666666667
2 25.473307 24.997396 27.13671875
3 23.955729 23.711697 24.7474609375
4 22.980794 22.555230 22.9598415799
../TreeLifeData/COG0266.newick
1 25.333333 25.333333 27.3111111111
2 20.697917 19.840278 22.4819444444
3 19.574653 18.869792 19.8225694444
4 18.881944 18.303819 18.2149305556
../TreeLifeData/COG0634.newick
1 35.233333 34.733333 37.7466666667
2 30.171165 29.938223 32.808984375
3 29.058398 28.771367 30.1029036458
4 27.707096 27.486491 28.4682285156
../TreeLifeData/COG2337.newick
1 19.583333 19.583333 24.4333333333
2 15.203125 14.833333 17.4963541667
3 13.682292 13.312500 15.6020833333
4 12.552083 12.166667 13.7427083333
../TreeLifeData/COG1501.newick
1 19.571429 19.571429 21.419047619
2 16.127976 15.785714 18.0538690476
3 15.026786 14.565476 15.6129464286
4 14.404762 14.011905 14.5601190476
../TreeLifeData/COG0162.newick
1 21.833333 21.833333 23.2666666667
2 17.449653 17.230903 19.0597222222
3 16.413194 16.413194 17.0859375
4 15.571181 15.571181 16.1387152778
../TreeLifeData/COG0690.newick
1 20.166667 20.166667 21.25
2 15.677083 15.677083 17.0182291667
3 14.614583 14.614583 15.2770833333
4 14.046875 14.046875 13.5760416667
../TreeLifeData/COG0312.newick
1 28.500000 28.500000 31.475
2 24.472222 24.187789 27.0348283179
3 23.466821 23.297261 24.5005304784
4 22.603202 22.500675 23.0324459877
../TreeLifeData/COG0201.newick
1 35.333333 35.333333 39.1666666667
2 29.832899 29.032552 32.0967881944
3 28.505425 28.505425 29.0721896701
4 27.886936 27.886936 26.5949435764
../TreeLifeData/COG1690.newick
1 16.916667 16.916667 18.2208333333
2 13.510417 13.317708 15.0088541667
3 12.414062 12.356771 13.2489583333
4 11.625000 11.625000 12.071875
../TreeLifeData/COG0097.newick
1 34.090476 34.090476 36.8847619048
2 28.425335 28.018787 31.2666964286
3 26.952418 26.952418 28.092358631
4 25.804390 25.288504 26.788031994
../TreeLifeData/COG2204.newick
1 69.089744 67.489744 72.8105128205
2 62.745860 60.202134 65.8492348927
../TreeLifeData/COG1198.newick
1 19.000000 19.000000 19.0
2 13.062500 13.062500 14.7
3 12.093750 12.093750 12.79375
4 11.468750 11.468750 11.3578125
../TreeLifeData/COG2239.newick
1 19.166667 19.166667 20.6444444444
2 15.427083 15.250000 17.053125
3 14.197917 14.197917 15.1482638889
4 13.180556 13.180556 13.9086805556
../TreeLifeData/COG3568.newick
1 18.659574 18.659574 26.3234042553
2 16.138298 16.138298 16.5930851064
3 12.648936 12.478723 14.8920212766
4 10.888298 10.180851 12.6718085106
../TreeLifeData/COG1252.newick
1 46.459459 46.054054 50.9108108108
2 41.025574 40.055427 44.0287700461
3 39.650024 38.607806 41.120468548
../TreeLifeData/COG0750.newick
1 19.000000 19.000000 20.0
2 14.402778 14.402778 16.0402777778
3 13.513889 13.513889 13.99375
4 12.208333 12.208333 12.6208333333
../TreeLifeData/COG2249.newick
1 27.621212 27.621212 29.003030303
2 22.924065 22.730350 24.9732007576
3 22.099254 21.906368 22.7718276515
4 21.511423 21.122869 21.5805338542
../TreeLifeData/COG5272.newick
1 27.500000 26.500000 28.3833333333
2 22.703704 22.416088 23.6377893519
3 20.733507 20.461227 21.9503472222
4 19.969039 19.826968 20.146875
../TreeLifeData/COG0284.newick
1 27.222222 26.777778 28.9592592593
2 21.778292 21.104167 23.4806069959
3 20.628086 20.030864 20.996399177
4 19.708591 18.991770 19.5278549383
../TreeLifeData/COG1172.newick
1 65.023810 63.940476 71.7366666667
2 60.270517 58.575409 64.6041375971
../TreeLifeData/COG1344.newick
1 42.368732 41.368732 45.8805309735
2 37.721867 37.026533 40.1383870043
3 35.555347 34.852687 37.4517326969
../TreeLifeData/COG0082.newick
1 27.611111 27.611111 29.8611111111
2 22.869792 22.869792 24.7300347222
3 20.384549 20.053385 22.2397569444
4 19.224826 19.109375 20.2660590278
../TreeLifeData/COG3027.newick
1 14.428571 14.428571 15.0285714286
2 10.357143 10.357143 11.8642857143
3 9.267857 9.267857 10.475
4 8.535714 8.535714 9.50178571429
../TreeLifeData/COG1947.newick
1 23.333333 23.333333 24.5666666667
2 17.927083 17.927083 19.2579861111
3 16.880208 16.880208 17.1913194444
4 15.237847 15.237847 15.6803819444
../TreeLifeData/COG0843.newick
1 43.023810 40.166667 42.4333333333
2 31.343047 30.348214 35.7287533069
3 28.009900 27.608817 31.1621517444
4 26.961868 26.547950 29.101120205
../TreeLifeData/COG3181.newick
1 20.166667 20.166667 21.5
2 16.661458 16.661458 17.3385416667
3 15.647569 15.590278 15.5019097222
4 14.875000 14.673611 14.5109375
../TreeLifeData/COG0791.newick
1 69.067677 66.976768 72.8288888889
2 61.669317 60.245623 65.4401604429
../TreeLifeData/COG3315.newick
1 25.200000 25.200000 28.4877777778
2 18.493056 17.944444 22.3647222222
3 17.266667 16.194444 19.9522222222
4 15.888889 15.638889 18.5297222222
../TreeLifeData/COG4771.newick
1 19.589286 18.553571 21.8785714286
2 16.852679 16.123884 18.2047991071
3 15.796875 15.213170 16.7235491071
4 14.841518 14.186384 15.6628348214
../TreeLifeData/COG1368.newick
1 19.000000 19.000000 20.7
2 15.897569 15.750000 17.4878472222
3 14.833333 14.687500 15.3923611111
4 14.178819 14.178819 14.54375
../TreeLifeData/COG0280.newick
1 46.113095 46.113095 50.4851190476
2 41.890574 40.741981 45.8397192992
3 40.403195 39.722688 42.4451938967
../TreeLifeData/COG0803.newick
1 41.223810 41.223810 45.4795238095
2 37.161644 35.866073 40.083770479
3 35.804795 34.512810 36.9958000283
../TreeLifeData/COG0466.newick
1 22.000000 22.000000 23.1333333333
2 16.899306 16.899306 18.5694444444
3 16.006944 16.006944 16.5649305556
4 14.711806 14.711806 15.11875
../TreeLifeData/COG0607.newick
../TreeLifeData/COG0738.newick
1 24.338710 24.338710 26.3935483871
2 19.702621 18.265121 21.8745967742
3 16.921371 16.435484 18.7693548387
4 15.986895 15.678427 16.9549395161
../TreeLifeData/COG0303.newick
1 21.333333 21.333333 22.0
2 16.780599 16.780599 18.4875
3 15.847656 15.847656 16.6208333333
4 15.146484 14.951172 15.1858723958
../TreeLifeData/COG0392.newick
1 26.083333 24.083333 27.9583333333
2 21.361328 20.804036 22.3073242188
3 18.918294 18.452799 20.4373372396
4 17.770833 17.188802 18.4665690104
../TreeLifeData/COG0836.newick
1 30.277778 30.277778 36.6740740741
2 24.346065 24.073206 29.1998842593
3 21.885706 21.832465 24.8722222222
4 20.144676 19.936343 22.2146990741
../TreeLifeData/COG0475.newick
1 49.600000 49.600000 53.0266666667
2 43.824477 42.761259 46.6048911314
3 42.387733 41.754435
../TreeLifeData/COG0523.newick
1 36.500000 36.500000 38.3833333333
2 31.534709 31.428901 33.6407335069
3 30.301676 29.951782 31.2784227159
4 29.379154 28.979411
../TreeLifeData/COG0601.newick
1 112.415152 110.124242 118.568787879
2 104.793749 100.382924 110.626059692
../TreeLifeData/COG1286.newick
1 16.066667 16.066667 18.16
2 13.577778 12.733333 14.8711111111
3 11.966667 11.966667 12.9166666667
4 11.211111 11.211111 11.6433333333
../TreeLifeData/COG0002.newick
1 29.476190 29.476190 31.1238095238
2 24.803571 24.803571 26.6180697279
3 23.921662 23.921662 24.3657844388
4 23.096407 23.096407 23.251477466
../TreeLifeData/COG0622.newick
1 23.233333 21.483333 24.3841666667
2 17.845833 16.562500 20.2691666667
3 15.583333 14.612500 17.0245833333
4 14.577083 13.868750 15.6504166667
../TreeLifeData/COG0159.newick
1 32.100000 32.100000 33.8166666667
2 27.243490 27.243490 29.5681423611
3 26.172396 26.172396 27.5047699653
4 25.186610 24.992578 25.8084244792
../TreeLifeData/COG0529.newick
1 17.000000 17.000000 17.1333333333
2 12.682292 12.682292 13.6645833333
3 11.671875 11.671875 12.19921875
4 11.125000 11.125000 11.35703125
../TreeLifeData/COG0714.newick
1 24.000000 24.000000 25.5666666667
2 20.101389 19.735764 21.6825694444
3 19.016667 18.711806 19.3739583333
4 18.353125 17.896875 18.2382638889
../TreeLifeData/COG1972.newick
1 17.166667 17.166667 18.3
2 13.338542 13.057292 15.0098958333
3 12.536458 12.281250 13.3924479167
4 12.093750 11.692708 11.9799479167
../TreeLifeData/COG0211.newick
1 28.024055 28.024055 30.3402061856
2 24.573120 23.850706 25.9417716686
3 22.234059 21.526537 24.3689576174
4 21.132111 20.696449 22.247842688
../TreeLifeData/COG0011.newick
1 13.833333 13.833333 14.5166666667
2 10.520833 10.520833 11.6625
3 9.729167 9.729167 9.94895833333
4 8.989583 8.989583 9.321875
../TreeLifeData/COG2358.newick
1 24.243243 24.243243 27.2009009009
2 21.103979 20.772523 22.7753753754
3 19.599474 19.194820 20.8514827327
4 18.707020 18.395270 19.5477852853
../TreeLifeData/COG0657.newick
1 83.489511 80.786808 88.0014929215
2 76.514453 72.318846 81.3403968683
../TreeLifeData/COG1764.newick
1 23.351852 23.351852 24.9111111111
2 19.786523 19.601166 22.0511659808
3 18.667010 18.478909 19.9156035665
4 17.873285 17.873285 18.6137174211
../TreeLifeData/COG2220.newick
1 47.651444 47.651444 54.862685402
2 44.202398 43.605290 48.5708951302
3 43.252052 42.344713 45.2202376021
../TreeLifeData/COG0058.newick
1 20.333333 19.333333 20.1333333333
2 15.638021 15.638021 16.8963541667
3 14.345052 14.345052 15.0145833333
4 13.666667 13.666667 13.862890625
../TreeLifeData/COG1385.newick
1 33.800000 33.800000 37.09
2 25.137891 24.396484 28.3634765625
3 23.291211 22.458398 24.9474609375
4 21.026758 20.336719 21.9215625
../TreeLifeData/COG2274.newick
1 38.118794 36.820922 41.4684397163
2 33.872377 32.276914 36.5270814864
3 31.737265 30.299719 33.3589871454
4 30.701504 29.075599
../TreeLifeData/COG0156.newick
1 54.946667 53.466667 56.3826666667
2 44.860898 43.414733 49.0018074544
3 41.040399 40.043605
../TreeLifeData/COG1794.newick
1 15.476190 15.476190 16.5619047619
2 12.392857 12.392857 13.4833333333
3 10.404762 10.321429 11.9452380952
4 9.607143 9.523810 10.8535714286
../TreeLifeData/COG0394.newick
1 40.633333 40.633333 43.12
2 36.023127 34.843039 37.8732682292
3 34.833382 33.768200 35.4636071777
4 33.650668 32.987646
../TreeLifeData/COG3711.newick
1 26.250000 26.250000 29.325
2 21.140625 19.890625 25.0625
3 19.174479 18.765625 21.3033854167
4 16.531250 15.802083 19.6768229167
../TreeLifeData/COG1732.newick
1 21.719298 21.719298 25.2175438596
2 19.345614 19.118129 21.1192397661
3 18.064327 17.737427 19.2020467836
4 17.018713 16.918713 17.5863157895
../TreeLifeData/COG2860.newick
1 18.285714 18.285714 19.6571428571
2 13.812500 13.812500 15.9642857143
3 12.678571 12.678571 13.7508928571
4 11.674107 11.674107 12.2834821429
../TreeLifeData/COG1173.newick
1 101.315904 99.849825 109.067041736
2 93.112076 88.713502 98.4544295609
../TreeLifeData/COG0861.newick
1 46.366667 46.366667 47.11
2 39.375814 39.175328 42.5951717122
3 38.542849 38.371644 39.5062029521
4 37.789099 37.426364
../TreeLifeData/COG1663.newick
1 24.500000 24.500000 26.4666666667
2 18.322917 18.322917 21.0104166667
3 15.802083 15.791667 18.10625
4 14.312500 14.302083 16.4979166667
