../TreeLifeData/COG2804.newick
1 42.583333 40.833333
2 36.411603 35.449110
3 34.642361 33.483896
../TreeLifeData/COG2804.newick
1 42.583333 40.833333
2 36.411603 35.449110
3 34.642361 33.483896
../TreeLifeData/COG0373.newick
1 18.133333 17.333333
2 14.244444 13.822222
3 13.388889 12.477778
4 12.200000 11.438889
1 19.333333 17.333333
2 14.500000 13.633333
3 13.488889 12.522222
4 12.711111 11.688889
1 19.866667 17.333333
2 15.933333 14.333333
3 13.105556 12.383333
4 12.211111 11.933333
1 19.866667 17.333333
2 18.266667 16.133333
3 18.266667 15.022222
4 14.644444 12.888889
1 19.866667 17.333333
2 16.333333 14.600000
3 13.933333 12.500000
4 12.566667 11.183333
../TreeLifeData/COG2151.newick
1 20.666667 18.666667
2 16.027778 14.888889
3 14.861111 14.194444
4 14.277778 13.277778
1 20.000000 18.666667
2 15.518519 15.092593
3 13.615741 13.291667
4 12.870370 12.541667
1 19.333333 18.666667
2 17.333333 15.777778
3 16.888889 15.222222
4 13.453704 12.361111
1 19.333333 18.666667
2 16.944444 16.055556
3 14.513889 13.263889
4 12.587963 12.587963
1 20.000000 18.666667
2 16.333333 15.555556
3 15.037037 14.037037
4 14.000000 13.259259
../TreeLifeData/COG0610.newick
1 33.505650 32.313559
2 30.077331 29.584216
3 28.016331 27.630760
4 27.102600 26.549258
1 37.319209 32.313559
2 32.550318 29.833333
3 29.291667 27.792108
4 28.295198 27.073270
1 33.200565 32.313559
2 29.429136 28.461158
3 28.125243 27.528646
4 27.199020 25.854365
1 32.906780 32.313559
2 30.121645 28.752317
3 29.049457 27.432082
4 26.814420 25.875574
1 35.847458 32.313559
2 30.441561 29.030632
3 29.408413 27.044668
4 28.345913 25.921566
../TreeLifeData/COG1052.newick
../TreeLifeData/COG0187.newick
1 30.000000 28.000000
2 26.333333 25.000000
3 23.395833 22.062500
4 21.902778 21.437500
1 29.333333 28.000000
2 24.833333 24.833333
3 19.937500 19.937500
4 18.178819 18.178819
1 29.333333 28.000000
2 22.555556 21.500000
3 20.253472 19.552083
4 18.180556 17.253472
1 28.000000 28.000000
2 22.000000 22.000000
3 20.125000 20.125000
4 18.631944 18.423611
1 30.000000 28.000000
2 23.666667 22.000000
3 20.368056 19.465278
4 18.909722 18.147569
../TreeLifeData/COG0008.newick
1 49.071429 48.452381
2 44.544643 43.177083
3 40.747954 37.735677
../TreeLifeData/COG0782.newick
1 33.416667 29.583333
2 30.416667 27.583333
3 25.751302 23.701823
4 23.934896 21.984375
1 32.083333 29.583333
2 27.166667 25.083333
3 23.992188 22.529622
4 22.662435 21.582031
1 32.083333 29.583333
2 27.671875 25.171875
3 25.748698 23.587240
4 24.039714 21.212891
1 33.416667 29.583333
2 28.604167 26.270833
3 26.072917 23.675130
4 24.274089 21.831380
1 33.416667 29.583333
2 27.463542 25.731771
3 25.635417 24.513021
4 23.945312 22.388346
../TreeLifeData/COG2453.newick
1 71.651111 62.684444
2 69.389407 59.681939
../TreeLifeData/COG0066.newick
1 23.250000 22.750000
2 19.250000 18.750000
3 16.425781 15.929688
4 15.287109 14.839844
1 23.250000 22.750000
2 20.625000 19.812500
3 17.531250 17.250000
4 16.882812 16.367188
1 23.250000 22.750000
2 20.656250 19.468750
3 17.617188 17.015625
4 16.007812 15.566406
1 23.250000 22.750000
2 19.375000 18.968750
3 16.750000 16.429688
4 15.367188 15.011719
1 23.250000 22.750000
2 18.609375 17.968750
3 17.476562 17.187500
4 16.191406 15.875000
../TreeLifeData/COG1858.newick
1 24.000000 22.333333
2 19.827546 18.964120
3 18.677662 18.148727
4 17.973380 17.422454
1 23.666667 22.333333
2 21.277778 20.500000
3 18.534722 17.650463
4 17.219329 16.903935
1 25.333333 22.333333
2 21.277778 20.611111
3 18.537037 18.203704
4 17.103009 16.896991
1 24.666667 22.333333
2 20.173611 19.673611
3 17.532407 17.192708
4 16.892940 16.240741
1 25.000000 22.333333
2 19.661458 18.994792
3 18.160880 17.569444
4 17.240162 16.520833
../TreeLifeData/COG0713.newick
1 35.655072 28.788406
2 32.610145 25.788406
3 28.468961 24.021256
4 27.487560 23.094203
1 33.168116 28.788406
2 28.368116 25.884058
3 26.903623 23.749275
4 24.844203 21.787500
1 34.397101 28.788406
2 32.092271 26.287440
3 31.248551 25.214010
4 27.429952 23.220411
1 35.098551 28.788406
2 29.339614 25.639614
3 28.473430 24.249396
4 27.494686 23.001691
1 34.704348 28.7884../TreeLifeData/COG5040.newick
1 24.433333 22.033333
2 19.233333 18.900000
3 17.000000 16.750000
4 15.375000 15.375000
1 22.833333 22.033333
2 18.766667 18.316667
3 16.037500 16.037500
4 14.912500 14.768750
1 22.833333 22.033333
2 18.833333 18.566667
3 16.766667 16.766667
4 15.291667 15.291667
1 24.433333 22.033333
2 18.466667 17.866667
3 16.658333 16.658333
4 16.475000 15.583333
1 23.033333 22.033333
2 19.833333 18.833333
3 17.016667 16.650000
4 15.958333 15.408333
../TreeLifeData/COG5273.newick
1 38.064565 35.379880
2 33.369745 31.251502
3 29.476351 28.403200
4 28.646725 27.315315
1 37.007508 35.379880
2 32.697823 30.118994
3 31.519989 28.495589
4 28.684567 26.807902
1 38.524024 35.379880
2 33.744745 30.884384
3 30.085938 28.223442
4 28.248123 26.890109
1 47.953453 35.379880
2 35.466216 30.619369
3 31.816254 29.388514
4 31.153341 27.629317
1 37.118619 35.379880
2 32.086336 31.254692
3 29.721284 29.059919
4 28.294247 27.154842
../TreeLifeData/COG2022.newick
1 30.083333 27.083333
2 25.718750 23.944444
3 23.446470 21.891782
4 22.111883 20.823110
1 30.750000 27.083333
2 27.302083 23.291667
3 23.652199 21.692998
4 22.584394 20.733507
1 29.583333 27.083333
2 25.231481 24.180556
3 23.644387 22.331501
4 22.416570 21.154707
1 29.083333 27.083333
2 25.123457 25.123457
3 23.166474 22.392940
4 21.553916 21.079765
1 30.750000 27.083333
2 27.013889 24.944444
3 24.468750 22.994213
4 22.223283 21.237461
../TreeLifeData/COG4799.newick
1 51.766667 49.100000
2 45.263987 44.370544
3 40.711237 39.483064
../TreeLifeData/COG1974.newick
1 20.500000 20.500000
2 15.328125 15.328125
3 13.914062 13.914062
4 13.136719 13.136719
1 20.500000 20.500000
2 16.375000 16.375000
3 14.328125 14.328125
4 12.859375 12.859375
1 20.500000 20.500000
2 16.000000 16.000000
3 14.250000 14.250000
4 13.031250 13.031250
1 20.500000 20.500000
2 15.656250 15.656250
3 13.906250 13.906250
4 12.878906 12.878906
1 20.500000 20.500000
2 16.500000 16.500000
3 16.500000 16.000000
4 14.875000 14.437500
../TreeLifeData/COG2223.newick
1 20.033333 18.966667
2 18.866667 13.188889
3 17.172222 15.783333
4 16.727778 11.361111
1 19.277778 18.966667
2 17.911111 13.188889
3 16.722222 12.222222
4 15.950000 11.322222
1 20.188889 18.966667
2 18.233333 16.966667
3 16.705556 16.216667
4 16.377778 11.366667
1 20.033333 18.966667
2 18.533333 17.466667
3 16.655556 11.866667
4 15.916667 11.455556
1 20.277778 18.966667
2 17.966667 13.188889
3 17.211111 12.133333
4 12.438889 11.266667
../TreeLifeData/COG0675.newick
1 33.333333 30.623457
2 29.965278 27.945602
3 27.861642 26.020110
4 27.041426 25.079403
1 34.925926 30.623457
2 31.272762 27.869406
3 29.862365 26.079861
4 29.417776 25.494430
1 34.277778 30.623457
2 31.444444 28.185957
3 30.689815 26.702932
4 29.217785 25.530671
1 33.629630 30.623457
2 31.703704 28.672840
3 29.574460 26.744985
4 27.302276 25.097174
1 38.228395 30.623457
2 28.869068 27.009090
3 25.929953 25.561198
4 25.046248 24.880136
../TreeLifeData/COG2897.newick
1 22.433333 18.500000
2 18.250000 16.750000
3 16.722222 15.500000
4 15.141667 13.583333
1 21.233333 18.500000
2 17.822222 15.777778
3 16.922222 14.666667
4 14.466667 13.525000
1 21.233333 18.500000
2 16.761111 15.597222
3 15.611111 14.247222
4 14.205556 13.350000
1 20.833333 18.500000
2 18.100000 16.500000
3 17.611111 15.211111
4 15.000000 13.505556
1 21.233333 18.500000
2 17.233333 16.305556
3 15.816667 15.022222
4 15.816667 14.061111
../TreeLifeData/COG0456.newick
1 52.023810 48.309524
2 46.654793 43.840892
../TreeLifeData/COG1757.newick
1 40.201701 37.592177
2 34.249320 33.025850
3 31.786947 30.418070
4 30.955527 29.276913
1 51.805272 37.592177
2 37.531994 33.094728
3 35.127370 30.601648
4 30.554953 28.825850
1 52.742687 37.592177
2 46.015349 33.862394
3 44.907334 32.557908
4 43.321609 31.261001
1 39.519558 37.592177
2 35.396599 33.267942
3 32.789233 30.742049
4 32.048523 29.015391
1 40.687415 37.592177
2 34.866752 33.246514
3 32.485034 30.644218
4 30.991837 28.871173
../TreeLifeData/COG1187.newick
1 52.484127 50.277778
2 48.782547 45.186425
../TreeLifeData/COG1185.newick
1 21.666667 20.333333
2 17.166667 17.166667
3 14.708333 14.166667
4 13.593750 12.916667
1 21.000000 20.333333
2 17.000000 17.000000
3 15.291667 15.291667
4 13.380208 13.380208
1 20.333333 20.333333
2 17.166667 17.166667
3 14.489583 14.489583
4 13.234375 13.234375
1 20.333333 20.333333
2 17.000000 17.000000
3 14.333333 14.125000
4 12.864583 12.864583
1 21.666667 20.333333
2 18.666667 17.333333
3 16.916667 15.458333
4 14.250000 13.708333
../TreeLifeData/COG1160.newick
1 45.514620 37.461988
2 39.545809 33.403509
3 37.610624 32.140351
4 34.188109 22.780702
1 51.286550 37.461988
2 29.254386 26.404971
3 26.490253 24.446394
4 25.151072 23.348928
1 53.304094 37.461988
2 52.672515 26.479532
3 40.251462 26.058480
4 28.844055 24.916667
1 42.847953 37.461988
2 32.141813 26.404971
3 31.112086 25.191520
4 28.171053 23.368908
1 40.637427 37.461988
2 29.453216 26.488304
3 26.581384 24.017544
4 23.997320 22.631092
../TreeLifeData/COG0109.newick
1 19.250000 18.750000
2 15.187500 14.687500
3 14.140625 13.640625
4 13.343750 12.843750
1 20.250000 18.750000
2 15.921875 15.546875
3 14.937500 14.484375
4 14.007812 13.296875
1 22.250000 18.750000
2 17.718750 16.937500
3 14.156250 13.570312
4 13.312500 12.679688
1 20.250000 18.750000
2 17.218750 16.156250
3 15.687500 15.234375
4 14.500000 14.328125
1 20.750000 18.750000
2 17.375000 15.781250
3 14.953125 13.589844
4 13.507812 12.273438
../TreeLifeData/COG1983.newick
1 14.166667 12.833333
2 10.569444 10.569444
3 9.763889 8.916667
4 9.152778 9.055556
1 14.666667 12.833333
2 11.444444 10.944444
3 10.555556 10.055556
4 10.111111 9.166667
1 14.166667 12.833333
2 10.958333 10.291667
3 9.763889 8.944444
4 8.888889 8.888889
1 14.666667 12.833333
2 12.166667 10.833333
3 10.333333 9.000000
4 8.888889 8.152778
1 14.666667 12.833333
2 11.125000 10.458333
3 10.000000 9.333333
4 8.986111 8.500000
../TreeLifeData/COG0335.newick
1 37.833333 33.530303
2 31.424242 28.696970
3 29.891835 27.136785
4 26.826073 24.804609
1 36.075758 33.530303
2 30.747475 30.080808
3 27.961700 27.440025
4 25.970697 25.098485
1 37.106061 33.530303
2 30.108586 28.566288
3 28.099116 27.073864
4 26.487321 25.139941
1 35.833333 33.530303
2 30.170455 29.507576
3 27.613742 27.357639
4 26.066498 25.015835
1 38.742424 33.530303
2 31.286616 28.439394
3 29.002841 26.369318
4 26.699337 24.254261
../TreeLifeData/COG1408.newick
1 18.666667 18.000000
2 15.703704 15.703704
3 13.875000 13.488426
4 12.796296 12.796296
1 19.333333 18.000000
2 15.069444 14.736111
3 14.291667 13.787037
4 13.368056 12.831019
1 19.333333 18.000000
2 17.000000 15.666667
3 15.259259 14.814815
4 13.712963 13.583333
1 19.333333 18.000000
2 16.092593 15.944444
3 14.398148 14.185185
4 13.342593 13.342593
1 20.000000 18.000000
2 17.111111 15.944444
3 15.666667 14.486111
4 14.620370 13.444444
../TreeLifeData/COG0107.newick
1 23.111111 22.000000
2 20.444444 20.000000
3 18.814815 14.569444
4 13.924383 13.180556
1 24.555556 22.000000
2 17.234568 15.555556
3 15.719136 14.490741
4 15.046296 13.932099
1 24.000000 22.000000
2 21.333333 20.000000
3 15.745370 14.074074
4 14.680556 13.509259
1 24.000000 22.000000
2 17.435185 15.555556
3 15.101852 13.944444
4 14.623457 13.425926
1 23.333333 22.000000
2 20.333333 19.500000
3 15.577160 14.143519
4 14.450617 12.981481
../TreeLifeData/COG1360.newick
1 23.000000 22.000000
2 21.000000 20.000000
3 19.125000 17.875000
4 15.101562 14.335938
1 22.000000 22.000000
2 17.375000 16.875000
3 15.578125 15.062500
4 14.789063 14.203125
1 23.000000 22.000000
2 19.125000 17.875000
3 18.125000 16.593750
4 16.789062 15.867188
1 23.000000 22.000000
2 18.500000 18.000000
3 14.953125 14.671875
4 14.367188 14.015625
1 23.000000 22.000000
2 18.875000 18.750000
3 15.257812 14.781250
4 13.964844 13.691406
../TreeLifeData/COG0855.newick
1 26.000000 24.818182
2 21.979798 21.578283
3 19.172138 19.172138
4 17.880261 17.880261
1 27.797980 24.818182
2 22.639731 21.340067
3 20.124158 19.178662
4 19.227694 18.320497
1 27.030303 24.818182
2 22.703283 20.457071
3 20.528409 19.152778
4 19.875000 18.625000
1 26.333333 24.818182
2 21.796296 21.436027
3 20.700337 20.159933
4 19.641414 19.071549
1 26.222222 24.818182
2 23.013468 21.754209
3 20.828283 20.232323
4 20.206229 19.143098
../TreeLifeData/COG0769.newick
1 24.833333 24.333333
2 20.302083 19.723958
3 19.130208 18.062500
4 18.177083 17.411458
1 27.166667 24.333333
2 22.916667 20.833333
3 20.010417 18.494792
4 19.031250 17.958333
1 26.500000 24.333333
2 21.187500 20.572917
3 20.375000 19.083333
4 19.104167 17.119792
1 25.500000 24.333333
2 22.500000 22.000000
3 20.645833 19.458333
4 17.203125 17.203125
1 25.833333 24.333333
2 21.114583 20.520833
3 18.692708 18.692708
4 17.916667 17.916667
../TreeLifeData/COG0040.newick
1 39.193798 30.748062
2 29.852713 26.468992
3 28.277778 24.951550
4 24.868540 22.819444
1 39.000000 30.748062
2 33.613614 26.539729
3 31.915294 24.602067
4 26.887193 22.923934
1 33.108527 30.748062
2 28.502422 26.274225
3 24.977229 24.049903
4 24.313792 23.143330
1 32.961240 30.748062
2 31.300388 29.221899
3 29.294089 27.027132
4 27.543120 25.452519
1 34.736434 30.748062
2 29.552326 26.335271
3 28.046915 24.957364
4 25.531977 22.809109
../TreeLifeData/COG0120.newick
1 16.222222 14.666667
2 12.703704 12.703704
3 10.876543 10.876543
4 9.932099 9.932099
1 16.000000 14.666667
2 12.611111 12.611111
3 11.530864 11.191358
4 10.530864 10.216049
1 16.000000 14.666667
2 14.000000 12.666667
3 13.222222 11.888889
4 10.932099 10.092593
1 16.444444 14.666667
2 13.777778 12.666667
3 12.777778 11.666667
4 10.790123 10.129630
1 16.666667 14.666667
2 14.111111 12.703704
3 11.666667 11.506173
4 10.814815 10.814815
../TreeLifeData/COG2186.newick
1 63.264151 44.786164
2 44.265461 40.538522
3 43.138737 39.791413
../TreeLifeData/COG0498.newick
1 36.066667 30.900000
2 32.258333 27.491667
3 29.920417 26.225000
4 28.915833 24.748750
1 34.933333 30.900000
2 31.240833 28.075000
3 26.912049 25.404722
4 25.958333 24.254097
1 36.700000 30.900000
2 29.910000 28.576667
3 28.910000 26.730000
4 26.963611 25.033333
1 37.400000 30.900000
2 29.300000 27.180556
3 27.727222 26.132500
4 26.579896 24.542813
1 36.733333 30.900000
2 30.477778 27.570139
3 27.331493 25.642222
4 26.219132 24.557153
../TreeLifeData/COG0761.newick
1 25.000000 23.333333
2 23.000000 21.083333
3 21.333333 20.000000
4 19.090278 18.444444
1 25.666667 23.333333
2 21.479167 20.062500
3 19.479167 18.239583
4 18.003472 16.953125
1 25.666667 23.333333
2 21.270833 20.125000
3 18.569444 18.078125
4 17.166667 16.972222
1 25.000000 23.333333
2 20.631944 19.631944
3 18.729167 17.527778
4 17.642361 16.263889
1 25.000000 23.333333
2 20.243056 19.586806
3 18.251736 17.124132
4 17.578125 16.419271
../TreeLifeData/COG0579.newick
1 32.266667 29.166667
2 26.746181 25.703472
3 24.355642 23.841146
4 23.550043 22.593186
1 32.766667 29.166667
2 28.231250 25.869792
3 26.146615 24.118490
4 24.948134 22.975043
1 32.433333 29.166667
2 27.185590 25.406250
3 24.993620 23.848090
4 23.818359 23.003212
1 31.733333 29.166667
2 29.158333 26.666667
3 26.611979 24.421875
4 23.843012 22.759549
1 32.933333 29.166667
2 28.662500 25.145833
3 26.314410 24.070312
4 24.000347 23.263498
../TreeLifeData/COG1546.newick
1 23.761905 19.952381
2 17.166667 16.626984
3 15.410714 14.714286
4 14.702381 14.321429
1 21.952381 19.952381
2 17.801587 17.103175
3 16.692460 15.384921
4 16.154762 13.811508
1 23.095238 19.952381
2 19.603175 17.365079
3 16.591270 15.214286
4 14.769841 14.222222
1 23.571429 19.952381
2 21.571429 17.952381
3 17.476190 16.888889
4 15.857143 14.738095
1 24.333333 19.952381
2 19.619048 17.809524
3 16.666667 15.460317
4 15.714286 14.555556
../TreeLifeData/COG0259.newick
1 16.666667 13.033333
2 14.666667 11.533333
3 13.166667 10.033333
4 12.666667 9.533333
1 16.166667 13.033333
2 11.591667 10.033333
3 11.200000 9.050000
4 10.575000 8.250000
1 16.666667 13.033333
2 15.166667 12.033333
3 11.983333 9.433333
4 10.583333 8.933333
1 16.166667 13.033333
2 13.483333 10.433333
3 12.200000 9.300000
4 11.700000 8.600000
1 13.833333 13.033333
2 11.266667 10.016667
3 11.266667 9.116667
4 10.516667 8.450000
../TreeLifeData/COG1459.newick
1 26.333333 23.600000
2 20.322917 19.759375
3 18.507292 18.324479
4 17.896354 17.672917
1 25.000000 23.600000
2 23.066667 21.700000
3 20.633333 19.225000
4 19.239583 17.679688
1 26.200000 23.600000
2 22.175000 19.904167
3 19.503646 18.394271
4 17.367188 16.848958
1 25.433333 23.600000
2 20.841667 20.341667
3 19.391146 18.819271
4 17.896875 17.506771
1 26.200000 23.600000
2 22.575000 20.662500
3 20.625000 18.711458
4 19.485417 18.140625
../TreeLifeData/COG1238.newick
1 16.500000 15.000000
2 13.500000 12.187500
3 12.312500 11.437500
4 11.046875 10.078125
1 16.000000 15.000000
2 16.000000 12.625000
3 13.343750 10.953125
4 11.828125 9.671875
1 15.750000 15.000000
2 12.718750 12.000000
3 11.320312 10.468750
4 10.640625 9.875000
1 15.625000 15.000000
2 13.859375 11.875000
3 11.734375 10.828125
4 10.617188 9.859375
1 16.500000 15.000000
2 16.500000 12.625000
3 13.125000 10.437500
4 10.960938 9.914062
../TreeLifeData/COG3000.newick
1 27.619048 24.809524
2 23.869048 21.202381
3 20.781436 19.238095
4 19.062872 18.244420
1 28.095238 24.809524
2 23.632440 21.488095
3 22.814732 20.101190
4 21.447173 18.671131
1 27.880952 24.809524
2 24.361607 21.153274
3 20.951265 19.652530
4 19.655878 18.722098
1 26.619048 24.809524
2 21.995908 21.022693
3 20.823661 19.781994
4 19.722284 18.854911
1 28.761905 24.809524
2 25.458333 22.672619
3 20.787946 19.579985
4 19.814732 18.486607
