../TreeLifeData_small/COG0003.newick
1 16.666667 14.666667
2 11.750000 11.750000
3 10.513889 10.513889
4 9.097222 8.722222
1 16.000000 14.666667
2 12.833333 12.166667
3 9.944444 9.819444
4 9.055556 9.055556
1 16.000000 14.666667
2 13.666667 12.000000
3 12.333333 10.666667
4 11.666667 9.166667
1 16.666667 14.666667
2 14.166667 12.166667
3 14.166667 10.222222
4 11.055556 10.583333
1 15.333333 14.666667
2 12.833333 12.166667
3 11.500000 10.222222
4 10.722222 9.277778
../TreeLifeData_small/COG0005.newick
1 23.333333 22.166667
2 18.609375 17.885417
3 17.026042 17.026042
4 15.930990 15.781250
1 23.333333 22.166667
2 19.583333 18.416667
3 17.260417 16.343750
4 16.705729 15.835938
1 22.666667 22.166667
2 19.312500 18.583333
3 18.041667 17.666667
4 16.338542 16.338542
1 22.666667 22.166667
2 18.604167 18.604167
3 16.842448 16.463542
4 15.492839 15.492839
1 22.666667 22.166667
2 18.354167 17.885417
3 17.027344 16.479167
4 15.881510 15.881510
../TreeLifeData_small/COG0002.newick
1 33.809524 29.476190
2 27.863946 26.238095
3 25.899660 24.304422
4 24.479592 23.512755
1 33.238095 29.476190
2 28.707483 27.802721
3 25.906463 25.025510
4 22.973108 22.519558
1 32.904762 29.476190
2 30.619048 27.476190
3 26.140306 24.370748
4 23.979167 22.670706
1 30.333333 29.476190
2 26.302721 25.930272
3 24.679422 24.528061
4 23.525510 23.320791
1 32.904762 29.476190
2 29.833333 26.214286
3 25.497343 23.296875
4 23.936969 22.262755
../TreeLifeData_small/COG0004.newick
1 39.944444 36.833333
2 34.604938 34.096708
3 25.160494 23.652263
4 23.533308 21.831662
1 37.722222 36.833333
2 33.679784 33.166667
3 32.716307 32.114841
4 23.494084 22.193544
1 38.166667 36.833333
2 35.194444 33.978395
3 32.409979 31.617284
4 31.343364 30.693801
1 47.388889 36.833333
2 27.822016 25.500000
3 26.438272 24.276620
4 23.055041 22.336677
1 39.277778 36.833333
2 36.138889 33.950617
3 35.442901 33.239198
4 34.277778 31.802469
../TreeLifeData_small/COG0001.newick
1 38.333333 36.666667
2 32.989339 31.590373
3 29.779144 29.020986
4 28.529287 28.095693
1 39.333333 36.666667
2 33.610677 32.256510
3 31.665690 29.943359
4 30.211100 29.195150
1 38.833333 36.666667
2 33.249837 31.257487
3 32.065755 30.317057
4 30.503133 29.025757
1 39.833333 36.666667
2 34.361979 32.029948
3 30.903971 29.253276
4 29.545186 27.878805
1 38.333333 36.666667
2 33.766927 32.725260
3 31.451823 30.206462
4 30.363200 29.213420
../TreeLifeData_small/COG0006.newick
1 8.833333 8.166667
2 5.666667 5.666667
3 4.750000 4.750000
4 4.166667 4.166667
1 8.833333 8.166667
2 5.916667 5.833333
3 5.000000 4.750000
4 4.250000 4.250000
1 8.166667 8.166667
2 6.666667 6.666667
3 4.833333 4.833333
4 4.333333 4.333333
1 8.166667 8.166667
2 6.166667 6.166667
3 5.166667 5.166667
4 4.500000 4.000000
1 8.833333 8.166667
2 6.833333 6.166667
3 5.000000 5.000000
4 4.333333 4.333333
../TreeLifeData_small/COG0007.newick
1 32.766667 29.833333
2 28.554167 27.000000
3 26.235069 24.743056
4 21.975868 20.764757
1 31.566667 29.833333
2 25.004167 23.270833
3 23.414931 21.994792
4 21.869010 20.762413
1 30.900000 29.833333
2 27.666667 27.666667
3 26.250694 25.593056
4 24.197222 24.197222
1 30.900000 29.833333
2 28.120833 27.454167
3 25.847917 24.957292
4 24.594792 23.670833
1 32.766667 29.833333
2 28.066667 27.100000
3 23.104167 21.694271
4 21.466146 20.196875
../TreeLifeData_small/COG0008.newick
1 49.071429 48.452381
2 44.544643 43.177083
3 40.747954 37.735677
../TreeLifeData_small/COG0010.newick
1 31.750000 31.250000
2 28.945312 27.281250
3 27.431641 25.914062
4 25.455078 24.941406
1 32.500000 31.250000
2 28.011230 25.889404
3 26.876953 24.311157
4 24.324341 23.493408
1 34.000000 31.250000
2 27.710938 26.093750
3 25.658447 24.473389
4 24.695679 23.349365
1 31.750000 31.250000
2 27.194336 26.188477
3 25.032471 24.207153
4 23.578857 22.738708
1 33.500000 31.250000
2 28.093750 26.718750
3 26.150391 24.878906
4 24.219421 23.346191
../TreeLifeData_small/COG0009.newick
1 53.850000 50.150000
2 47.570284 45.000260
3 43.937045 42.282943
