random 1 33.008333 60.000000
final  1 28.341667 52.000000
random 2 27.433333 48.000000
final  2 24.735417 40.000000
random 3 26.452083 48.000000
final  3 23.604167 40.000000
random 4 25.422005 48.000000
final  4 22.492969 40.000000
random 1 31.441667 56.000000
final  1 28.341667 52.000000
random 2 25.758854 44.000000
final  2 24.590104 42.000000
random 3 25.006510 44.000000
final  3 23.199219 40.000000
random 4 24.277734 44.000000
final  4 22.536458 40.000000
random 1 30.508333 56.000000
final  1 28.341667 52.000000
random 2 26.002083 48.000000
final  2 24.822917 44.000000
random 3 24.805208 46.000000
final  3 22.974870 40.000000
random 4 23.493490 44.000000
final  4 21.568294 40.000000
random 1 32.408333 60.000000
final  1 28.341667 52.000000
random 2 28.164583 54.000000
final  2 25.014583 44.000000
random 3 26.617708 50.000000
final  3 23.514583 44.000000
random 4 23.270117 42.000000
final  4 22.009180 38.000000
random 1 29.241667 52.000000
final  1 28.341667 52.000000
random 2 25.564583 44.000000
final  2 24.810417 42.000000
random 3 23.494466 40.000000
final  3 22.839648 40.000000
random 4 22.298372 38.000000
final  4 21.743034 38.000000
