random 1 28.250000 51.000000
final  1 26.250000 47.000000
random 2 25.229167 45.000000
final  2 21.958333 41.000000
random 3 22.246528 37.000000
final  3 20.112847 37.000000
random 4 21.116319 37.000000
final  4 19.095486 33.000000
random 1 26.916667 49.000000
final  1 26.250000 47.000000
random 2 25.416667 49.000000
final  2 24.750000 47.000000
random 3 21.354167 37.000000
final  3 20.346354 35.000000
random 4 19.722222 34.000000
final  4 18.932292 35.000000
random 1 27.416667 49.000000
final  1 26.250000 47.000000
random 2 22.244792 39.000000
final  2 21.677083 37.000000
random 3 20.723958 38.000000
final  3 20.275174 37.000000
random 4 19.769097 38.000000
final  4 19.080729 35.000000
random 1 27.416667 49.000000
final  1 26.250000 47.000000
random 2 23.182292 37.000000
final  2 22.281250 35.000000
random 3 21.715495 37.000000
final  3 19.424479 33.000000
random 4 20.591146 37.000000
final  4 18.826172 33.000000
random 1 26.250000 47.000000
final  1 26.250000 47.000000
random 2 22.625000 43.000000
final  2 22.250000 43.000000
random 3 20.386285 37.000000
final  3 20.041667 36.000000
random 4 19.587674 36.000000
final  4 19.587674 36.000000
