random 1 23.250000 44.000000
final  1 22.750000 42.000000
random 2 19.250000 34.000000
final  2 18.750000 32.000000
random 3 16.425781 26.000000
final  3 15.929688 26.000000
random 4 15.287109 26.000000
final  4 14.839844 26.000000
random 1 23.250000 44.000000
final  1 22.750000 42.000000
random 2 20.625000 40.000000
final  2 19.812500 38.000000
random 3 17.531250 30.000000
final  3 17.250000 30.000000
random 4 16.882812 30.000000
final  4 16.367188 30.000000
random 1 23.250000 44.000000
final  1 22.750000 42.000000
random 2 20.656250 40.000000
final  2 19.468750 36.000000
random 3 17.617188 34.000000
final  3 17.015625 30.000000
random 4 16.007812 32.000000
final  4 15.566406 30.000000
random 1 23.250000 42.000000
final  1 22.750000 42.000000
random 2 19.375000 36.000000
final  2 18.968750 36.000000
random 3 16.750000 30.000000
final  3 16.429688 30.000000
random 4 15.367188 28.000000
final  4 15.011719 28.000000
random 1 23.250000 44.000000
final  1 22.750000 42.000000
random 2 18.609375 30.000000
final  2 17.968750 30.000000
random 3 17.476562 30.000000
final  3 17.187500 30.000000
random 4 16.191406 28.000000
final  4 15.875000 28.000000
