random 1 19.666667 38.000000
final  1 19.666667 38.000000
random 2 15.583333 28.000000
final  2 15.583333 28.000000
random 3 13.666667 24.000000
final  3 13.666667 24.000000
random 4 13.010417 24.000000
final  4 13.010417 24.000000
random 1 21.333333 40.000000
final  1 19.666667 38.000000
random 2 16.250000 28.000000
final  2 16.250000 28.000000
random 3 14.659722 26.000000
final  3 14.486111 26.000000
random 4 13.243056 26.000000
final  4 13.243056 26.000000
random 1 19.666667 38.000000
final  1 19.666667 38.000000
random 2 16.916667 32.000000
final  2 16.916667 32.000000
random 3 14.506944 26.000000
final  3 14.506944 26.000000
random 4 12.791667 24.000000
final  4 12.791667 24.000000
random 1 20.666667 40.000000
final  1 19.666667 38.000000
random 2 16.916667 32.000000
final  2 16.166667 30.000000
random 3 15.333333 32.000000
final  3 14.916667 30.000000
random 4 13.972222 28.000000
final  4 13.791667 28.000000
random 1 20.666667 40.000000
final  1 19.666667 38.000000
random 2 16.791667 32.000000
final  2 16.125000 30.000000
random 3 14.645833 28.000000
final  3 13.979167 26.000000
random 4 14.020833 28.000000
final  4 13.354167 26.000000
