random 1 9.666667 16.000000
final  1 9.666667 16.000000
random 2 7.722222 12.000000
final  2 7.722222 12.000000
random 3 6.444444 10.000000
final  3 6.444444 10.000000
random 4 5.666667 10.000000
final  4 5.666667 10.000000
random 1 9.777778 16.000000
final  1 9.666667 16.000000
random 2 7.777778 12.000000
final  2 7.333333 12.000000
random 3 7.333333 12.000000
final  3 6.444444 12.000000
random 4 7.166667 12.000000
final  4 6.166667 12.000000
random 1 11.111111 16.000000
final  1 9.666667 16.000000
random 2 8.055556 12.000000
final  2 7.666667 12.000000
random 3 8.055556 12.000000
final  3 6.500000 10.000000
random 4 6.833333 12.000000
final  4 5.777778 10.000000
random 1 10.777778 16.000000
final  1 9.666667 16.000000
random 2 10.777778 16.000000
final  2 7.555556 14.000000
random 3 9.444444 16.000000
final  3 6.777778 14.000000
random 4 7.888889 14.000000
final  4 6.333333 12.000000
random 1 9.888889 16.000000
final  1 9.666667 16.000000
random 2 9.000000 16.000000
final  2 7.666667 14.000000
random 3 7.000000 12.000000
final  3 6.444444 12.000000
random 4 5.944444 12.000000
final  4 5.555556 10.000000
