random 1 20.458333 39.000000
final  1 19.041667 35.000000
random 2 16.739583 29.000000
final  2 15.708333 27.000000
random 3 15.515625 27.000000
final  3 14.661458 27.000000
random 4 13.588542 23.000000
final  4 13.588542 23.000000
random 1 19.791667 37.000000
final  1 19.041667 35.000000
random 2 18.500000 37.000000
final  2 17.541667 35.000000
random 3 16.510417 31.000000
final  3 15.427083 29.000000
random 4 13.953125 26.000000
final  4 13.348958 24.000000
random 1 20.791667 37.000000
final  1 19.041667 35.000000
random 2 17.145833 31.000000
final  2 16.145833 29.000000
random 3 16.270833 31.000000
final  3 15.520833 29.000000
random 4 15.416667 30.000000
final  4 14.666667 28.000000
random 1 20.458333 37.000000
final  1 19.041667 35.000000
random 2 16.333333 29.000000
final  2 15.312500 27.000000
random 3 15.109375 27.000000
final  3 14.567708 27.000000
random 4 13.303385 25.000000
final  4 13.303385 25.000000
random 1 20.041667 37.000000
final  1 19.041667 35.000000
random 2 16.651042 29.000000
final  2 15.729167 27.000000
random 3 15.799479 29.000000
final  3 14.791667 27.000000
random 4 14.416667 28.000000
final  4 13.846354 25.000000
