random 1 15.000000 29.000000
final  1 14.000000 27.000000
random 2 11.500000 21.000000
final  2 11.250000 21.000000
random 3 8.562500 16.000000
final  3 8.437500 15.000000
random 4 7.343750 14.000000
final  4 7.265625 14.000000
random 1 14.000000 27.000000
final  1 14.000000 27.000000
random 2 10.375000 19.000000
final  2 10.375000 19.000000
random 3 9.562500 19.000000
final  3 9.500000 19.000000
random 4 7.656250 17.000000
final  4 7.562500 15.000000
random 1 14.000000 27.000000
final  1 14.000000 27.000000
random 2 12.500000 25.000000
final  2 12.500000 25.000000
random 3 9.812500 20.000000
final  3 9.812500 20.000000
random 4 8.062500 17.000000
final  4 7.578125 17.000000
random 1 15.000000 29.000000
final  1 14.000000 27.000000
random 2 11.500000 22.000000
final  2 10.500000 20.000000
random 3 9.125000 19.000000
final  3 8.625000 19.000000
random 4 8.562500 19.000000
final  4 8.062500 19.000000
random 1 15.000000 29.000000
final  1 14.000000 27.000000
random 2 10.687500 19.000000
final  2 10.375000 19.000000
random 3 9.625000 17.000000
final  3 9.625000 17.000000
random 4 8.312500 17.000000
final  4 7.875000 17.000000
