random 1 34.583333 54.000000
final  1 27.083333 52.000000
random 2 24.612269 42.000000
final  2 22.437500 38.000000
random 3 23.796296 42.000000
final  3 21.450231 36.000000
random 4 22.325231 36.000000
final  4 20.922454 38.000000
random 1 34.250000 54.000000
final  1 27.083333 52.000000
random 2 33.125000 54.000000
final  2 25.083333 50.000000
random 3 29.755208 48.000000
final  3 20.890625 38.000000
random 4 28.387153 46.000000
final  4 19.532986 36.000000
random 1 33.833333 52.000000
final  1 27.083333 52.000000
random 2 31.263889 52.000000
final  2 22.583333 40.000000
random 3 24.564815 40.000000
final  3 21.578704 38.000000
random 4 23.661458 40.000000
final  4 20.011574 38.000000
random 1 37.416667 58.000000
final  1 27.083333 52.000000
random 2 33.538194 50.000000
final  2 24.279514 46.000000
random 3 31.519097 50.000000
final  3 23.335069 44.000000
random 4 27.968750 44.000000
final  4 20.141204 38.000000
random 1 32.583333 52.000000
final  1 27.083333 52.000000
random 2 30.810185 50.000000
final  2 24.556713 46.000000
random 3 30.190972 48.000000
final  3 24.140046 46.000000
random 4 28.854745 46.000000
final  4 22.520255 42.000000
