random 1 18.500000 34.000000
final  1 18.500000 34.000000
random 2 14.500000 26.000000
final  2 14.125000 24.000000
random 3 12.679688 26.000000
final  3 12.132812 22.000000
random 4 12.062500 24.000000
final  4 11.515625 22.000000
random 1 18.500000 34.000000
final  1 18.500000 34.000000
random 2 14.812500 28.000000
final  2 14.062500 24.000000
random 3 12.656250 26.000000
final  3 12.562500 24.000000
random 4 11.593750 22.000000
final  4 11.531250 22.000000
random 1 19.000000 34.000000
final  1 18.500000 34.000000
random 2 15.500000 28.000000
final  2 15.000000 28.000000
random 3 13.562500 28.000000
final  3 13.375000 28.000000
random 4 13.062500 26.000000
final  4 12.000000 24.000000
random 1 18.500000 34.000000
final  1 18.500000 34.000000
random 2 15.250000 28.000000
final  2 14.750000 28.000000
random 3 12.828125 24.000000
final  3 12.531250 22.000000
random 4 11.601563 22.000000
final  4 11.265625 20.000000
random 1 19.000000 34.000000
final  1 18.500000 34.000000
random 2 14.132812 24.000000
final  2 13.671875 22.000000
random 3 12.492188 22.000000
final  3 12.492188 22.000000
random 4 11.898438 22.000000
final  4 11.898438 22.000000
