random 1 14.578947 25.000000
final  1 13.385965 25.000000
random 2 11.912281 23.000000
final  2 11.385965 23.000000
random 3 11.017544 20.000000
final  3 10.052632 19.000000
random 4 10.192982 19.000000
final  4 9.385965 19.000000
random 1 16.596491 25.000000
final  1 13.385965 25.000000
random 2 14.859649 21.000000
final  2 11.385965 21.000000
random 3 11.192982 19.000000
final  3 9.271930 16.000000
random 4 9.438596 18.000000
final  4 9.105263 18.000000
random 1 19.368421 27.000000
final  1 13.385965 25.000000
random 2 13.263158 23.000000
final  2 11.096491 20.000000
random 3 12.526316 21.000000
final  3 9.596491 19.000000
random 4 12.526316 21.000000
final  4 8.885965 17.000000
random 1 18.701754 27.000000
final  1 13.385965 25.000000
random 2 12.333333 25.000000
final  2 11.175439 20.000000
random 3 11.807018 23.000000
final  3 10.228070 21.000000
random 4 9.649123 19.000000
final  4 8.894737 18.000000
random 1 15.684211 26.000000
final  1 13.385965 25.000000
random 2 12.315789 19.000000
final  2 11.122807 19.000000
random 3 10.754386 19.000000
final  3 9.315789 16.000000
random 4 10.228070 19.000000
final  4 8.885965 16.000000
