random 1 20.833333 38.000000
final  1 20.166667 38.000000
random 2 16.611111 28.000000
final  2 16.611111 28.000000
random 3 15.465278 28.000000
final  3 15.204861 26.000000
random 4 13.899306 24.000000
final  4 13.899306 24.000000
random 1 21.333333 38.000000
final  1 20.166667 38.000000
random 2 17.333333 34.000000
final  2 17.333333 34.000000
random 3 14.982639 28.000000
final  3 14.982639 28.000000
random 4 14.006944 26.000000
final  4 14.006944 26.000000
random 1 20.666667 38.000000
final  1 20.166667 38.000000
random 2 16.500000 28.000000
final  2 16.229167 28.000000
random 3 14.958333 26.000000
final  3 14.677083 26.000000
random 4 13.901042 24.000000
final  4 13.559028 24.000000
random 1 21.500000 38.000000
final  1 20.166667 38.000000
random 2 17.236111 30.000000
final  2 17.236111 30.000000
random 3 15.479167 28.000000
final  3 15.138889 26.000000
random 4 14.204861 24.000000
final  4 13.743056 24.000000
random 1 22.000000 38.000000
final  1 20.166667 38.000000
random 2 17.500000 34.000000
final  2 17.250000 32.000000
random 3 15.166667 28.000000
final  3 15.166667 28.000000
random 4 14.388889 28.000000
final  4 14.388889 28.000000
