random 1 8.666667 17.000000
final  1 7.666667 14.000000
random 2 6.666667 13.000000
final  2 5.666667 10.000000
random 3 5.166667 13.000000
final  3 4.000000 8.000000
random 4 3.916667 10.000000
final  4 3.333333 8.000000
random 1 8.666667 17.000000
final  1 7.666667 14.000000
random 2 5.083333 9.000000
final  2 5.083333 9.000000
random 3 3.666667 8.000000
final  3 3.666667 8.000000
random 4 3.666667 8.000000
final  4 3.166667 8.000000
random 1 8.666667 17.000000
final  1 7.666667 14.000000
random 2 5.833333 13.000000
final  2 5.833333 13.000000
random 3 4.583333 10.000000
final  3 4.583333 10.000000
random 4 3.916667 10.000000
final  4 2.916667 6.000000
random 1 7.666667 14.000000
final  1 7.666667 14.000000
random 2 6.000000 14.000000
final  2 6.000000 14.000000
random 3 4.666667 10.000000
final  3 4.666667 10.000000
random 4 3.333333 8.000000
final  4 3.333333 8.000000
random 1 8.666667 17.000000
final  1 7.666667 14.000000
random 2 6.666667 13.000000
final  2 5.666667 10.000000
random 3 4.583333 10.000000
final  3 4.583333 10.000000
random 4 2.916667 6.000000
final  4 2.916667 6.000000
