random 1 34.333333 67.000000
final  1 33.666667 65.000000
random 2 29.046875 49.000000
final  2 28.875000 50.000000
random 3 26.188314 46.000000
final  3 26.188314 46.000000
random 4 24.352865 40.000000
final  4 24.352865 40.000000
random 1 34.333333 67.000000
final  1 33.666667 65.000000
random 2 30.020833 55.000000
final  2 29.354167 53.000000
random 3 27.458822 49.000000
final  3 26.648600 47.000000
random 4 25.512614 46.000000
final  4 25.044759 46.000000
random 1 34.833333 67.000000
final  1 33.666667 65.000000
random 2 30.333333 55.000000
final  2 29.166667 53.000000
random 3 27.199219 46.000000
final  3 26.436198 45.000000
random 4 25.430664 42.000000
final  4 24.930664 42.000000
random 1 34.333333 67.000000
final  1 33.666667 65.000000
random 2 30.187500 55.000000
final  2 30.031250 53.000000
random 3 26.810506 45.000000
final  3 26.187581 43.000000
random 4 25.556274 44.000000
final  4 25.063883 43.000000
random 1 34.833333 67.000000
final  1 33.666667 65.000000
random 2 30.302083 51.000000
final  2 29.135417 49.000000
random 3 27.112630 43.000000
final  3 26.120280 41.000000
random 4 25.968953 43.000000
final  4 25.164591 41.000000
