random 1 22.666667 42.000000
final  1 19.333333 34.000000
random 2 17.740741 32.000000
final  2 17.074074 30.000000
random 3 14.981481 28.000000
final  3 14.395062 28.000000
random 4 13.953704 24.000000
final  4 13.484568 24.000000
random 1 20.000000 36.000000
final  1 19.333333 34.000000
random 2 16.938272 34.000000
final  2 16.938272 34.000000
random 3 14.848765 28.000000
final  3 14.848765 28.000000
random 4 13.385802 24.000000
final  4 13.385802 24.000000
random 1 22.000000 40.000000
final  1 19.333333 34.000000
random 2 18.111111 32.000000
final  2 16.777778 30.000000
random 3 15.987654 32.000000
final  3 14.802469 28.000000
random 4 15.783951 32.000000
final  4 14.401235 28.000000
random 1 21.333333 38.000000
final  1 19.333333 34.000000
random 2 17.703704 34.000000
final  2 17.703704 34.000000
random 3 15.629630 30.000000
final  3 15.074074 28.000000
random 4 15.148148 28.000000
final  4 14.654321 28.000000
random 1 22.000000 42.000000
final  1 19.333333 34.000000
random 2 18.518519 36.000000
final  2 17.851852 34.000000
random 3 16.629630 34.000000
final  3 15.481481 28.000000
random 4 14.342593 28.000000
final  4 13.675926 26.000000
