random 1 30.383333 53.000000
final  1 26.716667 48.000000
random 2 25.690278 46.000000
final  2 24.087500 44.000000
random 3 24.359028 46.000000
final  3 22.181944 44.000000
random 4 23.838889 46.000000
final  4 21.549306 43.000000
random 1 32.883333 55.000000
final  1 26.716667 48.000000
random 2 27.200000 48.000000
final  2 24.600000 44.000000
random 3 24.550000 43.000000
final  3 21.906250 39.000000
random 4 22.957292 40.000000
final  4 21.114931 39.000000
random 1 31.383333 55.000000
final  1 26.716667 48.000000
random 2 26.017130 45.000000
final  2 24.150000 44.000000
random 3 23.919907 42.000000
final  3 22.786111 42.000000
random 4 22.360880 38.000000
final  4 21.550694 38.000000
random 1 31.050000 55.000000
final  1 26.716667 48.000000
random 2 28.800000 54.000000
final  2 25.466667 48.000000
random 3 25.458333 44.000000
final  3 22.929167 42.000000
random 4 22.947569 40.000000
final  4 20.910069 36.000000
random 1 30.883333 51.000000
final  1 26.716667 48.000000
random 2 25.758333 44.000000
final  2 23.466667 39.000000
random 3 23.446991 43.000000
final  3 21.879167 38.000000
random 4 21.642593 38.000000
final  4 20.907639 38.000000
