random 1 31.750000 58.000000
final  1 31.250000 58.000000
random 2 28.945312 52.000000
final  2 27.281250 50.000000
random 3 27.431641 50.000000
final  3 25.914062 48.000000
random 4 25.455078 48.000000
final  4 24.941406 46.000000
random 1 32.500000 56.000000
final  1 31.250000 58.000000
random 2 28.011230 46.000000
final  2 25.889404 40.000000
random 3 26.876953 46.000000
final  3 24.311157 42.000000
random 4 24.324341 44.000000
final  4 23.493408 40.000000
random 1 34.000000 60.000000
final  1 31.250000 58.000000
random 2 27.710938 46.000000
final  2 26.093750 42.000000
random 3 25.658447 44.000000
final  3 24.473389 42.000000
random 4 24.695679 42.000000
final  4 23.349365 42.000000
random 1 31.750000 58.000000
final  1 31.250000 58.000000
random 2 27.194336 44.000000
final  2 26.188477 42.000000
random 3 25.032471 42.000000
final  3 24.207153 42.000000
random 4 23.578857 38.000000
final  4 22.738708 38.000000
random 1 33.500000 60.000000
final  1 31.250000 58.000000
random 2 28.093750 50.000000
final  2 26.718750 48.000000
random 3 26.150391 44.000000
final  3 24.878906 42.000000
random 4 24.219421 42.000000
final  4 23.346191 40.000000
