random 1 27.833333 51.000000
final  1 26.166667 47.000000
random 2 24.518519 46.000000
final  2 23.537037 44.000000
random 3 21.868827 39.000000
final  3 21.116512 38.000000
random 4 20.483025 39.000000
final  4 20.077160 38.000000
random 1 27.166667 49.000000
final  1 26.166667 47.000000
random 2 23.351852 42.000000
final  2 23.193673 42.000000
random 3 21.074846 40.000000
final  3 20.217207 37.000000
random 4 20.417245 40.000000
final  4 19.289738 35.000000
random 1 28.500000 51.000000
final  1 26.166667 47.000000
random 2 25.500000 45.000000
final  2 23.166667 41.000000
random 3 24.125000 45.000000
final  3 21.847222 41.000000
random 4 22.120370 41.000000
final  4 20.089120 38.000000
random 1 27.833333 51.000000
final  1 26.166667 47.000000
random 2 23.777778 41.000000
final  2 22.601852 40.000000
random 3 21.550347 38.000000
final  3 20.178819 35.000000
random 4 20.261574 37.000000
final  4 19.904707 39.000000
random 1 28.500000 51.000000
final  1 26.166667 47.000000
random 2 26.166667 47.000000
final  2 24.333333 43.000000
random 3 22.619213 40.000000
final  3 21.118056 38.000000
random 4 21.452160 40.000000
final  4 20.592593 39.000000
