random 1 8.333333 16.000000
final  1 7.666667 14.000000
random 2 5.333333 10.000000
final  2 4.666667 8.000000
random 3 4.333333 10.000000
final  3 4.000000 8.000000
random 4 3.000000 6.000000
final  4 2.666667 4.000000
random 1 8.333333 16.000000
final  1 7.666667 14.000000
random 2 5.333333 10.000000
final  2 4.666667 8.000000
random 3 5.333333 10.000000
final  3 4.000000 8.000000
random 4 4.166667 10.000000
final  4 3.166667 8.000000
random 1 8.333333 16.000000
final  1 7.666667 14.000000
random 2 8.333333 16.000000
final  2 6.333333 14.000000
random 3 5.333333 10.000000
final  3 5.333333 10.000000
random 4 4.333333 10.000000
final  4 4.000000 8.000000
random 1 8.333333 16.000000
final  1 7.666667 14.000000
random 2 6.333333 12.000000
final  2 5.666667 10.000000
random 3 4.333333 10.000000
final  3 3.666667 8.000000
random 4 3.666667 10.000000
final  4 3.333333 8.000000
random 1 8.333333 16.000000
final  1 7.666667 14.000000
random 2 6.333333 14.000000
final  2 6.333333 14.000000
random 3 5.000000 10.000000
final  3 5.000000 10.000000
random 4 3.666667 10.000000
final  4 3.333333 8.000000
