random 1 30.833333 55.000000
final  1 28.000000 51.000000
random 2 25.519676 42.000000
final  2 24.790509 42.000000
random 3 23.608218 40.000000
final  3 22.904514 39.000000
random 4 23.177083 40.000000
final  4 22.460069 39.000000
random 1 30.500000 55.000000
final  1 28.000000 51.000000
random 2 26.687500 45.000000
final  2 24.156250 39.000000
random 3 24.937500 43.000000
final  3 22.770833 39.000000
random 4 23.156359 41.000000
final  4 21.443685 38.000000
random 1 31.166667 55.000000
final  1 28.000000 51.000000
random 2 26.272569 47.000000
final  2 25.140625 44.000000
random 3 24.005208 42.000000
final  3 23.683594 42.000000
random 4 22.721571 40.000000
final  4 22.406178 40.000000
random 1 29.833333 53.000000
final  1 28.000000 51.000000
random 2 25.135417 41.000000
final  2 23.802083 39.000000
random 3 22.853226 39.000000
final  3 22.148076 38.000000
random 4 22.153754 38.000000
final  4 21.353769 36.000000
random 1 29.333333 53.000000
final  1 28.000000 51.000000
random 2 25.213831 43.000000
final  2 24.943576 43.000000
random 3 22.655382 39.000000
final  3 22.437066 39.000000
random 4 21.416088 35.000000
final  4 21.416088 35.000000
