random 1 31.205128 61.000000
final  1 29.871795 59.000000
random 2 25.966667 46.000000
final  2 24.633333 44.000000
random 3 24.380128 46.000000
final  3 22.452564 41.000000
random 4 22.979167 45.000000
final  4 21.596795 43.000000
random 1 33.574359 59.000000
final  1 29.871795 59.000000
random 2 26.574359 51.000000
final  2 24.779487 49.000000
random 3 24.475641 47.000000
final  3 23.415385 43.000000
random 4 22.894231 47.000000
final  4 21.942949 43.000000
random 1 34.333333 61.000000
final  1 29.871795 59.000000
random 2 30.198718 52.000000
final  2 26.198718 52.000000
random 3 28.333333 51.000000
final  3 24.570513 49.000000
random 4 22.775000 43.000000
final  4 21.758333 41.000000
random 1 32.451282 61.000000
final  1 29.871795 59.000000
random 2 26.887179 50.000000
final  2 26.487179 50.000000
random 3 23.294872 45.000000
final  3 22.317308 43.000000
random 4 22.660256 45.000000
final  4 21.647436 43.000000
random 1 33.728205 61.000000
final  1 29.871795 59.000000
random 2 26.110256 51.000000
final  2 25.012821 49.000000
random 3 23.993590 51.000000
final  3 22.638462 43.000000
random 4 22.283974 41.000000
final  4 20.858974 39.000000
