random 1 15.000000 26.000000
final  1 13.833333 26.000000
random 2 11.833333 20.000000
final  2 11.333333 20.000000
random 3 10.250000 18.000000
final  3 10.020833 16.000000
random 4 9.437500 18.000000
final  4 9.260417 16.000000
random 1 15.000000 26.000000
final  1 13.833333 26.000000
random 2 12.750000 22.000000
final  2 11.583333 22.000000
random 3 10.333333 18.000000
final  3 9.916667 20.000000
random 4 9.833333 16.000000
final  4 9.083333 16.000000
random 1 14.666667 26.000000
final  1 13.833333 26.000000
random 2 12.166667 22.000000
final  2 11.500000 22.000000
random 3 9.979167 18.000000
final  3 9.489583 16.000000
random 4 8.718750 14.000000
final  4 8.718750 14.000000
random 1 15.000000 26.000000
final  1 13.833333 26.000000
random 2 10.864583 18.000000
final  2 10.864583 18.000000
random 3 10.322917 18.000000
final  3 10.322917 18.000000
random 4 9.375000 18.000000
final  4 8.697917 16.000000
random 1 14.500000 26.000000
final  1 13.833333 26.000000
random 2 12.750000 22.000000
final  2 11.833333 22.000000
random 3 10.395833 18.000000
final  3 10.395833 18.000000
random 4 9.666667 18.000000
final  4 9.666667 18.000000
