random 1 23.111111 39.000000
final  1 22.000000 37.000000
random 2 20.444444 33.000000
final  2 20.000000 33.000000
random 3 18.814815 33.000000
final  3 14.569444 27.000000
random 4 13.924383 27.000000
final  4 13.180556 26.000000
random 1 24.555556 39.000000
final  1 22.000000 37.000000
random 2 17.234568 32.000000
final  2 15.555556 30.000000
random 3 15.719136 32.000000
final  3 14.490741 30.000000
random 4 15.046296 32.000000
final  4 13.932099 30.000000
random 1 24.000000 41.000000
final  1 22.000000 37.000000
random 2 21.333333 35.000000
final  2 20.000000 33.000000
random 3 15.745370 28.000000
final  3 14.074074 26.000000
random 4 14.680556 28.000000
final  4 13.509259 26.000000
random 1 24.000000 41.000000
final  1 22.000000 37.000000
random 2 17.435185 32.000000
final  2 15.555556 30.000000
random 3 15.101852 29.000000
final  3 13.944444 26.000000
random 4 14.623457 29.000000
final  4 13.425926 26.000000
random 1 23.333333 39.000000
final  1 22.000000 37.000000
random 2 20.333333 33.000000
final  2 19.500000 33.000000
random 3 15.577160 30.000000
final  3 14.143519 26.000000
random 4 14.450617 26.000000
final  4 12.981481 26.000000
