random 1 18.000000 34.000000
final  1 16.000000 30.000000
random 2 13.055556 24.000000
final  2 13.055556 24.000000
random 3 10.972222 20.000000
final  3 10.972222 20.000000
random 4 9.972222 20.000000
final  4 9.972222 20.000000
random 1 18.000000 34.000000
final  1 16.000000 30.000000
random 2 18.000000 34.000000
final  2 14.000000 28.000000
random 3 15.666667 30.000000
final  3 12.222222 24.000000
random 4 13.333333 26.000000
final  4 10.666667 22.000000
random 1 17.333333 34.000000
final  1 16.000000 30.000000
random 2 12.666667 24.000000
final  2 12.666667 24.000000
random 3 11.000000 20.000000
final  3 10.777778 20.000000
random 4 9.750000 20.000000
final  4 9.569444 18.000000
random 1 17.333333 32.000000
final  1 16.000000 30.000000
random 2 14.666667 28.000000
final  2 13.000000 24.000000
random 3 12.666667 24.000000
final  3 11.083333 22.000000
random 4 11.111111 22.000000
final  4 10.055556 22.000000
random 1 18.000000 34.000000
final  1 16.000000 30.000000
random 2 14.333333 28.000000
final  2 13.000000 26.000000
random 3 11.111111 20.000000
final  3 10.583333 20.000000
random 4 10.527778 20.000000
final  4 9.805556 20.000000
