random 1 32.233333 57.000000
final  1 27.966667 53.000000
random 2 25.125000 45.000000
final  2 24.866667 46.000000
random 3 23.754167 45.000000
final  3 21.925000 40.000000
random 4 23.096875 43.000000
final  4 20.489583 40.000000
random 1 32.233333 57.000000
final  1 27.966667 53.000000
random 2 28.358333 47.000000
final  2 24.091667 43.000000
random 3 22.841146 37.000000
final  3 21.020312 39.000000
random 4 20.686719 34.000000
final  4 20.415625 33.000000
random 1 32.233333 57.000000
final  1 27.966667 53.000000
random 2 28.358333 47.000000
final  2 24.091667 43.000000
random 3 27.170833 47.000000
final  3 22.904167 43.000000
random 4 23.561458 43.000000
final  4 20.019792 36.000000
random 1 28.633333 55.000000
final  1 27.966667 53.000000
random 2 24.966667 47.000000
final  2 24.716667 45.000000
random 3 22.389583 41.000000
final  3 22.389583 41.000000
random 4 21.214063 38.000000
final  4 21.214063 38.000000
random 1 31.566667 55.000000
final  1 27.966667 53.000000
random 2 27.691667 46.000000
final  2 24.091667 44.000000
random 3 26.504167 45.000000
final  3 22.904167 43.000000
random 4 22.711458 42.000000
final  4 20.504167 39.000000
