random 1 0.000000 0.000000
final  1 0.000000 0.000000
random 2 0.000000 0.000000
final  2 0.000000 0.000000
random 3 0.000000 0.000000
final  3 0.000000 0.000000
random 4 0.000000 0.000000
final  4 0.000000 0.000000
random 1 0.000000 0.000000
final  1 0.000000 0.000000
random 2 0.000000 0.000000
final  2 0.000000 0.000000
random 3 0.000000 0.000000
final  3 0.000000 0.000000
random 4 0.000000 0.000000
final  4 0.000000 0.000000
random 1 0.000000 0.000000
final  1 0.000000 0.000000
random 2 0.000000 0.000000
final  2 0.000000 0.000000
random 3 0.000000 0.000000
final  3 0.000000 0.000000
random 4 0.000000 0.000000
final  4 0.000000 0.000000
random 1 0.000000 0.000000
final  1 0.000000 0.000000
random 2 0.000000 0.000000
final  2 0.000000 0.000000
random 3 0.000000 0.000000
final  3 0.000000 0.000000
random 4 0.000000 0.000000
final  4 0.000000 0.000000
random 1 0.000000 0.000000
final  1 0.000000 0.000000
random 2 0.000000 0.000000
final  2 0.000000 0.000000
random 3 0.000000 0.000000
final  3 0.000000 0.000000
random 4 0.000000 0.000000
final  4 0.000000 0.000000
