random 1 15.750000 28.000000
final  1 15.750000 28.000000
random 2 12.125000 22.000000
final  2 12.125000 22.000000
random 3 10.554688 20.000000
final  3 10.554688 20.000000
random 4 9.773438 18.000000
final  4 9.773438 18.000000
random 1 15.750000 30.000000
final  1 15.750000 28.000000
random 2 13.250000 26.000000
final  2 13.125000 24.000000
random 3 11.875000 22.000000
final  3 11.875000 22.000000
random 4 10.781250 22.000000
final  4 10.781250 22.000000
random 1 15.750000 30.000000
final  1 15.750000 28.000000
random 2 13.875000 26.000000
final  2 13.375000 24.000000
random 3 10.953125 18.000000
final  3 10.609375 18.000000
random 4 10.414062 18.000000
final  4 10.250000 18.000000
random 1 16.750000 30.000000
final  1 15.750000 28.000000
random 2 13.375000 24.000000
final  2 13.125000 24.000000
random 3 10.953125 18.000000
final  3 10.687500 18.000000
random 4 9.992187 18.000000
final  4 9.656250 18.000000
random 1 15.750000 30.000000
final  1 15.750000 28.000000
random 2 13.000000 24.000000
final  2 13.000000 22.000000
random 3 12.125000 24.000000
final  3 12.125000 22.000000
random 4 11.562500 24.000000
final  4 11.421875 24.000000
