random 1 45.966667 83.000000
final  1 41.233333 79.000000
random 2 40.626042 67.000000
final  2 36.945833 65.000000
random 3 36.550911 61.000000
final  3 34.416016 59.000000
random 4 34.319564 57.000000
final  4 32.371549 56.000000
random 1 46.900000 85.000000
final  1 41.233333 79.000000
random 2 43.025000 79.000000
final  2 38.608333 73.000000
random 3 36.657324 58.000000
final  3 34.090658 57.000000
random 4 35.007104 58.000000
final  4 32.999935 57.000000
random 1 43.966667 81.000000
final  1 41.233333 79.000000
random 2 38.149089 66.000000
final  2 37.136393 62.000000
random 3 34.849658 61.000000
final  3 34.458838 61.000000
random 4 34.036344 61.000000
