random 1 26.166667 48.000000
final  1 24.333333 44.000000
random 2 20.951389 38.000000
final  2 20.951389 38.000000
random 3 19.444444 34.000000
final  3 19.444444 34.000000
random 4 18.469618 32.000000
final  4 18.469618 32.000000
random 1 26.166667 48.000000
final  1 24.333333 44.000000
random 2 21.354167 38.000000
final  2 20.687500 36.000000
random 3 19.954861 36.000000
final  3 19.296875 34.000000
random 4 18.553819 34.000000
final  4 18.553819 34.000000
random 1 26.166667 48.000000
final  1 24.333333 44.000000
random 2 20.921875 34.000000
final  2 19.833333 32.000000
random 3 19.822917 34.000000
final  3 18.671875 32.000000
random 4 18.405382 34.000000
final  4 17.672309 30.000000
random 1 25.000000 46.000000
final  1 24.333333 44.000000
random 2 20.916667 38.000000
final  2 20.916667 38.000000
random 3 20.097222 36.000000
final  3 19.784722 36.000000
random 4 18.429688 34.000000
final  4 17.973958 34.000000
random 1 26.166667 48.000000
final  1 24.333333 44.000000
random 2 20.743056 32.000000
final  2 20.243056 32.000000
random 3 19.878472 32.000000
final  3 19.190972 30.000000
random 4 18.733507 32.000000
final  4 18.039931 32.000000
