random 1 32.333333 58.000000
final  1 30.000000 54.000000
random 2 27.293981 46.000000
final  2 27.293981 46.000000
random 3 25.123843 46.000000
final  3 24.902006 44.000000
random 4 24.145158 44.000000
final  4 23.602816 40.000000
random 1 33.000000 62.000000
final  1 30.000000 54.000000
random 2 28.666667 52.000000
final  2 27.500000 48.000000
random 3 27.159722 50.000000
final  3 25.596065 46.000000
random 4 25.633391 48.000000
final  4 24.138021 44.000000
random 1 32.000000 58.000000
final  1 30.000000 54.000000
random 2 28.506173 54.000000
final  2 27.827160 52.000000
random 3 26.021412 46.000000
final  3 24.784529 42.000000
random 4 25.040606 44.000000
final  4 24.004244 42.000000
random 1 30.666667 56.000000
final  1 30.000000 54.000000
random 2 26.750000 46.000000
final  2 26.083333 44.000000
random 3 24.213831 40.000000
final  3 23.950376 40.000000
random 4 23.126495 40.000000
final  4 23.126495 40.000000
random 1 33.666667 60.000000
final  1 30.000000 54.000000
random 2 29.090278 50.000000
final  2 25.901910 42.000000
random 3 27.230903 48.000000
final  3 23.972222 40.000000
random 4 24.619792 44.000000
final  4 23.235388 40.000000
