random 1 36.500000 62.000000
final  1 28.900000 56.000000
random 2 36.000000 62.000000
final  2 27.066667 52.000000
random 3 31.945312 50.000000
final  3 23.366146 40.000000
random 4 30.932292 50.000000
final  4 22.459896 40.000000
random 1 37.000000 62.000000
final  1 28.900000 56.000000
random 2 27.355729 48.000000
final  2 24.698438 46.000000
random 3 26.727604 48.000000
final  3 23.406250 42.000000
random 4 26.229427 48.000000
final  4 22.757812 40.000000
random 1 31.833333 60.000000
final  1 28.900000 56.000000
random 2 28.559896 48.000000
final  2 24.652604 44.000000
random 3 26.832943 48.000000
final  3 22.919271 44.000000
random 4 24.837240 42.000000
final  4 21.760677 42.000000
random 1 37.000000 62.000000
final  1 28.900000 56.000000
random 2 33.416667 54.000000
final  2 25.400000 48.000000
random 3 30.758333 50.000000
final  3 23.400000 46.000000
random 4 29.640104 48.000000
final  4 22.360937 44.000000
random 1 37.000000 62.000000
final  1 28.900000 56.000000
random 2 31.919792 52.000000
final  2 24.900000 46.000000
random 3 30.678125 52.000000
final  3 23.462500 46.000000
random 4 29.671615 50.000000
final  4 22.556250 44.000000
