random 1 37.700000 70.000000
final  1 36.533333 68.000000
random 2 32.977778 60.000000
final  2 32.029167 58.000000
random 3 31.150521 58.000000
final  3 30.499971 55.000000
random 4 30.596065 58.000000
final  4 29.047367 56.000000
random 1 42.700000 74.000000
final  1 36.533333 68.000000
random 2 33.662500 55.000000
final  2 31.408333 55.000000
random 3 32.708681 55.000000
final  3 30.210417 55.000000
random 4 31.694965 53.000000
final  4 29.115104 51.000000
random 1 40.200000 74.000000
final  1 36.533333 68.000000
random 2 35.139583 64.000000
final  2 33.950000 61.000000
random 3 31.307205 55.000000
final  3 30.059028 54.000000
random 4 29.123032 51.000000
final  4 28.944372 53.000000
random 1 42.600000 72.000000
final  1 36.533333 68.000000
random 2 34.164815 58.000000
final  2 32.338889 58.000000
random 3 32.176736 54.000000
final  3 30.631944 51.000000
random 4 29.191840 48.000000
final  4 28.434983 48.000000
random 1 40.933333 68.000000
final  1 36.533333 68.000000
random 2 36.577778 63.000000
final  2 32.411111 61.000000
random 3 31.247656 52.000000
final  3 30.026968 53.000000
random 4 28.971123 50.000000
final  4 28.435677 50.000000
