random 1 18.666667 36.000000
final  1 18.666667 36.000000
random 2 14.916667 26.000000
final  2 14.916667 26.000000
random 3 13.166667 26.000000
final  3 13.166667 26.000000
random 4 12.062500 26.000000
final  4 12.062500 26.000000
random 1 19.333333 38.000000
final  1 18.666667 36.000000
random 2 15.583333 26.000000
final  2 14.916667 24.000000
random 3 14.958333 26.000000
final  3 14.291667 24.000000
random 4 13.072917 26.000000
final  4 12.854167 24.000000
random 1 18.666667 36.000000
final  1 18.666667 36.000000
random 2 16.000000 30.000000
final  2 16.000000 30.000000
random 3 13.000000 24.000000
final  3 13.000000 24.000000
random 4 12.791667 24.000000
final  4 12.791667 24.000000
random 1 18.666667 36.000000
final  1 18.666667 36.000000
random 2 14.583333 26.000000
final  2 14.583333 26.000000
random 3 13.333333 26.000000
final  3 13.166667 26.000000
random 4 12.468750 26.000000
final  4 12.145833 26.000000
random 1 19.333333 38.000000
final  1 18.666667 36.000000
random 2 14.229167 22.000000
final  2 14.062500 22.000000
random 3 12.781250 22.000000
final  3 12.468750 22.000000
random 4 11.807292 22.000000
final  4 11.807292 22.000000
