random 1 41.200000 69.000000
final  1 34.133333 58.000000
random 2 38.054167 66.000000
final  2 31.445833 53.000000
random 3 32.738510 54.000000
final  3 29.547187 51.000000
random 4 31.580396 54.000000
final  4 29.031927 49.000000
random 1 44.200000 74.000000
final  1 34.133333 58.000000
random 2 36.914583 62.000000
final  2 31.279167 52.000000
random 3 32.509604 56.000000
final  3 28.969479 50.000000
random 4 31.511437 56.000000
final  4 28.086562 48.000000
random 1 41.800000 72.000000
final  1 34.133333 58.000000
random 2 37.135000 63.000000
final  2 30.995833 53.000000
random 3 35.631563 63.000000
final  3 29.742083 52.000000
