random 1 31.666667 61.000000
final  1 30.333333 57.000000
random 2 26.666667 46.000000
final  2 25.333333 42.000000
random 3 24.035807 41.000000
final  3 22.702474 37.000000
random 4 22.871745 41.000000
final  4 21.538411 37.000000
random 1 32.166667 61.000000
final  1 30.333333 57.000000
random 2 25.729167 42.000000
final  2 25.229167 42.000000
random 3 22.257812 38.000000
final  3 21.904948 38.000000
random 4 21.229818 35.000000
final  4 20.909831 35.000000
random 1 31.666667 61.000000
final  1 30.333333 57.000000
random 2 28.729167 55.000000
final  2 27.395833 51.000000
random 3 23.787760 41.000000
final  3 23.787760 41.000000
random 4 21.770182 41.000000
final  4 21.770182 41.000000
random 1 30.833333 57.000000
final  1 30.333333 57.000000
random 2 25.937500 45.000000
final  2 25.437500 45.000000
random 3 23.168294 36.000000
final  3 22.893229 36.000000
random 4 21.098958 33.000000
final  4 20.928385 33.000000
random 1 31.666667 61.000000
final  1 30.333333 57.000000
random 2 27.229167 49.000000
final  2 25.708333 45.000000
random 3 24.658854 48.000000
final  3 23.325521 44.000000
random 4 23.772135 45.000000
final  4 22.438802 41.000000
