random 1 8.583333 17.000000
final  1 7.416667 15.000000
random 2 6.083333 15.000000
final  2 6.083333 15.000000
random 3 6.083333 15.000000
final  3 3.666667 8.000000
random 4 5.083333 11.000000
final  4 3.000000 6.000000
random 1 8.083333 17.000000
final  1 7.416667 15.000000
random 2 6.083333 15.000000
final  2 6.083333 15.000000
random 3 3.833333 8.000000
final  3 3.666667 8.000000
random 4 3.333333 8.000000
final  4 3.000000 6.000000
random 1 8.583333 17.000000
final  1 7.416667 15.000000
random 2 6.583333 15.000000
final  2 6.083333 15.000000
random 3 4.333333 10.000000
final  3 3.666667 8.000000
random 4 4.333333 10.000000
final  4 3.333333 8.000000
random 1 8.083333 17.000000
final  1 7.416667 15.000000
random 2 5.333333 10.000000
final  2 4.666667 8.000000
random 3 4.833333 10.000000
final  3 4.333333 8.000000
random 4 3.833333 10.000000
final  4 3.333333 8.000000
random 1 8.083333 17.000000
final  1 7.416667 15.000000
random 2 5.166667 10.000000
final  2 4.666667 8.000000
random 3 4.833333 10.000000
final  3 4.333333 8.000000
random 4 4.833333 10.000000
final  4 4.333333 8.000000
