random 1 26.000000 46.000000
final  1 22.833333 42.000000
random 2 22.083333 38.000000
final  2 19.375000 32.000000
random 3 19.776042 32.000000
final  3 17.536458 28.000000
random 4 18.871528 32.000000
final  4 16.871528 28.000000
random 1 24.666667 44.000000
final  1 22.833333 42.000000
random 2 20.513889 36.000000
final  2 20.192130 36.000000
random 3 18.028356 32.000000
final  3 17.493056 32.000000
random 4 16.547454 28.000000
final  4 16.193866 26.000000
random 1 25.000000 46.000000
final  1 22.833333 42.000000
random 2 20.238426 36.000000
final  2 19.976852 34.000000
random 3 18.856481 34.000000
final  3 18.376157 32.000000
random 4 17.888889 32.000000
final  4 16.550926 30.000000
random 1 25.166667 46.000000
final  1 22.833333 42.000000
random 2 21.500000 36.000000
final  2 19.847222 34.000000
random 3 18.354745 30.000000
final  3 17.416667 30.000000
random 4 17.067130 28.000000
final  4 17.067130 28.000000
random 1 24.666667 44.000000
final  1 22.833333 42.000000
random 2 21.333333 38.000000
final  2 19.500000 36.000000
random 3 19.370370 36.000000
final  3 18.106481 34.000000
random 4 17.601852 30.000000
final  4 17.101852 30.000000
