random 1 32.166667 63.000000
final  1 31.500000 61.000000
random 2 26.182292 44.000000
final  2 25.515625 42.000000
random 3 23.809896 44.000000
final  3 23.143229 42.000000
random 4 22.084635 39.000000
final  4 21.622396 39.000000
random 1 32.166667 63.000000
final  1 31.500000 61.000000
random 2 26.562500 49.000000
final  2 26.229167 47.000000
random 3 25.135417 49.000000
final  3 24.822917 47.000000
random 4 23.276042 44.000000
final  4 22.930990 43.000000
random 1 32.166667 63.000000
final  1 31.500000 61.000000
random 2 27.072917 47.000000
final  2 26.406250 45.000000
random 3 25.088542 47.000000
final  3 24.421875 45.000000
random 4 22.723307 42.000000
final  4 22.056641 40.000000
random 1 32.166667 63.000000
final  1 31.500000 61.000000
random 2 27.270833 49.000000
final  2 26.604167 47.000000
random 3 24.369792 45.000000
final  3 23.703125 43.000000
random 4 22.732422 41.000000
final  4 22.065755 39.000000
random 1 32.166667 63.000000
final  1 31.500000 61.000000
random 2 27.583333 53.000000
final  2 26.916667 51.000000
random 3 24.494792 47.000000
final  3 24.041667 46.000000
random 4 23.154948 45.000000
final  4 23.019531 45.000000
