random 1 39.944444 76.000000
final  1 36.833333 72.000000
random 2 34.604938 68.000000
final  2 34.096708 68.000000
random 3 25.160494 49.000000
final  3 23.652263 45.000000
random 4 23.533308 49.000000
final  4 21.831662 45.000000
random 1 37.722222 74.000000
final  1 36.833333 72.000000
random 2 33.679784 64.000000
final  2 33.166667 64.000000
random 3 32.716307 64.000000
final  3 32.114841 63.000000
random 4 23.494084 51.000000
final  4 22.193544 45.000000
random 1 38.166667 74.000000
final  1 36.833333 72.000000
random 2 35.194444 72.000000
final  2 33.978395 70.000000
random 3 32.409979 63.000000
final  3 31.617284 65.000000
random 4 31.343364 61.000000
final  4 30.693801 61.000000
random 1 47.388889 74.000000
final  1 36.833333 72.000000
random 2 27.822016 49.000000
final  2 25.500000 49.000000
random 3 26.438272 49.000000
final  3 24.276620 49.000000
random 4 23.055041 41.000000
final  4 22.336677 41.000000
random 1 39.277778 74.000000
final  1 36.833333 72.000000
random 2 36.138889 71.000000
final  2 33.950617 69.000000
random 3 35.442901 71.000000
final  3 33.239198 69.000000
random 4 34.277778 71.000000
final  4 31.802469 67.000000
