random 1 18.333333 35.000000
final  1 16.333333 30.000000
random 2 13.250000 22.000000
final  2 12.583333 20.000000
random 3 11.770833 22.000000
final  3 11.104167 20.000000
random 4 11.104167 22.000000
final  4 10.437500 20.000000
random 1 17.666667 33.000000
final  1 16.333333 30.000000
random 2 12.791667 21.000000
final  2 12.583333 20.000000
random 3 11.208333 20.000000
final  3 10.840278 20.000000
random 4 10.006944 19.000000
final  4 10.006944 19.000000
random 1 18.333333 35.000000
final  1 16.333333 30.000000
random 2 13.250000 22.000000
final  2 13.250000 22.000000
random 3 11.395833 21.000000
final  3 11.159722 21.000000
random 4 10.868056 21.000000
final  4 10.152778 20.000000
random 1 18.000000 35.000000
final  1 16.333333 30.000000
random 2 16.000000 33.000000
final  2 15.000000 30.000000
random 3 13.666667 27.000000
final  3 12.333333 24.000000
random 4 10.555556 17.000000
final  4 10.097222 19.000000
random 1 18.000000 35.000000
final  1 16.333333 30.000000
random 2 15.666667 31.000000
final  2 14.333333 26.000000
random 3 12.319444 24.000000
final  3 11.722222 24.000000
random 4 11.597222 24.000000
final  4 11.041667 24.000000
