random 1 48.755906 73.000000
final  1 32.586614 69.000000
random 2 43.801919 65.000000
final  2 28.597441 59.000000
random 3 42.616634 63.000000
final  3 27.350763 57.000000
random 4 31.486436 52.000000
final  4 28.669322 48.000000
random 1 34.488189 67.000000
final  1 32.586614 69.000000
random 2 32.956324 60.000000
final  2 29.773499 56.000000
random 3 32.279189 54.000000
final  3 29.261288 52.000000
random 4 30.743818 51.000000
final  4 25.837229 50.000000
random 1 47.066929 69.000000
final  1 32.586614 69.000000
random 2 43.799090 63.000000
final  2 28.749016 57.000000
random 3 41.889272 61.000000
final  3 26.935531 59.000000
random 4 40.703986 59.000000
final  4 26.126415 57.000000
random 1 44.232283 67.000000
final  1 32.586614 69.000000
random 2 43.484252 63.000000
final  2 29.814961 63.000000
random 3 41.028543 57.000000
final  3 27.690453 59.000000
random 4 38.500431 55.000000
final  4 26.095842 55.000000
random 1 50.409449 73.000000
final  1 32.586614 69.000000
random 2 31.638164 56.000000
final  2 29.742126 56.000000
random 3 28.335630 53.000000
final  3 27.004368 52.000000
random 4 27.622016 48.000000
final  4 26.352531 48.000000
