random 1 16.222222 28.000000
final  1 14.666667 24.000000
random 2 12.703704 22.000000
final  2 12.703704 22.000000
random 3 10.876543 18.000000
final  3 10.876543 18.000000
random 4 9.932099 16.000000
final  4 9.932099 16.000000
random 1 16.000000 28.000000
final  1 14.666667 24.000000
random 2 12.611111 20.000000
final  2 12.611111 20.000000
random 3 11.530864 20.000000
final  3 11.191358 20.000000
random 4 10.530864 18.000000
final  4 10.216049 18.000000
random 1 16.000000 28.000000
final  1 14.666667 24.000000
random 2 14.000000 24.000000
final  2 12.666667 20.000000
random 3 13.222222 24.000000
final  3 11.888889 20.000000
random 4 10.932099 18.000000
final  4 10.092593 18.000000
random 1 16.444444 30.000000
final  1 14.666667 24.000000
random 2 13.777778 24.000000
final  2 12.666667 20.000000
random 3 12.777778 24.000000
final  3 11.666667 20.000000
random 4 10.790123 18.000000
final  4 10.129630 18.000000
random 1 16.666667 30.000000
final  1 14.666667 24.000000
random 2 14.111111 26.000000
final  2 12.703704 22.000000
random 3 11.666667 22.000000
final  3 11.506173 22.000000
random 4 10.814815 20.000000
final  4 10.814815 20.000000
