random 1 18.333333 31.000000
final  1 15.333333 31.000000
random 2 13.208333 26.000000
final  2 12.833333 25.000000
random 3 10.708333 20.000000
final  3 10.281250 19.000000
random 4 9.635417 20.000000
final  4 9.187500 19.000000
random 1 18.333333 31.000000
final  1 15.333333 31.000000
random 2 12.583333 22.000000
final  2 12.208333 20.000000
random 3 10.156250 19.000000
final  3 10.062500 19.000000
random 4 9.375000 16.000000
final  4 9.156250 16.000000
random 1 15.833333 31.000000
final  1 15.333333 31.000000
random 2 12.145833 21.000000
final  2 11.791667 20.000000
random 3 10.604167 21.000000
final  3 10.302083 19.000000
random 4 9.666667 18.000000
final  4 9.250000 15.000000
random 1 15.833333 31.000000
final  1 15.333333 31.000000
random 2 13.125000 26.000000
final  2 13.125000 26.000000
random 3 10.541667 19.000000
final  3 10.541667 19.000000
random 4 9.895833 19.000000
final  4 9.895833 19.000000
random 1 18.333333 31.000000
final  1 15.333333 31.000000
random 2 15.416667 26.000000
final  2 12.416667 26.000000
random 3 11.406250 21.000000
final  3 9.968750 21.000000
random 4 9.583333 19.000000
final  4 9.583333 19.000000
