random 1 23.333333 42.000000
final  1 22.166667 42.000000
random 2 18.609375 30.000000
final  2 17.885417 28.000000
random 3 17.026042 30.000000
final  3 17.026042 30.000000
random 4 15.930990 28.000000
final  4 15.781250 28.000000
random 1 23.333333 42.000000
final  1 22.166667 42.000000
random 2 19.583333 32.000000
final  2 18.416667 30.000000
random 3 17.260417 28.000000
final  3 16.343750 28.000000
random 4 16.705729 28.000000
final  4 15.835938 26.000000
random 1 22.666667 42.000000
final  1 22.166667 42.000000
random 2 19.312500 34.000000
final  2 18.583333 32.000000
random 3 18.041667 34.000000
final  3 17.666667 34.000000
random 4 16.338542 30.000000
final  4 16.338542 30.000000
random 1 22.666667 42.000000
final  1 22.166667 42.000000
random 2 18.604167 30.000000
final  2 18.604167 30.000000
random 3 16.842448 30.000000
final  3 16.463542 30.000000
random 4 15.492839 28.000000
final  4 15.492839 28.000000
random 1 22.666667 42.000000
final  1 22.166667 42.000000
random 2 18.354167 30.000000
final  2 17.885417 28.000000
random 3 17.027344 30.000000
final  3 16.479167 28.000000
random 4 15.881510 28.000000
final  4 15.881510 28.000000
