random 1 19.250000 34.000000
final  1 18.750000 34.000000
random 2 15.187500 26.000000
final  2 14.687500 26.000000
random 3 14.140625 24.000000
final  3 13.640625 24.000000
random 4 13.343750 24.000000
final  4 12.843750 24.000000
random 1 20.250000 38.000000
final  1 18.750000 34.000000
random 2 15.921875 30.000000
final  2 15.546875 28.000000
random 3 14.937500 28.000000
final  3 14.484375 28.000000
random 4 14.007812 28.000000
final  4 13.296875 26.000000
random 1 22.250000 38.000000
final  1 18.750000 34.000000
random 2 17.718750 34.000000
final  2 16.937500 32.000000
random 3 14.156250 22.000000
final  3 13.570312 22.000000
random 4 13.312500 22.000000
final  4 12.679688 20.000000
random 1 20.250000 38.000000
final  1 18.750000 34.000000
random 2 17.218750 32.000000
final  2 16.156250 30.000000
random 3 15.687500 32.000000
final  3 15.234375 32.000000
random 4 14.500000 30.000000
final  4 14.328125 30.000000
random 1 20.750000 38.000000
final  1 18.750000 34.000000
random 2 17.375000 32.000000
final  2 15.781250 28.000000
random 3 14.953125 28.000000
final  3 13.589844 24.000000
random 4 13.507812 26.000000
final  4 12.273438 24.000000
