random 1 39.730769 77.000000
final  1 38.653846 77.000000
random 2 34.259615 59.000000
final  2 33.913462 58.000000
random 3 31.220102 54.000000
final  3 31.220102 54.000000
random 4 29.814904 53.000000
final  4 29.814904 53.000000
random 1 38.653846 77.000000
final  1 38.653846 77.000000
random 2 32.879808 58.000000
final  2 32.731971 58.000000
random 3 30.191331 56.000000
final  3 30.059345 56.000000
random 4 29.315768 56.000000
final  4 29.152231 56.000000
random 1 41.730769 77.000000
final  1 38.653846 77.000000
random 2 35.232572 57.000000
final  2 32.450721 57.000000
random 3 32.384014 56.000000
final  3 30.528395 54.000000
random 4 29.824557 51.000000
final  4 28.901480 50.000000
random 1 39.730769 77.000000
final  1 38.653846 77.000000
random 2 33.661058 59.000000
final  2 33.507212 59.000000
random 3 31.194712 58.000000
final  3 31.040865 58.000000
random 4 29.617788 55.000000
final  4 29.463942 55.000000
random 1 38.653846 77.000000
final  1 38.653846 77.000000
random 2 33.597055 58.000000
final  2 33.353966 58.000000
random 3 31.653245 58.000000
final  3 31.311749 58.000000
random 4 29.816256 56.000000
final  4 29.562650 56.000000
