random 1 40.180952 72.000000
final  1 36.907937 64.000000
random 2 34.406267 56.000000
final  2 32.003869 53.000000
random 3 32.076819 54.000000
final  3 29.863194 53.000000
random 4 30.317369 50.000000
final  4 28.650513 46.000000
random 1 41.228571 70.000000
final  1 36.907937 64.000000
random 2 34.136640 61.000000
final  2 32.331151 57.000000
random 3 33.114947 61.000000
final  3 30.783995 57.000000
random 4 31.926521 61.000000
final  4 29.936343 56.000000
random 1 42.793651 74.000000
final  1 36.907937 64.000000
random 2 35.681085 64.000000
final  2 34.123942 60.000000
random 3 32.285731 55.000000
final  3 30.745833 53.000000
random 4 30.915625 53.000000
final  4 29.596065 52.000000
random 1 39.603175 70.000000
final  1 36.907937 64.000000
random 2 36.522222 67.000000
final  2 33.818254 61.000000
random 3 32.852844 58.000000
final  3 30.428042 53.000000
random 4 31.724826 58.000000
final  4 29.049487 52.000000
random 1 40.466667 68.000000
final  1 36.907937 64.000000
random 2 37.027778 60.000000
final  2 33.574603 58.000000
random 3 31.524504 54.000000
final  3 30.323446 53.000000
random 4 30.750959 54.000000
final  4 29.486772 52.000000
