random 1 40.364706 74.000000
final  1 37.505882 72.000000
random 2 36.350000 67.000000
final  2 33.652941 63.000000
random 3 34.528493 65.000000
final  3 32.437868 61.000000
random 4 32.631985 54.000000
final  4 29.447358 51.000000
random 1 40.541176 76.000000
final  1 37.505882 72.000000
random 2 35.394669 61.000000
final  2 33.231066 59.000000
random 3 34.752390 61.000000
final  3 32.225551 59.000000
random 4 32.711704 55.000000
final  4 29.811345 55.000000
random 1 43.764706 75.000000
final  1 37.505882 72.000000
random 2 38.645956 63.000000
final  2 33.655882 62.000000
random 3 36.495956 59.000000
final  3 31.982445 58.000000
random 4 35.060018 59.000000
final  4 30.448070 58.000000
random 1 41.717647 77.000000
final  1 37.505882 72.000000
random 2 37.032675 56.000000
final  2 33.279044 55.000000
random 3 34.509323 53.000000
final  3 31.282927 53.000000
random 4 32.880187 51.000000
final  4 29.487316 51.000000
random 1 43.764706 75.000000
final  1 37.505882 72.000000
random 2 36.794118 66.000000
final  2 33.704412 60.000000
random 3 34.743934 61.000000
final  3 31.721507 58.000000
random 4 31.844026 54.000000
final  4 29.575356 52.000000
