random 1 16.500000 32.000000
final  1 14.833333 26.000000
random 2 12.625000 26.000000
final  2 11.500000 22.000000
random 3 11.708333 24.000000
final  3 10.708333 20.000000
random 4 10.777778 24.000000
final  4 9.972222 20.000000
random 1 15.500000 28.000000
final  1 14.833333 26.000000
random 2 12.291667 24.000000
final  2 11.875000 22.000000
random 3 10.541667 16.000000
final  3 10.402778 18.000000
random 4 9.875000 16.000000
final  4 9.277778 18.000000
random 1 16.500000 32.000000
final  1 14.833333 26.000000
random 2 13.055556 24.000000
final  2 12.333333 22.000000
random 3 11.722222 22.000000
final  3 10.833333 18.000000
random 4 10.805556 20.000000
final  4 9.972222 18.000000
random 1 15.500000 28.000000
final  1 14.833333 26.000000
random 2 13.000000 26.000000
final  2 11.833333 20.000000
random 3 11.638889 22.000000
final  3 10.527778 20.000000
random 4 10.652778 22.000000
final  4 9.972222 20.000000
random 1 16.500000 32.000000
final  1 14.833333 26.000000
random 2 13.833333 26.000000
final  2 11.833333 20.000000
random 3 12.833333 26.000000
final  3 10.833333 20.000000
random 4 11.125000 24.000000
final  4 9.583333 18.000000
