random 1 29.150000 53.000000
final  1 26.650000 53.000000
random 2 24.150000 47.000000
final  2 23.475000 47.000000
random 3 21.712500 40.000000
final  3 21.537500 40.000000
random 4 20.468750 39.000000
final  4 20.356250 39.000000
random 1 29.150000 53.000000
final  1 26.650000 53.000000
random 2 24.362500 44.000000
final  2 23.125000 42.000000
random 3 21.029688 36.000000
final  3 21.029688 36.000000
random 4 19.145312 34.000000
final  4 19.145312 34.000000
random 1 29.150000 53.000000
final  1 26.650000 53.000000
random 2 23.784375 40.000000
final  2 22.675000 40.000000
random 3 22.321875 40.000000
final  3 20.950000 43.000000
random 4 19.978516 34.000000
final  4 18.807422 33.000000
random 1 27.550000 53.000000
final  1 26.650000 53.000000
random 2 22.550000 35.000000
final  2 21.175000 37.000000
random 3 20.632812 35.000000
final  3 20.098437 35.000000
random 4 19.236719 35.000000
final  4 18.689844 35.000000
random 1 29.150000 53.000000
final  1 26.650000 53.000000
random 2 26.025000 46.000000
final  2 23.650000 44.000000
random 3 23.083594 37.000000
final  3 19.782812 35.000000
random 4 21.408203 37.000000
final  4 18.688281 37.000000
