random 1 45.627451 81.000000
final  1 43.352941 79.000000
random 2 35.450980 61.000000
final  2 34.193627 59.000000
random 3 32.796105 58.000000
final  3 31.890255 57.000000
random 4 31.287709 53.000000
final  4 30.289203 53.000000
random 1 44.725490 79.000000
final  1 43.352941 79.000000
random 2 40.772059 73.000000
final  2 40.105392 73.000000
random 3 37.985907 70.000000
final  3 36.864209 66.000000
random 4 36.975831 66.000000
final  4 31.589205 57.000000
random 1 45.392157 81.000000
final  1 43.352941 79.000000
random 2 37.084967 67.000000
final  2 34.411765 63.000000
random 3 34.537309 63.000000
final  3 32.276961 59.000000
random 4 33.184011 63.000000
final  4 30.923254 59.000000
random 1 46.098039 79.000000
final  1 43.352941 79.000000
random 2 36.666258 64.000000
final  2 34.296569 60.000000
random 3 34.380719 63.000000
final  3 32.521650 59.000000
