random 1 27.333333 50.000000
final  1 23.333333 46.000000
random 2 23.750000 44.000000
final  2 20.250000 40.000000
random 3 21.645833 42.000000
final  3 18.895833 38.000000
random 4 19.437500 38.000000
final  4 16.270833 34.000000
random 1 29.500000 50.000000
final  1 23.333333 46.000000
random 2 23.875000 38.000000
final  2 19.500000 36.000000
random 3 22.229167 36.000000
final  3 18.479167 36.000000
random 4 17.791667 30.000000
final  4 16.781250 30.000000
random 1 27.333333 50.000000
final  1 23.333333 46.000000
random 2 22.208333 40.000000
final  2 19.125000 36.000000
random 3 18.072917 30.000000
final  3 16.788194 32.000000
random 4 17.038194 30.000000
final  4 15.479167 30.000000
random 1 26.000000 50.000000
final  1 23.333333 46.000000
random 2 20.777778 34.000000
final  2 19.222222 34.000000
random 3 19.281250 34.000000
final  3 17.927083 34.000000
random 4 16.951389 28.000000
final  4 15.243056 26.000000
random 1 25.333333 48.000000
final  1 23.333333 46.000000
random 2 20.208333 34.000000
final  2 18.847222 32.000000
random 3 19.260417 34.000000
final  3 18.041667 34.000000
random 4 17.833333 32.000000
final  4 15.822917 30.000000
