random 1 22.833333 40.000000
final  1 21.500000 36.000000
random 2 19.597222 32.000000
final  2 18.750000 30.000000
random 3 18.423611 32.000000
final  3 17.298611 30.000000
random 4 17.260417 32.000000
final  4 16.133681 28.000000
random 1 23.166667 38.000000
final  1 21.500000 36.000000
random 2 19.236111 30.000000
final  2 18.513889 30.000000
random 3 17.475694 30.000000
final  3 16.896991 28.000000
random 4 16.516782 28.000000
final  4 16.120370 26.000000
random 1 23.833333 40.000000
final  1 21.500000 36.000000
random 2 21.583333 38.000000
final  2 19.277778 34.000000
random 3 18.619792 30.000000
final  3 16.753472 26.000000
random 4 17.526042 30.000000
final  4 16.060764 26.000000
random 1 23.833333 40.000000
final  1 21.500000 36.000000
random 2 19.282407 30.000000
final  2 18.354167 30.000000
random 3 17.622106 28.000000
final  3 16.693287 28.000000
random 4 16.841435 28.000000
final  4 15.758681 26.000000
random 1 22.833333 40.000000
final  1 21.500000 36.000000
random 2 19.314815 32.000000
final  2 18.284722 30.000000
random 3 17.398727 28.000000
final  3 16.500579 26.000000
random 4 16.977431 28.000000
final  4 15.803819 26.000000
