random 1 34.952381 57.000000
final  1 29.476190 53.000000
random 2 27.204200 42.000000
final  2 25.603175 43.000000
random 3 26.492394 42.000000
final  3 24.704916 43.000000
random 4 25.593902 42.000000
final  4 23.166887 41.000000
random 1 32.047619 59.000000
final  1 29.476190 53.000000
random 2 28.444224 46.000000
final  2 25.603175 43.000000
random 3 25.841738 42.000000
final  3 24.113178 38.000000
random 4 24.378293 38.000000
final  4 23.217813 36.000000
random 1 34.952381 57.000000
final  1 29.476190 53.000000
random 2 29.992504 43.000000
final  2 25.939153 43.000000
random 3 26.747286 43.000000
final  3 23.859375 43.000000
random 4 25.269621 43.000000
final  4 23.162506 41.000000
random 1 35.619048 59.000000
final  1 29.476190 53.000000
random 2 28.810185 51.000000
final  2 26.261905 47.000000
random 3 25.243111 42.000000
final  3 24.569334 40.000000
random 4 23.874228 41.000000
final  4 23.424162 39.000000
random 1 34.952381 57.000000
final  1 29.476190 53.000000
random 2 28.622520 43.000000
final  2 25.791667 43.000000
random 3 27.197710 43.000000
final  3 23.955026 41.000000
random 4 25.368689 43.000000
final  4 23.006972 39.000000
