random 1 25.233333 47.000000
final  1 24.166667 43.000000
random 2 21.611111 39.000000
final  2 20.630556 35.000000
random 3 20.483333 39.000000
final  3 19.422222 35.000000
random 4 19.184028 34.000000
final  4 18.200694 32.000000
random 1 27.766667 53.000000
final  1 24.166667 43.000000
random 2 23.729630 45.000000
final  2 22.129630 41.000000
random 3 21.488889 36.000000
final  3 19.270833 33.000000
random 4 19.803704 36.000000
final  4 18.203704 32.000000
random 1 27.766667 51.000000
final  1 24.166667 43.000000
random 2 22.652778 42.000000
final  2 21.125000 37.000000
random 3 20.777315 38.000000
final  3 20.041667 36.000000
random 4 20.222685 38.000000
final  4 18.554167 33.000000
random 1 26.566667 51.000000
final  1 24.166667 43.000000
random 2 22.500000 41.000000
final  2 21.833333 39.000000
random 3 21.055556 39.000000
final  3 20.388889 37.000000
random 4 18.831250 33.000000
final  4 18.206944 32.000000
random 1 25.500000 47.000000
final  1 24.166667 43.000000
random 2 22.111111 42.000000
final  2 21.088889 40.000000
random 3 21.063889 41.000000
final  3 19.572222 37.000000
random 4 19.388194 36.000000
final  4 18.177778 33.000000
