random 1 35.600000 62.000000
final  1 32.100000 58.000000
random 2 30.737500 52.000000
final  2 27.800000 48.000000
random 3 27.251476 46.000000
final  3 26.240885 44.000000
random 4 26.091667 42.000000
final  4 25.025260 40.000000
random 1 34.433333 60.000000
final  1 32.100000 58.000000
random 2 29.189931 48.000000
final  2 28.219097 48.000000
random 3 27.626215 48.000000
final  3 26.249653 48.000000
random 4 26.586198 48.000000
final  4 25.776563 46.000000
random 1 33.766667 60.000000
final  1 32.100000 58.000000
random 2 29.172917 46.000000
final  2 27.940625 46.000000
random 3 27.709375 46.000000
final  3 26.488715 46.000000
random 4 26.245920 44.000000
final  4 25.755382 42.000000
random 1 34.933333 60.000000
final  1 32.100000 58.000000
random 2 32.044444 58.000000
final  2 30.544444 58.000000
random 3 29.315278 50.000000
final  3 26.780208 46.000000
random 4 26.468924 44.000000
final  4 25.883073 42.000000
random 1 35.333333 62.000000
final  1 32.100000 58.000000
random 2 31.308333 52.000000
final  2 28.200000 48.000000
random 3 27.753385 46.000000
final  3 25.839063 42.000000
random 4 27.005599 46.000000
final  4 25.189193 42.000000
