random 1 36.833333 70.000000
final  1 34.666667 66.000000
random 2 32.333333 58.000000
final  2 30.166667 54.000000
random 3 29.427083 52.000000
final  3 27.260417 48.000000
random 4 26.298503 42.000000
final  4 25.156250 42.000000
random 1 35.333333 70.000000
final  1 34.666667 66.000000
random 2 29.635417 48.000000
final  2 29.432292 50.000000
random 3 27.266927 48.000000
final  3 26.964193 48.000000
random 4 25.847331 46.000000
final  4 25.498698 48.000000
random 1 36.833333 70.000000
final  1 34.666667 66.000000
random 2 31.583333 58.000000
final  2 30.291667 56.000000
random 3 29.041667 52.000000
final  3 27.989583 52.000000
random 4 27.416667 50.000000
final  4 25.942708 48.000000
random 1 36.833333 70.000000
final  1 34.666667 66.000000
random 2 30.333333 50.000000
final  2 28.635417 46.000000
random 3 28.063802 48.000000
final  3 26.563802 46.000000
random 4 26.505859 48.000000
final  4 25.005859 46.000000
random 1 35.833333 68.000000
final  1 34.666667 66.000000
random 2 31.833333 58.000000
final  2 30.666667 56.000000
random 3 27.774740 48.000000
final  3 26.964844 50.000000
random 4 26.325846 44.000000
final  4 25.199219 44.000000
