random 1 3.333333 6.000000
final  1 3.333333 6.000000
random 2 2.000000 6.000000
final  2 2.000000 6.000000
random 3 2.000000 6.000000
final  3 2.000000 6.000000
random 4 2.000000 6.000000
final  4 2.000000 6.000000
random 1 3.333333 6.000000
final  1 3.333333 6.000000
random 2 1.333333 4.000000
final  2 1.333333 4.000000
random 3 1.333333 4.000000
final  3 1.333333 4.000000
random 4 1.333333 4.000000
final  4 1.333333 4.000000
random 1 4.000000 6.000000
final  1 3.333333 6.000000
random 2 4.000000 6.000000
final  2 3.333333 6.000000
random 3 1.333333 4.000000
final  3 1.333333 4.000000
random 4 0.000000 0.000000
final  4 0.000000 0.000000
random 1 3.333333 6.000000
final  1 3.333333 6.000000
random 2 3.333333 6.000000
final  2 3.333333 6.000000
random 3 1.333333 4.000000
final  3 1.333333 4.000000
random 4 1.333333 4.000000
final  4 1.333333 4.000000
random 1 3.333333 6.000000
final  1 3.333333 6.000000
random 2 3.333333 6.000000
final  2 3.333333 6.000000
random 3 3.333333 6.000000
final  3 3.333333 6.000000
random 4 3.333333 6.000000
final  4 3.333333 6.000000
