random 1 18.833333 36.000000
final  1 18.833333 36.000000
random 2 16.166667 32.000000
final  2 15.916667 32.000000
random 3 13.364583 24.000000
final  3 13.364583 24.000000
random 4 12.541667 24.000000
final  4 12.052083 24.000000
random 1 19.833333 38.000000
final  1 18.833333 36.000000
random 2 14.812500 26.000000
final  2 14.312500 24.000000
random 3 13.687500 26.000000
final  3 13.010417 24.000000
random 4 12.713542 24.000000
final  4 11.994792 22.000000
random 1 19.500000 36.000000
final  1 18.833333 36.000000
random 2 14.270833 22.000000
final  2 14.270833 22.000000
random 3 13.203125 22.000000
final  3 12.911458 22.000000
random 4 12.588542 22.000000
final  4 12.338542 22.000000
random 1 18.833333 36.000000
final  1 18.833333 36.000000
random 2 14.687500 26.000000
final  2 14.687500 26.000000
random 3 12.812500 24.000000
final  3 12.812500 24.000000
random 4 12.208333 22.000000
final  4 12.208333 22.000000
random 1 18.833333 36.000000
final  1 18.833333 36.000000
random 2 14.239583 22.000000
final  2 14.239583 22.000000
random 3 12.828125 22.000000
final  3 12.828125 22.000000
random 4 11.828125 20.000000
final  4 11.828125 20.000000
