random 1 20.000000 36.000000
final  1 18.500000 36.000000
random 2 16.250000 32.000000
final  2 16.250000 32.000000
random 3 14.500000 30.000000
final  3 14.500000 30.000000
random 4 11.828125 22.000000
final  4 11.828125 22.000000
random 1 20.000000 36.000000
final  1 18.500000 36.000000
random 2 15.500000 28.000000
final  2 15.500000 28.000000
random 3 13.046875 24.000000
final  3 13.046875 24.000000
random 4 12.296875 22.000000
final  4 11.671875 22.000000
random 1 20.000000 36.000000
final  1 18.500000 36.000000
random 2 16.000000 26.000000
final  2 14.500000 26.000000
random 3 13.812500 26.000000
final  3 12.875000 26.000000
random 4 11.992188 22.000000
final  4 11.484375 22.000000
random 1 19.500000 36.000000
final  1 18.500000 36.000000
random 2 17.500000 32.000000
final  2 16.500000 32.000000
random 3 14.562500 28.000000
final  3 13.906250 26.000000
random 4 13.328125 24.000000
final  4 12.437500 24.000000
random 1 20.000000 36.000000
final  1 18.500000 36.000000
random 2 16.625000 32.000000
final  2 15.875000 30.000000
random 3 14.031250 26.000000
final  3 14.031250 26.000000
random 4 12.578125 24.000000
final  4 12.218750 22.000000
