random 1 12.000000 24.000000
final  1 12.000000 24.000000
random 2 9.000000 18.000000
final  2 9.000000 18.000000
random 3 7.000000 14.000000
final  3 7.000000 14.000000
random 4 7.000000 14.000000
final  4 7.000000 14.000000
random 1 12.000000 24.000000
final  1 12.000000 24.000000
random 2 10.000000 20.000000
final  2 10.000000 20.000000
random 3 7.500000 14.000000
final  3 7.500000 14.000000
random 4 6.312500 14.000000
final  4 5.437500 12.000000
random 1 12.000000 24.000000
final  1 12.000000 24.000000
random 2 8.500000 16.000000
final  2 8.500000 16.000000
random 3 6.500000 14.000000
final  3 6.500000 14.000000
random 4 5.562500 12.000000
final  4 5.437500 12.000000
random 1 12.000000 24.000000
final  1 12.000000 24.000000
random 2 12.000000 24.000000
final  2 12.000000 24.000000
random 3 8.000000 14.000000
final  3 8.000000 14.000000
random 4 6.750000 14.000000
final  4 6.125000 14.000000
random 1 12.000000 24.000000
final  1 12.000000 24.000000
random 2 10.000000 20.000000
final  2 10.000000 20.000000
random 3 7.000000 14.000000
final  3 7.000000 14.000000
random 4 5.687500 12.000000
final  4 5.687500 12.000000
