random 1 8.833333 16.000000
final  1 8.166667 14.000000
random 2 5.666667 8.000000
final  2 5.666667 8.000000
random 3 4.750000 8.000000
final  3 4.750000 8.000000
random 4 4.166667 8.000000
final  4 4.166667 8.000000
random 1 8.833333 16.000000
final  1 8.166667 14.000000
random 2 5.916667 12.000000
final  2 5.833333 10.000000
random 3 5.000000 10.000000
final  3 4.750000 8.000000
random 4 4.250000 8.000000
final  4 4.250000 8.000000
random 1 8.166667 14.000000
final  1 8.166667 14.000000
random 2 6.666667 14.000000
final  2 6.666667 14.000000
random 3 4.833333 10.000000
final  3 4.833333 10.000000
random 4 4.333333 8.000000
final  4 4.333333 8.000000
random 1 8.166667 14.000000
final  1 8.166667 14.000000
random 2 6.166667 10.000000
final  2 6.166667 10.000000
random 3 5.166667 10.000000
final  3 5.166667 10.000000
random 4 4.500000 8.000000
final  4 4.000000 8.000000
random 1 8.833333 16.000000
final  1 8.166667 14.000000
random 2 6.833333 12.000000
final  2 6.166667 10.000000
random 3 5.000000 8.000000
final  3 5.000000 8.000000
random 4 4.333333 8.000000
final  4 4.333333 8.000000
