random 1 30.000000 58.000000
final  1 28.666667 56.000000
random 2 23.645833 43.000000
final  2 23.645833 43.000000
random 3 21.868924 43.000000
final  3 21.570312 43.000000
random 4 20.771267 42.000000
final  4 20.216146 40.000000
random 1 30.000000 58.000000
final  1 28.666667 56.000000
random 2 24.895833 49.000000
final  2 23.562500 47.000000
random 3 22.491319 46.000000
final  3 21.821181 43.000000
random 4 20.405382 41.000000
final  4 19.398438 39.000000
random 1 30.000000 58.000000
final  1 28.666667 56.000000
random 2 24.305556 49.000000
final  2 23.666667 47.000000
random 3 22.103299 44.000000
final  3 21.138889 41.000000
random 4 19.690538 37.000000
final  4 19.180990 37.000000
random 1 29.333333 58.000000
final  1 28.666667 56.000000
random 2 26.833333 54.000000
final  2 26.166667 52.000000
random 3 24.743056 50.000000
final  3 24.229167 48.000000
random 4 21.094184 42.000000
final  4 21.000868 42.000000
random 1 30.000000 58.000000
final  1 28.666667 56.000000
random 2 26.000000 49.000000
final  2 24.666667 47.000000
random 3 23.791667 48.000000
final  3 22.291667 46.000000
random 4 21.597222 43.000000
final  4 20.951389 46.000000
