random 1 32.166667 58.000000
final  1 30.666667 58.000000
random 2 26.768229 48.000000
final  2 26.502604 46.000000
random 3 25.334635 48.000000
final  3 24.766927 46.000000
random 4 24.330078 48.000000
final  4 23.830729 46.000000
random 1 31.833333 60.000000
final  1 30.666667 58.000000
random 2 28.958333 52.000000
final  2 27.791667 50.000000
random 3 25.136068 42.000000
final  3 24.717448 42.000000
random 4 24.347656 42.000000
final  4 23.779948 42.000000
random 1 31.666667 58.000000
final  1 30.666667 58.000000
random 2 27.937500 52.000000
final  2 27.354167 52.000000
random 3 24.439128 40.000000
final  3 23.699219 40.000000
random 4 22.697266 40.000000
final  4 22.025391 40.000000
random 1 32.333333 60.000000
final  1 30.666667 58.000000
random 2 26.895833 44.000000
final  2 25.785807 42.000000
random 3 25.078125 44.000000
final  3 24.364583 42.000000
random 4 23.748047 40.000000
final  4 23.251953 40.000000
random 1 31.833333 60.000000
final  1 30.666667 58.000000
random 2 28.145833 52.000000
final  2 27.895833 52.000000
random 3 25.723958 48.000000
final  3 25.723958 48.000000
random 4 23.305339 42.000000
final  4 22.914062 42.000000
