random 1 36.666667 70.000000
final  1 34.666667 64.000000
random 2 31.274691 56.000000
final  2 30.703704 58.000000
random 3 29.748457 54.000000
final  3 28.824074 54.000000
random 4 27.323881 48.000000
final  4 26.407215 48.000000
random 1 36.666667 70.000000
final  1 34.666667 64.000000
random 2 31.833333 58.000000
final  2 29.833333 52.000000
random 3 28.095486 46.000000
final  3 26.908854 44.000000
random 4 26.741995 46.000000
final  4 25.821084 44.000000
random 1 36.666667 70.000000
final  1 34.666667 64.000000
random 2 31.734568 56.000000
final  2 31.197531 60.000000
random 3 28.768904 50.000000
final  3 28.193287 50.000000
random 4 27.995177 50.000000
final  4 27.666667 52.000000
random 1 36.666667 70.000000
final  1 34.666667 64.000000
random 2 31.916667 58.000000
final  2 30.583333 54.000000
random 3 28.147859 48.000000
final  3 26.908854 46.000000
random 4 26.853877 48.000000
final  4 25.702257 44.000000
random 1 36.666667 70.000000
final  1 34.666667 64.000000
random 2 30.657407 52.000000
final  2 29.437500 48.000000
random 3 27.946566 52.000000
final  3 26.797743 48.000000
random 4 26.615114 46.000000
final  4 25.957321 46.000000
