random 1 19.575000 43.000000
final  1 18.475000 43.000000
random 2 16.875000 29.000000
final  2 15.875000 27.000000
random 3 14.850000 29.000000
final  3 13.725000 25.000000
random 4 13.001563 22.000000
final  4 12.126563 20.000000
random 1 19.575000 43.000000
final  1 18.475000 43.000000
random 2 16.925000 29.000000
final  2 15.875000 27.000000
random 3 16.725000 29.000000
final  3 15.675000 27.000000
random 4 14.937500 28.000000
final  4 13.700000 27.000000
random 1 35.150000 44.000000
final  1 18.475000 43.000000
random 2 34.268750 44.000000
final  2 16.975000 41.000000
random 3 32.915625 40.000000
final  3 15.475000 37.000000
random 4 17.353125 31.000000
final  4 15.518750 27.000000
random 1 21.175000 44.000000
final  1 18.475000 43.000000
random 2 17.075000 40.000000
final  2 16.275000 40.000000
random 3 15.065625 40.000000
final  3 14.575000 40.000000
random 4 12.615625 22.000000
final  4 12.168750 21.000000
random 1 21.075000 43.000000
final  1 18.475000 43.000000
random 2 18.475000 33.000000
final  2 15.875000 27.000000
random 3 14.850000 25.000000
final  3 14.150000 25.000000
random 4 13.131250 25.000000
final  4 12.293750 21.000000
