random 1 42.250000 69.000000
final  1 34.250000 61.000000
random 2 39.226190 66.000000
final  2 32.166667 60.000000
random 3 36.525187 55.000000
final  3 29.510417 51.000000
random 4 35.603891 55.000000
final  4 28.737269 50.000000
random 1 44.130952 74.000000
final  1 34.250000 61.000000
random 2 33.792181 56.000000
final  2 30.246032 52.000000
random 3 32.023488 55.000000
final  3 29.474813 55.000000
random 4 28.501185 50.000000
final  4 27.828612 51.000000
random 1 36.250000 66.000000
final  1 34.250000 61.000000
random 2 32.629630 59.000000
final  2 30.723876 56.000000
random 3 29.652998 53.000000
final  3 27.621693 49.000000
random 4 27.920414 53.000000
final  4 26.624339 48.000000
random 1 40.226190 74.000000
final  1 34.250000 61.000000
random 2 33.908951 56.000000
final  2 30.250992 52.000000
random 3 32.576435 52.000000
final  3 29.454420 52.000000
random 4 30.000689 50.000000
final  4 27.743304 47.000000
random 1 37.083333 68.000000
final  1 34.250000 61.000000
random 2 32.628601 59.000000
final  2 30.408730 55.000000
random 3 31.373769 55.000000
final  3 29.515322 52.000000
random 4 30.757964 53.000000
final  4 28.850731 51.000000
