random 1 33.833333 62.000000
final  1 31.000000 56.000000
random 2 29.093750 50.000000
final  2 27.166667 46.000000
random 3 26.210069 44.000000
final  3 24.830440 42.000000
random 4 24.513780 40.000000
final  4 23.602069 42.000000
random 1 32.166667 56.000000
final  1 31.000000 56.000000
random 2 28.626157 50.000000
final  2 27.179977 48.000000
random 3 26.501157 44.000000
final  3 25.479167 42.000000
random 4 24.572627 42.000000
final  4 23.888997 42.000000
random 1 32.000000 58.000000
final  1 31.000000 56.000000
random 2 28.752315 52.000000
final  2 27.527778 50.000000
random 3 25.741175 42.000000
final  3 24.945312 40.000000
random 4 24.906612 42.000000
final  4 24.099537 40.000000
random 1 34.500000 62.000000
final  1 31.000000 56.000000
random 2 29.458333 50.000000
final  2 27.156250 46.000000
random 3 27.306424 48.000000
final  3 25.354601 44.000000
random 4 24.668150 40.000000
final  4 23.657697 42.000000
random 1 33.500000 60.000000
final  1 31.000000 56.000000
random 2 28.916667 48.000000
final  2 27.083333 46.000000
random 3 26.776476 46.000000
final  3 25.167101 44.000000
random 4 25.027922 42.000000
final  4 24.046441 42.000000
