random 1 27.250000 49.000000
final  1 24.750000 47.000000
random 2 22.095703 37.000000
final  2 20.379883 34.000000
random 3 19.989746 35.000000
final  3 19.035156 33.000000
random 4 18.911621 35.000000
final  4 18.328125 32.000000
random 1 25.750000 47.000000
final  1 24.750000 47.000000
random 2 21.089844 37.000000
final  2 20.488281 35.000000
random 3 19.259766 33.000000
final  3 18.958496 32.000000
random 4 17.888672 31.000000
final  4 17.687500 30.000000
random 1 26.250000 47.000000
final  1 24.750000 47.000000
random 2 21.420410 34.000000
final  2 19.839844 31.000000
random 3 19.537598 34.000000
final  3 18.835449 33.000000
random 4 17.965332 31.000000
final  4 17.424561 30.000000
random 1 27.250000 49.000000
final  1 24.750000 47.000000
random 2 23.875000 43.000000
final  2 21.875000 39.000000
random 3 21.140625 37.000000
final  3 19.523438 34.000000
random 4 19.331055 35.000000
final  4 18.404297 32.000000
random 1 25.250000 47.000000
final  1 24.750000 47.000000
random 2 21.570312 37.000000
final  2 21.343750 37.000000
random 3 19.361572 35.000000
final  3 18.393066 32.000000
random 4 18.228027 33.000000
final  4 17.760498 32.000000
