random 1 35.333333 62.000000
final  1 30.250000 60.000000
random 2 27.239583 48.000000
final  2 26.859375 48.000000
random 3 24.462240 48.000000
final  3 24.066406 48.000000
random 4 23.177734 42.000000
final  4 22.757650 42.000000
random 1 30.833333 60.000000
final  1 30.250000 60.000000
random 2 26.770833 48.000000
final  2 26.125000 48.000000
random 3 24.026693 42.000000
final  3 23.578125 42.000000
random 4 22.317708 40.000000
final  4 21.894368 38.000000
random 1 31.833333 60.000000
final  1 30.250000 60.000000
random 2 26.466146 48.000000
final  2 26.179688 46.000000
random 3 24.479167 44.000000
final  3 24.159505 44.000000
random 4 23.003906 42.000000
final  4 22.651042 42.000000
random 1 37.083333 62.000000
final  1 30.250000 60.000000
random 2 32.041667 50.000000
final  2 26.541667 48.000000
random 3 29.833333 48.000000
final  3 24.333333 44.000000
random 4 24.841146 44.000000
final  4 22.441243 44.000000
random 1 35.750000 62.000000
final  1 30.250000 60.000000
random 2 30.937500 48.000000
final  2 25.500000 46.000000
random 3 29.338542 46.000000
final  3 24.031250 44.000000
random 4 25.300781 42.000000
final  4 22.277995 40.000000
