random 1 8.692308 15.000000
final  1 7.769231 15.000000
random 2 6.846154 15.000000
final  2 6.230769 15.000000
random 3 4.307692 8.000000
final  3 4.153846 8.000000
random 4 3.846154 8.000000
final  4 3.384615 8.000000
random 1 8.692308 15.000000
final  1 7.769231 15.000000
random 2 6.846154 15.000000
final  2 6.846154 15.000000
random 3 4.615385 10.000000
final  3 4.461538 10.000000
random 4 3.692308 8.000000
final  4 3.384615 6.000000
random 1 8.692308 15.000000
final  1 7.769231 15.000000
random 2 6.769231 12.000000
final  2 5.384615 10.000000
random 3 4.307692 8.000000
final  3 3.846154 6.000000
random 4 4.307692 8.000000
final  4 3.384615 6.000000
random 1 8.692308 15.000000
final  1 7.769231 15.000000
random 2 6.153846 12.000000
final  2 5.384615 10.000000
random 3 6.153846 12.000000
final  3 4.461538 10.000000
random 4 4.307692 8.000000
final  4 3.384615 8.000000
random 1 12.461538 15.000000
final  1 7.769231 15.000000
random 2 12.461538 15.000000
final  2 6.846154 15.000000
random 3 6.153846 12.000000
final  3 4.769231 10.000000
random 4 6.153846 12.000000
final  4 4.769231 10.000000
