random 1 18.166667 35.000000
final  1 16.833333 31.000000
random 2 14.833333 27.000000
final  2 14.833333 27.000000
random 3 12.652778 22.000000
final  3 12.083333 21.000000
random 4 11.868056 20.000000
final  4 11.666667 19.000000
random 1 17.500000 33.000000
final  1 16.833333 31.000000
random 2 14.444444 27.000000
final  2 14.444444 27.000000
random 3 12.020833 23.000000
final  3 11.715278 22.000000
random 4 10.986111 21.000000
final  4 10.986111 21.000000
random 1 17.500000 33.000000
final  1 16.833333 31.000000
random 2 12.954861 20.000000
final  2 12.954861 20.000000
random 3 11.743056 19.000000
final  3 11.500000 19.000000
random 4 10.527778 19.000000
final  4 10.527778 19.000000
random 1 18.166667 35.000000
final  1 16.833333 31.000000
random 2 13.500000 24.000000
final  2 13.500000 24.000000
random 3 11.888889 23.000000
final  3 11.888889 23.000000
random 4 10.687500 21.000000
final  4 10.687500 21.000000
random 1 18.166667 35.000000
final  1 16.833333 31.000000
random 2 14.833333 28.000000
final  2 14.166667 26.000000
random 3 13.055556 26.000000
final  3 12.569444 25.000000
random 4 12.375000 26.000000
final  4 12.375000 26.000000
