random 1 32.000000 62.000000
final  1 31.333333 60.000000
random 2 26.604167 44.000000
final  2 25.708333 42.000000
random 3 24.261285 38.000000
final  3 24.010417 36.000000
random 4 22.412543 38.000000
final  4 22.223958 36.000000
random 1 32.000000 62.000000
final  1 31.333333 60.000000
random 2 26.875000 48.000000
final  2 26.541667 48.000000
random 3 24.392361 44.000000
final  3 23.861979 42.000000
random 4 23.116753 42.000000
final  4 22.446615 40.000000
random 1 32.000000 62.000000
final  1 31.333333 60.000000
random 2 26.076389 44.000000
final  2 25.708333 42.000000
random 3 24.625000 44.000000
final  3 24.625000 44.000000
random 4 23.142361 40.000000
final  4 23.142361 40.000000
random 1 32.666667 64.000000
final  1 31.333333 60.000000
random 2 25.973958 38.000000
final  2 25.239583 38.000000
random 3 24.341146 38.000000
final  3 23.767361 38.000000
random 4 22.708333 38.000000
final  4 22.352431 38.000000
random 1 32.666667 64.000000
final  1 31.333333 60.000000
random 2 27.916667 52.000000
final  2 27.250000 50.000000
random 3 25.729167 48.000000
final  3 25.062500 46.000000
random 4 24.058160 48.000000
final  4 23.272569 44.000000
