random 1 49.228205 75.000000
final  1 40.933333 76.000000
random 2 45.532051 69.000000
final  2 31.979487 62.000000
random 3 37.530235 68.000000
final  3 31.120513 62.000000
random 4 32.966863 57.000000
final  4 29.845922 57.000000
random 1 42.976923 78.000000
final  1 40.933333 76.000000
random 2 39.009722 73.000000
final  2 31.954060 64.000000
random 3 37.044658 70.000000
final  3 30.242379 60.000000
random 4 31.683868 64.000000
final  4 29.539957 58.000000
random 1 47.433333 75.000000
final  1 40.933333 76.000000
random 2 42.702564 67.000000
final  2 31.959615 62.000000
random 3 34.491880 60.000000
final  3 31.164138 57.000000
random 4 34.174306 60.000000
final  4 29.135256 54.000000
random 1 49.269231 73.000000
final  1 40.933333 76.000000
random 2 39.052813 63.000000
final  2 31.902724 60.000000
random 3 36.938880 63.000000
final  3 29.871181 54.000000
random 4 35.782390 63.000000
