random 1 28.333333 51.000000
final  1 27.833333 53.000000
random 2 24.360243 43.000000
final  2 23.304688 40.000000
random 3 21.722439 37.000000
final  3 21.217448 38.000000
random 4 20.499349 35.000000
final  4 19.961697 35.000000
random 1 30.000000 53.000000
final  1 27.833333 53.000000
random 2 26.692708 46.000000
final  2 24.057292 42.000000
random 3 24.511719 43.000000
final  3 22.176432 41.000000
random 4 23.330729 40.000000
final  4 20.868164 36.000000
random 1 29.833333 55.000000
final  1 27.833333 53.000000
random 2 24.389323 40.000000
final  2 23.002170 38.000000
random 3 22.370985 39.000000
final  3 21.541884 37.000000
random 4 21.361979 36.000000
final  4 19.520508 30.000000
random 1 30.000000 53.000000
final  1 27.833333 53.000000
random 2 25.395833 45.000000
final  2 23.656250 43.000000
random 3 22.759549 39.000000
final  3 21.918837 39.000000
random 4 21.989583 39.000000
final  4 20.850477 37.000000
random 1 29.166667 53.000000
final  1 27.833333 53.000000
random 2 23.859158 38.000000
final  2 22.838542 36.000000
random 3 22.416233 38.000000
final  3 21.924913 37.000000
random 4 21.142361 37.000000
final  4 21.142361 37.000000
