random 1 19.000000 35.000000
final  1 19.000000 35.000000
random 2 13.098214 23.000000
final  2 12.839286 23.000000
random 3 11.410714 21.000000
final  3 11.151786 20.000000
random 4 10.767857 21.000000
final  4 9.758929 20.000000
random 1 19.857143 37.000000
final  1 19.000000 35.000000
random 2 13.053571 24.000000
final  2 12.803571 23.000000
random 3 11.482143 21.000000
final  3 10.991071 20.000000
random 4 9.714286 18.000000
final  4 9.357143 18.000000
random 1 20.428571 37.000000
final  1 19.000000 35.000000
random 2 13.857143 26.000000
final  2 13.000000 26.000000
random 3 12.107143 25.000000
final  3 11.285714 26.000000
random 4 9.857143 16.000000
final  4 9.000000 16.000000
random 1 19.285714 35.000000
final  1 19.000000 35.000000
random 2 15.928571 29.000000
final  2 12.937500 23.000000
random 3 11.000000 24.000000
final  3 10.464286 21.000000
random 4 9.857143 18.000000
final  4 9.357143 16.000000
random 1 20.000000 33.000000
final  1 19.000000 35.000000
random 2 17.071429 27.000000
final  2 12.830357 23.000000
random 3 11.267857 21.000000
final  3 10.991071 21.000000
random 4 9.642857 20.000000
final  4 9.428571 20.000000
