random 1 18.066667 32.000000
final  1 16.533333 28.000000
random 2 13.977778 24.000000
final  2 13.977778 24.000000
random 3 12.677778 22.000000
final  3 12.411111 22.000000
random 4 12.050000 22.000000
final  4 11.838889 22.000000
random 1 20.066667 34.000000
final  1 16.533333 28.000000
random 2 14.633333 28.000000
final  2 14.633333 28.000000
random 3 13.422222 26.000000
final  3 13.422222 26.000000
random 4 11.483333 22.000000
final  4 11.483333 22.000000
random 1 20.066667 34.000000
final  1 16.533333 28.000000
random 2 14.783333 26.000000
final  2 13.400000 22.000000
random 3 13.133333 24.000000
final  3 12.300000 22.000000
random 4 12.316667 22.000000
final  4 11.427778 20.000000
random 1 17.400000 30.000000
final  1 16.533333 28.000000
random 2 14.900000 28.000000
final  2 14.233333 26.000000
random 3 12.722222 24.000000
final  3 12.355556 22.000000
random 4 11.666667 22.000000
final  4 11.150000 22.000000
random 1 17.866667 32.000000
final  1 16.533333 28.000000
random 2 13.422222 24.000000
final  2 13.422222 24.000000
random 3 12.588889 22.000000
final  3 12.188889 22.000000
random 4 11.811111 20.000000
final  4 11.322222 20.000000
