random 1 18.166667 34.000000
final  1 18.166667 34.000000
random 2 15.916667 30.000000
final  2 15.666667 28.000000
random 3 14.770833 30.000000
final  3 14.166667 28.000000
random 4 13.333333 26.000000
final  4 13.333333 26.000000
random 1 19.833333 38.000000
final  1 18.166667 34.000000
random 2 16.333333 32.000000
final  2 15.166667 28.000000
random 3 13.802083 24.000000
final  3 12.494792 20.000000
random 4 12.807292 24.000000
final  4 11.760417 22.000000
random 1 19.166667 36.000000
final  1 18.166667 34.000000
random 2 15.833333 30.000000
final  2 14.833333 28.000000
random 3 13.979167 30.000000
final  3 13.229167 28.000000
random 4 12.359375 24.000000
final  4 12.052083 24.000000
random 1 19.833333 38.000000
final  1 18.166667 34.000000
random 2 14.875000 26.000000
final  2 14.375000 24.000000
random 3 13.156250 24.000000
final  3 13.156250 24.000000
random 4 11.718750 22.000000
final  4 11.718750 22.000000
random 1 19.833333 38.000000
final  1 18.166667 34.000000
random 2 15.083333 26.000000
final  2 14.083333 24.000000
random 3 13.312500 26.000000
final  3 12.791667 24.000000
random 4 12.864583 26.000000
final  4 12.041667 22.000000
