random 1 22.326531 38.000000
final  1 21.265306 38.000000
random 2 18.204082 28.000000
final  2 17.285714 28.000000
random 3 17.158163 28.000000
final  3 16.234694 28.000000
random 4 16.288265 28.000000
final  4 14.923469 24.000000
random 1 22.326531 38.000000
final  1 21.265306 38.000000
random 2 17.438776 26.000000
final  2 16.908163 26.000000
random 3 16.344388 26.000000
final  3 15.533163 26.000000
random 4 15.015306 22.000000
final  4 14.283163 22.000000
random 1 22.244898 38.000000
final  1 21.265306 38.000000
random 2 19.000000 32.000000
final  2 17.795918 30.000000
random 3 16.933673 28.000000
final  3 16.000000 28.000000
random 4 15.938776 26.000000
final  4 15.214286 26.000000
random 1 22.612245 38.000000
final  1 21.265306 38.000000
random 2 19.612245 32.000000
final  2 18.265306 32.000000
random 3 18.341837 30.000000
final  3 16.882653 30.000000
random 4 16.234694 28.000000
final  4 15.127551 28.000000
random 1 21.795918 38.000000
final  1 21.265306 38.000000
random 2 19.061224 34.000000
final  2 19.020408 34.000000
random 3 17.091837 32.000000
final  3 16.877551 32.000000
random 4 16.653061 32.000000
final  4 16.438776 32.000000
