random 1 31.138889 56.000000
final  1 28.111111 50.000000
random 2 25.076389 44.000000
final  2 22.737413 38.000000
random 3 21.683594 38.000000
final  3 20.253472 38.000000
random 4 20.721788 36.000000
final  4 19.572483 34.000000
random 1 30.527778 54.000000
final  1 28.111111 50.000000
random 2 25.052083 44.000000
final  2 23.173611 38.000000
random 3 24.003472 42.000000
final  3 21.888889 40.000000
random 4 23.371528 42.000000
final  4 18.845486 32.000000
random 1 33.305556 56.000000
final  1 28.111111 50.000000
random 2 25.011285 42.000000
final  2 22.875000 36.000000
random 3 21.865885 40.000000
final  3 21.409288 40.000000
random 4 19.380208 32.000000
final  4 18.817274 32.000000
random 1 29.111111 52.000000
final  1 28.111111 50.000000
random 2 23.902778 44.000000
final  2 23.390625 44.000000
random 3 22.567708 44.000000
final  3 22.567708 44.000000
random 4 21.361979 42.000000
final  4 20.993056 40.000000
random 1 32.944444 56.000000
final  1 28.111111 50.000000
random 2 25.215278 44.000000
final  2 22.828993 38.000000
random 3 22.542101 42.000000
final  3 21.622396 40.000000
random 4 21.780816 42.000000
final  4 21.409288 42.000000
