random 1 24.500000 48.000000
final  1 23.500000 46.000000
random 2 19.742188 32.000000
final  2 19.140625 32.000000
random 3 18.249132 32.000000
final  3 18.059028 32.000000
random 4 16.263021 30.000000
final  4 16.186632 30.000000
random 1 26.833333 48.000000
final  1 23.500000 46.000000
random 2 23.895833 42.000000
final  2 20.343750 36.000000
random 3 18.451389 34.000000
final  3 18.312500 34.000000
random 4 16.616319 30.000000
final  4 16.447917 30.000000
random 1 26.833333 48.000000
final  1 23.500000 46.000000
random 2 20.194444 36.000000
final  2 19.527778 34.000000
random 3 19.048611 36.000000
final  3 18.381944 34.000000
random 4 17.483507 34.000000
final  4 16.668403 30.000000
random 1 25.166667 50.000000
final  1 23.500000 46.000000
random 2 20.430556 36.000000
final  2 19.833333 36.000000
random 3 17.690972 34.000000
final  3 17.131944 34.000000
random 4 16.600694 28.000000
final  4 16.031250 28.000000
random 1 26.833333 48.000000
final  1 23.500000 46.000000
random 2 19.777778 32.000000
final  2 19.625000 34.000000
random 3 17.805556 32.000000
final  3 17.579861 32.000000
random 4 16.881944 30.000000
final  4 16.881944 30.000000
