random 1 28.083333 51.000000
final  1 25.916667 48.000000
random 2 23.177083 39.000000
final  2 21.541667 37.000000
random 3 21.398438 39.000000
final  3 20.276042 37.000000
random 4 19.451172 35.000000
final  4 18.329427 33.000000
random 1 25.916667 49.000000
final  1 25.916667 48.000000
random 2 21.386719 36.000000
final  2 21.242188 35.000000
random 3 19.882813 35.000000
final  3 19.712240 35.000000
random 4 19.300130 35.000000
final  4 19.300130 35.000000
random 1 28.083333 51.000000
final  1 25.916667 48.000000
random 2 23.833333 41.000000
final  2 21.916667 38.000000
random 3 20.888021 39.000000
final  3 20.052083 37.000000
random 4 20.286458 39.000000
final  4 19.279948 37.000000
random 1 27.416667 49.000000
final  1 25.916667 48.000000
random 2 22.802083 40.000000
final  2 22.002604 40.000000
random 3 20.324219 35.000000
final  3 19.188151 34.000000
random 4 19.722005 35.000000
final  4 18.442708 34.000000
random 1 27.583333 50.000000
final  1 25.916667 48.000000
random 2 22.666667 37.000000
final  2 21.666667 37.000000
random 3 20.588542 37.000000
final  3 19.431641 36.000000
random 4 19.597656 35.000000
final  4 18.765625 34.000000
