random 1 29.388889 57.000000
final  1 27.611111 51.000000
random 2 23.986111 44.000000
final  2 22.944444 41.000000
random 3 21.866319 39.000000
final  3 21.155382 38.000000
random 4 20.970486 39.000000
final  4 19.402344 38.000000
random 1 31.555556 53.000000
final  1 27.611111 51.000000
random 2 24.472222 43.000000
final  2 23.072917 43.000000
random 3 22.517361 41.000000
final  3 21.609375 42.000000
random 4 20.013889 36.000000
final  4 19.665799 36.000000
random 1 31.111111 53.000000
final  1 27.611111 51.000000
random 2 30.361111 53.000000
final  2 25.388889 49.000000
random 3 24.458333 43.000000
final  3 22.642361 43.000000
random 4 22.338542 39.000000
final  4 20.088542 38.000000
random 1 30.888889 57.000000
final  1 27.611111 51.000000
random 2 26.388889 47.000000
final  2 23.611111 41.000000
random 3 22.153646 36.000000
final  3 20.142361 34.000000
random 4 20.864583 34.000000
final  4 19.055122 33.000000
random 1 31.555556 53.000000
final  1 27.611111 51.000000
random 2 24.958333 41.000000
final  2 22.784722 40.000000
random 3 22.082031 36.000000
final  3 20.126302 35.000000
random 4 20.934462 36.000000
final  4 19.214410 35.000000
