random 1 26.666667 50.000000
final  1 26.000000 48.000000
random 2 21.833333 38.000000
final  2 21.833333 38.000000
random 3 19.112847 32.000000
final  3 18.840278 34.000000
random 4 18.126736 32.000000
final  4 17.837674 34.000000
random 1 26.333333 48.000000
final  1 26.000000 48.000000
random 2 22.250000 38.000000
final  2 21.916667 38.000000
random 3 19.729167 34.000000
final  3 19.166667 34.000000
random 4 18.240451 30.000000
final  4 17.361111 30.000000
random 1 26.666667 50.000000
final  1 26.000000 48.000000
random 2 20.864583 32.000000
final  2 20.375000 32.000000
random 3 19.394097 32.000000
final  3 18.975694 34.000000
random 4 18.087674 30.000000
final  4 17.669271 30.000000
random 1 26.666667 50.000000
final  1 26.000000 48.000000
random 2 23.638889 44.000000
final  2 23.166667 42.000000
random 3 19.684028 36.000000
final  3 19.055556 34.000000
random 4 18.211806 32.000000
final  4 18.211806 32.000000
random 1 26.666667 50.000000
final  1 26.000000 48.000000
random 2 22.875000 42.000000
final  2 22.208333 40.000000
random 3 20.197917 38.000000
final  3 19.354167 36.000000
random 4 19.312500 38.000000
final  4 18.427083 36.000000
