random 1 27.833333 53.000000
final  1 27.166667 51.000000
random 2 23.958333 43.000000
final  2 23.291667 41.000000
random 3 21.321615 39.000000
final  3 20.213542 36.000000
random 4 19.669271 35.000000
final  4 18.904297 35.000000
random 1 28.833333 55.000000
final  1 27.166667 51.000000
random 2 24.500000 45.000000
final  2 22.833333 41.000000
random 3 22.750000 45.000000
final  3 21.333333 41.000000
random 4 21.358073 45.000000
final  4 20.558594 43.000000
random 1 27.833333 51.000000
final  1 27.166667 51.000000
random 2 23.968750 43.000000
final  2 23.020833 43.000000
random 3 21.058594 37.000000
final  3 20.302083 35.000000
random 4 19.078451 32.000000
final  4 18.269857 30.000000
random 1 27.166667 53.000000
final  1 27.166667 51.000000
random 2 21.760417 36.000000
final  2 21.572917 33.000000
random 3 20.027344 36.000000
final  3 19.698242 34.000000
random 4 18.455078 34.000000
final  4 18.287435 32.000000
random 1 28.166667 55.000000
final  1 27.166667 51.000000
random 2 23.203125 39.000000
final  2 21.572917 33.000000
random 3 21.011068 37.000000
final  3 20.208984 37.000000
random 4 19.791667 35.000000
final  4 19.005859 37.000000
