random 1 36.380952 63.000000
final  1 32.000000 61.000000
random 2 30.888889 57.000000
final  2 29.396825 57.000000
random 3 28.488343 51.000000
final  3 27.235863 47.000000
random 4 26.559958 49.000000
final  4 25.723028 47.000000
random 1 33.000000 63.000000
final  1 32.000000 61.000000
random 2 29.434524 54.000000
final  2 28.434524 52.000000
random 3 26.245164 48.000000
final  3 25.441019 47.000000
random 4 24.696305 44.000000
final  4 23.816267 40.000000
random 1 33.666667 65.000000
final  1 32.000000 61.000000
random 2 29.461310 55.000000
final  2 28.248016 53.000000
random 3 28.060268 53.000000
final  3 26.784474 51.000000
random 4 25.997892 51.000000
final  4 25.785714 50.000000
random 1 33.666667 65.000000
final  1 32.000000 61.000000
random 2 28.636905 55.000000
final  2 28.227183 53.000000
random 3 26.900794 51.000000
final  3 26.617312 51.000000
random 4 25.141431 50.000000
final  4 24.873543 48.000000
random 1 33.952381 63.000000
final  1 32.000000 61.000000
random 2 28.893849 49.000000
final  2 27.893849 47.000000
random 3 26.852183 48.000000
final  3 26.139881 46.000000
random 4 25.858383 47.000000
final  4 25.271577 45.000000
