random 1 30.833333 58.000000
final  1 28.666667 54.000000
random 2 24.833333 46.000000
final  2 24.083333 44.000000
random 3 22.307292 44.000000
final  3 21.743490 42.000000
random 4 20.305990 38.000000
final  4 20.305990 38.000000
random 1 30.333333 58.000000
final  1 28.666667 54.000000
random 2 23.468750 44.000000
final  2 23.010417 42.000000
random 3 21.768229 42.000000
final  3 21.191406 40.000000
random 4 21.106120 42.000000
final  4 20.677734 42.000000
random 1 30.833333 58.000000
final  1 28.666667 54.000000
random 2 25.458333 48.000000
final  2 23.541667 46.000000
random 3 23.458333 46.000000
final  3 21.479167 42.000000
random 4 22.593750 46.000000
final  4 20.932292 44.000000
random 1 29.833333 58.000000
final  1 28.666667 54.000000
random 2 26.583333 52.000000
final  2 25.916667 48.000000
random 3 22.880859 38.000000
final  3 21.940104 36.000000
random 4 21.744792 38.000000
final  4 20.034505 36.000000
random 1 30.333333 58.000000
final  1 28.666667 54.000000
random 2 25.458333 48.000000
final  2 24.526042 46.000000
random 3 21.731771 42.000000
final  3 21.065104 40.000000
random 4 20.909505 42.000000
final  4 20.242839 40.000000
