random 1 42.509804 72.000000
final  1 35.313725 70.000000
random 2 38.509804 62.000000
final  2 31.313725 60.000000
random 3 29.693321 46.000000
final  3 28.395067 46.000000
random 4 26.066253 46.000000
final  4 25.465916 44.000000
random 1 42.901961 72.000000
final  1 35.313725 70.000000
random 2 38.735294 62.000000
final  2 31.230392 60.000000
random 3 29.206495 54.000000
final  3 28.656556 52.000000
random 4 25.963082 46.000000
final  4 25.401042 44.000000
random 1 36.372549 72.000000
final  1 35.313725 70.000000
random 2 31.371324 60.000000
final  2 30.547794 58.000000
random 3 29.521140 56.000000
final  3 28.368873 54.000000
random 4 26.007506 52.000000
final  4 25.095895 50.000000
random 1 37.509804 74.000000
final  1 35.313725 70.000000
random 2 31.462010 54.000000
final  2 29.817402 50.000000
random 3 27.934436 54.000000
final  3 26.324755 50.000000
random 4 26.486749 48.000000
final  4 25.431679 44.000000
random 1 36.450980 72.000000
final  1 35.313725 70.000000
random 2 31.556373 60.000000
final  2 30.929534 58.000000
random 3 29.244026 56.000000
final  3 28.346967 56.000000
random 4 25.503676 52.000000
final  4 24.916054 50.000000
