random 1 21.000000 34.000000
final  1 16.933333 31.000000
random 2 17.000000 28.000000
final  2 13.600000 25.000000
random 3 12.766667 24.000000
final  3 11.416667 21.000000
random 4 10.750000 20.000000
final  4 10.750000 20.000000
random 1 20.333333 34.000000
final  1 16.933333 31.000000
random 2 16.833333 26.000000
final  2 13.433333 23.000000
random 3 15.666667 24.000000
final  3 12.266667 21.000000
random 4 15.166667 24.000000
final  4 11.766667 21.000000
random 1 20.333333 34.000000
final  1 16.933333 31.000000
random 2 13.900000 27.000000
final  2 13.900000 27.000000
random 3 11.366667 23.000000
final  3 11.366667 23.000000
random 4 9.841667 21.000000
final  4 9.841667 21.000000
random 1 17.533333 34.000000
final  1 16.933333 31.000000
random 2 12.566667 25.000000
final  2 12.566667 25.000000
random 3 10.825000 20.000000
final  3 10.825000 20.000000
random 4 9.725000 20.000000
final  4 9.725000 20.000000
random 1 17.533333 34.000000
final  1 16.933333 31.000000
random 2 14.333333 28.000000
final  2 13.733333 25.000000
random 3 11.866667 23.000000
final  3 11.800000 23.000000
random 4 11.233333 23.000000
final  4 11.133333 21.000000
