random 1 33.899306 53.000000
final  1 28.111111 49.000000
random 2 29.196181 47.000000
final  2 25.189236 43.000000
random 3 28.100694 47.000000
final  3 23.684028 43.000000
random 4 27.117622 47.000000
final  4 22.832465 43.000000
random 1 32.500000 53.000000
final  1 28.111111 49.000000
random 2 29.631944 51.000000
final  2 25.388889 47.000000
random 3 28.279677 49.000000
final  3 24.298611 45.000000
random 4 26.600911 49.000000
final  4 23.999023 47.000000
random 1 36.527778 57.000000
final  1 28.111111 49.000000
random 2 28.981228 47.000000
final  2 25.034288 45.000000
random 3 25.546387 41.000000
final  3 23.124023 41.000000
random 4 24.856011 41.000000
final  4 22.218967 41.000000
random 1 32.222222 51.000000
final  1 28.111111 49.000000
random 2 30.230035 51.000000
final  2 25.150174 47.000000
random 3 28.576714 49.000000
final  3 23.923611 43.000000
random 4 27.922743 49.000000
final  4 22.899577 45.000000
random 1 33.527778 51.000000
final  1 28.111111 49.000000
random 2 30.532335 49.000000
final  2 25.464844 47.000000
random 3 27.982639 49.000000
final  3 24.276584 45.000000
random 4 25.996745 45.000000
final  4 22.372667 41.000000
