random 1 36.500000 70.000000
final  1 35.166667 66.000000
random 2 32.958333 64.000000
final  2 32.782407 62.000000
random 3 30.763889 58.000000
final  3 30.331019 56.000000
random 4 27.619936 48.000000
final  4 27.038773 46.000000
random 1 36.333333 68.000000
final  1 35.166667 66.000000
random 2 31.135417 52.000000
final  2 30.760417 52.000000
random 3 28.224537 50.000000
final  3 27.638021 50.000000
random 4 26.707284 48.000000
final  4 26.528465 48.000000
random 1 36.500000 70.000000
final  1 35.166667 66.000000
random 2 30.704861 52.000000
final  2 30.302083 50.000000
random 3 28.614149 50.000000
final  3 28.379774 48.000000
random 4 27.194589 50.000000
final  4 27.194589 50.000000
random 1 37.000000 70.000000
final  1 35.166667 66.000000
random 2 31.833333 54.000000
final  2 30.666667 52.000000
random 3 29.447627 50.000000
final  3 28.565683 50.000000
random 4 27.293764 48.000000
final  4 26.945023 48.000000
random 1 37.166667 72.000000
final  1 35.166667 66.000000
random 2 32.729167 60.000000
final  2 30.541667 54.000000
random 3 28.825810 48.000000
final  3 27.906395 46.000000
random 4 27.297454 48.000000
final  4 26.506655 46.000000
