random 1 38.333333 69.000000
final  1 36.333333 67.000000
random 2 32.943056 55.000000
final  2 31.504167 53.000000
random 3 31.405556 55.000000
final  3 29.591667 53.000000
random 4 28.507639 50.000000
final  4 27.909028 50.000000
random 1 38.000000 67.000000
final  1 36.333333 67.000000
random 2 33.991667 57.000000
final  2 31.833333 55.000000
random 3 31.152083 53.000000
final  3 29.798611 54.000000
random 4 29.472222 51.000000
final  4 28.681134 51.000000
random 1 37.333333 67.000000
final  1 36.333333 67.000000
random 2 33.412500 58.000000
final  2 32.429167 58.000000
random 3 30.581250 58.000000
final  3 30.039352 58.000000
random 4 28.505556 51.000000
final  4 28.505556 51.000000
random 1 39.333333 71.000000
final  1 36.333333 67.000000
random 2 33.447222 60.000000
final  2 31.852778 58.000000
random 3 31.873611 59.000000
final  3 30.300000 56.000000
random 4 30.310764 54.000000
final  4 28.977431 52.000000
random 1 39.333333 71.000000
final  1 36.333333 67.000000
random 2 33.733333 57.000000
final  2 32.083333 55.000000
random 3 29.695718 49.000000
final  3 28.905903 49.000000
random 4 27.560590 43.000000
final  4 26.910561 44.000000
