random 1 36.000000 68.000000
final  1 33.333333 62.000000
random 2 29.756727 46.000000
final  2 28.368056 46.000000
random 3 26.880100 45.000000
final  3 26.880100 45.000000
random 4 25.074056 43.000000
final  4 24.922526 43.000000
random 1 35.166667 66.000000
final  1 33.333333 62.000000
random 2 29.295139 50.000000
final  2 28.986111 50.000000
random 3 26.805773 48.000000
final  3 26.350043 48.000000
random 4 25.889865 48.000000
final  4 25.212348 46.000000
random 1 37.500000 72.000000
final  1 33.333333 62.000000
random 2 33.437500 64.000000
final  2 30.270833 56.000000
random 3 28.898438 50.000000
final  3 27.524306 52.000000
random 4 26.253689 46.000000
final  4 25.660048 46.000000
random 1 36.666667 70.000000
final  1 33.333333 62.000000
random 2 31.222222 54.000000
final  2 28.937500 48.000000
random 3 29.126736 52.000000
final  3 26.967882 47.000000
random 4 27.432292 52.000000
final  4 25.380208 46.000000
random 1 37.333333 72.000000
final  1 33.333333 62.000000
random 2 32.791667 59.000000
final  2 29.250000 51.000000
random 3 27.927951 49.000000
final  3 26.586806 46.000000
random 4 26.476997 47.000000
final  4 25.312500 43.000000
