random 1 50.729412 89.000000
final  1 47.372549 87.000000
random 2 39.472794 65.000000
final  2 36.719975 65.000000
random 3 36.804013 65.000000
final  3 34.308670 65.000000
random 4 34.773683 63.000000
final  4 33.055070 62.000000
random 1 49.654902 91.000000
final  1 47.372549 87.000000
random 2 44.978431 81.000000
final  2 42.919608 75.000000
random 3 41.362439 74.000000
final  3 40.266299 72.000000
random 4 39.495374 69.000000
final  4 38.053646 66.000000
random 1 48.733333 89.000000
final  1 47.372549 87.000000
random 2 42.152359 68.000000
final  2 41.358150 68.000000
random 3 40.496783 68.000000
final  3 34.715993 61.000000
random 4 39.152451 68.000000
final  4 38.470895 68.000000
random 1 49.301961 89.000000
final  1 47.372549 87.000000
random 2 46.596078 85.000000
final  2 44.372549 81.000000
random 3 41.037393 66.000000
final  3 39.884007 66.000000
random 4 34.274893 65.000000
final  4 32.809881 65.000000
random 1 49.729412 87.000000
final  1 47.372549 87.000000
random 2 39.139951 66.000000
final  2 36.843137 67.000000
random 3 35.699510 65.000000
final  3 34.385294 65.000000
random 4 33.642187 64.000000
final  4 32.471691 64.000000
