random 1 29.000000 55.000000
final  1 27.333333 51.000000
random 2 25.277778 45.000000
final  2 24.444444 43.000000
random 3 23.416667 43.000000
final  3 22.555556 41.000000
random 4 21.864005 41.000000
final  4 21.069444 39.000000
random 1 29.166667 55.000000
final  1 27.333333 51.000000
random 2 24.315972 41.000000
final  2 23.140625 37.000000
random 3 21.581091 38.000000
final  3 21.356120 38.000000
random 4 20.562934 36.000000
final  4 20.227358 36.000000
random 1 28.666667 53.000000
final  1 27.333333 51.000000
random 2 25.093750 46.000000
final  2 24.218750 43.000000
random 3 23.814236 46.000000
final  3 22.637153 43.000000
random 4 22.177083 42.000000
final  4 21.926505 41.000000
random 1 29.833333 55.000000
final  1 27.333333 51.000000
random 2 24.746528 41.000000
final  2 23.736111 39.000000
random 3 22.618924 37.000000
final  3 21.755208 37.000000
random 4 21.688368 37.000000
final  4 20.973090 36.000000
random 1 28.666667 53.000000
final  1 27.333333 51.000000
random 2 25.236111 47.000000
final  2 24.569444 45.000000
random 3 23.767361 43.000000
final  3 22.963542 41.000000
random 4 22.615451 43.000000
final  4 21.755208 40.000000
