random 1 14.000000 28.000000
final  1 14.000000 28.000000
random 2 9.500000 16.000000
final  2 9.500000 16.000000
random 3 8.750000 16.000000
final  3 8.750000 16.000000
random 4 7.875000 16.000000
final  4 7.812500 16.000000
random 1 14.000000 28.000000
final  1 14.000000 28.000000
random 2 10.250000 18.000000
final  2 10.250000 18.000000
random 3 9.062500 16.000000
final  3 9.062500 16.000000
random 4 8.625000 16.000000
final  4 8.625000 16.000000
random 1 14.000000 28.000000
final  1 14.000000 28.000000
random 2 11.000000 20.000000
final  2 11.000000 20.000000
random 3 8.250000 16.000000
final  3 8.250000 16.000000
random 4 7.375000 14.000000
final  4 7.000000 10.000000
random 1 14.000000 28.000000
final  1 14.000000 28.000000
random 2 12.000000 24.000000
final  2 12.000000 24.000000
random 3 10.000000 22.000000
final  3 10.000000 22.000000
random 4 9.000000 18.000000
final  4 8.750000 18.000000
random 1 14.000000 28.000000
final  1 14.000000 28.000000
random 2 10.250000 18.000000
final  2 10.250000 18.000000
random 3 8.125000 14.000000
final  3 8.125000 14.000000
random 4 7.062500 12.000000
final  4 7.062500 12.000000
