random 1 16.666667 30.000000
final  1 14.666667 28.000000
random 2 11.750000 22.000000
final  2 11.750000 22.000000
random 3 10.513889 18.000000
final  3 10.513889 18.000000
random 4 9.097222 18.000000
final  4 8.722222 16.000000
random 1 16.000000 32.000000
final  1 14.666667 28.000000
random 2 12.833333 26.000000
final  2 12.166667 24.000000
random 3 9.944444 16.000000
final  3 9.819444 16.000000
random 4 9.055556 16.000000
final  4 9.055556 16.000000
random 1 16.000000 32.000000
final  1 14.666667 28.000000
random 2 13.666667 28.000000
final  2 12.000000 24.000000
random 3 12.333333 26.000000
final  3 10.666667 20.000000
random 4 11.666667 26.000000
final  4 9.166667 16.000000
random 1 16.666667 30.000000
final  1 14.666667 28.000000
random 2 14.166667 26.000000
final  2 12.166667 24.000000
random 3 14.166667 26.000000
final  3 10.222222 20.000000
random 4 11.055556 22.000000
final  4 10.583333 20.000000
random 1 15.333333 30.000000
final  1 14.666667 28.000000
random 2 12.833333 26.000000
final  2 12.166667 24.000000
random 3 11.500000 24.000000
final  3 10.222222 20.000000
random 4 10.722222 24.000000
final  4 9.277778 20.000000
