random 1 43.862745 75.000000
final  1 39.235294 69.000000
random 2 37.551471 60.000000
final  2 32.901961 54.000000
random 3 35.608333 56.000000
final  3 30.752941 52.000000
random 4 33.349755 56.000000
final  4 29.273979 52.000000
random 1 45.701961 73.000000
final  1 39.235294 69.000000
random 2 43.846324 73.000000
final  2 35.706618 66.000000
random 3 41.295037 67.000000
final  3 32.972549 59.000000
random 4 35.068416 62.000000
final  4 30.740237 53.000000
random 1 47.470588 77.000000
final  1 39.235294 69.000000
random 2 43.790441 73.000000
final  2 35.163725 64.000000
random 3 35.257986 60.000000
final  3 31.405127 52.000000
