random 1 38.333333 70.000000
final  1 36.666667 68.000000
random 2 32.989339 54.000000
final  2 31.590373 50.000000
random 3 29.779144 52.000000
final  3 29.020986 50.000000
random 4 28.529287 48.000000
final  4 28.095693 48.000000
random 1 39.333333 72.000000
final  1 36.666667 68.000000
random 2 33.610677 56.000000
final  2 32.256510 54.000000
random 3 31.665690 56.000000
final  3 29.943359 54.000000
random 4 30.211100 50.000000
final  4 29.195150 50.000000
random 1 38.833333 70.000000
final  1 36.666667 68.000000
random 2 33.249837 54.000000
final  2 31.257487 50.000000
random 3 32.065755 52.000000
final  3 30.317057 50.000000
random 4 30.503133 52.000000
final  4 29.025757 50.000000
random 1 39.833333 72.000000
final  1 36.666667 68.000000
random 2 34.361979 56.000000
final  2 32.029948 54.000000
random 3 30.903971 52.000000
final  3 29.253276 48.000000
random 4 29.545186 50.000000
final  4 27.878805 46.000000
random 1 38.333333 70.000000
final  1 36.666667 68.000000
random 2 33.766927 60.000000
final  2 32.725260 58.000000
random 3 31.451823 58.000000
final  3 30.206462 54.000000
random 4 30.363200 56.000000
final  4 29.213420 52.000000
