random 1 25.000000 46.000000
final  1 23.666667 44.000000
random 2 19.736111 34.000000
final  2 19.736111 34.000000
random 3 18.800926 34.000000
final  3 18.224537 34.000000
random 4 17.268519 30.000000
final  4 17.099537 30.000000
random 1 24.333333 46.000000
final  1 23.666667 44.000000
random 2 20.314815 36.000000
final  2 19.888889 34.000000
random 3 19.393519 36.000000
final  3 19.168981 34.000000
random 4 17.802083 32.000000
final  4 17.247685 32.000000
random 1 25.000000 46.000000
final  1 23.666667 44.000000
random 2 19.991898 32.000000
final  2 19.475694 32.000000
random 3 18.115741 30.000000
final  3 18.115741 30.000000
random 4 17.118634 30.000000
final  4 17.118634 30.000000
random 1 23.666667 44.000000
final  1 23.666667 44.000000
random 2 20.703704 38.000000
final  2 20.481481 38.000000
random 3 19.004630 34.000000
final  3 18.678241 34.000000
random 4 17.539352 32.000000
final  4 17.539352 32.000000
random 1 26.333333 48.000000
final  1 23.666667 44.000000
random 2 21.652778 34.000000
final  2 19.652778 32.000000
random 3 19.951389 34.000000
final  3 17.664931 30.000000
random 4 18.782986 34.000000
final  4 16.991898 28.000000
