random 1 41.833333 76.000000
final  1 35.666667 69.000000
random 2 36.770833 60.000000
final  2 30.604167 53.000000
random 3 31.701497 57.000000
final  3 28.567871 53.000000
random 4 30.772135 55.000000
final  4 27.682292 51.000000
random 1 37.833333 71.000000
final  1 35.666667 69.000000
random 2 31.661458 54.000000
final  2 30.440104 54.000000
random 3 29.649089 51.000000
final  3 28.479329 51.000000
random 4 28.488118 51.000000
final  4 27.216309 51.000000
random 1 37.833333 72.000000
final  1 35.666667 69.000000
random 2 31.973958 57.000000
final  2 30.738281 55.000000
random 3 30.052409 52.000000
final  3 29.159505 52.000000
random 4 28.303630 48.000000
final  4 26.386434 46.000000
random 1 39.166667 76.000000
final  1 35.666667 69.000000
random 2 33.270833 60.000000
final  2 31.104167 57.000000
random 3 30.509115 57.000000
final  3 29.009115 55.000000
random 4 28.108561 50.000000
final  4 26.477214 48.000000
random 1 36.333333 70.000000
final  1 35.666667 69.000000
random 2 31.630208 56.000000
final  2 30.416667 53.000000
random 3 29.289062 54.000000
final  3 28.941081 53.000000
random 4 27.546468 46.000000
final  4 26.994710 46.000000
