random 1 37.166667 72.000000
final  1 35.566667 68.000000
random 2 33.354167 62.000000
final  2 31.754167 58.000000
random 3 31.597656 61.000000
final  3 29.656510 55.000000
random 4 29.494792 55.000000
final  4 27.894792 51.000000
random 1 35.566667 68.000000
final  1 35.566667 68.000000
random 2 31.277995 54.000000
final  2 30.728125 52.000000
random 3 29.768034 54.000000
final  3 28.901237 51.000000
random 4 28.527507 53.000000
final  4 27.660319 51.000000
random 1 36.066667 68.000000
final  1 35.566667 68.000000
random 2 31.605729 53.000000
final  2 30.525260 51.000000
random 3 29.286068 48.000000
final  3 28.752637 48.000000
random 4 27.490137 47.000000
final  4 27.059294 45.000000
random 1 37.166667 72.000000
final  1 35.566667 68.000000
random 2 33.766667 66.000000
final  2 32.733333 62.000000
random 3 30.717448 56.000000
final  3 29.358333 52.000000
random 4 28.636523 52.000000
final  4 27.954850 50.000000
random 1 37.666667 72.000000
final  1 35.566667 68.000000
random 2 33.072917 59.000000
final  2 31.144792 55.000000
random 3 30.982422 59.000000
final  3 29.058203 54.000000
random 4 28.721826 51.000000
final  4 27.207210 47.000000
