random 1 7.500000 14.000000
final  1 7.500000 14.000000
random 2 6.000000 12.000000
final  2 5.500000 10.000000
random 3 4.375000 8.000000
final  3 4.375000 8.000000
random 4 3.500000 8.000000
final  4 3.000000 4.000000
random 1 7.500000 14.000000
final  1 7.500000 14.000000
random 2 5.000000 8.000000
final  2 5.000000 8.000000
random 3 4.625000 8.000000
final  3 4.625000 8.000000
random 4 3.750000 8.000000
final  4 3.750000 8.000000
random 1 8.500000 16.000000
final  1 7.500000 14.000000
random 2 8.500000 16.000000
final  2 6.000000 12.000000
random 3 8.500000 16.000000
final  3 6.000000 12.000000
random 4 5.500000 12.000000
final  4 4.500000 8.000000
random 1 7.500000 14.000000
final  1 7.500000 14.000000
random 2 5.500000 10.000000
final  2 5.500000 10.000000
random 3 4.375000 8.000000
final  3 4.375000 8.000000
random 4 4.000000 8.000000
final  4 4.000000 8.000000
random 1 8.500000 16.000000
final  1 7.500000 14.000000
random 2 5.500000 12.000000
final  2 5.500000 12.000000
random 3 5.500000 12.000000
final  3 4.500000 8.000000
random 4 4.375000 8.000000
final  4 3.500000 8.000000
