random 1 43.391137 70.000000
final  1 34.188825 65.000000
random 2 35.791426 63.000000
final  2 22.951830 43.000000
random 3 24.886802 46.000000
final  3 20.905588 42.000000
random 4 24.706166 46.000000
final  4 20.320328 42.000000
random 1 39.915222 66.000000
final  1 34.188825 65.000000
random 2 37.194605 64.000000
final  2 22.951830 43.000000
random 3 36.200385 62.000000
final  3 21.691715 42.000000
random 4 34.758671 62.000000
final  4 20.237958 42.000000
random 1 43.502890 72.000000
final  1 34.188825 65.000000
random 2 34.379094 63.000000
final  2 22.951830 43.000000
random 3 24.017823 46.000000
final  3 21.637765 42.000000
random 4 22.695568 46.000000
final  4 20.739884 42.000000
random 1 40.882466 68.000000
final  1 34.188825 65.000000
random 2 24.655106 45.000000
final  2 22.951830 43.000000
random 3 23.955684 42.000000
final  3 21.510597 42.000000
random 4 22.884393 42.000000
final  4 20.512524 41.000000
random 1 46.000000 74.000000
final  1 34.188825 65.000000
random 2 43.000000 68.000000
final  2 31.855491 61.000000
random 3 35.262524 66.000000
final  3 22.370906 42.000000
random 4 23.869461 44.000000
final  4 20.909441 42.000000
