random 1 27.900000 53.000000
final  1 27.300000 52.000000
random 2 22.785156 36.000000
final  2 22.420313 36.000000
random 3 20.753418 34.000000
final  3 20.248047 33.000000
random 4 19.359375 31.000000
final  4 18.947656 30.000000
random 1 27.300000 52.000000
final  1 27.300000 52.000000
random 2 23.310938 39.000000
final  2 22.884375 37.000000
random 3 21.610156 38.000000
final  3 20.953516 37.000000
random 4 20.186914 37.000000
final  4 19.522070 35.000000
random 1 27.900000 52.000000
final  1 27.300000 52.000000
random 2 24.525000 43.000000
final  2 23.925000 43.000000
random 3 21.556250 35.000000
final  3 20.956250 35.000000
random 4 20.180078 34.000000
final  4 19.360449 34.000000
random 1 27.300000 52.000000
final  1 27.300000 52.000000
random 2 23.300000 40.000000
final  2 23.300000 40.000000
random 3 20.615234 36.000000
final  3 20.615234 36.000000
random 4 19.399414 32.000000
final  4 19.399414 32.000000
random 1 27.900000 52.000000
final  1 27.300000 52.000000
random 2 24.150000 42.000000
final  2 23.550000 42.000000
random 3 21.732813 39.000000
final  3 21.074219 38.000000
random 4 20.721680 37.000000
final  4 20.056445 35.000000
