random 1 19.666667 36.000000
final  1 17.666667 34.000000
random 2 14.111111 24.000000
final  2 14.111111 24.000000
random 3 12.416667 22.000000
final  3 12.416667 22.000000
random 4 10.611111 20.000000
final  4 10.611111 20.000000
random 1 19.666667 36.000000
final  1 17.666667 34.000000
random 2 15.166667 24.000000
final  2 13.166667 22.000000
random 3 12.444444 24.000000
final  3 12.333333 24.000000
random 4 11.486111 24.000000
final  4 11.069444 24.000000
random 1 18.333333 36.000000
final  1 17.666667 34.000000
random 2 13.250000 22.000000
final  2 13.250000 22.000000
random 3 12.055556 22.000000
final  3 12.055556 22.000000
random 4 11.125000 22.000000
final  4 11.125000 22.000000
random 1 19.000000 36.000000
final  1 17.666667 34.000000
random 2 14.444444 28.000000
final  2 14.444444 28.000000
random 3 13.277778 24.000000
final  3 13.277778 24.000000
random 4 12.138889 24.000000
final  4 11.555556 22.000000
random 1 19.666667 36.000000
final  1 17.666667 34.000000
random 2 15.666667 26.000000
final  2 13.666667 24.000000
random 3 15.666667 26.000000
final  3 12.666667 24.000000
random 4 13.208333 26.000000
final  4 10.222222 18.000000
