random 1 41.519231 70.000000
final  1 36.044872 68.000000
random 2 39.326923 66.000000
final  2 32.891026 62.000000
random 3 34.303285 60.000000
final  3 29.545272 56.000000
random 4 33.004107 56.000000
final  4 28.525240 54.000000
random 1 41.506410 70.000000
final  1 36.044872 68.000000
random 2 34.472957 54.000000
final  2 30.945312 52.000000
random 3 32.912360 54.000000
final  3 27.551082 54.000000
random 4 31.081530 52.000000
final  4 26.569812 48.000000
random 1 39.557692 68.000000
final  1 36.044872 68.000000
random 2 33.604567 52.000000
final  2 30.272636 50.000000
random 3 32.072716 52.000000
final  3 28.973758 50.000000
random 4 31.296675 52.000000
final  4 28.183193 50.000000
random 1 40.057692 70.000000
final  1 36.044872 68.000000
random 2 35.783253 62.000000
final  2 32.012220 60.000000
random 3 33.689002 60.000000
final  3 30.141426 56.000000
random 4 29.596755 50.000000
final  4 26.620793 48.000000
random 1 43.852564 70.000000
final  1 36.044872 68.000000
random 2 39.435897 66.000000
final  2 30.711538 58.000000
random 3 37.783654 64.000000
final  3 28.791667 52.000000
random 4 32.354968 58.000000
final  4 28.868590 56.000000
