random 1 35.761905 63.000000
final  1 33.238095 58.000000
random 2 29.872834 46.000000
final  2 28.524471 46.000000
random 3 28.005126 45.000000
final  3 26.877397 45.000000
random 4 26.572561 44.000000
final  4 25.575488 43.000000
random 1 35.714286 61.000000
final  1 33.238095 58.000000
random 2 32.413690 55.000000
final  2 30.214881 55.000000
random 3 29.765873 52.000000
final  3 28.111210 49.000000
random 4 28.657440 51.000000
final  4 27.356548 49.000000
random 1 37.142857 62.000000
final  1 33.238095 58.000000
random 2 33.890079 57.000000
final  2 30.715873 55.000000
random 3 28.986310 45.000000
final  3 27.353108 45.000000
random 4 27.641038 45.000000
final  4 26.252770 43.000000
random 1 35.447619 62.000000
final  1 33.238095 58.000000
random 2 30.639021 51.000000
final  2 29.431812 50.000000
random 3 28.817130 51.000000
final  3 27.514319 48.000000
random 4 27.101381 44.000000
final  4 26.008986 45.000000
random 1 38.476190 63.000000
final  1 33.238095 58.000000
random 2 30.747520 50.000000
final  2 28.458383 45.000000
random 3 29.382391 49.000000
final  3 26.877629 43.000000
random 4 27.641882 45.000000
final  4 25.881440 42.000000
