random 1 37.395238 61.000000
final  1 34.090476 61.000000
random 2 33.502381 53.000000
final  2 29.971429 53.000000
random 3 29.423698 48.000000
final  3 26.311458 43.000000
random 4 27.799888 45.000000
final  4 24.785007 40.000000
random 1 37.252381 61.000000
final  1 34.090476 61.000000
random 2 32.436905 51.000000
final  2 29.917857 52.000000
random 3 28.817783 45.000000
final  3 26.627679 42.000000
random 4 28.267001 45.000000
final  4 26.006287 45.000000
random 1 40.061905 61.000000
final  1 34.090476 61.000000
random 2 34.016369 54.000000
final  2 29.590476 51.000000
random 3 31.919048 51.000000
final  3 28.469048 51.000000
random 4 28.335119 48.000000
final  4 26.544048 46.000000
random 1 36.061905 61.000000
final  1 34.090476 61.000000
random 2 30.642932 47.000000
final  2 28.222173 45.000000
random 3 29.743899 46.000000
final  3 26.651339 45.000000
random 4 27.945461 43.000000
final  4 26.645350 42.000000
random 1 39.204762 61.000000
final  1 34.090476 61.000000
random 2 30.884747 50.000000
final  2 28.539062 47.000000
random 3 29.716220 50.000000
final  3 27.131771 47.000000
random 4 27.912240 47.000000
final  4 25.106696 45.000000
