random 1 35.791667 64.000000
final  1 31.958333 61.000000
random 2 28.735677 45.000000
final  2 27.178385 47.000000
random 3 26.892578 44.000000
final  3 25.892578 43.000000
random 4 25.044922 42.000000
final  4 24.300781 42.000000
random 1 35.125000 64.000000
final  1 31.958333 61.000000
random 2 29.429688 50.000000
final  2 27.528646 48.000000
random 3 27.886719 49.000000
final  3 26.298177 47.000000
random 4 26.439453 49.000000
final  4 25.365234 47.000000
random 1 33.458333 62.000000
final  1 31.958333 61.000000
random 2 29.666667 57.000000
final  2 28.796875 55.000000
random 3 27.255534 50.000000
final  3 26.048177 48.000000
random 4 25.879883 48.000000
final  4 25.131185 45.000000
random 1 33.458333 62.000000
final  1 31.958333 61.000000
random 2 29.046875 51.000000
final  2 28.145833 50.000000
random 3 26.086426 45.000000
final  3 25.736654 45.000000
random 4 24.132975 39.000000
final  4 23.954427 38.000000
random 1 32.958333 61.000000
final  1 31.958333 61.000000
random 2 28.767578 51.000000
final  2 28.425781 51.000000
random 3 26.477214 49.000000
final  3 26.252930 49.000000
random 4 25.041829 45.000000
final  4 24.722087 44.000000
