random 1 32.033333 63.000000
final  1 31.033333 61.000000
random 2 29.033333 57.000000
final  2 28.033333 55.000000
random 3 24.985937 41.000000
final  3 23.840625 41.000000
random 4 23.689062 41.000000
final  4 22.747917 41.000000
random 1 33.966667 65.000000
final  1 31.033333 61.000000
random 2 29.466667 53.000000
final  2 26.533333 49.000000
random 3 25.847396 49.000000
final  3 23.913021 45.000000
random 4 24.804427 49.000000
final  4 22.694531 43.000000
random 1 33.366667 65.000000
final  1 31.033333 61.000000
random 2 27.866667 49.000000
final  2 25.783333 45.000000
random 3 24.475260 42.000000
final  3 23.459766 42.000000
random 4 23.025781 42.000000
final  4 22.870182 40.000000
random 1 31.700000 63.000000
final  1 31.033333 61.000000
random 2 29.000000 57.000000
final  2 28.033333 55.000000
random 3 24.989583 45.000000
final  3 24.822917 45.000000
random 4 23.694271 45.000000
final  4 23.694271 45.000000
random 1 34.766667 65.000000
final  1 31.033333 61.000000
random 2 28.758333 51.000000
final  2 26.750000 48.000000
random 3 26.625000 50.000000
final  3 25.625000 48.000000
random 4 24.468750 44.000000
final  4 23.129167 42.000000
