random 1 6.666667 12.000000
final  1 5.333333 10.000000
random 2 4.666667 8.000000
final  2 3.333333 6.000000
random 3 4.666667 8.000000
final  3 3.333333 6.000000
random 4 2.333333 6.000000
final  4 1.333333 4.000000
random 1 5.333333 10.000000
final  1 5.333333 10.000000
random 2 3.333333 8.000000
final  2 3.333333 8.000000
random 3 2.000000 4.000000
final  3 2.000000 4.000000
random 4 1.333333 4.000000
final  4 1.333333 4.000000
random 1 6.000000 12.000000
final  1 5.333333 10.000000
random 2 6.000000 12.000000
final  2 5.333333 10.000000
random 3 4.000000 10.000000
final  3 4.000000 10.000000
random 4 3.000000 8.000000
final  4 2.000000 6.000000
random 1 5.333333 10.000000
final  1 5.333333 10.000000
random 2 3.666667 8.000000
final  2 3.666667 8.000000
random 3 2.666667 6.000000
final  3 2.666667 6.000000
random 4 1.333333 4.000000
final  4 1.333333 4.000000
random 1 6.000000 12.000000
final  1 5.333333 10.000000
random 2 3.000000 6.000000
final  2 3.000000 6.000000
random 3 3.000000 6.000000
final  3 2.000000 4.000000
random 4 2.000000 4.000000
final  4 2.000000 4.000000
