random 1 33.619048 62.000000
final  1 32.666667 60.000000
random 2 28.355159 50.000000
final  2 27.950397 50.000000
random 3 26.310020 48.000000
final  3 25.866071 48.000000
random 4 24.539187 46.000000
final  4 23.696594 44.000000
random 1 35.619048 64.000000
final  1 32.666667 60.000000
random 2 30.730159 58.000000
final  2 29.007937 56.000000
random 3 26.708333 44.000000
final  3 25.493056 44.000000
random 4 25.400463 44.000000
final  4 24.314815 42.000000
random 1 36.000000 64.000000
final  1 32.666667 60.000000
random 2 32.517857 58.000000
final  2 29.184524 54.000000
random 3 28.369048 54.000000
final  3 26.369048 50.000000
random 4 26.020337 46.000000
final  4 24.768849 44.000000
random 1 34.952381 64.000000
final  1 32.666667 60.000000
random 2 28.842593 52.000000
final  2 28.154762 52.000000
random 3 27.375661 50.000000
final  3 26.463624 48.000000
random 4 25.985119 50.000000
final  4 25.237434 48.000000
random 1 35.857143 62.000000
final  1 32.666667 60.000000
random 2 29.693122 56.000000
final  2 28.166667 52.000000
random 3 26.809524 50.000000
final  3 25.440476 46.000000
random 4 25.062831 46.000000
final  4 23.721065 46.000000
