random 1 21.833333 41.000000
final  1 21.500000 41.000000
random 2 18.166667 35.000000
final  2 18.166667 35.000000
random 3 16.218750 31.000000
final  3 16.218750 31.000000
random 4 14.000000 26.000000
final  4 14.000000 26.000000
random 1 21.833333 41.000000
final  1 21.500000 41.000000
random 2 18.195312 30.000000
final  2 17.479167 29.000000
random 3 16.309896 28.000000
final  3 15.877604 28.000000
random 4 15.656250 28.000000
final  4 14.924479 28.000000
random 1 27.083333 43.000000
final  1 21.500000 41.000000
random 2 19.520833 32.000000
final  2 17.614583 33.000000
random 3 16.661458 28.000000
final  3 15.239583 25.000000
random 4 16.661458 28.000000
final  4 14.125000 26.000000
random 1 26.583333 43.000000
final  1 21.500000 41.000000
random 2 22.166667 36.000000
final  2 17.427083 34.000000
random 3 20.549479 33.000000
final  3 15.611979 31.000000
random 4 17.010417 32.000000
final  4 14.098958 28.000000
random 1 27.083333 43.000000
final  1 21.500000 41.000000
random 2 18.416667 37.000000
final  2 18.000000 33.000000
random 3 16.104167 33.000000
final  3 15.718750 33.000000
random 4 15.083333 29.000000
final  4 15.031250 29.000000
