random 1 25.863014 62.000000
final  1 24.849315 60.000000
random 2 21.027397 58.000000
final  2 20.893836 58.000000
random 3 19.309932 56.000000
final  3 19.309932 56.000000
random 4 17.589041 54.000000
final  4 17.589041 54.000000
random 1 25.232877 64.000000
final  1 24.849315 60.000000
random 2 20.417808 52.000000
final  2 20.027397 52.000000
random 3 18.970890 52.000000
final  3 18.784247 52.000000
random 4 17.800514 50.000000
final  4 17.581336 50.000000
random 1 51.136986 66.000000
final  1 24.849315 60.000000
random 2 26.315068 46.000000
final  2 24.342466 46.000000
random 3 23.438356 38.000000
final  3 21.794521 38.000000
random 4 23.376712 38.000000
final  4 21.732877 38.000000
random 1 51.136986 66.000000
final  1 24.849315 60.000000
random 2 25.986301 46.000000
final  2 24.342466 46.000000
random 3 22.534247 38.000000
final  3 20.890411 38.000000
random 4 22.493151 38.000000
final  4 20.849315 38.000000
random 1 26.493151 62.000000
final  1 24.849315 60.000000
random 2 21.582192 58.000000
final  2 21.383562 56.000000
random 3 21.095890 38.000000
final  3 20.904110 38.000000
random 4 21.054795 38.000000
final  4 20.863014 38.000000
