random 1 53.722222 90.000000
final  1 41.277778 86.000000
random 2 49.967593 84.000000
final  2 38.569444 82.000000
random 3 36.076453 63.000000
final  3 31.197531 63.000000
random 4 31.843750 57.000000
final  4 28.366898 51.000000
random 1 47.611111 90.000000
final  1 41.277778 86.000000
random 2 43.787037 82.000000
final  2 38.370370 78.000000
random 3 39.806134 77.000000
final  3 35.542921 75.000000
random 4 37.657665 76.000000
final  4 33.763632 70.000000
random 1 45.722222 90.000000
final  1 41.277778 86.000000
random 2 35.869470 65.000000
final  2 32.480710 63.000000
random 3 32.379533 61.000000
final  3 29.651218 59.000000
random 4 30.871496 49.000000
final  4 28.215953 51.000000
random 1 54.388889 90.000000
final  1 41.277778 86.000000
random 2 35.938272 65.000000
final  2 32.500000 63.000000
random 3 34.782600 63.000000
final  3 31.377025 63.000000
random 4 31.487719 57.000000
final  4 28.279032 53.000000
random 1 55.055556 88.000000
final  1 41.277778 86.000000
random 2 36.365741 67.000000
final  2 32.493056 63.000000
random 3 34.304977 61.000000
final  3 31.346740 61.000000
random 4 31.425395 53.000000
final  4 28.726386 53.000000
