random 1 37.757299 53.000000
final  1 26.905109 58.000000
random 2 36.879562 51.000000
final  2 23.178490 49.000000
random 3 36.651004 51.000000
final  3 21.652600 49.000000
random 4 36.568887 51.000000
final  4 21.013230 49.000000
random 1 37.793796 54.000000
final  1 26.905109 58.000000
random 2 37.414234 54.000000
final  2 26.452555 49.000000
random 3 34.289234 48.000000
final  3 24.781022 47.000000
random 4 33.301095 48.000000
final  4 21.718066 46.000000
random 1 30.310219 60.000000
final  1 26.905109 58.000000
random 2 29.791743 51.000000
final  2 24.947879 49.000000
random 3 29.542769 50.000000
final  3 24.664120 43.000000
random 4 29.474567 50.000000
final  4 21.043796 35.000000
random 1 48.812044 64.000000
final  1 26.905109 58.000000
random 2 45.726277 57.000000
final  2 23.225365 51.000000
random 3 37.384808 47.000000
final  3 21.598654 49.000000
random 4 37.050182 47.000000
final  4 21.055543 49.000000
random 1 29.423358 60.000000
final  1 26.905109 58.000000
random 2 28.841355 51.000000
final  2 24.928604 49.000000
random 3 28.762888 49.000000
final  3 24.551323 43.000000
random 4 27.019617 48.000000
final  4 24.454608 41.000000
