random 1 23.666667 43.000000
final  1 21.888889 39.000000
random 2 19.580247 35.000000
final  2 19.135802 35.000000
random 3 17.611111 30.000000
final  3 16.765432 30.000000
random 4 16.337963 29.000000
final  4 15.686728 28.000000
random 1 22.555556 41.000000
final  1 21.888889 39.000000
random 2 20.703704 39.000000
final  2 19.851852 37.000000
random 3 18.212963 33.000000
final  3 17.310185 30.000000
random 4 17.337963 33.000000
final  4 16.671296 31.000000
random 1 23.222222 43.000000
final  1 21.888889 39.000000
random 2 20.333333 37.000000
final  2 19.000000 33.000000
random 3 18.097222 33.000000
final  3 16.763889 29.000000
random 4 17.444444 33.000000
final  4 16.034722 29.000000
random 1 23.222222 43.000000
final  1 21.888889 39.000000
random 2 19.111111 33.000000
final  2 17.777778 29.000000
random 3 17.166667 33.000000
final  3 16.703704 29.000000
random 4 15.796296 29.000000
final  4 15.796296 29.000000
random 1 25.555556 43.000000
final  1 21.888889 39.000000
random 2 20.777778 35.000000
final  2 18.222222 33.000000
random 3 19.388889 31.000000
final  3 16.759259 29.000000
random 4 17.779321 29.000000
final  4 15.648148 29.000000
