random 1 34.500000 64.000000
final  1 31.000000 58.000000
random 2 28.149740 46.000000
final  2 25.726562 42.000000
random 3 26.805990 46.000000
final  3 24.565104 44.000000
random 4 25.311849 44.000000
final  4 23.039714 40.000000
random 1 34.500000 64.000000
final  1 31.000000 58.000000
random 2 30.500000 56.000000
final  2 27.000000 50.000000
random 3 26.955729 48.000000
final  3 24.601562 46.000000
random 4 25.217773 42.000000
final  4 23.025716 40.000000
random 1 34.333333 62.000000
final  1 31.000000 58.000000
random 2 29.234375 50.000000
final  2 26.656250 48.000000
random 3 27.611979 50.000000
final  3 25.164062 46.000000
random 4 25.335069 44.000000
final  4 23.871962 42.000000
random 1 34.500000 64.000000
final  1 31.000000 58.000000
random 2 28.994792 52.000000
final  2 27.833333 48.000000
random 3 25.841580 44.000000
final  3 24.494141 44.000000
random 4 24.575521 42.000000
final  4 23.316189 40.000000
random 1 33.500000 62.000000
final  1 31.000000 58.000000
random 2 27.375000 48.000000
final  2 26.458333 44.000000
random 3 25.763021 46.000000
final  3 24.794271 42.000000
random 4 24.444010 44.000000
final  4 23.672526 42.000000
