random 1 24.166667 46.000000
final  1 21.833333 40.000000
random 2 19.666667 36.000000
final  2 18.666667 34.000000
random 3 17.055556 30.000000
final  3 16.430556 28.000000
random 4 15.883681 28.000000
final  4 15.118056 28.000000
random 1 24.166667 46.000000
final  1 21.833333 40.000000
random 2 19.354167 32.000000
final  2 17.520833 28.000000
random 3 17.413194 32.000000
final  3 16.437500 28.000000
random 4 16.111111 30.000000
final  4 15.378472 26.000000
random 1 23.166667 44.000000
final  1 21.833333 40.000000
random 2 19.041667 34.000000
final  2 17.583333 30.000000
random 3 16.791667 30.000000
final  3 16.125000 28.000000
random 4 15.583333 30.000000
final  4 15.031250 28.000000
random 1 23.166667 44.000000
final  1 21.833333 40.000000
random 2 18.750000 34.000000
final  2 18.500000 34.000000
random 3 17.902778 34.000000
final  3 17.138889 32.000000
random 4 17.041667 34.000000
final  4 16.388889 32.000000
random 1 23.166667 44.000000
final  1 21.833333 40.000000
random 2 18.406250 30.000000
final  2 17.145833 28.000000
random 3 16.185764 28.000000
final  3 15.937500 28.000000
random 4 14.895833 24.000000
final  4 14.895833 24.000000
