random 1 28.333333 45.000000
final  1 22.944444 38.000000
random 2 24.638889 43.000000
final  2 21.250000 38.000000
random 3 23.055556 38.000000
final  3 18.857253 34.000000
random 4 20.357510 35.000000
final  4 17.986111 34.000000
random 1 26.944444 45.000000
final  1 22.944444 38.000000
random 2 23.379630 41.000000
final  2 20.476852 35.000000
random 3 22.912037 41.000000
final  3 19.863426 34.000000
random 4 20.005401 36.000000
final  4 18.310185 31.000000
random 1 29.611111 47.000000
final  1 22.944444 38.000000
random 2 23.229938 39.000000
final  2 20.216821 34.000000
random 3 22.788580 39.000000
final  3 19.266975 34.000000
random 4 19.995885 35.000000
final  4 18.579733 33.000000
random 1 25.833333 43.000000
final  1 22.944444 38.000000
random 2 21.344136 37.000000
final  2 20.634259 35.000000
random 3 19.722737 35.000000
final  3 18.971193 34.000000
random 4 18.465278 33.000000
final  4 18.020319 33.000000
random 1 28.555556 47.000000
final  1 22.944444 38.000000
random 2 24.201389 42.000000
final  2 20.388889 34.000000
random 3 20.926698 36.000000
final  3 18.598765 30.000000
random 4 19.870628 34.000000
final  4 18.057099 30.000000
