random 1 35.136364 61.000000
final  1 28.303030 57.000000
random 2 30.172348 53.000000
final  2 25.515152 53.000000
random 3 28.732008 49.000000
final  3 23.469697 51.000000
random 4 26.656092 49.000000
final  4 22.085069 48.000000
random 1 34.409091 59.000000
final  1 28.303030 57.000000
random 2 30.681818 55.000000
final  2 25.559975 56.000000
random 3 27.779356 53.000000
final  3 23.651515 53.000000
random 4 25.512153 49.000000
final  4 22.270044 48.000000
random 1 32.772727 60.000000
final  1 28.303030 57.000000
random 2 30.767677 60.000000
final  2 25.875000 59.000000
random 3 29.296086 57.000000
final  3 24.366162 55.000000
random 4 27.056187 52.000000
final  4 22.325126 51.000000
random 1 46.772727 62.000000
final  1 28.303030 57.000000
random 2 31.619634 47.000000
final  2 24.504577 51.000000
random 3 28.093908 43.000000
final  3 23.844697 44.000000
random 4 26.187579 40.000000
final  4 21.587910 39.000000
random 1 32.348485 60.000000
final  1 28.303030 57.000000
random 2 29.419192 56.000000
final  2 25.353535 53.000000
random 3 27.954545 56.000000
final  3 23.839962 53.000000
random 4 26.371528 50.000000
final  4 22.112374 47.000000
