random 1 32.766667 61.000000
final  1 29.833333 53.000000
random 2 28.554167 53.000000
final  2 27.000000 47.000000
random 3 26.235069 49.000000
final  3 24.743056 43.000000
random 4 21.975868 44.000000
final  4 20.764757 39.000000
random 1 31.566667 59.000000
final  1 29.833333 53.000000
random 2 25.004167 46.000000
final  2 23.270833 40.000000
random 3 23.414931 43.000000
final  3 21.994792 38.000000
random 4 21.869010 40.000000
final  4 20.762413 36.000000
random 1 30.900000 57.000000
final  1 29.833333 53.000000
random 2 27.666667 51.000000
final  2 27.666667 51.000000
random 3 26.250694 49.000000
final  3 25.593056 47.000000
random 4 24.197222 43.000000
final  4 24.197222 43.000000
random 1 30.900000 57.000000
final  1 29.833333 53.000000
random 2 28.120833 53.000000
final  2 27.454167 51.000000
random 3 25.847917 49.000000
final  3 24.957292 45.000000
random 4 24.594792 47.000000
final  4 23.670833 43.000000
random 1 32.766667 61.000000
final  1 29.833333 53.000000
random 2 28.066667 53.000000
final  2 27.100000 49.000000
random 3 23.104167 44.000000
final  3 21.694271 38.000000
random 4 21.466146 39.000000
final  4 20.196875 34.000000
