random 1 37.643478 76.000000
final  1 34.695652 70.000000
random 2 34.795652 72.000000
final  2 29.532609 64.000000
random 3 30.135326 64.000000
final  3 27.381793 60.000000
random 4 28.898234 62.000000
final  4 26.719429 60.000000
random 1 52.345652 78.000000
final  1 34.695652 70.000000
random 2 34.677174 58.000000
final  2 29.260870 58.000000
random 3 29.726291 52.000000
final  3 28.705842 48.000000
random 4 28.224253 50.000000
final  4 26.894158 46.000000
random 1 38.034783 78.000000
final  1 34.695652 70.000000
random 2 30.944022 66.000000
final  2 28.991168 58.000000
random 3 29.846875 50.000000
final  3 28.025306 44.000000
random 4 27.651732 48.000000
final  4 26.490829 46.000000
random 1 51.241304 78.000000
final  1 34.695652 70.000000
random 2 34.980707 54.000000
final  2 28.759511 54.000000
random 3 30.051121 50.000000
final  3 26.999830 56.000000
random 4 29.856012 50.000000
final  4 26.059647 42.000000
random 1 51.252174 78.000000
final  1 34.695652 70.000000
random 2 34.730095 56.000000
final  2 29.103940 56.000000
random 3 32.135020 52.000000
final  3 27.051291 56.000000
random 4 27.898098 48.000000
final  4 25.911005 44.000000
