random 1 21.833333 43.000000
final  1 21.166667 41.000000
random 2 16.195312 25.000000
final  2 15.994792 24.000000
random 3 15.304688 25.000000
final  3 14.989583 24.000000
random 4 14.507812 25.000000
final  4 14.121094 24.000000
random 1 21.166667 41.000000
final  1 21.166667 41.000000
random 2 18.166667 35.000000
final  2 17.916667 33.000000
random 3 15.531250 29.000000
final  3 15.531250 29.000000
random 4 14.242188 28.000000
final  4 14.242188 28.000000
random 1 21.833333 43.000000
final  1 21.166667 41.000000
random 2 17.833333 35.000000
final  2 17.666667 35.000000
random 3 16.541667 31.000000
final  3 16.041667 31.000000
random 4 15.500000 31.000000
final  4 14.833333 27.000000
random 1 21.166667 41.000000
final  1 21.166667 41.000000
random 2 18.166667 37.000000
final  2 18.166667 37.000000
random 3 16.291667 31.000000
final  3 16.291667 31.000000
random 4 14.312500 27.000000
final  4 14.312500 27.000000
random 1 21.833333 43.000000
final  1 21.166667 41.000000
random 2 18.833333 35.000000
final  2 18.166667 33.000000
random 3 17.208333 35.000000
final  3 16.958333 33.000000
random 4 14.058594 24.000000
final  4 14.058594 24.000000
