random 1 24.500000 46.000000
final  1 21.500000 38.000000
random 2 22.500000 42.000000
final  2 19.500000 34.000000
random 3 20.833333 40.000000
final  3 18.166667 34.000000
random 4 17.312500 32.000000
final  4 15.645833 28.000000
random 1 22.833333 42.000000
final  1 21.500000 38.000000
random 2 18.625000 34.000000
final  2 17.458333 30.000000
random 3 18.062500 34.000000
final  3 16.597222 30.000000
random 4 17.027778 34.000000
final  4 15.236111 26.000000
random 1 23.833333 44.000000
final  1 21.500000 38.000000
random 2 19.750000 36.000000
final  2 18.583333 32.000000
random 3 16.680556 32.000000
final  3 15.809028 30.000000
random 4 15.271991 28.000000
final  4 14.734954 26.000000
random 1 23.833333 44.000000
final  1 21.500000 38.000000
random 2 20.944444 40.000000
final  2 19.277778 36.000000
random 3 19.425926 38.000000
final  3 18.111111 36.000000
random 4 17.388889 30.000000
final  4 16.884259 30.000000
random 1 23.500000 44.000000
final  1 21.500000 38.000000
random 2 19.875000 34.000000
final  2 18.541667 30.000000
random 3 17.593750 34.000000
final  3 15.833333 30.000000
random 4 15.486111 26.000000
final  4 14.444444 24.000000
