random 1 27.433333 48.000000
final  1 23.833333 40.000000
random 2 25.033333 46.000000
final  2 21.433333 38.000000
random 3 21.054321 36.000000
final  3 18.929630 33.000000
random 4 20.464815 35.000000
final  4 17.954012 32.000000
random 1 27.366667 48.000000
final  1 23.833333 40.000000
random 2 22.707407 40.000000
final  2 20.964815 37.000000
random 3 20.883333 38.000000
final  3 19.959259 35.000000
random 4 19.067901 34.000000
final  4 18.487037 32.000000
random 1 25.966667 46.000000
final  1 23.833333 40.000000
random 2 23.522222 43.000000
final  2 20.500000 35.000000
random 3 21.962037 42.000000
final  3 19.361111 36.000000
random 4 20.537037 41.000000
final  4 18.743519 37.000000
random 1 27.366667 48.000000
final  1 23.833333 40.000000
random 2 22.577160 37.000000
final  2 20.890741 37.000000
random 3 20.809568 37.000000
final  3 18.769444 32.000000
random 4 19.995370 37.000000
final  4 17.994444 33.000000
random 1 26.500000 46.000000
final  1 23.833333 40.000000
random 2 23.400000 40.000000
final  2 21.000000 38.000000
random 3 19.822840 34.000000
final  3 19.107407 32.000000
random 4 18.911111 32.000000
final  4 18.124074 31.000000
