random 1 33.809524 60.000000
final  1 29.476190 56.000000
random 2 27.863946 50.000000
final  2 26.238095 48.000000
random 3 25.899660 44.000000
final  3 24.304422 42.000000
random 4 24.479592 44.000000
final  4 23.512755 42.000000
random 1 33.238095 60.000000
final  1 29.476190 56.000000
random 2 28.707483 56.000000
final  2 27.802721 56.000000
random 3 25.906463 48.000000
final  3 25.025510 48.000000
random 4 22.973108 40.000000
final  4 22.519558 38.000000
random 1 32.904762 60.000000
final  1 29.476190 56.000000
random 2 30.619048 54.000000
final  2 27.476190 52.000000
random 3 26.140306 44.000000
final  3 24.370748 42.000000
random 4 23.979167 40.000000
final  4 22.670706 40.000000
random 1 30.333333 56.000000
final  1 29.476190 56.000000
random 2 26.302721 48.000000
final  2 25.930272 48.000000
random 3 24.679422 46.000000
final  3 24.528061 46.000000
random 4 23.525510 44.000000
final  4 23.320791 44.000000
random 1 32.904762 60.000000
final  1 29.476190 56.000000
random 2 29.833333 54.000000
final  2 26.214286 48.000000
random 3 25.497343 44.000000
final  3 23.296875 40.000000
random 4 23.936969 44.000000
final  4 22.262755 40.000000
