random 1 32.833333 64.000000
final  1 30.833333 57.000000
random 2 27.444444 51.000000
final  2 26.444444 47.000000
random 3 25.018663 43.000000
final  3 24.018663 39.000000
random 4 23.453668 43.000000
final  4 22.679036 42.000000
random 1 32.166667 62.000000
final  1 30.833333 57.000000
random 2 27.597222 53.000000
final  2 26.597222 49.000000
random 3 25.011719 43.000000
final  3 24.261719 42.000000
random 4 24.480035 43.000000
final  4 23.806424 42.000000
random 1 32.166667 60.000000
final  1 30.833333 57.000000
random 2 26.637153 49.000000
final  2 25.937500 46.000000
random 3 25.306424 49.000000
final  3 24.384549 46.000000
random 4 23.176215 45.000000
final  4 22.472656 43.000000
random 1 33.166667 62.000000
final  1 30.833333 57.000000
random 2 27.041667 47.000000
final  2 26.026042 47.000000
random 3 25.336806 46.000000
final  3 24.926215 48.000000
random 4 22.664931 41.000000
final  4 22.447483 40.000000
random 1 33.833333 64.000000
final  1 30.833333 57.000000
random 2 27.079861 43.000000
final  2 25.718750 44.000000
random 3 25.980035 43.000000
final  3 24.947049 44.000000
random 4 23.757378 40.000000
final  4 23.118490 41.000000
