random 1 29.750000 58.000000
final  1 26.750000 52.000000
random 2 23.886719 40.000000
final  2 22.371094 40.000000
random 3 22.957031 40.000000
final  3 21.792969 38.000000
random 4 20.664062 38.000000
final  4 19.921875 36.000000
random 1 34.750000 58.000000
final  1 26.750000 52.000000
random 2 24.029297 36.000000
final  2 22.044922 36.000000
random 3 21.279297 36.000000
final  3 19.808594 36.000000
random 4 20.353516 36.000000
final  4 19.189453 36.000000
random 1 28.375000 54.000000
final  1 26.750000 52.000000
random 2 24.343750 48.000000
final  2 22.562500 46.000000
random 3 21.984375 46.000000
final  3 21.234375 44.000000
random 4 19.761719 40.000000
final  4 18.996094 38.000000
random 1 34.750000 58.000000
final  1 26.750000 52.000000
random 2 23.921875 38.000000
final  2 22.125000 36.000000
random 3 20.066406 36.000000
final  3 18.621094 34.000000
random 4 18.513672 36.000000
final  4 17.595703 32.000000
random 1 34.750000 58.000000
final  1 26.750000 52.000000
random 2 30.750000 50.000000
final  2 22.750000 44.000000
random 3 27.468750 44.000000
final  3 20.187500 40.000000
random 4 21.957031 38.000000
final  4 18.576172 36.000000
