random 1 21.333333 38.000000
final  1 19.333333 35.000000
random 2 17.000000 29.000000
final  2 16.250000 29.000000
random 3 15.583333 29.000000
final  3 14.875000 28.000000
random 4 13.776042 24.000000
final  4 13.200521 24.000000
random 1 20.833333 38.000000
final  1 19.333333 35.000000
random 2 17.833333 32.000000
final  2 16.833333 29.000000
random 3 15.515625 31.000000
final  3 15.515625 31.000000
random 4 13.516927 25.000000
final  4 13.516927 25.000000
random 1 20.333333 35.000000
final  1 19.333333 35.000000
random 2 15.994792 28.000000
final  2 15.994792 28.000000
random 3 14.480469 24.000000
final  3 14.225260 24.000000
random 4 13.244792 23.000000
final  4 12.988281 23.000000
random 1 21.333333 38.000000
final  1 19.333333 35.000000
random 2 17.041667 29.000000
final  2 16.416667 29.000000
random 3 15.526042 28.000000
final  3 15.197917 28.000000
random 4 13.830729 25.000000
final  4 13.315104 25.000000
random 1 20.833333 38.000000
final  1 19.333333 35.000000
random 2 16.916667 29.000000
final  2 16.250000 29.000000
random 3 15.343750 29.000000
final  3 14.609375 27.000000
random 4 14.593750 29.000000
final  4 13.375000 24.000000
