random 1 14.000000 28.000000
final  1 14.000000 28.000000
random 2 8.750000 12.000000
final  2 8.750000 12.000000
random 3 7.625000 12.000000
final  3 7.625000 12.000000
random 4 6.500000 10.000000
final  4 6.500000 10.000000
random 1 14.000000 28.000000
final  1 14.000000 28.000000
random 2 11.000000 22.000000
final  2 11.000000 22.000000
random 3 11.000000 22.000000
final  3 11.000000 22.000000
random 4 8.750000 16.000000
final  4 8.000000 16.000000
random 1 14.000000 28.000000
final  1 14.000000 28.000000
random 2 9.500000 16.000000
final  2 9.500000 16.000000
random 3 8.000000 16.000000
final  3 8.000000 16.000000
random 4 7.000000 12.000000
final  4 7.000000 12.000000
random 1 14.000000 28.000000
final  1 14.000000 28.000000
random 2 9.500000 16.000000
final  2 9.500000 16.000000
random 3 8.000000 16.000000
final  3 8.000000 16.000000
random 4 6.750000 12.000000
final  4 6.250000 10.000000
random 1 14.000000 28.000000
final  1 14.000000 28.000000
random 2 9.500000 16.000000
final  2 9.500000 16.000000
random 3 7.625000 12.000000
final  3 7.625000 12.000000
random 4 6.750000 12.000000
final  4 6.750000 12.000000
