random 1 7.000000 12.000000
final  1 6.333333 12.000000
random 2 5.333333 10.000000
final  2 4.666667 8.000000
random 3 4.166667 8.000000
final  3 3.500000 8.000000
random 4 4.166667 8.000000
final  4 3.500000 8.000000
random 1 7.000000 12.000000
final  1 6.333333 12.000000
random 2 5.333333 10.000000
final  2 4.666667 8.000000
random 3 4.333333 10.000000
final  3 4.000000 8.000000
random 4 4.333333 10.000000
final  4 3.333333 8.000000
random 1 6.333333 12.000000
final  1 6.333333 12.000000
random 2 5.000000 10.000000
final  2 5.000000 10.000000
random 3 4.000000 8.000000
final  3 4.000000 8.000000
random 4 3.333333 8.000000
final  4 3.333333 8.000000
random 1 7.000000 12.000000
final  1 6.333333 12.000000
random 2 5.000000 8.000000
final  2 4.333333 8.000000
random 3 3.833333 8.000000
final  3 3.000000 4.000000
random 4 3.000000 6.000000
final  4 2.666667 4.000000
random 1 7.000000 12.000000
final  1 6.333333 12.000000
random 2 5.000000 8.000000
final  2 4.166667 8.000000
random 3 4.166667 8.000000
final  3 3.500000 8.000000
random 4 4.166667 8.000000
final  4 3.166667 8.000000
