1 16.666667 14.666667
2 11.750000 11.750000
3 10.513889 10.513889
4 9.097222 8.722222
1 16.000000 14.666667
2 12.833333 12.166667
3 9.944444 9.819444
4 9.055556 9.055556
1 16.000000 14.666667
2 13.666667 12.000000
3 12.333333 10.666667
4 11.666667 9.166667
1 16.666667 14.666667
2 14.166667 12.166667
3 14.166667 10.222222
4 11.055556 10.583333
1 15.333333 14.666667
2 12.833333 12.166667
3 11.500000 10.222222
4 10.722222 9.277778
1 23.333333 22.166667
2 18.609375 17.885417
3 17.026042 17.026042
4 15.930990 15.781250
1 23.333333 22.166667
2 19.583333 18.416667
3 17.260417 16.343750
4 16.705729 15.835938
1 22.666667 22.166667
2 19.312500 18.583333
3 18.041667 17.666667
4 16.338542 16.338542
1 22.666667 22.166667
2 18.604167 18.604167
3 16.842448 16.463542
4 15.492839 15.492839
1 22.666667 22.166667
2 18.354167 17.885417
3 17.027344 16.479167
4 15.881510 15.881510
1 33.809524 29.476190
2 27.863946 26.238095
3 25.899660 24.304422
4 24.479592 23.512755
1 33.238095 29.476190
2 28.707483 27.802721
3 25.906463 25.025510
4 22.973108 22.519558
1 32.904762 29.476190
2 30.619048 27.476190
3 26.140306 24.370748
4 23.979167 22.670706
1 30.333333 29.476190
2 26.302721 25.930272
3 24.679422 24.528061
4 23.525510 23.320791
1 32.904762 29.476190
2 29.833333 26.214286
3 25.497343 23.296875
4 23.936969 22.262755
1 39.944444 36.833333
2 34.604938 34.096708
3 25.160494 23.652263
4 23.533308 21.831662
1 37.722222 36.833333
2 33.679784 33.166667
3 32.716307 32.114841
4 23.494084 22.193544
1 38.166667 36.833333
2 35.194444 33.978395
3 32.409979 31.617284
4 31.343364 30.693801
1 47.388889 36.833333
2 27.822016 25.500000
3 26.438272 24.276620
4 23.055041 22.336677
1 39.277778 36.833333
2 36.138889 33.950617
3 35.442901 33.239198
4 34.277778 31.802469
1 38.333333 36.666667
2 32.989339 31.590373
3 29.779144 29.020986
4 28.529287 28.095693
1 39.333333 36.666667
2 33.610677 32.256510
3 31.665690 29.943359
4 30.211100 29.195150
1 38.833333 36.666667
2 33.249837 31.257487
3 32.065755 30.317057
4 30.503133 29.025757
1 39.833333 36.666667
2 34.361979 32.029948
3 30.903971 29.253276
4 29.545186 27.878805
1 38.333333 36.666667
2 33.766927 32.725260
3 31.451823 30.206462
4 30.363200 29.213420
1 8.833333 8.166667
2 5.666667 5.666667
3 4.750000 4.750000
4 4.166667 4.166667
1 8.833333 8.166667
2 5.916667 5.833333
3 5.000000 4.750000
4 4.250000 4.250000
1 8.166667 8.166667
2 6.666667 6.666667
3 4.833333 4.833333
4 4.333333 4.333333
1 8.166667 8.166667
2 6.166667 6.166667
3 5.166667 5.166667
4 4.500000 4.000000
1 8.833333 8.166667
2 6.833333 6.166667
3 5.000000 5.000000
4 4.333333 4.333333
1 32.766667 29.833333
2 28.554167 27.000000
3 26.235069 24.743056
4 21.975868 20.764757
1 31.566667 29.833333
2 25.004167 23.270833
3 23.414931 21.994792
4 21.869010 20.762413
1 30.900000 29.833333
2 27.666667 27.666667
3 26.250694 25.593056
4 24.197222 24.197222
1 30.900000 29.833333
2 28.120833 27.454167
3 25.847917 24.957292
4 24.594792 23.670833
1 32.766667 29.833333
2 28.066667 27.100000
3 23.104167 21.694271
4 21.466146 20.196875
1 49.071429 48.452381
2 44.544643 43.177083
3 40.747954 37.735677
1 53.850000 50.150000
2 47.570284 45.000260
3 43.937045 42.282943
1 31.750000 31.250000
2 28.945312 27.281250
3 27.431641 25.914062
4 25.455078 24.941406
1 32.500000 31.250000
2 28.011230 25.889404
3 26.876953 24.311157
4 24.324341 23.493408
1 34.000000 31.250000
2 27.710938 26.093750
3 25.658447 24.473389
4 24.695679 23.349365
1 31.750000 31.250000
2 27.194336 26.188477
3 25.032471 24.207153
4 23.578857 22.738708
1 33.500000 31.250000
2 28.093750 26.718750
3 26.150391 24.878906
4 24.219421 23.346191
1 15.000000 13.833333
2 11.833333 11.333333
3 10.250000 10.020833
4 9.437500 9.260417
1 15.000000 13.833333
2 12.750000 11.583333
3 10.333333 9.916667
4 9.833333 9.083333
1 14.666667 13.833333
2 12.166667 11.500000
3 9.979167 9.489583
4 8.718750 8.718750
1 15.000000 13.833333
2 10.864583 10.864583
3 10.322917 10.322917
4 9.375000 8.697917
1 14.500000 13.833333
2 12.750000 11.833333
3 10.395833 10.395833
4 9.666667 9.666667
1 24.500000 23.500000
2 19.742188 19.140625
3 18.249132 18.059028
4 16.263021 16.186632
1 26.833333 23.500000
2 23.895833 20.343750
3 18.451389 18.312500
4 16.616319 16.447917
1 26.833333 23.500000
2 20.194444 19.527778
3 19.048611 18.381944
4 17.483507 16.668403
1 25.166667 23.500000
2 20.430556 19.833333
3 17.690972 17.131944
4 16.600694 16.031250
1 26.833333 23.500000
2 19.777778 19.625000
3 17.805556 17.579861
4 16.881944 16.881944
1 41.519231 36.044872
2 39.326923 32.891026
3 34.303285 29.545272
4 33.004107 28.525240
1 41.506410 36.044872
2 34.472957 30.945312
3 32.912360 27.551082
4 31.081530 26.569812
1 39.557692 36.044872
2 33.604567 30.272636
3 32.072716 28.973758
4 31.296675 28.183193
1 40.057692 36.044872
2 35.783253 32.012220
3 33.689002 30.141426
4 29.596755 26.620793
1 43.852564 36.044872
2 39.435897 30.711538
3 37.783654 28.791667
4 32.354968 28.868590
1 18.166667 18.166667
2 15.916667 15.666667
3 14.770833 14.166667
4 13.333333 13.333333
1 19.833333 18.166667
2 16.333333 15.166667
3 13.802083 12.494792
4 12.807292 11.760417
1 19.166667 18.166667
2 15.833333 14.833333
3 13.979167 13.229167
4 12.359375 12.052083
1 19.833333 18.166667
2 14.875000 14.375000
3 13.156250 13.156250
4 11.718750 11.718750
1 19.833333 18.166667
2 15.083333 14.083333
3 13.312500 12.791667
4 12.864583 12.041667
1 29.150000 26.650000
2 24.150000 23.475000
3 21.712500 21.537500
4 20.468750 20.356250
1 29.150000 26.650000
2 24.362500 23.125000
3 21.029688 21.029688
4 19.145312 19.145312
1 29.150000 26.650000
2 23.784375 22.675000
3 22.321875 20.950000
4 19.978516 18.807422
1 27.550000 26.650000
2 22.550000 21.175000
3 20.632812 20.098437
4 19.236719 18.689844
1 29.150000 26.650000
2 26.025000 23.650000
3 23.083594 19.782812
4 21.408203 18.688281
1 28.083333 25.916667
2 23.177083 21.541667
3 21.398438 20.276042
4 19.451172 18.329427
1 25.916667 25.916667
2 21.386719 21.242188
3 19.882813 19.712240
4 19.300130 19.300130
1 28.083333 25.916667
2 23.833333 21.916667
3 20.888021 20.052083
4 20.286458 19.279948
1 27.416667 25.916667
2 22.802083 22.002604
3 20.324219 19.188151
4 19.722005 18.442708
1 27.583333 25.916667
2 22.666667 21.666667
3 20.588542 19.431641
4 19.597656 18.765625
1 31.205128 29.871795
2 25.966667 24.633333
3 24.380128 22.452564
4 22.979167 21.596795
1 33.574359 29.871795
2 26.574359 24.779487
3 24.475641 23.415385
4 22.894231 21.942949
1 34.333333 29.871795
2 30.198718 26.198718
3 28.333333 24.570513
4 22.775000 21.758333
1 32.451282 29.871795
2 26.887179 26.487179
3 23.294872 22.317308
4 22.660256 21.647436
1 33.728205 29.871795
2 26.110256 25.012821
3 23.993590 22.638462
4 22.283974 20.858974
1 67.636364 58.292208
2 62.314460 53.847081
1 35.333333 30.250000
2 27.239583 26.859375
3 24.462240 24.066406
4 23.177734 22.757650
1 30.833333 30.250000
2 26.770833 26.125000
3 24.026693 23.578125
4 22.317708 21.894368
1 31.833333 30.250000
2 26.466146 26.179688
3 24.479167 24.159505
4 23.003906 22.651042
1 37.083333 30.250000
2 32.041667 26.541667
3 29.833333 24.333333
4 24.841146 22.441243
1 35.750000 30.250000
2 30.937500 25.500000
3 29.338542 24.031250
4 25.300781 22.277995
1 33.008333 28.341667
2 27.433333 24.735417
3 26.452083 23.604167
4 25.422005 22.492969
1 31.441667 28.341667
2 25.758854 24.590104
3 25.006510 23.199219
4 24.277734 22.536458
1 30.508333 28.341667
2 26.002083 24.822917
3 24.805208 22.974870
4 23.493490 21.568294
1 32.408333 28.341667
2 28.164583 25.014583
3 26.617708 23.514583
4 23.270117 22.009180
1 29.241667 28.341667
2 25.564583 24.810417
3 23.494466 22.839648
4 22.298372 21.743034
1 18.333333 16.333333
2 13.250000 12.583333
3 11.770833 11.104167
4 11.104167 10.437500
1 17.666667 16.333333
2 12.791667 12.583333
3 11.208333 10.840278
4 10.006944 10.006944
1 18.333333 16.333333
2 13.250000 13.250000
3 11.395833 11.159722
4 10.868056 10.152778
1 18.000000 16.333333
2 16.000000 15.000000
3 13.666667 12.333333
4 10.555556 10.097222
1 18.000000 16.333333
2 15.666667 14.333333
3 12.319444 11.722222
4 11.597222 11.041667
1 27.433333 23.833333
2 25.033333 21.433333
3 21.054321 18.929630
4 20.464815 17.954012
1 27.366667 23.833333
2 22.707407 20.964815
3 20.883333 19.959259
4 19.067901 18.487037
1 25.966667 23.833333
2 23.522222 20.500000
3 21.962037 19.361111
4 20.537037 18.743519
1 27.366667 23.833333
2 22.577160 20.890741
3 20.809568 18.769444
4 19.995370 17.994444
1 26.500000 23.833333
2 23.400000 21.000000
3 19.822840 19.107407
4 18.911111 18.124074
1 65.575758 60.106061
2 60.535896 54.633784
1 47.400000 44.633333
2 41.702836 40.311574
3 39.320280 38.228918
1 9.666667 9.666667
2 7.722222 7.722222
3 6.444444 6.444444
4 5.666667 5.666667
1 9.777778 9.666667
2 7.777778 7.333333
3 7.333333 6.444444
4 7.166667 6.166667
1 11.111111 9.666667
2 8.055556 7.666667
3 8.055556 6.500000
4 6.833333 5.777778
1 10.777778 9.666667
2 10.777778 7.555556
3 9.444444 6.777778
4 7.888889 6.333333
1 9.888889 9.666667
2 9.000000 7.666667
3 7.000000 6.444444
4 5.944444 5.555556
1 18.166667 16.833333
2 14.833333 14.833333
3 12.652778 12.083333
4 11.868056 11.666667
1 17.500000 16.833333
2 14.444444 14.444444
3 12.020833 11.715278
4 10.986111 10.986111
1 17.500000 16.833333
2 12.954861 12.954861
3 11.743056 11.500000
4 10.527778 10.527778
1 18.166667 16.833333
2 13.500000 13.500000
3 11.888889 11.888889
4 10.687500 10.687500
1 18.166667 16.833333
2 14.833333 14.166667
3 13.055556 12.569444
4 12.375000 12.375000
1 22.666667 19.333333
2 17.740741 17.074074
3 14.981481 14.395062
4 13.953704 13.484568
1 20.000000 19.333333
2 16.938272 16.938272
3 14.848765 14.848765
4 13.385802 13.385802
1 22.000000 19.333333
2 18.111111 16.777778
3 15.987654 14.802469
4 15.783951 14.401235
1 21.333333 19.333333
2 17.703704 17.703704
3 15.629630 15.074074
4 15.148148 14.654321
1 22.000000 19.333333
2 18.518519 17.851852
3 16.629630 15.481481
4 14.342593 13.675926
1 83.463004 74.314286
2 76.272928 67.089125
1 37.166667 35.566667
2 33.354167 31.754167
3 31.597656 29.656510
4 29.494792 27.894792
1 35.566667 35.566667
2 31.277995 30.728125
3 29.768034 28.901237
4 28.527507 27.660319
1 36.066667 35.566667
2 31.605729 30.525260
3 29.286068 28.752637
4 27.490137 27.059294
1 37.166667 35.566667
2 33.766667 32.733333
3 30.717448 29.358333
4 28.636523 27.954850
1 37.666667 35.566667
2 33.072917 31.144792
3 30.982422 29.058203
4 28.721826 27.207210
1 8.666667 7.666667
2 6.666667 5.666667
3 5.166667 4.000000
4 3.916667 3.333333
1 8.666667 7.666667
2 5.083333 5.083333
3 3.666667 3.666667
4 3.666667 3.166667
1 8.666667 7.666667
2 5.833333 5.833333
3 4.583333 4.583333
4 3.916667 2.916667
1 7.666667 7.666667
2 6.000000 6.000000
3 4.666667 4.666667
4 3.333333 3.333333
1 8.666667 7.666667
2 6.666667 5.666667
3 4.583333 4.583333
4 2.916667 2.916667
1 34.500000 31.000000
2 28.149740 25.726562
3 26.805990 24.565104
4 25.311849 23.039714
1 34.500000 31.000000
2 30.500000 27.000000
3 26.955729 24.601562
4 25.217773 23.025716
1 34.333333 31.000000
2 29.234375 26.656250
3 27.611979 25.164062
4 25.335069 23.871962
1 34.500000 31.000000
2 28.994792 27.833333
3 25.841580 24.494141
4 24.575521 23.316189
1 33.500000 31.000000
2 27.375000 26.458333
3 25.763021 24.794271
4 24.444010 23.672526
1 45.627451 43.352941
2 35.450980 34.193627
3 32.796105 31.890255
4 31.287709 30.289203
1 44.725490 43.352941
2 40.772059 40.105392
3 37.985907 36.864209
4 36.975831 31.589205
1 45.392157 43.352941
2 37.084967 34.411765
3 34.537309 32.276961
4 33.184011 30.923254
1 46.098039 43.352941
2 36.666258 34.296569
3 34.380719 32.521650
1 65.433333 60.433333
2 58.955425 55.218750
1 0.000000 0.000000
2 0.000000 0.000000
3 0.000000 0.000000
4 0.000000 0.000000
1 0.000000 0.000000
2 0.000000 0.000000
3 0.000000 0.000000
4 0.000000 0.000000
1 0.000000 0.000000
2 0.000000 0.000000
3 0.000000 0.000000
4 0.000000 0.000000
1 0.000000 0.000000
2 0.000000 0.000000
3 0.000000 0.000000
4 0.000000 0.000000
1 0.000000 0.000000
2 0.000000 0.000000
3 0.000000 0.000000
4 0.000000 0.000000
1 3.333333 3.333333
2 2.000000 2.000000
3 2.000000 2.000000
4 2.000000 2.000000
1 3.333333 3.333333
2 1.333333 1.333333
3 1.333333 1.333333
4 1.333333 1.333333
1 4.000000 3.333333
2 4.000000 3.333333
3 1.333333 1.333333
4 0.000000 0.000000
1 3.333333 3.333333
2 3.333333 3.333333
3 1.333333 1.333333
4 1.333333 1.333333
1 3.333333 3.333333
2 3.333333 3.333333
3 3.333333 3.333333
4 3.333333 3.333333
1 35.761905 33.238095
2 29.872834 28.524471
3 28.005126 26.877397
4 26.572561 25.575488
1 35.714286 33.238095
2 32.413690 30.214881
3 29.765873 28.111210
4 28.657440 27.356548
1 37.142857 33.238095
2 33.890079 30.715873
3 28.986310 27.353108
4 27.641038 26.252770
1 35.447619 33.238095
2 30.639021 29.431812
3 28.817130 27.514319
4 27.101381 26.008986
1 38.476190 33.238095
2 30.747520 28.458383
3 29.382391 26.877629
4 27.641882 25.881440
1 47.233333 45.433333
2 41.049884 39.381250
3 39.007639 37.795313
1 26.000000 22.833333
2 22.083333 19.375000
3 19.776042 17.536458
4 18.871528 16.871528
1 24.666667 22.833333
2 20.513889 20.192130
3 18.028356 17.493056
4 16.547454 16.193866
1 25.000000 22.833333
2 20.238426 19.976852
3 18.856481 18.376157
4 17.888889 16.550926
1 25.166667 22.833333
2 21.500000 19.847222
3 18.354745 17.416667
4 17.067130 17.067130
1 24.666667 22.833333
2 21.333333 19.500000
3 19.370370 18.106481
4 17.601852 17.101852
1 28.333333 27.833333
2 24.360243 23.304688
3 21.722439 21.217448
4 20.499349 19.961697
1 30.000000 27.833333
2 26.692708 24.057292
3 24.511719 22.176432
4 23.330729 20.868164
1 29.833333 27.833333
2 24.389323 23.002170
3 22.370985 21.541884
4 21.361979 19.520508
1 30.000000 27.833333
2 25.395833 23.656250
3 22.759549 21.918837
4 21.989583 20.850477
1 29.166667 27.833333
2 23.859158 22.838542
3 22.416233 21.924913
4 21.142361 21.142361
1 41.666667 39.166667
2 36.583496 34.583496
3 34.600993 32.600993
1 33.899306 28.111111
2 29.196181 25.189236
3 28.100694 23.684028
4 27.117622 22.832465
1 32.500000 28.111111
2 29.631944 25.388889
3 28.279677 24.298611
4 26.600911 23.999023
1 36.527778 28.111111
2 28.981228 25.034288
3 25.546387 23.124023
4 24.856011 22.218967
1 32.222222 28.111111
2 30.230035 25.150174
3 28.576714 23.923611
4 27.922743 22.899577
1 33.527778 28.111111
2 30.532335 25.464844
3 27.982639 24.276584
4 25.996745 22.372667
1 16.500000 14.833333
2 12.625000 11.500000
3 11.708333 10.708333
4 10.777778 9.972222
1 15.500000 14.833333
2 12.291667 11.875000
3 10.541667 10.402778
4 9.875000 9.277778
1 16.500000 14.833333
2 13.055556 12.333333
3 11.722222 10.833333
4 10.805556 9.972222
1 15.500000 14.833333
2 13.000000 11.833333
3 11.638889 10.527778
4 10.652778 9.972222
1 16.500000 14.833333
2 13.833333 11.833333
3 12.833333 10.833333
4 11.125000 9.583333
1 19.666667 17.666667
2 14.111111 14.111111
3 12.416667 12.416667
4 10.611111 10.611111
1 19.666667 17.666667
2 15.166667 13.166667
3 12.444444 12.333333
4 11.486111 11.069444
1 18.333333 17.666667
2 13.250000 13.250000
3 12.055556 12.055556
4 11.125000 11.125000
1 19.000000 17.666667
2 14.444444 14.444444
3 13.277778 13.277778
4 12.138889 11.555556
1 19.666667 17.666667
2 15.666667 13.666667
3 15.666667 12.666667
4 13.208333 10.222222
1 21.833333 21.166667
2 16.195312 15.994792
3 15.304688 14.989583
4 14.507812 14.121094
1 21.166667 21.166667
2 18.166667 17.916667
3 15.531250 15.531250
4 14.242188 14.242188
1 21.833333 21.166667
2 17.833333 17.666667
3 16.541667 16.041667
4 15.500000 14.833333
1 21.166667 21.166667
2 18.166667 18.166667
3 16.291667 16.291667
4 14.312500 14.312500
1 21.833333 21.166667
2 18.833333 18.166667
3 17.208333 16.958333
4 14.058594 14.058594
1 51.569444 48.375000
2 46.161296 42.894965
3 44.434435 40.827257
1 41.833333 35.666667
2 36.770833 30.604167
3 31.701497 28.567871
4 30.772135 27.682292
1 37.833333 35.666667
2 31.661458 30.440104
3 29.649089 28.479329
4 28.488118 27.216309
1 37.833333 35.666667
2 31.973958 30.738281
3 30.052409 29.159505
4 28.303630 26.386434
1 39.166667 35.666667
2 33.270833 31.104167
3 30.509115 29.009115
4 28.108561 26.477214
1 36.333333 35.666667
2 31.630208 30.416667
3 29.289062 28.941081
4 27.546468 26.994710
1 32.233333 27.966667
2 25.125000 24.866667
3 23.754167 21.925000
4 23.096875 20.489583
1 32.233333 27.966667
2 28.358333 24.091667
3 22.841146 21.020312
4 20.686719 20.415625
1 32.233333 27.966667
2 28.358333 24.091667
3 27.170833 22.904167
4 23.561458 20.019792
1 28.633333 27.966667
2 24.966667 24.716667
3 22.389583 22.389583
4 21.214063 21.214063
1 31.566667 27.966667
2 27.691667 24.091667
3 26.504167 22.904167
4 22.711458 20.504167
1 36.500000 28.900000
2 36.000000 27.066667
3 31.945312 23.366146
4 30.932292 22.459896
1 37.000000 28.900000
2 27.355729 24.698438
3 26.727604 23.406250
4 26.229427 22.757812
1 31.833333 28.900000
2 28.559896 24.652604
3 26.832943 22.919271
4 24.837240 21.760677
1 37.000000 28.900000
2 33.416667 25.400000
3 30.758333 23.400000
4 29.640104 22.360937
1 37.000000 28.900000
2 31.919792 24.900000
3 30.678125 23.462500
4 29.671615 22.556250
1 44.506667 40.200000
2 42.957500 36.468333
3 38.032726 33.774618
1 32.033333 31.033333
2 29.033333 28.033333
3 24.985937 23.840625
4 23.689062 22.747917
1 33.966667 31.033333
2 29.466667 26.533333
3 25.847396 23.913021
4 24.804427 22.694531
1 33.366667 31.033333
2 27.866667 25.783333
3 24.475260 23.459766
4 23.025781 22.870182
1 31.700000 31.033333
2 29.000000 28.033333
3 24.989583 24.822917
4 23.694271 23.694271
1 34.766667 31.033333
2 28.758333 26.750000
3 26.625000 25.625000
4 24.468750 23.129167
1 34.952381 29.476190
2 27.204200 25.603175
3 26.492394 24.704916
4 25.593902 23.166887
1 32.047619 29.476190
2 28.444224 25.603175
3 25.841738 24.113178
4 24.378293 23.217813
1 34.952381 29.476190
2 29.992504 25.939153
3 26.747286 23.859375
4 25.269621 23.162506
1 35.619048 29.476190
2 28.810185 26.261905
3 25.243111 24.569334
4 23.874228 23.424162
1 34.952381 29.476190
2 28.622520 25.791667
3 27.197710 23.955026
4 25.368689 23.006972
1 31.138889 28.111111
2 25.076389 22.737413
3 21.683594 20.253472
4 20.721788 19.572483
1 30.527778 28.111111
2 25.052083 23.173611
3 24.003472 21.888889
4 23.371528 18.845486
1 33.305556 28.111111
2 25.011285 22.875000
3 21.865885 21.409288
4 19.380208 18.817274
1 29.111111 28.111111
2 23.902778 23.390625
3 22.567708 22.567708
4 21.361979 20.993056
1 32.944444 28.111111
2 25.215278 22.828993
3 22.542101 21.622396
4 21.780816 21.409288
1 61.966667 59.266667
2 56.956154 54.146586
1 44.750000 41.333333
2 39.683036 36.506696
3 35.719913 34.020554
1 21.333333 19.333333
2 17.000000 16.250000
3 15.583333 14.875000
4 13.776042 13.200521
1 20.833333 19.333333
2 17.833333 16.833333
3 15.515625 15.515625
4 13.516927 13.516927
1 20.333333 19.333333
2 15.994792 15.994792
3 14.480469 14.225260
4 13.244792 12.988281
1 21.333333 19.333333
2 17.041667 16.416667
3 15.526042 15.197917
4 13.830729 13.315104
1 20.833333 19.333333
2 16.916667 16.250000
3 15.343750 14.609375
4 14.593750 13.375000
1 8.333333 7.666667
2 5.333333 4.666667
3 4.333333 3.666667
4 3.166667 2.833333
1 8.333333 7.666667
2 6.333333 6.333333
3 6.333333 6.333333
4 6.333333 6.333333
1 7.666667 7.666667
2 4.666667 4.666667
3 4.666667 4.000000
4 4.666667 4.000000
1 8.333333 7.666667
2 6.333333 6.333333
3 3.833333 3.666667
4 3.333333 3.333333
1 8.333333 7.666667
2 6.000000 6.000000
3 5.000000 5.000000
4 5.000000 5.000000
1 53.277778 48.111111
2 48.880787 43.850694
3 42.796586 39.955295
1 19.666667 19.666667
2 15.583333 15.583333
3 13.666667 13.666667
4 13.010417 13.010417
1 21.333333 19.666667
2 16.250000 16.250000
3 14.659722 14.486111
4 13.243056 13.243056
1 19.666667 19.666667
2 16.916667 16.916667
3 14.506944 14.506944
4 12.791667 12.791667
1 20.666667 19.666667
2 16.916667 16.166667
3 15.333333 14.916667
4 13.972222 13.791667
1 20.666667 19.666667
2 16.791667 16.125000
3 14.645833 13.979167
4 14.020833 13.354167
1 30.833333 28.666667
2 24.833333 24.083333
3 22.307292 21.743490
4 20.305990 20.305990
1 30.333333 28.666667
2 23.468750 23.010417
3 21.768229 21.191406
4 21.106120 20.677734
1 30.833333 28.666667
2 25.458333 23.541667
3 23.458333 21.479167
4 22.593750 20.932292
1 29.833333 28.666667
2 26.583333 25.916667
3 22.880859 21.940104
4 21.744792 20.034505
1 30.333333 28.666667
2 25.458333 24.526042
3 21.731771 21.065104
4 20.909505 20.242839
1 30.000000 28.666667
2 23.645833 23.645833
3 21.868924 21.570312
4 20.771267 20.216146
1 30.000000 28.666667
2 24.895833 23.562500
3 22.491319 21.821181
4 20.405382 19.398438
1 30.000000 28.666667
2 24.305556 23.666667
3 22.103299 21.138889
4 19.690538 19.180990
1 29.333333 28.666667
2 26.833333 26.166667
3 24.743056 24.229167
4 21.094184 21.000868
1 30.000000 28.666667
2 26.000000 24.666667
3 23.791667 22.291667
4 21.597222 20.951389
1 8.333333 7.666667
2 5.333333 4.666667
3 4.333333 4.000000
4 3.000000 2.666667
1 8.333333 7.666667
2 5.333333 4.666667
3 5.333333 4.000000
4 4.166667 3.166667
1 8.333333 7.666667
2 8.333333 6.333333
3 5.333333 5.333333
4 4.333333 4.000000
1 8.333333 7.666667
2 6.333333 5.666667
3 4.333333 3.666667
4 3.666667 3.333333
1 8.333333 7.666667
2 6.333333 6.333333
3 5.000000 5.000000
4 3.666667 3.333333
1 21.833333 21.500000
2 18.166667 18.166667
3 16.218750 16.218750
4 14.000000 14.000000
1 21.833333 21.500000
2 18.195312 17.479167
3 16.309896 15.877604
4 15.656250 14.924479
1 27.083333 21.500000
2 19.520833 17.614583
3 16.661458 15.239583
4 16.661458 14.125000
1 26.583333 21.500000
2 22.166667 17.427083
3 20.549479 15.611979
4 17.010417 14.098958
1 27.083333 21.500000
2 18.416667 18.000000
3 16.104167 15.718750
4 15.083333 15.031250
1 12.000000 12.000000
2 9.000000 9.000000
3 7.000000 7.000000
4 7.000000 7.000000
1 12.000000 12.000000
2 10.000000 10.000000
3 7.500000 7.500000
4 6.312500 5.437500
1 12.000000 12.000000
2 8.500000 8.500000
3 6.500000 6.500000
4 5.562500 5.437500
1 12.000000 12.000000
2 12.000000 12.000000
3 8.000000 8.000000
4 6.750000 6.125000
1 12.000000 12.000000
2 10.000000 10.000000
3 7.000000 7.000000
4 5.687500 5.687500
1 23.250000 22.750000
2 19.250000 18.750000
3 16.425781 15.929688
4 15.287109 14.839844
1 23.250000 22.750000
2 20.625000 19.812500
3 17.531250 17.250000
4 16.882812 16.367188
1 23.250000 22.750000
2 20.656250 19.468750
3 17.617188 17.015625
4 16.007812 15.566406
1 23.250000 22.750000
2 19.375000 18.968750
3 16.750000 16.429688
4 15.367188 15.011719
1 23.250000 22.750000
2 18.609375 17.968750
3 17.476562 17.187500
4 16.191406 15.875000
1 26.166667 24.333333
2 20.951389 20.951389
3 19.444444 19.444444
4 18.469618 18.469618
1 26.166667 24.333333
2 21.354167 20.687500
3 19.954861 19.296875
4 18.553819 18.553819
1 26.166667 24.333333
2 20.921875 19.833333
3 19.822917 18.671875
4 18.405382 17.672309
1 25.000000 24.333333
2 20.916667 20.916667
3 20.097222 19.784722
4 18.429688 17.973958
1 26.166667 24.333333
2 20.743056 20.243056
3 19.878472 19.190972
4 18.733507 18.039931
1 22.326531 21.265306
2 18.204082 17.285714
3 17.158163 16.234694
4 16.288265 14.923469
1 22.326531 21.265306
2 17.438776 16.908163
3 16.344388 15.533163
4 15.015306 14.283163
1 22.244898 21.265306
2 19.000000 17.795918
3 16.933673 16.000000
4 15.938776 15.214286
1 22.612245 21.265306
2 19.612245 18.265306
3 18.341837 16.882653
4 16.234694 15.127551
1 21.795918 21.265306
2 19.061224 19.020408
3 17.091837 16.877551
4 16.653061 16.438776
1 20.458333 19.041667
2 16.739583 15.708333
3 15.515625 14.661458
4 13.588542 13.588542
1 19.791667 19.041667
2 18.500000 17.541667
3 16.510417 15.427083
4 13.953125 13.348958
1 20.791667 19.041667
2 17.145833 16.145833
3 16.270833 15.520833
4 15.416667 14.666667
1 20.458333 19.041667
2 16.333333 15.312500
3 15.109375 14.567708
4 13.303385 13.303385
1 20.041667 19.041667
2 16.651042 15.729167
3 15.799479 14.791667
4 14.416667 13.846354
1 25.000000 23.666667
2 19.736111 19.736111
3 18.800926 18.224537
4 17.268519 17.099537
1 24.333333 23.666667
2 20.314815 19.888889
3 19.393519 19.168981
4 17.802083 17.247685
1 25.000000 23.666667
2 19.991898 19.475694
3 18.115741 18.115741
4 17.118634 17.118634
1 23.666667 23.666667
2 20.703704 20.481481
3 19.004630 18.678241
4 17.539352 17.539352
1 26.333333 23.666667
2 21.652778 19.652778
3 19.951389 17.664931
4 18.782986 16.991898
1 40.369048 38.952381
2 36.310516 35.502356
3 34.625535 34.145159
1 36.500000 35.166667
2 32.958333 32.782407
3 30.763889 30.331019
4 27.619936 27.038773
1 36.333333 35.166667
2 31.135417 30.760417
3 28.224537 27.638021
4 26.707284 26.528465
1 36.500000 35.166667
2 30.704861 30.302083
3 28.614149 28.379774
4 27.194589 27.194589
1 37.000000 35.166667
2 31.833333 30.666667
3 29.447627 28.565683
4 27.293764 26.945023
1 37.166667 35.166667
2 32.729167 30.541667
3 28.825810 27.906395
4 27.297454 26.506655
1 35.136364 28.303030
2 30.172348 25.515152
3 28.732008 23.469697
4 26.656092 22.085069
1 34.409091 28.303030
2 30.681818 25.559975
3 27.779356 23.651515
4 25.512153 22.270044
1 32.772727 28.303030
2 30.767677 25.875000
3 29.296086 24.366162
4 27.056187 22.325126
1 46.772727 28.303030
2 31.619634 24.504577
3 28.093908 23.844697
4 26.187579 21.587910
1 32.348485 28.303030
2 29.419192 25.353535
3 27.954545 23.839962
4 26.371528 22.112374
1 30.383333 26.716667
2 25.690278 24.087500
3 24.359028 22.181944
4 23.838889 21.549306
1 32.883333 26.716667
2 27.200000 24.600000
3 24.550000 21.906250
4 22.957292 21.114931
1 31.383333 26.716667
2 26.017130 24.150000
3 23.919907 22.786111
4 22.360880 21.550694
1 31.050000 26.716667
2 28.800000 25.466667
3 25.458333 22.929167
4 22.947569 20.910069
1 30.883333 26.716667
2 25.758333 23.466667
3 23.446991 21.879167
4 21.642593 20.907639
1 57.762372 53.729692
2 52.816868 49.650359
1 27.833333 26.166667
2 24.518519 23.537037
3 21.868827 21.116512
4 20.483025 20.077160
1 27.166667 26.166667
2 23.351852 23.193673
3 21.074846 20.217207
4 20.417245 19.289738
1 28.500000 26.166667
2 25.500000 23.166667
3 24.125000 21.847222
4 22.120370 20.089120
1 27.833333 26.166667
2 23.777778 22.601852
3 21.550347 20.178819
4 20.261574 19.904707
1 28.500000 26.166667
2 26.166667 24.333333
3 22.619213 21.118056
4 21.452160 20.592593
1 46.277778 43.444444
2 40.843195 38.281684
3 38.994968 36.256209
1 21.000000 16.933333
2 17.000000 13.600000
3 12.766667 11.416667
4 10.750000 10.750000
1 20.333333 16.933333
2 16.833333 13.433333
3 15.666667 12.266667
4 15.166667 11.766667
1 20.333333 16.933333
2 13.900000 13.900000
3 11.366667 11.366667
4 9.841667 9.841667
1 17.533333 16.933333
2 12.566667 12.566667
3 10.825000 10.825000
4 9.725000 9.725000
1 17.533333 16.933333
2 14.333333 13.733333
3 11.866667 11.800000
4 11.233333 11.133333
1 48.166667 47.666667
2 43.394531 42.106771
3 40.507921 38.847005
1 29.388889 27.611111
2 23.986111 22.944444
3 21.866319 21.155382
4 20.970486 19.402344
1 31.555556 27.611111
2 24.472222 23.072917
3 22.517361 21.609375
4 20.013889 19.665799
1 31.111111 27.611111
2 30.361111 25.388889
3 24.458333 22.642361
4 22.338542 20.088542
1 30.888889 27.611111
2 26.388889 23.611111
3 22.153646 20.142361
4 20.864583 19.055122
1 31.555556 27.611111
2 24.958333 22.784722
3 22.082031 20.126302
4 20.934462 19.214410
1 27.833333 27.166667
2 23.958333 23.291667
3 21.321615 20.213542
4 19.669271 18.904297
1 28.833333 27.166667
2 24.500000 22.833333
3 22.750000 21.333333
4 21.358073 20.558594
1 27.833333 27.166667
2 23.968750 23.020833
3 21.058594 20.302083
4 19.078451 18.269857
1 27.166667 27.166667
2 21.760417 21.572917
3 20.027344 19.698242
4 18.455078 18.287435
1 28.166667 27.166667
2 23.203125 21.572917
3 21.011068 20.208984
4 19.791667 19.005859
1 4.666667 4.333333
2 4.666667 3.333333
3 3.333333 2.000000
4 2.000000 2.000000
1 5.000000 4.333333
2 2.666667 2.666667
3 2.666667 2.666667
4 2.666667 2.666667
1 4.666667 4.333333
2 4.666667 3.333333
3 3.000000 3.000000
4 2.000000 1.333333
1 5.000000 4.333333
2 3.000000 2.666667
3 2.000000 2.000000
4 1.333333 1.333333
1 5.000000 4.333333
2 5.000000 3.333333
3 3.000000 2.666667
4 3.000000 2.666667
1 29.750000 26.750000
2 23.886719 22.371094
3 22.957031 21.792969
4 20.664062 19.921875
1 34.750000 26.750000
2 24.029297 22.044922
3 21.279297 19.808594
4 20.353516 19.189453
1 28.375000 26.750000
2 24.343750 22.562500
3 21.984375 21.234375
4 19.761719 18.996094
1 34.750000 26.750000
2 23.921875 22.125000
3 20.066406 18.621094
4 18.513672 17.595703
1 34.750000 26.750000
2 30.750000 22.750000
3 27.468750 20.187500
4 21.957031 18.576172
1 35.791667 31.958333
2 28.735677 27.178385
3 26.892578 25.892578
4 25.044922 24.300781
1 35.125000 31.958333
2 29.429688 27.528646
3 27.886719 26.298177
4 26.439453 25.365234
1 33.458333 31.958333
2 29.666667 28.796875
3 27.255534 26.048177
4 25.879883 25.131185
1 33.458333 31.958333
2 29.046875 28.145833
3 26.086426 25.736654
4 24.132975 23.954427
1 32.958333 31.958333
2 28.767578 28.425781
3 26.477214 26.252930
4 25.041829 24.722087
1 14.000000 14.000000
2 8.750000 8.750000
3 7.625000 7.625000
4 6.500000 6.500000
1 14.000000 14.000000
2 11.000000 11.000000
3 11.000000 11.000000
4 8.750000 8.000000
1 14.000000 14.000000
2 9.500000 9.500000
3 8.000000 8.000000
4 7.000000 7.000000
1 14.000000 14.000000
2 9.500000 9.500000
3 8.000000 8.000000
4 6.750000 6.250000
1 14.000000 14.000000
2 9.500000 9.500000
3 7.625000 7.625000
4 6.750000 6.750000
1 32.000000 31.333333
2 26.604167 25.708333
3 24.261285 24.010417
4 22.412543 22.223958
1 32.000000 31.333333
2 26.875000 26.541667
3 24.392361 23.861979
4 23.116753 22.446615
1 32.000000 31.333333
2 26.076389 25.708333
3 24.625000 24.625000
4 23.142361 23.142361
1 32.666667 31.333333
2 25.973958 25.239583
3 24.341146 23.767361
4 22.708333 22.352431
1 32.666667 31.333333
2 27.916667 27.250000
3 25.729167 25.062500
4 24.058160 23.272569
1 27.333333 23.333333
2 23.750000 20.250000
3 21.645833 18.895833
4 19.437500 16.270833
1 29.500000 23.333333
2 23.875000 19.500000
3 22.229167 18.479167
4 17.791667 16.781250
1 27.333333 23.333333
2 22.208333 19.125000
3 18.072917 16.788194
4 17.038194 15.479167
1 26.000000 23.333333
2 20.777778 19.222222
3 19.281250 17.927083
4 16.951389 15.243056
1 25.333333 23.333333
2 20.208333 18.847222
3 19.260417 18.041667
4 17.833333 15.822917
1 31.666667 30.333333
2 26.666667 25.333333
3 24.035807 22.702474
4 22.871745 21.538411
1 32.166667 30.333333
2 25.729167 25.229167
3 22.257812 21.904948
4 21.229818 20.909831
1 31.666667 30.333333
2 28.729167 27.395833
3 23.787760 23.787760
4 21.770182 21.770182
1 30.833333 30.333333
2 25.937500 25.437500
3 23.168294 22.893229
4 21.098958 20.928385
1 31.666667 30.333333
2 27.229167 25.708333
3 24.658854 23.325521
4 23.772135 22.438802
1 28.333333 22.944444
2 24.638889 21.250000
3 23.055556 18.857253
4 20.357510 17.986111
1 26.944444 22.944444
2 23.379630 20.476852
3 22.912037 19.863426
4 20.005401 18.310185
1 29.611111 22.944444
2 23.229938 20.216821
3 22.788580 19.266975
4 19.995885 18.579733
1 25.833333 22.944444
2 21.344136 20.634259
3 19.722737 18.971193
4 18.465278 18.020319
1 28.555556 22.944444
2 24.201389 20.388889
3 20.926698 18.598765
4 19.870628 18.057099
1 49.166667 43.700000
2 42.689583 39.865972
3 38.737785 36.501519
1 45.966667 41.233333
2 40.626042 36.945833
3 36.550911 34.416016
4 34.319564 32.371549
1 46.900000 41.233333
2 43.025000 38.608333
3 36.657324 34.090658
4 35.007104 32.999935
1 43.966667 41.233333
2 38.149089 37.136393
3 34.849658 34.458838
1 34.583333 27.083333
2 24.612269 22.437500
3 23.796296 21.450231
4 22.325231 20.922454
1 34.250000 27.083333
2 33.125000 25.083333
3 29.755208 20.890625
4 28.387153 19.532986
1 33.833333 27.083333
2 31.263889 22.583333
3 24.564815 21.578704
4 23.661458 20.011574
1 37.416667 27.083333
2 33.538194 24.279514
3 31.519097 23.335069
4 27.968750 20.141204
1 32.583333 27.083333
2 30.810185 24.556713
3 30.190972 24.140046
4 28.854745 22.520255
1 37.395238 34.090476
2 33.502381 29.971429
3 29.423698 26.311458
4 27.799888 24.785007
1 37.252381 34.090476
2 32.436905 29.917857
3 28.817783 26.627679
4 28.267001 26.006287
1 40.061905 34.090476
2 34.016369 29.590476
3 31.919048 28.469048
4 28.335119 26.544048
1 36.061905 34.090476
2 30.642932 28.222173
3 29.743899 26.651339
4 27.945461 26.645350
1 39.204762 34.090476
2 30.884747 28.539062
3 29.716220 27.131771
4 27.912240 25.106696
1 60.000000 56.388889
2 53.577103 50.349175
1 36.000000 33.333333
2 29.756727 28.368056
3 26.880100 26.880100
4 25.074056 24.922526
1 35.166667 33.333333
2 29.295139 28.986111
3 26.805773 26.350043
4 25.889865 25.212348
1 37.500000 33.333333
2 33.437500 30.270833
3 28.898438 27.524306
4 26.253689 25.660048
1 36.666667 33.333333
2 31.222222 28.937500
3 29.126736 26.967882
4 27.432292 25.380208
1 37.333333 33.333333
2 32.791667 29.250000
3 27.927951 26.586806
4 26.476997 25.312500
1 38.333333 36.333333
2 32.943056 31.504167
3 31.405556 29.591667
4 28.507639 27.909028
1 38.000000 36.333333
2 33.991667 31.833333
3 31.152083 29.798611
4 29.472222 28.681134
1 37.333333 36.333333
2 33.412500 32.429167
3 30.581250 30.039352
4 28.505556 28.505556
1 39.333333 36.333333
2 33.447222 31.852778
3 31.873611 30.300000
4 30.310764 28.977431
1 39.333333 36.333333
2 33.733333 32.083333
3 29.695718 28.905903
4 27.560590 26.910561
