1 14.666667 14.666667 16.0666666667
2 11.250000 11.250000 12.5333333333
3 10.194444 10.194444 10.9305555556
4 9.583333 9.583333 10.25
1 22.166667 22.166667 22.7666666667
2 17.421875 17.421875 18.9247395833
3 16.617188 16.617188 17.2662760417
4 15.867188 15.867188 16.1651041667
1 29.476190 29.476190 32.5904761905
2 24.803571 24.803571 27.7850765306
3 23.622130 23.622130 25.6053677721
4 22.732568 22.732568 24.1345238095
1 36.833333 36.833333 41.8555555556
2 26.388117 25.500000 32.5534979424
3 24.348251 23.460905 28.4401684671
4 22.462449 22.110211 25.3376093107
1 36.666667 36.666667 38.9333333333
2 31.216136 30.335856 33.407438151
3 30.229899 29.395518 31.1816457113
4 29.140503 28.694692 29.3758524577
1 8.166667 8.166667 8.63333333333
2 5.833333 5.833333 6.48333333333
3 4.833333 4.833333 5.30833333333
4 4.500000 4.500000 4.78333333333
1 50.150000 50.150000 55.6783333333
2 45.358029 44.610858 49.6030542695
3 43.436127 42.890422 46.4074793033
1 29.833333 29.833333 31.6866666667
2 23.856684 22.880208 27.0813194444
3 22.639844 21.892187 24.3765711806
4 21.786024 20.920486 22.147265625
1 31.250000 31.250000 32.925
2 25.883240 25.442200 28.3733886719
3 24.933716 24.517944 26.3778564453
4 23.600037 23.421326 25.0690368652
1 48.452381 48.452381 64.0571428571
2 42.080218 41.624058 56.0673673115
3 37.623855 36.967454 48.8219455295
4 36.174679 35.209810
1 13.833333 13.833333 14.6166666667
2 10.520833 10.520833 11.79375
3 9.729167 9.729167 10.6822916667
4 8.989583 8.989583 9.459375
1 18.166667 18.166667 19.2333333333
2 13.968750 13.666667 15.9166666667
3 13.177083 12.911458 13.7203125
4 12.718750 12.276042 12.4375
1 23.500000 23.500000 25.7666666667
2 19.302951 19.057292 21.6250868056
3 18.230035 18.023438 19.0515625
4 17.125868 17.125868 17.55625
1 26.650000 26.650000 28.37
2 21.566406 21.566406 24.575625
3 20.533594 20.533594 21.6222265625
4 19.908984 19.801172 20.1444140625
1 36.044872 36.044872 41.8147435897
2 31.000300 30.273237 36.9989182692
3 29.387921 28.613081 34.0006009615
4 28.448117 27.634515 32.1151241987
1 26.416667 25.916667 27.6666666667
2 20.772135 20.463542 22.8157552083
3 19.567708 19.431315 20.5593424479
4 18.683594 18.447591 18.8341796875
1 30.717949 29.871795 33.3564102564
2 24.647115 24.022756 27.5412820513
3 22.678526 22.678526 24.4734294872
4 22.025000 21.774359 22.2882692308
1 28.341667 28.341667 31.785
2 24.861784 23.905078 27.9048958333
3 23.650326 22.862305 26.0519921875
4 22.684896 22.187760 24.5093033854
1 58.292208 58.292208 64.7430735931
2 52.263397 50.924844 57.322240017
1 30.250000 30.250000 33.8916666667
2 25.982747 25.854980 28.4101888021
3 24.718424 24.592122 26.1347005208
4 23.969889 23.866536 24.5652832031
1 16.333333 16.333333 17.8666666667
2 12.430556 12.430556 13.9513888889
3 11.006944 11.006944 12.0069444444
4 10.125000 10.125000 10.94375
1 25.500000 23.833333 27.48
2 20.937037 20.682716 23.8552777778
3 19.087654 18.880247 21.5946296296
4 17.995679 17.845988 20.0336111111
1 61.106061 60.106061 67.3539141414
2 54.306365 52.654232 60.3496511977
1 58.666667 58.555556 63.6027777778
2 51.929576 50.489113 56.933780891
1 44.633333 44.633333 48.1833333333
2 39.317456 38.882341 42.7778826678
3 37.956138 37.734785 40.0273887201
1 9.666667 9.666667 10.3666666667
2 7.333333 7.333333 8.41111111111
3 6.611111 6.611111 7.42222222222
4 5.944444 5.944444 6.47777777778
1 16.833333 16.833333 18.1
2 12.805556 12.805556 14.7611111111
3 11.604167 11.604167 12.7576388889
4 10.625000 10.625000 11.63125
1 19.333333 19.333333 21.7333333333
2 15.861111 15.861111 17.4645061728
3 14.580247 14.580247 15.7814814815
4 13.746914 13.746914 14.4577160494
1 75.314286 74.314286 83.0201831502
2 69.386990 66.217366 77.0055946653
1 35.566667 35.566667 37.4366666667
2 30.476921 29.383659 32.2773046875
3 29.395605 28.427181 29.8425919596
4 28.587256 27.779102 28.3774471029
1 7.666667 7.666667 8.26666666667
2 5.000000 5.000000 5.95
3 3.666667 3.666667 4.73333333333
4 2.916667 2.916667 4.14166666667
1 43.352941 43.352941 45.4549019608
2 34.706529 33.752987 38.4265548407
3 32.178977 31.442176 34.1679155603
4 31.217056 30.313930
1 31.000000 31.000000 34.0833333333
2 26.152995 25.823893 28.6361545139
3 24.960829 24.960829 26.7221571181
4 24.060547 23.860460 24.8299587674
1 60.433333 60.433333 66.58
2 54.433542 53.388541 60.437350897
1 0.000000 0.000000 0.0
2 0.000000 0.000000 0.0
3 0.000000 0.000000 0.0
4 0.000000 0.000000 0.0
1 3.333333 3.333333 3.46666666667
2 1.333333 1.333333 1.93333333333
3 0.000000 0.000000 2.06666666667
4 0.000000 0.000000 0.933333333333
1 45.433333 45.433333 47.8733333333
2 39.127886 38.534245 41.8905114294
3 37.668121 37.278544 38.828507487
4 36.843094 36.270715
1 33.238095 33.238095 35.579047619
2 28.618502 28.618502 31.2955175265
3 27.311987 27.311987 29.1225198413
4 26.362128 26.197958 27.270327381
1 22.833333 22.833333 25.5333333333
2 19.078704 19.078704 21.1337962963
3 17.523727 17.523727 19.2449652778
4 16.796875 16.796875 17.8929976852
1 28.111111 28.111111 33.6614583333
2 24.861274 24.653320 30.1004774306
3 24.032525 23.863905 28.0691677517
4 23.334418 23.095486 26.9798312717
1 28.833333 27.833333 29.7666666667
2 23.430122 22.603299 25.7377604167
3 21.634766 20.943251 23.0279947917
4 20.905490 20.425673 21.5665581597
1 39.166667 39.166667 40.85
2 33.268166 32.968216 35.9032931858
3 32.261642 31.992405 33.2185343424
4 31.373328 31.051003
1 17.666667 17.666667 18.6
2 13.250000 13.250000 14.7444444444
3 12.263889 12.263889 12.8722222222
4 11.305556 11.305556 11.4736111111
1 36.333333 35.666667 39.9333333333
2 29.989827 29.166504 34.3391927083
3 28.645589 28.252970 30.5743164062
4 27.670736 27.170736 28.6768025716
1 48.375000 48.375000 53.1444444444
2 43.057690 41.232857 46.5346516927
3 42.114422 40.464983 43.0207741631
4 41.188158 39.739307
1 14.833333 14.833333 16.6
2 12.277778 11.916667 13.4083333333
3 10.666667 10.666667 11.8972222222
4 9.833333 9.680556 10.8666666667
1 21.166667 21.166667 21.4333333333
2 15.937500 15.937500 17.7247395833
3 15.110677 15.110677 15.7466145833
4 14.130208 14.130208 14.5263020833
1 27.966667 27.966667 30.3133333333
2 22.299219 22.130729 25.6425
3 20.654948 20.413542 23.39640625
4 20.110156 19.768490 21.4411458333
1 31.633333 31.033333 33.0
2 25.738281 25.415625 28.4671875
3 24.475781 24.210026 25.5180078125
4 23.866667 23.658073 23.8289453125
1 40.200000 40.200000 47.1546666667
2 35.242732 34.783247 41.5332443576
3 33.664768 33.492114 38.1315950521
1 29.476190 29.476190 32.7476190476
2 25.540923 25.353450 28.3158123898
3 24.299961 24.299961 26.3439318783
4 23.611524 23.437734 24.6813492063
1 28.900000 28.900000 34.93
2 25.172266 24.241536 29.941484375
3 23.951953 22.885156 27.8927864583
4 23.131250 22.209505 26.6426041667
1 20.333333 19.333333 20.8833333333
2 15.638021 15.638021 17.2322916667
3 14.345052 14.345052 15.5907552083
4 13.666667 13.666667 14.0841145833
1 28.111111 28.111111 31.8055555556
2 23.225694 22.851562 26.3286892361
3 21.479601 21.180556 22.5596788194
4 20.390625 20.390625 20.5842013889
1 41.333333 41.333333 43.9845238095
2 35.186283 34.315947 38.360546875
3 34.323091 33.905828 35.6404370505
4 33.675268 33.262554
1 59.266667 59.266667 63.0733333333
2 51.929734 51.474855 56.3851320972
1 7.666667 7.666667 8.06666666667
2 4.666667 4.666667 5.73333333333
3 3.666667 3.666667 4.25
4 3.166667 3.166667 3.58333333333
1 48.611111 48.111111 53.0333333333
2 42.105487 41.067717 45.5923321759
3 40.438893 39.493817 42.103942419
4 39.243063 38.331326
1 19.666667 19.666667 20.5
2 15.336806 15.336806 16.3472222222
3 14.395833 14.395833 14.4597222222
4 13.934028 13.934028 13.4204861111
1 28.666667 28.666667 30.0
2 23.296007 23.042535 24.4989583333
3 20.598958 20.511719 21.8509548611
4 19.072917 19.072917 20.541015625
1 28.666667 28.666667 30.4833333333
2 23.772135 23.389323 25.2162760417
3 22.003255 22.003255 22.1846354167
4 20.922526 20.754557 21.0380859375
1 7.666667 7.666667 8.13333333333
2 4.666667 4.666667 6.3
3 3.666667 3.666667 4.85
4 3.166667 3.166667 4.28333333333
1 12.000000 12.000000 12.0
2 7.500000 7.500000 8.8
3 6.500000 6.500000 7.25
4 6.000000 6.000000 6.3125
1 21.500000 21.500000 24.225
2 17.432292 17.432292 19.8088541667
3 15.328125 15.328125 17.3364583333
4 14.307292 14.307292 15.4705729167
1 22.750000 22.750000 23.55
2 17.285156 17.285156 19.26328125
3 16.644531 16.644531 16.8064453125
4 15.876953 15.876953 15.4869140625
1 24.333333 24.333333 25.7166666667
2 19.793837 19.793837 21.6967013889
3 18.649306 18.649306 19.5771701389
4 17.942274 17.542101 18.334375
1 21.265306 21.265306 22.3102040816
2 16.640306 16.640306 18.3994897959
3 15.451531 15.451531 16.9785714286
4 14.885204 14.885204 15.6971938776
1 19.041667 19.041667 20.425
2 15.319010 14.837240 17.1005208333
3 14.428385 14.001302 15.36640625
4 13.553385 13.033854 14.1515625
1 23.666667 23.666667 25.4
2 19.278356 19.278356 20.7347222222
3 18.176505 18.176505 18.8918402778
4 17.511574 17.511574 17.5303240741
1 35.166667 35.166667 37.0166666667
2 29.527380 29.060872 31.8838686343
3 28.403139 28.270797 29.4032335069
4 27.819264 27.477828 27.4577907986
1 38.952381 38.952381 43.6273809524
2 34.352056 34.352056 39.2427031663
3 32.990587 32.990587 36.0998579076
4 31.943410 31.786619
1 28.545455 28.303030 34.3378787879
2 25.000158 24.723485 29.5225378788
3 23.360638 23.258207 27.2549084596
4 22.529830 22.427399 25.7482796717
1 29.716667 26.716667 30.85
2 24.440509 23.274537 26.478912037
3 22.281250 22.013657 23.975625
4 21.508912 21.363426 23.0059027778
1 54.494398 53.729692 59.9021475257
2 50.735622 49.329912 54.2437102197
1 27.166667 26.166667 28.7
2 22.401235 22.112076 24.1043981481
3 20.677855 20.677855 21.8315393519
4 20.147955 20.147955 20.3561149691
1 44.444444 43.444444 47.0555555556
2 38.489436 36.663194 41.2716314622
3 37.128313 35.631989 38.2305165734
4 36.369077 34.981526
1 17.533333 16.933333 19.0133333333
2 12.658333 12.658333 15.1691666667
3 10.758333 10.758333 12.6833333333
4 10.183333 10.183333 11.3491666667
1 27.611111 27.611111 29.9055555556
2 22.869792 22.869792 25.0603732639
3 20.384549 20.053385 22.5092447917
4 19.224826 19.109375 20.9985243056
1 27.166667 27.166667 28.4666666667
2 21.299154 20.949870 23.7921875
3 20.413411 19.873047 21.703515625
4 19.607096 19.255534 20.052734375
1 47.666667 47.666667 50.25
2 40.789697 39.633006 44.2578125
3 39.453186 38.466780 40.7864298503
4 38.450236 37.644141
1 4.333333 4.333333 4.66666666667
2 3.000000 3.000000 3.36666666667
3 2.000000 2.000000 2.76666666667
4 1.333333 1.333333 1.93333333333
1 14.000000 14.000000 14.0
2 8.750000 8.750000 9.975
3 7.625000 7.625000 8.3125
4 6.500000 6.500000 7.0375
1 26.750000 26.750000 31.4
2 22.083984 22.083984 24.900390625
3 19.130859 18.513672 22.301171875
4 18.375000 18.037109 20.463671875
1 31.958333 31.958333 33.95
2 26.630737 26.630737 29.2609375
3 25.407511 25.110067 26.4854817708
4 24.747437 24.747437 25.0721638997
1 31.333333 31.333333 32.2666666667
2 24.988281 24.653646 27.2876736111
3 23.851562 23.851562 24.99296875
4 22.551432 22.551432 23.4768012153
1 23.333333 23.333333 27.5
2 19.194444 19.194444 22.0111111111
3 17.746528 17.659722 19.396875
4 16.656250 16.656250 17.6128472222
1 23.944444 22.944444 27.5722222222
2 21.069959 20.418467 23.2581790123
3 19.345165 19.114198 21.4092592593
4 18.461934 18.280864 19.8267489712
1 41.233333 41.233333 45.21
2 35.750940 35.395133 39.0904516602
3 34.302470 34.004342 36.3143269857
4 33.116187 33.116187
1 30.333333 30.333333 31.8333333333
2 24.208984 24.079427 26.7265625
3 22.478516 22.243164 24.3177734375
4 21.410482 21.242513 22.419140625
1 27.083333 27.083333 34.2666666667
2 23.300347 22.460069 30.2096064815
3 21.441551 20.672454 28.7971064815
4 20.138889 19.383681 27.6566550926
1 34.090476 34.090476 37.760952381
2 28.425335 28.032106 31.8204017857
3 26.992820 26.789658 28.7467633929
4 25.691109 25.691109 27.4885379464
1 36.333333 36.333333 38.5333333333
2 30.664005 30.495139 32.7815740741
3 28.453212 28.453212 30.3454166667
4 27.702691 27.542477 28.4466030093
1 57.388889 56.388889 59.9805555556
2 51.143285 48.728058 53.9384853033
3 48.649964 46.778701
1 33.333333 33.333333 36.5166666667
2 28.311415 27.887153 30.7819227431
3 26.592773 26.592773 27.9568413628
4 25.701172 25.701172 26.2772406684