../TreeLifeData_small/COG0073.newick
1 22.326531 21.265306
2 18.204082 17.285714
3 17.158163 16.234694
4 16.288265 14.923469
1 22.326531 21.265306
2 17.438776 16.908163
3 16.344388 15.533163
4 15.015306 14.283163
1 22.244898 21.265306
2 19.000000 17.795918
3 16.933673 16.000000
4 15.938776 15.214286
1 22.612245 21.265306
2 19.612245 18.265306
3 18.341837 16.882653
4 16.234694 15.127551
1 21.795918 21.265306
2 19.061224 19.020408
3 17.091837 16.877551
4 16.653061 16.438776
../TreeLifeData_small/COG0074.newick
1 20.458333 19.041667
2 16.739583 15.708333
3 15.515625 14.661458
4 13.588542 13.588542
1 19.791667 19.041667
2 18.500000 17.541667
3 16.510417 15.427083
4 13.953125 13.348958
1 20.791667 19.041667
2 17.145833 16.145833
3 16.270833 15.520833
4 15.416667 14.666667
1 20.458333 19.041667
2 16.333333 15.312500
3 15.109375 14.567708
4 13.303385 13.303385
1 20.041667 19.041667
2 16.651042 15.729167
3 15.799479 14.791667
4 14.416667 13.846354
../TreeLifeData_small/COG0075.newick
1 25.000000 23.666667
2 19.736111 19.736111
3 18.800926 18.224537
4 17.268519 17.099537
1 24.333333 23.666667
2 20.314815 19.888889
3 19.393519 19.168981
4 17.802083 17.247685
1 25.000000 23.666667
2 19.991898 19.475694
3 18.115741 18.115741
4 17.118634 17.118634
1 23.666667 23.666667
2 20.703704 20.481481
3 19.004630 18.678241
4 17.539352 17.539352
1 26.333333 23.666667
2 21.652778 19.652778
3 19.951389 17.664931
4 18.782986 16.991898
../TreeLifeData_small/COG0072.newick
1 36.500000 35.166667
2 32.958333 32.782407
3 30.763889 30.331019
4 27.619936 27.038773
1 36.333333 35.166667
2 31.135417 30.760417
3 28.224537 27.638021
4 26.707284 26.528465
1 36.500000 35.166667
2 30.704861 30.302083
3 28.614149 28.379774
4 27.194589 27.194589
1 37.000000 35.166667
2 31.833333 30.666667
3 29.447627 28.565683
4 27.293764 26.945023
1 37.166667 35.166667
2 32.729167 30.541667
3 28.825810 27.906395
4 27.297454 26.506655
../TreeLifeData_small/COG0071.newick
1 40.369048 38.952381
2 36.310516 35.502356
3 34.625535 34.145159
../TreeLifeData_small/COG0083.newick
1 21.000000 16.933333
2 17.000000 13.600000
3 12.766667 11.416667
4 10.750000 10.750000
1 20.333333 16.933333
2 16.833333 13.433333
3 15.666667 12.266667
4 15.166667 11.766667
1 20.333333 16.933333
2 13.900000 13.900000
3 11.366667 11.366667
4 9.841667 9.841667
1 17.533333 16.933333
2 12.566667 12.566667
3 10.825000 10.825000
4 9.725000 9.725000
1 17.533333 16.933333
2 14.333333 13.733333
3 11.866667 11.800000
4 11.233333 11.133333
../TreeLifeData_small/COG0081.newick
1 48.166667 47.666667
2 43.394531 42.106771
3 40.507921 38.847005
../TreeLifeData_small/COG0085.newick
../TreeLifeData_small/COG0082.newick
1 29.388889 27.611111
2 23.986111 22.944444
3 21.866319 21.155382
4 20.970486 19.402344
1 31.555556 27.611111
2 24.472222 23.072917
3 22.517361 21.609375
4 20.013889 19.665799
1 31.111111 27.611111
2 30.361111 25.388889
3 24.458333 22.642361
4 22.338542 20.088542
1 30.888889 27.611111
2 26.388889 23.611111
3 22.153646 20.142361
4 20.864583 19.055122
1 31.555556 27.611111
2 24.958333 22.784722
3 22.082031 20.126302
4 20.934462 19.214410
../TreeLifeData_small/COG0084.newick
1 27.833333 27.166667
2 23.958333 23.291667
3 21.321615 20.213542
4 19.669271 18.904297
1 28.833333 27.166667
2 24.500000 22.833333
3 22.750000 21.333333
4 21.358073 20.558594
1 27.833333 27.166667
2 23.968750 23.020833
3 21.058594 20.302083
4 19.078451 18.269857
1 27.166667 27.166667
2 21.760417 21.572917
3 20.027344 19.698242
4 18.455078 18.287435
1 28.166667 27.166667
2 23.203125 21.572917
3 21.011068 20.208984
4 19.791667 19.005859
../TreeLifeData_small/COG0089.newick
1 4.666667 4.333333
2 4.666667 3.333333
3 3.333333 2.000000
4 2.000000 2.000000
1 5.000000 4.333333
2 2.666667 2.666667
3 2.666667 2.666667
4 2.666667 2.666667
1 4.666667 4.333333
2 4.666667 3.333333
3 3.000000 3.000000
4 2.000000 1.333333
1 5.000000 4.333333
2 3.000000 2.666667
3 2.000000 2.000000
4 1.333333 1.333333
1 5.000000 4.333333
2 5.000000 3.333333
3 3.000000 2.666667
4 3.000000 2.666667
../TreeLifeData_small/COG0086.newick
1 14.000000 14.000000
2 8.750000 8.750000
3 ../TreeLifeData_small/COG0090.newick
1 29.750000 26.750000
2 23.886719 22.371094
3 22.957031 21.792969
4 20.664062 19.921875
1 34.750000 26.750000
2 24.029297 22.044922
3 21.279297 19.808594
4 20.353516 19.189453
1 28.375000 26.750000
2 24.343750 22.562500
3 21.984375 21.234375
4 19.761719 18.996094
1 34.750000 26.750000
2 23.921875 22.125000
3 20.066406 18.621094
4 18.513672 17.595703
1 34.750000 26.750000
2 30.750000 22.750000
3 27.468750 20.187500
4 21.957031 18.576172
../TreeLifeData_small/COG0087.newick
1 32.000000 31.333333
2 26.604167 25.708333
3 24.261285 24.010417
4 22.412543 22.223958
1 32.000000 31.333333
2 26.875000 26.541667
3 24.392361 23.861979
4 23.116753 22.446615
1 32.000000 31.333333
2 26.076389 25.708333
3 24.625000 24.625000
4 23.142361 23.142361
1 32.666667 31.333333
2 25.973958 25.239583
3 24.341146 23.767361
4 22.708333 22.352431
1 32.666667 31.333333
2 27.916667 27.250000
3 25.729167 25.062500
4 24.058160 23.272569
../TreeLifeData_small/COG0088.newick
1 35.791667 31.958333
2 28.735677 27.178385
3 26.892578 25.892578
4 25.044922 24.300781
1 35.125000 31.958333
2 29.429688 27.528646
3 27.886719 26.298177
4 26.439453 25.365234
1 33.458333 31.958333
2 29.666667 28.796875
3 27.255534 26.048177
4 25.879883 25.131185
1 33.458333 31.958333
2 29.046875 28.145833
3 26.086426 25.736654
4 24.132975 23.954427
1 32.958333 31.958333
2 28.767578 28.425781
3 26.477214 26.252930
4 25.041829 24.722087
../TreeLifeData_small/COG0094.newick
1 27.333333 23.333333
2 23.750000 20.250000
3 21.645833 18.895833
4 19.437500 16.270833
1 29.500000 23.333333
2 23.875000 19.500000
3 22.229167 18.479167
4 17.791667 16.781250
1 27.333333 23.333333
2 22.208333 19.125000
3 18.072917 16.788194
4 17.038194 15.479167
1 26.000000 23.333333
2 20.777778 19.222222
3 19.281250 17.927083
4 16.951389 15.243056
1 25.333333 23.333333
2 20.208333 18.847222
3 19.260417 18.041667
4 17.833333 15.822917
../TreeLifeData_small/COG0093.newick
1 45.966667 41.233333
2 40.626042 36.945833
3 36.550911 34.416016
4 34.319564 32.371549
1 46.900000 41.233333
2 43.025000 38.608333
3 36.657324 34.090658
4 35.007104 32.999935
1 43.966667 41.233333
2 38.149089 37.136393
3 34.849658 34.458838
../TreeLifeData_small/COG0092.newick
1 31.666667 30.333333
2 26.666667 25.333333
3 24.035807 22.702474
4 22.871745 21.538411
1 32.166667 30.333333
2 25.729167 25.229167
3 22.257812 21.904948
4 21.229818 20.909831
1 31.666667 30.333333
2 28.729167 27.395833
3 23.787760 23.787760
4 21.770182 21.770182
1 30.833333 30.333333
2 25.937500 25.437500
3 23.168294 22.893229
4 21.098958 20.928385
1 31.666667 30.333333
2 27.229167 25.708333
3 24.658854 23.325521
4 23.772135 22.438802
../TreeLifeData_small/COG0095.newick
1 28.333333 22.944444
2 24.638889 21.250000
3 23.055556 18.857253
4 20.357510 17.986111
1 26.944444 22.944444
2 23.379630 20.476852
3 22.912037 19.863426
4 20.005401 18.310185
1 29.611111 22.944444
2 23.229938 20.216821
3 22.788580 19.266975
4 19.995885 18.579733
1 25.833333 22.944444
2 21.344136 20.634259
3 19.722737 18.971193
4 18.465278 18.020319
1 28.555556 22.944444
2 24.201389 20.388889
3 20.926698 18.598765
4 19.870628 18.057099
../TreeLifeData_small/COG0091.newick
1 49.166667 43.700000
2 42.689583 39.865972
3 38.737785 36.501519
../TreeLifeData_small/COG0099.newick
1 34.583333 27.083333
2 24.612269 22.437500
3 23.796296 21.450231
4 22.325231 20.922454
1 34.250000 27.083333
2 33.125000 25.083333
3 29.755208 20.890625
4 28.387153 19.532986
1 33.833333 27.083333
2 31.263889 22.583333
3 24.564815 21.578704
4 23.661458 20.011574
1 37.416667 27.083333
2 33.538194 24.279514
3 31.519097 23.335069
4 27.968750 20.141204
1 32.583333 27.083333
2 30.810185 24.556713
3 30.190972 24.140046
4 28.854745 22.520255
../TreeLifeData_small/COG0097.newick
1 37.395238 34.090476
2 33.502381 29.971429
3 29.423698 26.311458
4 27.799888 24.785007
1 37.252381 34.090476
2 32.436905 29.917857
3 28.817783 26.627679
4 28.267001 26.006287
1 40.061905 34.090476
2 34.016369 29.590476
3 31.919048 28.469048
4 28.335119 26.544048
1 36.061905 34.090476
2 30.642932 28.222173
3 29.743899 26.651339
4 27.945461 26.645350
1 39.204762 34.090476
2 30.884747 28.539062
3 29.716220 27.131771
4 27.912240 25.106696
../TreeLifeData_small/COG0100.newick
1 60.000000 56.388889
2 53.577103 50.349175
../TreeLifeData_small/COG0098.newick
1 36.000000 33.333333
2 29.756727 28.368056
3 26.880100 26.880100
4 25.074056 24.922526
1 35.166667 33.333333
2 29.295139 28.986111
3 26.805773 26.350043
4 25.889865 25.212348
1 37.500000 33.333333
2 33.437500 30.270833
3 28.898438 27.524306
4 26.253689 25.660048
1 36.666667 33.333333
2 31.222222 28.937500
3 29.126736 26.967882
4 27.432292 25.380208
1 37.333333 33.333333
2 32.791667 29.250000
3 27.927951 26.586806
4 26.476997 25.312500
../TreeLifeData_small/COG0096.newick
1 38.333333 36.333333
2 32.943056 31.504167
3 31.405556 29.591667
4 28.507639 27.909028
1 38.000000 36.333333
2 33.991667 31.833333
3 31.152083 29.798611
4 29.472222 28.681134
1 37.333333 36.333333
2 33.412500 32.429167
3 30.581250 30.039352
4 28.505556 28.505556
1 39.333333 36.333333
2 33.447222 31.852778
3 31.873611 30.300000
4 30.310764 28.977431
1 39.333333 36.333333
2 33.733333 32.083333
3 29.695718 28.905903
4 27.560590 26.910561
