../TreeLifeData_small/COG0055.newick
1 27.966667 27.966667 30.3133333333
2 22.299219 22.130729 25.6425
3 20.654948 20.413542 23.39640625
4 20.110156 19.768490 21.4411458333
../TreeLifeData_small/COG0052.newick
1 31.633333 31.033333 33.0
2 25.738281 25.415625 28.4671875
3 24.475781 24.210026 25.5180078125
4 23.866667 23.658073 23.8289453125
../TreeLifeData_small/COG0054.newick
1 28.900000 28.900000 34.93
2 25.172266 24.241536 29.941484375
3 23.951953 22.885156 27.8927864583
4 23.131250 22.209505 26.6426041667
../TreeLifeData_small/COG0053.newick
1 29.476190 29.476190 32.7476190476
2 25.540923 25.353450 28.3158123898
3 24.299961 24.299961 26.3439318783
4 23.611524 23.437734 24.6813492063
../TreeLifeData_small/COG0051.newick
1 40.200000 40.200000 47.1546666667
2 35.242732 34.783247 41.5332443576
3 33.664768 33.492114 38.1315950521
../TreeLifeData_small/COG0058.newick
1 20.333333 19.333333 20.8833333333
2 15.638021 15.638021 17.2322916667
3 14.345052 14.345052 15.5907552083
4 13.666667 13.666667 14.0841145833
../TreeLifeData_small/COG0060.newick
../TreeLifeData_small/COG0059.newick
1 28.111111 28.111111 31.8055555556
2 23.225694 22.851562 26.3286892361
3 21.479601 21.180556 22.5596788194
4 20.390625 20.390625 20.5842013889
../TreeLifeData_small/COG0057.newick
1 59.266667 59.266667 63.0733333333
2 51.929734 51.474855 56.3851320972
../TreeLifeData_small/COG0056.newick
1 41.333333 41.333333 43.9845238095
2 35.186283 34.315947 38.360546875
3 34.323091 33.905828 35.6404370505
4 33.675268 33.262554../TreeLifeData_small/COG0063.newick
1 7.666667 7.666667 8.06666666667
2 4.666667 4.666667 5.73333333333
3 3.666667 3.666667 4.25
4 3.166667 3.166667 3.58333333333
../TreeLifeData_small/COG0064.newick
1 19.666667 19.666667 20.5
2 15.336806 15.336806 16.3472222222
3 14.395833 14.395833 14.4597222222
4 13.934028 13.934028 13.4204861111
../TreeLifeData_small/COG0065.newick
1 28.666667 28.666667 30.0
2 23.296007 23.042535 24.4989583333
3 20.598958 20.511719 21.8509548611
4 19.072917 19.072917 20.541015625
../TreeLifeData_small/COG0062.newick
1 28.666667 28.666667 30.4833333333
2 23.772135 23.389323 25.2162760417
3 22.003255 22.003255 22.1846354167
4 20.922526 20.754557 21.0380859375
../TreeLifeData_small/COG0061.newick
1 48.611111 48.111111 53.0333333333
2 42.105487 41.067717 45.5923321759
3 40.438893 39.493817 42.103942419
4 39.243063 38.331326../TreeLifeData_small/COG0068.newick
1 7.666667 7.666667 8.13333333333
2 4.666667 4.666667 6.3
3 3.666667 3.666667 4.85
4 3.166667 3.166667 4.28333333333
../TreeLifeData_small/COG0069.newick
1 12.000000 12.000000 12.0
2 7.500000 7.500000 8.8
3 6.500000 6.500000 7.25
4 6.000000 6.000000 6.3125
../TreeLifeData_small/COG0070.newick
1 21.500000 21.500000 24.225
2 17.432292 17.432292 19.8088541667
3 15.328125 15.328125 17.3364583333
4 14.307292 14.307292 15.4705729167
../TreeLifeData_small/COG0066.newick
1 22.750000 22.750000 23.55
2 17.285156 17.285156 19.26328125
3 16.644531 16.644531 16.8064453125
4 15.876953 15.876953 15.4869140625
../TreeLifeData_small/COG0067.newick
1 24.333333 24.333333 25.7166666667
2 19.793837 19.793837 21.6967013889
3 18.649306 18.649306 19.5771701389
4 17.942274 17.542101 18.334375
../TreeLifeData_small/COG0073.newick
1 21.265306 21.265306 22.3102040816
2 16.640306 16.640306 18.3994897959
3 15.451531 15.451531 16.9785714286
4 14.885204 14.885204 15.6971938776
../TreeLifeData_small/COG0071.newick
1 38.952381 38.952381 43.6273809524
2 34.352056 34.352056 39.2427031663
3 32.990587 32.990587 36.0998579076
4 31.943410 31.786619../TreeLifeData_small/COG0074.newick
1 19.041667 19.041667 20.425
2 15.319010 14.837240 17.1005208333
3 14.428385 14.001302 15.36640625
4 13.553385 13.033854 14.1515625
../TreeLifeData_small/COG0075.newick
1 23.666667 23.666667 25.4
2 19.278356 19.278356 20.7347222222
3 18.176505 18.176505 18.8918402778
4 17.511574 17.511574 17.5303240741
../TreeLifeData_small/COG0072.newick
1 35.166667 35.166667 37.0166666667
2 29.527380 29.060872 31.8838686343
3 28.403139 28.270797 29.4032335069
4 27.819264 27.477828 27.4577907986
../TreeLifeData_small/COG0077.newick
1 28.545455 28.303030 34.3378787879
2 25.000158 24.723485 29.5225378788
3 23.360638 23.258207 27.2549084596
4 22.529830 22.427399 25.7482796717
../TreeLifeData_small/COG0078.newick
1 44.444444 43.444444 47.0555555556
2 38.489436 36.663194 41.2716314622
3 37.128313 35.631989 38.2305165734
4 36.369077 34.981526../TreeLifeData_small/COG0080.newick
1 27.166667 26.166667 28.7
2 22.401235 22.112076 24.1043981481
3 20.677855 20.677855 21.8315393519
4 20.147955 20.147955 20.3561149691
../TreeLifeData_small/COG0076.newick
1 29.716667 26.716667 30.85
2 24.440509 23.274537 26.478912037
3 22.281250 22.013657 23.975625
4 21.508912 21.363426 23.0059027778
../TreeLifeData_small/COG0079.newick
1 54.494398 53.729692 59.9021475257
2 50.735622 49.329912 54.2437102197
../TreeLifeData_small/COG0083.newick
1 17.533333 16.933333 19.0133333333
2 12.658333 12.658333 15.1691666667
3 10.758333 10.758333 12.6833333333
4 10.183333 10.183333 11.3491666667
../TreeLifeData_small/COG0085.newick
../TreeLifeData_small/COG0082.newick
1 27.611111 27.611111 29.9055555556
2 22.869792 22.869792 25.0603732639
3 20.384549 20.053385 22.5092447917
4 19.224826 19.109375 20.9985243056
../TreeLifeData_small/COG0084.newick
1 27.166667 27.166667 28.4666666667
2 21.299154 20.949870 23.7921875
3 20.413411 19.873047 21.703515625
4 19.607096 19.255534 20.052734375
../TreeLifeData_small/COG0081.newick
1 47.666667 47.666667 50.25
2 40.789697 39.633006 44.2578125
3 39.453186 38.466780 40.7864298503
4 38.450236 37.644141../TreeLifeData_small/COG0089.newick
1 4.333333 4.333333 4.66666666667
2 3.000000 3.000000 3.36666666667
3 2.000000 2.000000 2.76666666667
4 1.333333 1.333333 1.93333333333
../TreeLifeData_small/COG0086.newick
1 14.000000 14.000000 14.0
2 8.750000 8.750000 9.975
3 7.625000 7.625000 8.3125
4 6.500000 6.500000 7.0375
../TreeLifeData_small/COG0090.newick
1 26.750000 26.750000 31.4
2 22.083984 22.083984 24.900390625
3 19.130859 18.513672 22.301171875
4 18.375000 18.037109 20.463671875
../TreeLifeData_small/COG0087.newick
1 31.333333 31.333333 32.2666666667
2 24.988281 24.653646 27.2876736111
3 23.851562 23.851562 24.99296875
4 22.551432 22.551432 23.4768012153
../TreeLifeData_small/COG0088.newick
1 31.958333 31.958333 33.95
2 26.630737 26.630737 29.2609375
3 25.407511 25.110067 26.4854817708
4 24.747437 24.747437 25.0721638997
../TreeLifeData_small/COG0094.newick
1 23.333333 23.333333 27.5
2 19.194444 19.194444 22.0111111111
3 17.746528 17.659722 19.396875
4 16.656250 16.656250 17.6128472222
../TreeLifeData_small/COG0092.newick
1 30.333333 30.333333 31.8333333333
2 24.208984 24.079427 26.7265625
3 22.478516 22.243164 24.3177734375
4 21.410482 21.242513 22.419140625
../TreeLifeData_small/COG0095.newick
1 23.944444 22.944444 27.5722222222
2 21.069959 20.418467 23.2581790123
3 19.345165 19.114198 21.4092592593
4 18.461934 18.280864 19.8267489712
../TreeLifeData_small/COG0093.newick
1 41.233333 41.233333 45.21
2 35.750940 35.395133 39.0904516602
3 34.302470 34.004342 36.3143269857
4 33.116187 33.116187../TreeLifeData_small/COG0091.newick
1 44.700000 43.700000 47.6766666667
2 38.925775 38.054861 41.8531777263
3 37.139209 36.892613 39.3430123135
../TreeLifeData_small/COG0099.newick
1 27.083333 27.083333 34.2666666667
2 23.300347 22.460069 30.2096064815
3 21.441551 20.672454 28.7971064815
4 20.138889 19.383681 27.6566550926
../TreeLifeData_small/COG0096.newick
1 36.333333 36.333333 38.5333333333
2 30.664005 30.495139 32.7815740741
3 28.453212 28.453212 30.3454166667
4 27.702691 27.542477 28.4466030093
../TreeLifeData_small/COG0098.newick
1 33.333333 33.333333 36.5166666667
2 28.311415 27.887153 30.7819227431
3 26.592773 26.592773 27.9568413628
4 25.701172 25.701172 26.2772406684
../TreeLifeData_small/COG0097.newick
1 34.090476 34.090476 37.760952381
2 28.425335 28.032106 31.8204017857
3 26.992820 26.789658 28.7467633929
4 25.691109 25.691109 27.4885379464
../TreeLifeData_small/COG0100.newick
1 57.388889 56.388889 59.9805555556
2 51.143285 48.728058 53.9384853033
3 48.649964 46.778701