../TreeLifeData_small/COG0047.newick
1 16.500000 14.833333
2 12.625000 11.500000
3 11.708333 10.708333
4 10.777778 9.972222
1 15.500000 14.833333
2 12.291667 11.875000
3 10.541667 10.402778
4 9.875000 9.277778
1 16.500000 14.833333
2 13.055556 12.333333
3 11.722222 10.833333
4 10.805556 9.972222
1 15.500000 14.833333
2 13.000000 11.833333
3 11.638889 10.527778
4 10.652778 9.972222
1 16.500000 14.833333
2 13.833333 11.833333
3 12.833333 10.833333
4 11.125000 9.583333
../TreeLifeData_small/COG0046.newick
1 19.666667 17.666667
2 14.111111 14.111111
3 12.416667 12.416667
4 10.611111 10.611111
1 19.666667 17.666667
2 15.166667 13.166667
3 12.444444 12.333333
4 11.486111 11.069444
1 18.333333 17.666667
2 13.250000 13.250000
3 12.055556 12.055556
4 11.125000 11.125000
1 19.000000 17.666667
2 14.444444 14.444444
3 13.277778 13.277778
4 12.138889 11.555556
1 19.666667 17.666667
2 15.666667 13.666667
3 15.666667 12.666667
4 13.208333 10.222222
../TreeLifeData_small/COG0050.newick
1 21.833333 21.166667
2 16.195312 15.994792
3 15.304688 14.989583
4 14.507812 14.121094
1 21.166667 21.166667
2 18.166667 17.916667
3 15.531250 15.531250
4 14.242188 14.242188
1 21.833333 21.166667
2 17.833333 17.666667
3 16.541667 16.041667
4 15.500000 14.833333
1 21.166667 21.166667
2 18.166667 18.166667
3 16.291667 16.291667
4 14.312500 14.312500
1 21.833333 21.166667
2 18.833333 18.166667
3 17.208333 16.958333
4 14.058594 14.058594
../TreeLifeData_small/COG0048.newick
1 51.569444 48.375000
2 46.161296 42.894965
3 44.434435 40.827257
../TreeLifeData_small/COG0049.newick
1 41.833333 35.666667
2 36.770833 30.604167
3 31.701497 28.567871
4 30.772135 27.682292
1 37.833333 35.666667
2 31.661458 30.440104
3 29.649089 28.479329
4 28.488118 27.216309
1 37.833333 35.666667
2 31.973958 30.738281
3 30.052409 29.159505
4 28.303630 26.386434
1 39.166667 35.666667
2 33.270833 31.104167
3 30.509115 29.009115
4 28.108561 26.477214
1 36.333333 35.666667
2 31.630208 30.416667
3 29.289062 28.941081
4 27.546468 26.994710
../TreeLifeData_small/COG0055.newick
1 32.233333 27.966667
2 25.125000 24.866667
3 23.754167 21.925000
4 23.096875 20.489583
1 32.233333 27.966667
2 28.358333 24.091667
3 22.841146 21.020312
4 20.686719 20.415625
1 32.233333 27.966667
2 28.358333 24.091667
3 27.170833 22.904167
4 23.561458 20.019792
1 28.633333 27.966667
2 24.966667 24.716667
3 22.389583 22.389583
4 21.214063 21.214063
1 31.566667 27.966667
2 27.691667 24.091667
3 26.504167 22.904167
4 22.711458 20.504167
../TreeLifeData_small/COG0054.newick
1 36.500000 28.900000
2 36.000000 27.066667
3 31.945312 23.366146
4 30.932292 22.459896
1 37.000000 28.900000
2 27.355729 24.698438
3 26.727604 23.406250
4 26.229427 22.757812
1 31.833333 28.900000
2 28.559896 24.652604
3 26.832943 22.919271
4 24.837240 21.760677
1 37.000000 28.900000
2 33.416667 25.400000
3 30.758333 23.400000
4 29.640104 22.360937
1 37.000000 28.900000
2 31.919792 24.900000
3 30.678125 23.462500
4 29.671615 22.556250
../TreeLifeData_small/COG0051.newick
1 44.506667 40.200000
2 42.957500 36.468333
3 38.032726 33.774618
../TreeLifeData_small/COG0052.newick
1 32.033333 31.033333
2 29.033333 28.033333
3 24.985937 23.840625
4 23.689062 22.747917
1 33.966667 31.033333
2 29.466667 26.533333
3 25.847396 23.913021
4 24.804427 22.694531
1 33.366667 31.033333
2 27.866667 25.783333
3 24.475260 23.459766
4 23.025781 22.870182
1 31.700000 31.033333
2 29.000000 28.033333
3 24.989583 24.822917
4 23.694271 23.694271
1 34.766667 31.033333
2 28.758333 26.750000
3 26.625000 25.625000
4 24.468750 23.129167
../TreeLifeData_small/COG0053.newick
1 34.952381 29.476190
2 27.204200 25.603175
3 26.492394 24.704916
4 25.593902 23.166887
1 32.047619 29.476190
2 28.444224 25.603175
3 25.841738 24.113178
4 24.378293 23.217813
1 34.952381 29.476190
2 29.992504 25.939153
3 26.747286 23.859375
4 25.269621 23.162506
1 35.619048 29.476190
2 28.810185 26.261905
3 25.243111 24.569334
4 23.874228 23.424162
1 34.952381 29.476190
2 28.622520 25.791667
3 27.197710 23.955026
4 25.368689 23.006972
../TreeLifeData_small/COG0060.newick
../TreeLifeData_small/COG0059.newick
1 31.138889 28.111111
2 25.076389 22.737413
3 21.683594 20.253472
4 20.721788 19.572483
1 30.527778 28.111111
2 25.052083 23.173611
3 24.003472 21.888889
4 23.371528 18.845486
1 33.305556 28.111111
2 25.011285 22.875000
3 21.865885 21.409288
4 19.380208 18.817274
1 29.111111 28.111111
2 23.902778 23.390625
3 22.567708 22.567708
4 21.361979 20.993056
1 32.944444 28.111111
2 25.215278 22.828993
3 22.542101 21.622396
4 21.780816 21.409288
../TreeLifeData_small/COG0057.newick
1 61.966667 59.266667
2 56.956154 54.146586
../TreeLifeData_small/COG0056.newick
1 44.750000 41.333333
2 39.683036 36.506696
3 35.719913 34.020554
../TreeLifeData_small/COG0058.newick
1 21.333333 19.333333
2 17.000000 16.250000
3 15.583333 14.875000
4 13.776042 13.200521
1 20.833333 19.333333
2 17.833333 16.833333
3 15.515625 15.515625
4 13.516927 13.516927
1 20.333333 19.333333
2 15.994792 15.994792
3 14.480469 14.225260
4 13.244792 12.988281
1 21.333333 19.333333
2 17.041667 16.416667
3 15.526042 15.197917
4 13.830729 13.315104
1 20.833333 19.333333
2 16.916667 16.250000
3 15.343750 14.609375
4 14.593750 13.375000
../TreeLifeData_small/COG0063.newick
1 8.333333 7.666667
2 5.333333 4.666667
3 4.333333 3.666667
4 3.166667 2.833333
1 8.333333 7.666667
2 6.333333 6.333333
3 6.333333 6.333333
4 6.333333 6.333333
1 7.666667 7.666667
2 4.666667 4.666667
3 4.666667 4.000000
4 4.666667 4.000000
1 8.333333 7.666667
2 6.333333 6.333333
3 3.833333 3.666667
4 3.333333 3.333333
1 8.333333 7.666667
2 6.000000 6.000000
3 5.000000 5.000000
4 5.000000 5.000000
../TreeLifeData_small/COG0061.newick
1 53.277778 48.111111
2 48.880787 43.850694
3 42.796586 39.955295
../TreeLifeData_small/COG0064.newick
1 19.666667 19.666667
2 15.583333 15.583333
3 13.666667 13.666667
4 13.010417 13.010417
1 21.333333 19.666667
2 16.250000 16.250000
3 14.659722 14.486111
4 13.243056 13.243056
1 19.666667 19.666667
2 16.916667 16.916667
3 14.506944 14.506944
4 12.791667 12.791667
1 20.666667 19.666667
2 16.916667 16.166667
3 15.333333 14.916667
4 13.972222 13.791667
1 20.666667 19.666667
2 16.791667 16.125000
3 14.645833 13.979167
4 14.020833 13.354167
../TreeLifeData_small/COG0062.newick
1 30.833333 28.666667
2 24.833333 24.083333
3 22.307292 21.743490
4 20.305990 20.305990
1 30.333333 28.666667
2 23.468750 23.010417
3 21.768229 21.191406
4 21.106120 20.677734
1 30.833333 28.666667
2 25.458333 23.541667
3 23.458333 21.479167
4 22.593750 20.932292
1 29.833333 28.666667
2 26.583333 25.916667
3 22.880859 21.940104
4 21.744792 20.034505
1 30.333333 28.666667
2 25.458333 24.526042
3 21.731771 21.065104
4 20.909505 20.242839
../TreeLifeData_small/COG0065.newick
1 30.000000 28.666667
2 23.645833 23.645833
3 21.868924 21.570312
4 20.771267 20.216146
1 30.000000 28.666667
2 24.895833 23.562500
3 22.491319 21.821181
4 20.405382 19.398438
1 30.000000 28.666667
2 24.305556 23.666667
3 22.103299 21.138889
4 19.690538 19.180990
1 29.333333 28.666667
2 26.833333 26.166667
3 24.743056 24.229167
4 21.094184 21.000868
1 30.000000 28.666667
2 26.000000 24.666667
3 23.791667 22.291667
4 21.597222 20.951389
../TreeLifeData_small/COG0068.newick
1 8.333333 7.666667
2 5.333333 4.666667
3 4.333333 4.000000
4 3.000000 2.666667
1 8.333333 7.666667
2 5.333333 4.666667
3 5.333333 4.000000
4 4.166667 3.166667
1 8.333333 7.666667
2 8.333333 6.333333
3 5.333333 5.333333
4 4.333333 4.000000
1 8.333333 7.666667
2 6.333333 5.666667
3 4.333333 3.666667
4 3.666667 3.333333
1 8.333333 7.666667
2 6.333333 6.333333
3 5.000000 5.000000
4 3.666667 3.333333
../TreeLifeData_small/COG0070.newick
1 21.833333 21.500000
2 18.166667 18.166667
3 16.218750 16.218750
4 14.000000 14.000000
1 21.833333 21.500000
2 18.195312 17.479167
3 16.309896 15.877604
4 15.656250 14.924479
1 27.083333 21.500000
2 19.520833 17.614583
3 16.661458 15.239583
4 16.661458 14.125000
1 26.583333 21.500000
2 22.166667 17.427083
3 20.549479 15.611979
4 17.010417 14.098958
1 27.083333 21.500000
2 18.416667 18.000000
3 16.104167 15.718750
4 15.083333 15.031250
../TreeLifeData_small/COG0069.newick
1 12.000000 12.000000
2 9.000000 9.000000
3 7.000000 7.000000
4 7.000000 7.000000
1 12.000000 12.000000
2 10.000000 10.000000
3 7.500000 7.500000
4 6.312500 5.437500
1 12.000000 12.000000
2 8.500000 8.500000
3 6.500000 6.500000
4 5.562500 5.437500
1 12.000000 12.000000
2 12.000000 12.000000
3 8.000000 8.000000
4 6.750000 6.125000
1 12.000000 12.000000
2 10.000000 10.000000
3 7.000000 7.000000
4 5.687500 5.687500
../TreeLifeData_small/COG0066.newick
1 23.250000 22.750000
2 19.250000 18.750000
3 16.425781 15.929688
4 15.287109 14.839844
1 23.250000 22.750000
2 20.625000 19.812500
3 17.531250 17.250000
4 16.882812 16.367188
1 23.250000 22.750000
2 20.656250 19.468750
3 17.617188 17.015625
4 16.007812 15.566406
1 23.250000 22.750000
2 19.375000 18.968750
3 16.750000 16.429688
4 15.367188 15.011719
1 23.250000 22.750000
2 18.609375 17.968750
3 17.476562 17.187500
4 16.191406 15.875000
../TreeLifeData_small/COG0067.newick
1 26.166667 24.333333
2 20.951389 20.951389
3 19.444444 19.444444
4 18.469618 18.469618
1 26.166667 24.333333
2 21.354167 20.687500
3 19.954861 19.296875
4 18.553819 18.553819
1 26.166667 24.333333
2 20.921875 19.833333
3 19.822917 18.671875
4 18.405382 17.672309
1 25.000000 24.333333
2 20.916667 20.916667
3 20.097222 19.784722
4 18.429688 17.973958
1 26.166667 24.333333
2 20.743056 20.243056
3 19.878472 19.190972
4 18.733507 18.039931
../TreeLifeData_small/COG0073.newick
1 22.326531 21.265306
2 18.204082 17.285714
3 17.158163 16.234694
4 16.288265 14.923469
1 22.326531 21.265306
2 17.438776 16.908163
3 16.344388 15.533163
4 15.015306 14.283163
1 22.244898 21.265306
2 19.000000 17.795918
3 16.933673 16.000000
4 15.938776 15.214286
1 22.612245 21.265306
2 19.612245 18.265306
3 18.341837 16.882653
4 16.234694 15.127551
1 21.795918 21.265306
2 19.061224 19.020408
3 17.091837 16.877551
4 16.653061 16.438776
../TreeLifeData_small/COG0074.newick
1 20.458333 19.041667
2 16.739583 15.708333
3 15.515625 14.661458
4 13.588542 13.588542
1 19.791667 19.041667
2 18.500000 17.541667
3 16.510417 15.427083
4 13.953125 13.348958
1 20.791667 19.041667
2 17.145833 16.145833
3 16.270833 15.520833
4 15.416667 14.666667
1 20.458333 19.041667
2 16.333333 15.312500
3 15.109375 14.567708
4 13.303385 13.303385
1 20.041667 19.041667
2 16.651042 15.729167
3 15.799479 14.791667
4 14.416667 13.846354
../TreeLifeData_small/COG0075.newick
1 25.000000 23.666667
2 19.736111 19.736111
3 18.800926 18.224537
4 17.268519 17.099537
1 24.333333 23.666667
2 20.314815 19.888889
3 19.393519 19.168981
4 17.802083 17.247685
1 25.000000 23.666667
2 19.991898 19.475694
3 18.115741 18.115741
4 17.118634 17.118634
1 23.666667 23.666667
2 20.703704 20.481481
3 19.004630 18.678241
4 17.539352 17.539352
1 26.333333 23.666667
2 21.652778 19.652778
3 19.951389 17.664931
4 18.782986 16.991898
../TreeLifeData_small/COG0071.newick
1 40.369048 38.952381
2 36.310516 35.502356
3 34.625535 34.145159
../TreeLifeData_small/COG0072.newick
1 36.500000 35.166667
2 32.958333 32.782407
3 30.763889 30.331019
4 27.619936 27.038773
1 36.333333 35.166667
2 31.135417 30.760417
3 28.224537 27.638021
4 26.707284 26.528465
1 36.500000 35.166667
2 30.704861 30.302083
3 28.614149 28.379774
4 27.194589 27.194589
1 37.000000 35.166667
2 31.833333 30.666667
3 29.447627 28.565683
4 27.293764 26.945023
1 37.166667 35.166667
2 32.729167 30.541667
3 28.825810 27.906395
4 27.297454 26.506655
../TreeLifeData_small/COG0077.newick
1 35.136364 28.303030
2 30.172348 25.515152
3 28.732008 23.469697
4 26.656092 22.085069
1 34.409091 28.303030
2 30.681818 25.559975
3 27.779356 23.651515
4 25.512153 22.270044
1 32.772727 28.303030
2 30.767677 25.875000
3 29.296086 24.366162
4 27.056187 22.325126
1 46.772727 28.303030
2 31.619634 24.504577
3 28.093908 23.844697
4 26.187579 21.587910
1 32.348485 28.303030
2 29.419192 25.353535
3 27.954545 23.839962
4 26.371528 22.112374
../TreeLifeData_small/COG0076.newick
1 30.383333 26.716667
2 25.690278 24.087500
3 24.359028 22.181944
4 23.838889 21.549306
1 32.883333 26.716667
2 27.200000 24.600000
3 24.550000 21.906250
4 22.957292 21.114931
1 31.383333 26.716667
2 26.017130 24.150000
3 23.919907 22.786111
4 22.360880 21.550694
1 31.050000 26.716667
2 28.800000 25.466667
3 25.458333 22.929167
4 22.947569 20.910069
1 30.883333 26.716667
2 25.758333 23.466667
3 23.446991 21.879167
4 21.642593 20.907639
../TreeLifeData_small/COG0079.newick
1 57.762372 53.729692
2 52.816868 49.650359
../TreeLifeData_small/COG0080.newick
1 27.833333 26.166667
2 24.518519 23.537037
3 21.868827 21.116512
4 20.483025 20.077160
1 27.166667 26.166667
2 23.351852 23.193673
3 21.074846 20.217207
4 20.417245 19.289738
1 28.500000 26.166667
2 25.500000 23.166667
3 24.125000 21.847222
4 22.120370 20.089120
1 27.833333 26.166667
2 23.777778 22.601852
3 21.550347 20.178819
4 20.261574 19.904707
1 28.500000 26.166667
2 26.166667 24.333333
3 22.619213 21.118056
4 21.452160 20.592593
../TreeLifeData_small/COG0078.newick
1 46.277778 43.444444
2 40.843195 38.281684
3 38.994968 36.256209
../TreeLifeData_small/COG0083.newick
1 21.000000 16.933333
2 17.000000 13.600000
3 12.766667 11.416667
4 10.750000 10.750000
1 20.333333 16.933333
2 16.833333 13.433333
3 15.666667 12.266667
4 15.166667 11.766667
1 20.333333 16.933333
2 13.900000 13.900000
3 11.366667 11.366667
4 9.841667 9.841667
1 17.533333 16.933333
2 12.566667 12.566667
3 10.825000 10.825000
4 9.725000 9.725000
1 17.533333 16.933333
2 14.333333 13.733333
3 11.866667 11.800000
4 11.233333 11.133333
../TreeLifeData_small/COG0081.newick
1 48.166667 47.666667
2 43.394531 42.106771
3 40.507921 38.847005
../TreeLifeData_small/COG0085.newick
../TreeLifeData_small/COG0082.newick
1 29.388889 27.611111
2 23.986111 22.944444
3 21.866319 21.155382
4 20.970486 19.402344
1 31.555556 27.611111
2 24.472222 23.072917
3 22.517361 21.609375
4 20.013889 19.665799
1 31.111111 27.611111
2 30.361111 25.388889
3 24.458333 22.642361
4 22.338542 20.088542
1 30.888889 27.611111
2 26.388889 23.611111
3 22.153646 20.142361
4 20.864583 19.055122
1 31.555556 27.611111
2 24.958333 22.784722
3 22.082031 20.126302
4 20.934462 19.214410
../TreeLifeData_small/COG0084.newick
1 27.833333 27.166667
2 23.958333 23.291667
3 21.321615 20.213542
4 19.669271 18.904297
1 28.833333 27.166667
2 24.500000 22.833333
3 22.750000 21.333333
4 21.358073 20.558594
1 27.833333 27.166667
2 23.968750 23.020833
3 21.058594 20.302083
4 19.078451 18.269857
1 27.166667 27.166667
2 21.760417 21.572917
3 20.027344 19.698242
4 18.455078 18.287435
1 28.166667 27.166667
2 23.203125 21.572917
3 21.011068 20.208984
4 19.791667 19.005859
../TreeLifeData_small/COG0089.newick
1 4.666667 4.333333
2 4.666667 3.333333
3 3.333333 2.000000
4 2.000000 2.000000
1 5.000000 4.333333
2 2.666667 2.666667
3 2.666667 2.666667
4 2.666667 2.666667
1 4.666667 4.333333
2 4.666667 3.333333
3 3.000000 3.000000
4 2.000000 1.333333
1 5.000000 4.333333
2 3.000000 2.666667
3 2.000000 2.000000
4 1.333333 1.333333
1 5.000000 4.333333
2 5.000000 3.333333
3 3.000000 2.666667
4 3.000000 2.666667
../TreeLifeData_small/COG0090.newick
1 29.750000 26.750000
2 23.886719 22.371094
3 22.957031 21.792969
4 20.664062 19.921875
1 34.750000 26.750000
2 24.029297 22.044922
3 21.279297 19.808594
4 20.353516 19.189453
1 28.375000 26.750000
2 24.343750 22.562500
3 21.984375 21.234375
4 19.761719 18.996094
1 34.750000 26.750000
2 23.921875 22.125000
3 20.066406 18.621094
4 18.513672 17.595703
1 34.750000 26.750000
2 30.750000 22.750000
3 27.468750 20.187500
4 21.957031 18.576172
../TreeLifeData_small/COG0088.newick
1 35.791667 31.958333
2 28.735677 27.178385
3 26.892578 25.892578
4 25.044922 24.300781
1 35.125000 31.958333
2 29.429688 27.528646
3 27.886719 26.298177
4 26.439453 25.365234
1 33.458333 31.958333
2 29.666667 28.796875
3 27.255534 26.048177
4 25.879883 25.131185
1 33.458333 31.958333
2 29.046875 28.145833
3 26.086426 25.736654
4 24.132975 23.954427
1 32.958333 31.958333
2 28.767578 28.425781
3 26.477214 26.252930
4 25.041829 24.722087
../TreeLifeData_small/COG0086.newick
1 14.000000 14.000000
2 8.750000 8.750000
3 7.625000 7.625000
4 6.500000 6.500000
1 14.000000 14.000000
2 11.000000 11.000000
3 11.000000 11.000000
4 8.750000 8.000000
1 14.000000 14.000000
2 9.500000 9.500000
3 8.000000 8.000000
4 7.000000 7.000000
1 14.000000 14.000000
2 9.500000 9.500000
3 8.000000 8.000000
4 6.750000 6.250000
1 14.000000 14.000000
2 9.500000 9.500000
3 7.625000 7.625000
4 6.750000 6.750000
../TreeLifeData_small/COG0087.newick
1 32.000000 31.333333
2 26.604167 25.708333
3 24.261285 24.010417
4 22.412543 22.223958
1 32.000000 31.333333
2 26.875000 26.541667
3 24.392361 23.861979
4 23.116753 22.446615
1 32.000000 31.333333
2 26.076389 25.708333
3 24.625000 24.625000
4 23.142361 23.142361
1 32.666667 31.333333
2 25.973958 25.239583
3 24.341146 23.767361
4 22.708333 22.352431
1 32.666667 31.333333
2 27.916667 27.250000
3 25.729167 25.062500
4 24.058160 23.272569
../TreeLifeData_small/COG0094.newick
1 27.333333 23.333333
2 23.750000 20.250000
3 21.645833 18.895833
4 19.437500 16.270833
1 29.500000 23.333333
2 23.875000 19.500000
3 22.229167 18.479167
4 17.791667 16.781250
1 27.333333 23.333333
2 22.208333 19.125000
3 18.072917 16.788194
4 17.038194 15.479167
1 26.000000 23.333333
2 20.777778 19.222222
3 19.281250 17.927083
4 16.951389 15.243056
1 25.333333 23.333333
2 20.208333 18.847222
3 19.260417 18.041667
4 17.833333 15.822917
../TreeLifeData_small/COG0092.newick
1 31.666667 30.333333
2 26.666667 25.333333
3 24.035807 22.702474
4 22.871745 21.538411
1 32.166667 30.333333
2 25.729167 25.229167
3 22.257812 21.904948
4 21.229818 20.909831
1 31.666667 30.333333
2 28.729167 27.395833
3 23.787760 23.787760
4 21.770182 21.770182
1 30.833333 30.333333
2 25.937500 25.437500
3 23.168294 22.893229
4 21.098958 20.928385
1 31.666667 30.333333
2 27.229167 25.708333
3 24.658854 23.325521
4 23.772135 22.438802
../TreeLifeData_small/COG0095.newick
1 28.333333 22.944444
2 24.638889 21.250000
3 23.055556 18.857253
4 20.357510 17.986111
1 26.944444 22.944444
2 23.379630 20.476852
3 22.912037 19.863426
4 20.005401 18.310185
1 29.611111 22.944444
2 23.229938 20.216821
3 22.788580 19.266975
4 19.995885 18.579733
1 25.833333 22.944444
2 21.344136 20.634259
3 19.722737 18.971193
4 18.465278 18.020319
1 28.555556 22.944444
2 24.201389 20.388889
3 20.926698 18.598765
4 19.870628 18.057099
../TreeLifeData_small/COG0091.newick
1 49.166667 43.700000
2 42.689583 39.865972
3 38.737785 36.501519
../TreeLifeData_small/COG0093.newick
1 45.966667 41.233333
2 40.626042 36.945833
3 36.550911 34.416016
4 34.319564 32.371549
1 46.900000 41.233333
2 43.025000 38.608333
3 36.657324 34.090658
4 35.007104 32.999935
1 43.966667 41.233333
2 38.149089 37.136393
3 34.849658 34.458838
