../TreeLifeData_small/COG0502.newick
1 47 52.0
2 40 43.3
3 33 41.0
4 32 39.1
../TreeLifeData_small/COG0504.newick
1 63 65.4
2 37 51.0
3 37 47.0
4 34 43.1
../TreeLifeData_small/COG0503.newick
1 71 72.6
2 45 58.7
3 44 56.9
4 41 50.8
../TreeLifeData_small/COG0500.newick
../TreeLifeData_small/COG0501.newick
1 103 108.7
2 83 95.8
3 74 90.2
4 72 88.0
../TreeLifeData_small/COG0507.newick
1 2 2.0
../TreeLifeData_small/COG0506.newick
1 27 29.0
2 17 22.1
3 16 18.8
4 13 18.0
../TreeLifeData_small/COG0505.newick
1 43 47.8
2 30 39.3
3 27 32.5
4 27 32.8
../TreeLifeData_small/COG0509.newick
1 68 71.6
2 52 62.0
3 45 55.6
4 44 55.0
../TreeLifeData_small/COG0508.newick
1 130 136.2
2 94 115.7
3 84 107.9
4 84 100.8
../TreeLifeData_small/COG0512.newick
1 12 13.8
2 10 11.4
3 8 9.8
4 4 8.8
../TreeLifeData_small/COG0511.newick
1 32 37.8
2 26 31.8
3 22 28.8
4 20 26.8
../TreeLifeData_small/COG0513.newick
../TreeLifeData_small/COG0510.newick
1 10 12.2
2 10 10.6
3 6 11.8
4 6 10.8
../TreeLifeData_small/COG0514.newick
1 36 40.2
2 32 33.7
3 27 34.3
4 23 31.5
../TreeLifeData_small/COG0515.newick
../TreeLifeData_small/COG0517.newick
1 4 5.8
2 4 5.0
../TreeLifeData_small/COG0519.newick
1 76 78.4
2 50 66.0
3 50 59.4
4 46 58.4
../TreeLifeData_small/COG0518.newick
1 13 12.2
2 12 11.2
3 9 10.4
4 8 10.4
../TreeLifeData_small/COG0516.newick
1 50 51.6
2 32 42.8
3 32 39.4
4 30 35.2
../TreeLifeData_small/COG0520.newick
../TreeLifeData_small/COG0524.newick
1 4 4.0
../TreeLifeData_small/COG0522.newick
../TreeLifeData_small/COG0521.newick
1 52 55.2
2 34 44.2
3 34 41.0
4 32 37.8
../TreeLifeData_small/COG0523.newick
1 67 69.2
2 46 57.0
3 44 53.4
4 41 49.8
