../TreeLifeData_small/COG0502.newick
1 47 51.4
2 40 44.8
3 33 40.0
4 32 38.7
../TreeLifeData_small/COG0503.newick
1 71 71.4
2 45 59.2
3 44 53.8
4 41 50.9
../TreeLifeData_small/COG0504.newick
1 63 65.2
2 37 52.5
3 37 47.9
4 34 43.0
../TreeLifeData_small/COG0501.newick
1 103 110.6
2 83 96.0
3 74 90.0
4 72 87.8
../TreeLifeData_small/COG0500.newick
../TreeLifeData_small/COG0507.newick
1 2 2.0
../TreeLifeData_small/COG0506.newick
1 27 29.0
2 17 21.0
3 16 21.3
4 13 17.9
../TreeLifeData_small/COG0505.newick
1 43 48.2
2 30 39.1
3 27 33.7
4 27 32.3
../TreeLifeData_small/COG0509.newick
1 68 72.2
2 52 62.0
3 45 55.9
4 44 55.5
../TreeLifeData_small/COG0508.newick
1 130 137.2
2 94 116.1
3 84 110.6
4 84 103.9
../TreeLifeData_small/COG0513.newick
../TreeLifeData_small/COG0512.newick
1 12 13.8
2 10 10.2
3 8 8.8
4 4 8.8
../TreeLifeData_small/COG0510.newick
1 10 12.8
2 10 11.4
3 6 9.8
4 6 9.4
../TreeLifeData_small/COG0514.newick
1 36 39.7
2 32 37.3
3 27 32.8
4 23 32.9
../TreeLifeData_small/COG0511.newick
1 32 37.2
2 26 31.8
3 22 27.8
4 20 25.4
