Start time: 2016-06-07:15:22:36
Current files: ../TreeLifeData_small/COG0071.newick,../TreeLifeData_small/COG0072.newick,../TreeLifeData_small/COG0073.newick,../TreeLifeData_small/COG0074.newick,../TreeLifeData_small/COG0075.newick
Loading reonciliation graph from cache
Loading reonciliation graph from cache
Loading reonciliation graph from cache
Loading reonciliation graph from cache
Loading reonciliation graph from cache
Found cluster representatives using point-collecting
Starting K Means algorithm ... 
Printing Average and Maximum cluster radius at each step
Found cluster representatives using point-collecting
Starting K Means algorithm ... 
Printing Average and Maximum cluster radius at each step
===========================
K means starting with k = 1, seed = 0
Size of graph: 410
===========================
K means starting with k = 1, seed = 0
Size of graph: 478
Found cluster representatives using point-collecting
Starting K Means algorithm ... 
Printing Average and Maximum cluster radius at each step
Early exit after 1 iterations
===========================
K means starting with k = 1, seed = 0
Size of graph: 437
Early exit after 2 iterations
Found cluster representatives using point-collecting
Found cluster representatives using point-collecting
Starting K Means algorithm ... 
Printing Average and Maximum cluster radius at each step
Starting K Means algorithm ... 
Printing Average and Maximum cluster radius at each step
===========================
K means starting with k = 1, seed = 0
Size of graph: 234
Early exit after 1 iterations
Early exit after 2 iterations
===========================
K means starting with k = 1, seed = 0
Size of graph: 435
Early exit after 1 iterations
===========================
K means starting with k = 2, seed = 0
Size of graph: 234
===========================
K means starting with k = 2, seed = 0
Size of graph: 410
Early exit after 1 iterations
Early exit after 1 iterations
===========================
K means starting with k = 2, seed = 0
Size of graph: 437
===========================
K means starting with k = 2, seed = 0
Size of graph: 478
Early exit after 2 iterations
===========================
K means starting with k = 3, seed = 0
Size of graph: 234
Early exit after 2 iterations
Early exit after 1 iterations
===========================
K means starting with k = 2, seed = 0
Size of graph: 435
===========================
K means starting with k = 3, seed = 0
Size of graph: 410
===========================
K means starting with k = 4, seed = 0
Size of graph: 234
===========================
K means starting with k = 3, seed = 0
Size of graph: 437
Early exit after 1 iterations
Early exit after 1 iterations
Early exit after 1 iterations
Early exit after 2 iterations
===========================
K means starting with k = 4, seed = 0
Size of graph: 437
===========================
K means starting with k = 3, seed = 0
Size of graph: 478
Early exit after 3 iterations
Early exit after 2 iterations
===========================
K means starting with k = 4, seed = 0
Size of graph: 410
Early exit after 1 iterations
===========================
K means starting with k = 3, seed = 0
Size of graph: 435
Early exit after 1 iterations
===========================
K means starting with k = 4, seed = 0
Size of graph: 478
Early exit after 2 iterations
===========================
K means starting with k = 4, seed = 0
Size of graph: 435
Early exit after 3 iterations
Current files: ../TreeLifeData_small/COG0076.newick,../TreeLifeData_small/COG0077.newick,../TreeLifeData_small/COG0078.newick,../TreeLifeData_small/COG0079.newick,../TreeLifeData_small/COG0080.newick
Loading reonciliation graph from cache
Loading reonciliation graph from cache
Loading reonciliation graph from cache
Loading reonciliation graph from cache
Loading reonciliation graph from cache
Found cluster representatives using point-collecting
Starting K Means algorithm ... 
Printing Average and Maximum cluster radius at each step
===========================
K means starting with k = 1, seed = 0
Size of graph: 528
Found cluster representatives using point-collecting
Starting K Means algorithm ... 
Printing Average and Maximum cluster radius at each step
Found cluster representatives using point-collecting
Starting K Means algorithm ... 
Printing Average and Maximum cluster radius at each step
===========================
K means starting with k = 1, seed = 0
Size of graph: 605
===========================
K means starting with k = 1, seed = 0
Size of graph: 593
Early exit after 2 iterations
Early exit after 2 iterations
Early exit after 2 iterations
Found cluster representatives using point-collecting
Starting K Means algorithm ... 
Printing Average and Maximum cluster radius at each step
===========================
K means starting with k = 1, seed = 0
Size of graph: 822
Found cluster representatives using point-collecting
Starting K Means algorithm ... 
Printing Average and Maximum cluster radius at each step
===========================
K means starting with k = 1, seed = 0
Size of graph: 501
Early exit after 2 iterations
Early exit after 2 iterations
===========================
K means starting with k = 2, seed = 0
Size of graph: 593
===========================
K means starting with k = 2, seed = 0
Size of graph: 501
===========================
K means starting with k = 2, seed = 0
Size of graph: 605
Early exit after 2 iterations
Early exit after 2 iterations
===========================
K means starting with k = 2, seed = 0
Size of graph: 528
Early exit after 2 iterations
Early exit after 2 iterations
===========================
K means starting with k = 3, seed = 0
Size of graph: 501
Early exit after 2 iterations
===========================
K means starting with k = 3, seed = 0
Size of graph: 593
Early exit after 1 iterations
===========================
K means starting with k = 2, seed = 0
Size of graph: 822
===========================
K means starting with k = 3, seed = 0
Size of graph: 605
Early exit after 2 iterations
===========================
K means starting with k = 4, seed = 0
Size of graph: 501
Early exit after 2 iterations
Early exit after 2 iterations
===========================
K means starting with k = 4, seed = 0
Size of graph: 593
Early exit after 1 iterations
===========================
K means starting with k = 3, seed = 0
Size of graph: 528
===========================
K means starting with k = 4, seed = 0
Size of graph: 605
Early exit after 2 iterations
Early exit after 3 iterations
===========================
K means starting with k = 4, seed = 0
Size of graph: 528
Early exit after 3 iterations
Current files: ../TreeLifeData_small/COG0081.newick,../TreeLifeData_small/COG0082.newick,../TreeLifeData_small/COG0083.newick,../TreeLifeData_small/COG0084.newick,../TreeLifeData_small/COG0085.newick
Loading reonciliation graph from cache
Loading reonciliation graph from cache
A reconciliation graph has not been built yet for this newick file
Doing so now and caching it in {./cache/COG0085.newick.graph}...
Loading reonciliation graph from cache
Loading reonciliation graph from cache
Found cluster representatives using point-collecting
Starting K Means algorithm ... 
Printing Average and Maximum cluster radius at each step
Found cluster representatives using point-collecting
Starting K Means algorithm ... 
Printing Average and Maximum cluster radius at each step
Found cluster representatives using point-collecting
Starting K Means algorithm ... 
Printing Average and Maximum cluster radius at each step
===========================
K means starting with k = 1, seed = 0
Found cluster representatives using point-collecting
Size of graph: 282
Starting K Means algorithm ... 
Printing Average and Maximum cluster radius at each step
===========================
K means starting with k = 1, seed = 0
Size of graph: 454
===========================
K means starting with k = 1, seed = 0
Size of graph: 451
Early exit after 2 iterations
Early exit after 1 iterations
Early exit after 2 iterations
===========================
K means starting with k = 1, seed = 0
Size of graph: 649
===========================
K means starting with k = 2, seed = 0
Size of graph: 282
Early exit after 1 iterations
Early exit after 1 iterations
===========================
K means starting with k = 3, seed = 0
Size of graph: 282
Early exit after 1 iterations
===========================
K means starting with k = 2, seed = 0
Size of graph: 451
===========================
K means starting with k = 2, seed = 0
Size of graph: 454
Early exit after 1 iterations
Early exit after 2 iterations
===========================
K means starting with k = 4, seed = 0
Size of graph: 282
Early exit after 1 iterations
===========================
K means starting with k = 2, seed = 0
Size of graph: 649
===========================
K means starting with k = 3, seed = 0
Size of graph: 451
===========================
K means starting with k = 3, seed = 0
Size of graph: 454
Early exit after 2 iterations
Early exit after 2 iterations
Early exit after 2 iterations
===========================
K means starting with k = 4, seed = 0
Size of graph: 451
===========================
K means starting with k = 4, seed = 0
Size of graph: 454
Early exit after 2 iterations
Early exit after 2 iterations
===========================
K means starting with k = 3, seed = 0
Size of graph: 649
Early exit after 2 iterations
===========================
K means starting with k = 4, seed = 0
Size of graph: 649
Early exit after 2 iterations
Current files: ../TreeLifeData_small/COG0086.newick,../TreeLifeData_small/COG0087.newick,../TreeLifeData_small/COG0088.newick,../TreeLifeData_small/COG0089.newick,../TreeLifeData_small/COG0090.newick
Loading reonciliation graph from cache
Found cluster representatives using point-collecting
Loading reonciliation graph from cache
Starting K Means algorithm ... 
Printing Average and Maximum cluster radius at each step
Loading reonciliation graph from cache
Loading reonciliation graph from cache
===========================
K means starting with k = 1, seed = 0
Size of graph: 42
Loading reonciliation graph from cache
Early exit after 1 iterations
Found cluster representatives using point-collecting
Starting K Means algorithm ... 
Printing Average and Maximum cluster radius at each step
===========================
K means starting with k = 1, seed = 0
Size of graph: 293
Early exit after 1 iterations
===========================
K means starting with k = 2, seed = 0
Size of graph: 42
Early exit after 1 iterations
Found cluster representatives using point-collecting
Starting K Means algorithm ... 
Printing Average and Maximum cluster radius at each step
===========================
K means starting with k = 3, seed = 0
Size of graph: 42
Early exit after 1 iterations
Found cluster representatives using point-collecting
Found cluster representatives using point-collecting
Starting K Means algorithm ... 
Printing Average and Maximum cluster radius at each step
Starting K Means algorithm ... 
Printing Average and Maximum cluster radius at each step
===========================
K means starting with k = 4, seed = 0
Size of graph: 42
Early exit after 1 iterations
===========================
K means starting with k = 1, seed = 0
Size of graph: 541
===========================
K means starting with k = 1, seed = 0
Size of graph: 584
===========================
K means starting with k = 1, seed = 0
Size of graph: 523
Early exit after 1 iterations
===========================
K means starting with k = 2, seed = 0
Size of graph: 293
Early exit after 1 iterations
Early exit after 1 iterations
Early exit after 2 iterations
===========================
K means starting with k = 3, seed = 0
Size of graph: 293
Early exit after 1 iterations
===========================
K means starting with k = 4, seed = 0
Size of graph: 293
Early exit after 2 iterations
===========================
K means starting with k = 2, seed = 0
Size of graph: 541
===========================
K means starting with k = 2, seed = 0
Size of graph: 584
Early exit after 1 iterations
Early exit after 2 iterations
===========================
K means starting with k = 2, seed = 0
Size of graph: 523
Early exit after 1 iterations
===========================
K means starting with k = 3, seed = 0
Size of graph: 541
===========================
K means starting with k = 3, seed = 0
Size of graph: 584
Early exit after 1 iterations
Early exit after 2 iterations
===========================
K means starting with k = 3, seed = 0
Size of graph: 523
===========================
K means starting with k = 4, seed = 0
Size of graph: 541
Early exit after 2 iterations
Early exit after 2 iterations
===========================
K means starting with k = 4, seed = 0
Size of graph: 584
Early exit after 1 iterations
===========================
K means starting with k = 4, seed = 0
Size of graph: 523
Early exit after 1 iterations
Current files: ../TreeLifeData_small/COG0091.newick,../TreeLifeData_small/COG0092.newick,../TreeLifeData_small/COG0093.newick,../TreeLifeData_small/COG0094.newick,../TreeLifeData_small/COG0095.newick
Loading reonciliation graph from cache
Loading reonciliation graph from cache
Loading reonciliation graph from cache
Loading reonciliation graph from cache
Loading reonciliation graph from cache
Found cluster representatives using point-collecting
Found cluster representatives using point-collecting
Starting K Means algorithm ... 
Printing Average and Maximum cluster radius at each step
Starting K Means algorithm ... 
Printing Average and Maximum cluster radius at each step
Found cluster representatives using point-collecting
Starting K Means algorithm ... 
Printing Average and Maximum cluster radius at each step
===========================
K means starting with k = 1, seed = 0
Size of graph: 354
Found cluster representatives using point-collecting
Starting K Means algorithm ... 
Printing Average and Maximum cluster radius at each step
===========================
K means starting with k = 1, seed = 0
Size of graph: 518
===========================
K means starting with k = 1, seed = 0
Size of graph: 427
Early exit after 1 iterations
Early exit after 2 iterations
Early exit after 1 iterations
===========================
K means starting with k = 1, seed = 0
Size of graph: 707
Found cluster representatives using point-collecting
Starting K Means algorithm ... 
Printing Average and Maximum cluster radius at each step
===========================
K means starting with k = 1, seed = 0
Size of graph: 559
Early exit after 2 iterations
===========================
K means starting with k = 2, seed = 0
Size of graph: 518
Early exit after 2 iterations
===========================
K means starting with k = 2, seed = 0
Size of graph: 354
Early exit after 1 iterations
===========================
K means starting with k = 2, seed = 0
Size of graph: 427
Early exit after 2 iterations
Early exit after 2 iterations
===========================
K means starting with k = 3, seed = 0
Size of graph: 518
===========================
K means starting with k = 2, seed = 0
Size of graph: 559
Early exit after 2 iterations
===========================
K means starting with k = 3, seed = 0
Size of graph: 427
===========================
K means starting with k = 3, seed = 0
Size of graph: 354
Early exit after 2 iterations
===========================
K means starting with k = 2, seed = 0
Size of graph: 707
Early exit after 2 iterations
Early exit after 2 iterations
===========================
K means starting with k = 4, seed = 0
Size of graph: 518
Early exit after 1 iterations
Early exit after 2 iterations
===========================
K means starting with k = 4, seed = 0
Size of graph: 427
Early exit after 2 iterations
===========================
K means starting with k = 4, seed = 0
Size of graph: 354
Early exit after 2 iterations
===========================
K means starting with k = 3, seed = 0
Size of graph: 559
Early exit after 2 iterations
===========================
K means starting with k = 3, seed = 0
Size of graph: 707
Early exit after 2 iterations
===========================
K means starting with k = 4, seed = 0
Size of graph: 559
Early exit after 1 iterations
Current files: ../TreeLifeData_small/COG0096.newick,../TreeLifeData_small/COG0097.newick,../TreeLifeData_small/COG0098.newick,../TreeLifeData_small/COG0099.newick,../TreeLifeData_small/COG0100.newick
Loading reonciliation graph from cache
Loading reonciliation graph from cache
Loading reonciliation graph from cache
Loading reonciliation graph from cache
Loading reonciliation graph from cache
Found cluster representatives using point-collecting
Starting K Means algorithm ... 
Printing Average and Maximum cluster radius at each step
Found cluster representatives using point-collecting
Starting K Means algorithm ... 
Printing Average and Maximum cluster radius at each step
===========================
K means starting with k = 1, seed = 0
Size of graph: 676
===========================
K means starting with k = 1, seed = 0
Size of graph: 590
Found cluster representatives using point-collecting
Starting K Means algorithm ... 
Printing Average and Maximum cluster radius at each step
Early exit after 2 iterations
Early exit after 2 iterations
===========================
K means starting with k = 1, seed = 0
Size of graph: 627
Early exit after 2 iterations
===========================
K means starting with k = 2, seed = 0
Size of graph: 676
Found cluster representatives using point-collecting
Starting K Means algorithm ... 
Printing Average and Maximum cluster radius at each step
===========================
K means starting with k = 1, seed = 0
Size of graph: 607
Early exit after 2 iterations
===========================
K means starting with k = 2, seed = 0
Size of graph: 590
Found cluster representatives using point-collecting
Starting K Means algorithm ... 
Printing Average and Maximum cluster radius at each step
===========================
K means starting with k = 1, seed = 0
Size of graph: 592
===========================
K means starting with k = 2, seed = 0
Size of graph: 607
Early exit after 2 iterations
Early exit after 2 iterations
Early exit after 2 iterations
Early exit after 2 iterations
===========================
K means starting with k = 2, seed = 0
Size of graph: 592
===========================
K means starting with k = 2, seed = 0
Size of graph: 627
Early exit after 2 iterations
===========================
K means starting with k = 3, seed = 0
Size of graph: 607
Early exit after 2 iterations
Early exit after 2 iterations
===========================
K means starting with k = 3, seed = 0
Size of graph: 676
Early exit after 1 iterations
===========================
K means starting with k = 3, seed = 0
Size of graph: 592
===========================
K means starting with k = 3, seed = 0
Size of graph: 590
Early exit after 2 iterations
Early exit after 1 iterations
===========================
K means starting with k = 4, seed = 0
Size of graph: 607
Early exit after 2 iterations
===========================
K means starting with k = 4, seed = 0
Size of graph: 676
Early exit after 1 iterations
===========================
K means starting with k = 3, seed = 0
Size of graph: 627
===========================
K means starting with k = 4, seed = 0
Size of graph: 592
Early exit after 1 iterations
===========================
K means starting with k = 4, seed = 0
Size of graph: 590
Early exit after 2 iterations
Early exit after 2 iterations
End time: Wed Jun  8 04:43:20 PDT 2016
