Loading reonciliation graph from cache
Loading reonciliation graph from cache
Loading reonciliation graph from cache
Loading reonciliation graph from cache
Loading reonciliation graph from cache
Found cluster representatives using point-collecting
Starting K-centers algorithm ... 
Found cluster representatives using point-collecting
Starting K-centers algorithm ... 
Found cluster representatives using point-collecting
Starting K-centers algorithm ... 
Found cluster representatives using point-collecting
Starting K-centers algorithm ... 
Found cluster representatives using point-collecting
Starting K-centers algorithm ... 
Loading reonciliation graph from cache
Loading reonciliation graph from cache
Loading reonciliation graph from cache
Loading reonciliation graph from cache
Found cluster representatives using point-collecting
Loading reonciliation graph from cache
Starting K-centers algorithm ... 
Found cluster representatives using point-collecting
Found cluster representatives using point-collecting
Starting K-centers algorithm ... 
Starting K-centers algorithm ... 
Found cluster representatives using point-collecting
Starting K-centers algorithm ... 
Found cluster representatives using point-collecting
Starting K-centers algorithm ... 
experiment_kcenters.sh: line 63: ython: command not found
experiment_kcenters.sh: line 65: syntax error near unexpected token `done'
experiment_kcenters.sh: line 65: `done'
