k = 1
37.202555 54.000000 0.000000 0.000000
26.905109 58.000000 0.000000 0.000000
26.905109 58.000000 0.000000 0.000000
k = 2
34.370438 51.000000 0.229342 4.295715
23.509124 51.000000 0.441183 2.238132
23.314553 50.000000 0.399991 2.449933
23.247035 50.000000 0.444493 2.210786
23.121807 51.000000 0.358499 2.716626
23.121807 51.000000 0.358499 2.716626
k = 3
33.981752 50.000000 0.231079 3.341633
23.110173 47.000000 0.446659 1.788415
22.793339 47.000000 0.281207 2.367797
22.793339 47.000000 0.281207 2.367797
k = 4
33.914234 50.000000 0.144846 5.299963
21.177121 49.000000 0.234003 3.112598
20.881045 50.000000 0.235258 3.198478
20.881045 50.000000 0.235258 3.198478
