k = 1
50.301961 89.000000 0.000000 0.000000
47.372549 87.000000 0.000000 0.000000
47.372549 87.000000 0.000000 0.000000
k = 2
39.185784 72.000000 0.692831 1.424008
36.901961 71.000000 0.538117 1.845833
36.901961 71.000000 0.403587 2.461111
36.901961 71.000000 0.403587 2.461111
k = 3
35.877145 63.000000 0.431637 1.885298
34.394608 63.000000 0.443239 1.917786
34.021446 63.000000 0.443239 1.923696
33.867034 63.000000 0.443239 1.964613
33.867034 63.000000 0.443239 1.964613
k = 4
33.302604 59.000000 0.470917 2.079118
32.111060 57.000000 0.462027 2.072702
31.995711 57.000000 0.465626 1.954569
31.905178 57.000000 0.467746 2.002177
31.849571 57.000000 0.468239 2.057668
31.849571 57.000000 0.468239 2.057668
