k = 1
48.707359 71.000000 0.000000 0.000000
36.101732 68.000000 0.000000 0.000000
36.101732 68.000000 0.000000 0.000000
k = 2
45.085200 65.000000 0.242976 4.099730
32.751082 62.000000 0.213733 4.678726
32.624459 62.000000 0.273976 3.623749
32.624459 62.000000 0.273976 3.623749
k = 3
36.975561 60.000000 0.280783 2.880018
30.279654 60.000000 0.293298 2.913817
30.090206 60.000000 0.295914 2.884373
30.090206 60.000000 0.295914 2.884373
k = 4
32.583404 54.000000 0.314134 2.376510
29.077770 53.000000 0.643402 1.477387
28.785887 54.000000 0.631986 1.540141
28.753889 56.000000 0.568214 1.631239
28.753889 56.000000 0.568214 1.631239
