Start time: 2016-06-30:16:09:03
FILE:  ../TreeLifeData/COG3833.newick
A reconciliation graph has not been built yet for this newick file
Doing so now and caching it in {./cache/COG3833.newick.graph}...
Loading reonciliation graph from cache
Starting K-centers algorithm ... 
Finished k centers algorithm ...
FILE:  ../TreeLifeData/COG3785.newick
A reconciliation graph has not been built yet for this newick file
Doing so now and caching it in {./cache/COG3785.newick.graph}...
Loading reonciliation graph from cache
Starting K-centers algorithm ... 
Distance vector contains 0 [0]
Finished k centers algorithm ...
FILE:  ../TreeLifeData/COG0531.newick
A reconciliation graph has not been built yet for this newick file
Doing so now and caching it in {./cache/COG0531.newick.graph}...
Loading reonciliation graph from cache
Starting K-centers algorithm ... 
Traceback (most recent call last):
  File "k_centers.py", line 146, in <module>
    [run_test(fileName, max_k) for fileName in fileNames.split(',')]
  File "k_centers.py", line 116, in run_test
    d, newrep = maximize(graph,representatives)
  File "k_centers.py", line 65, in maximize
    pareto_values[n] = reduce(add_valuelists, [ [ (value(n), set([n])) ] ] + child_values)
  File "k_centers.py", line 37, in add_valuelists
    for value2, eventset2 in valuelist2 ]
MemoryError
FILE:  ../TreeLifeData/COG1428.newick
Loading reonciliation graph from cache
Starting K-centers algorithm ... 
Finished k centers algorithm ...
FILE:  ../TreeLifeData/COG5218.newick
Loading reonciliation graph from cache
Starting K-centers algorithm ... 
Distance vector contains 0 [0]
Finished k centers algorithm ...
FILE:  ../TreeLifeData/COG1781.newick
Loading reonciliation graph from cache
Starting K-centers algorithm ... 
Distance vector contains 0 [4, 6, 0, 6]
Finished k centers algorithm ...
FILE:  ../TreeLifeData/COG1321.newick
Loading reonciliation graph from cache
Starting K-centers algorithm ... 
Finished k centers algorithm ...
FILE:  ../TreeLifeData/COG0713.newick
Loading reonciliation graph from cache
Starting K-centers algorithm ... 
Finished k centers algorithm ...
FILE:  ../TreeLifeData/COG3108.newick
Loading reonciliation graph from cache
Starting K-centers algorithm ... 
Finished k centers algorithm ...
FILE:  ../TreeLifeData/COG1031.newick
Loading reonciliation graph from cache
Starting K-centers algorithm ... 
Distance vector contains 0 [0]
Finished k centers algorithm ...
FILE:  ../TreeLifeData/COG0821.newick
Loading reonciliation graph from cache
Starting K-centers algorithm ... 
Finished k centers algorithm ...
FILE:  ../TreeLifeData/COG0386.newick
Loading reonciliation graph from cache
Starting K-centers algorithm ... 
Finished k centers algorithm ...
FILE:  ../TreeLifeData/COG1578.newick
Loading reonciliation graph from cache
Starting K-centers algorithm ... 
FILE:  ../TreeLifeData/COG1682.newick
Loading reonciliation graph from cache
Starting K-centers algorithm ... 
Finished k centers algorithm ...
FILE:  ../TreeLifeData/COG5653.newick
Loading reonciliation graph from cache
Starting K-centers algorithm ... 
Distance vector contains 0 [0, 5]
Finished k centers algorithm ...
FILE:  ../TreeLifeData/COG0698.newick
Loading reonciliation graph from cache
Starting K-centers algorithm ... 
Finished k centers algorithm ...
FILE:  ../TreeLifeData/COG0644.newick
Loading reonciliation graph from cache
Starting K-centers algorithm ... 
Finished k centers algorithm ...
FILE:  ../TreeLifeData/COG4027.newick
Loading reonciliation graph from cache
Starting K-centers algorithm ... 
Distance vector contains 0 [2, 0]
Finished k centers algorithm ...
FILE:  ../TreeLifeData/COG2014.newick
Loading reonciliation graph from cache
Starting K-centers algorithm ... 
Distance vector contains 0 [0, 4]
Finished k centers algorithm ...
FILE:  ../TreeLifeData/COG1197.newick
Loading reonciliation graph from cache
Starting K-centers algorithm ... 
Finished k centers algorithm ...
FILE:  ../TreeLifeData/COG1826.newick
Loading reonciliation graph from cache
Starting K-centers algorithm ... 
Finished k centers algorithm ...
FILE:  ../TreeLifeData/COG1928.newick
Loading reonciliation graph from cache
Starting K-centers algorithm ... 
Distance vector contains 0 [0]
Finished k centers algorithm ...
FILE:  ../TreeLifeData/COG1933.newick
Loading reonciliation graph from cache
Starting K-centers algorithm ... 
Finished k centers algorithm ...
FILE:  ../TreeLifeData/COG5323.newick
Loading reonciliation graph from cache
Starting K-centers algorithm ... 
Distance vector contains 0 [0, 8, 4, 8]
Finished k centers algorithm ...
FILE:  ../TreeLifeData/COG1862.newick
Loading reonciliation graph from cache
Starting K-centers algorithm ... 
Finished k centers algorithm ...
FILE:  ../TreeLifeData/COG4095.newick
Loading reonciliation graph from cache
Starting K-centers algorithm ... 
Distance vector contains 0 [4, 0, 4]
Finished k centers algorithm ...
FILE:  ../TreeLifeData/COG0364.newick
Loading reonciliation graph from cache
Starting K-centers algorithm ... 
Finished k centers algorithm ...
FILE:  ../TreeLifeData/COG1492.newick
Loading reonciliation graph from cache
Starting K-centers algorithm ... 
Finished k centers algorithm ...
FILE:  ../TreeLifeData/COG0766.newick
A reconciliation graph has not been built yet for this newick file
Doing so now and caching it in {./cache/COG0766.newick.graph}...
Loading reonciliation graph from cache
Starting K-centers algorithm ... 
Finished k centers algorithm ...
FILE:  ../TreeLifeData/COG5663.newick
A reconciliation graph has not been built yet for this newick file
Doing so now and caching it in {./cache/COG5663.newick.graph}...
Loading reonciliation graph from cache
Starting K-centers algorithm ... 
Distance vector contains 0 [0, 2]
Finished k centers algorithm ...
FILE:  ../TreeLifeData/COG4695.newick
A reconciliation graph has not been built yet for this newick file
Doing so now and caching it in {./cache/COG4695.newick.graph}...
Loading reonciliation graph from cache
Starting K-centers algorithm ... 
Finished k centers algorithm ...
FILE:  ../TreeLifeData/COG5525.newick
A reconciliation graph has not been built yet for this newick file
Doing so now and caching it in {./cache/COG5525.newick.graph}...
Loading reonciliation graph from cache
Starting K-centers algorithm ... 
Finished k centers algorithm ...
FILE:  ../TreeLifeData/COG3201.newick
A reconciliation graph has not been built yet for this newick file
Doing so now and caching it in {./cache/COG3201.newick.graph}...
Loading reonciliation graph from cache
Starting K-centers algorithm ... 
Distance vector contains 0 [0, 4]
Finished k centers algorithm ...
FILE:  ../TreeLifeData/COG3459.newick
A reconciliation graph has not been built yet for this newick file
Doing so now and caching it in {./cache/COG3459.newick.graph}...
Loading reonciliation graph from cache
Starting K-centers algorithm ... 
Distance vector contains 0 [0, 6, 4]
Finished k centers algorithm ...
FILE:  ../TreeLifeData/COG2264.newick
A reconciliation graph has not been built yet for this newick file
Doing so now and caching it in {./cache/COG2264.newick.graph}...
Loading reonciliation graph from cache
Starting K-centers algorithm ... 
Finished k centers algorithm ...
FILE:  ../TreeLifeData/COG0459.newick
A reconciliation graph has not been built yet for this newick file
Doing so now and caching it in {./cache/COG0459.newick.graph}...
Loading reonciliation graph from cache
Starting K-centers algorithm ... 
Distance vector contains 0 [0, 6]
Finished k centers algorithm ...
FILE:  ../TreeLifeData/COG2607.newick
A reconciliation graph has not been built yet for this newick file
Doing so now and caching it in {./cache/COG2607.newick.graph}...
Loading reonciliation graph from cache
Starting K-centers algorithm ... 
Distance vector contains 0 [0, 6]
Finished k centers algorithm ...
FILE:  ../TreeLifeData/COG5412.newick
A reconciliation graph has not been built yet for this newick file
Doing so now and caching it in {./cache/COG5412.newick.graph}...
Loading reonciliation graph from cache
Starting K-centers algorithm ... 
Finished k centers algorithm ...
FILE:  ../TreeLifeData/COG3204.newick
A reconciliation graph has not been built yet for this newick file
Doing so now and caching it in {./cache/COG3204.newick.graph}...
Loading reonciliation graph from cache
Starting K-centers algorithm ... 
Distance vector contains 0 [0, 4]
Finished k centers algorithm ...
FILE:  ../TreeLifeData/COG0835.newick
A reconciliation graph has not been built yet for this newick file
Doing so now and caching it in {./cache/COG0835.newick.graph}...
Loading reonciliation graph from cache
Starting K-centers algorithm ... 
