../TreeLifeData/COG0292.newick
1 55 62.0
2 44 52.7
3 36 47.7
4 36 44.8
../TreeLifeData/COG0616.newick
1 73 79.6
2 59 68.9
3 51 63.2
4 51 59.8
../TreeLifeData/COG1304.newick
1 75 80.0
2 62 70.5
3 54 63.9
4 52 61.5
../TreeLifeData/COG1247.newick
1 54 56.2
2 38 44.4
3 32 40.2
4 28 39.4
../TreeLifeData/COG2217.newick
1 133 134.6
../TreeLifeData/COG0100.newick
1 109 109.6
2 72 91.2
3 69 84.5
4 66 80.4
../TreeLifeData/COG0821.newick
1 64 65.0
2 44 52.8
3 44 51.2
4 42 48.2
../TreeLifeData/COG1162.newick
1 44 44.8
2 29 35.8
3 27 33.5
4 25 29.8
../TreeLifeData/COG2216.newick
1 20 23.2
2 18 20.2
3 16 19.0
4 16 17.4
../TreeLifeData/COG1944.newick
1 29 28.8
2 17 22.2
3 16 20.3
4 15 18.9
../TreeLifeData/COG0256.newick
1 48 50.4
2 33 40.6
3 29 37.0
4 28 34.8
../TreeLifeData/COG0059.newick
1 50 54.4
2 38 43.6
3 34 40.4
4 34 37.8
../TreeLifeData/COG2301.newick
1 54 56.4
2 44 48.6
3 40 47.4
4 38 44.9
../TreeLifeData/COG2264.newick
1 37 38.6
2 26 32.4
3 26 29.8
4 24 26.2
../TreeLifeData/COG1808.newick
1 29 30.4
2 21 24.8
3 19 22.9
4 18 20.8
../TreeLifeData/COG0071.newick
1 72 76.0
2 53 65.4
3 49 58.8
4 47 56.5
../TreeLifeData/COG1018.newick
1 131 133.8
2 105 117.1
3 94 112.2
../TreeLifeData/COG3505.newick
1 39 40.2
2 28 32.9
3 25 29.2
4 23 29.0
../TreeLifeData/COG0630.newick
1 44 42.2
2 27 36.9
3 27 31.4
4 24 29.8
../TreeLifeData/COG0123.newick
1 77 77.0
2 42 56.8
3 42 52.5
4 40 54.0
../TreeLifeData/COG3839.newick
1 230
../TreeLifeData/COG0736.newick
1 45 46.6
2 31 38.1
3 29 36.0
4 28 32.1
../TreeLifeData/COG1232.newick
1 26 27.8
2 16 21.8
3 16 18.2
4 14 17.6
../TreeLifeData/COG3152.newick
1 28 31.9
2 24 27.4
3 20 24.6
4 19 24.1
../TreeLifeData/COG1284.newick
1 53 58.2
2 43 46.4
3 35 44.6
4 33 41.6
../TreeLifeData/COG1073.newick
1 196 195.5
../TreeLifeData/COG1451.newick
1 58 60.9
2 46 55.0
3 43 48.3
4 42 46.0
../TreeLifeData/COG1042.newick
1 32 36.8
2 26 30.8
3 22 26.8
4 20 25.0
../TreeLifeData/COG1733.newick
1 109 113.5
../TreeLifeData/COG2089.newick
1 40 40.0
2 28 33.4
3 26 30.8
4 24 28.6
../TreeLifeData/COG2334.newick
1 31 32.0
2 24 28.0
3 22 26.8
4 21 24.4
../TreeLifeData/COG0017.newick
1 48 50.3
2 32 41.3
3 30 36.9
4 27 34.2
../TreeLifeData/COG0104.newick
1 61 62.4
2 33 46.2
3 33 43.8
4 33 41.4
../TreeLifeData/COG1048.newick
1 43 43.0
2 24 33.3
3 24 31.3
4 22 28.7
../TreeLifeData/COG1570.newick
1 37 37.0
2 20 26.8
3 19 24.5
4 18 21.3
../TreeLifeData/COG1135.newick
1 33 33.0
2 19 25.0
3 19 23.4
4 18 21.2
../TreeLifeData/COG1283.newick
1 32 34.4
2 26 29.7
3 23 26.5
4 21 26.7
../TreeLifeData/COG0064.newick
1 38 39.8
2 24 29.6
3 22 26.4
4 20 25.6
../TreeLifeData/COG4631.newick
1 29 30.2
2 18 24.9
3 17 20.9
4 14 20.0
../TreeLifeData/COG0233.newick
1 45 46.4
2 25 35.6
3 25 32.0
4 24 30.6
../TreeLifeData/COG0315.newick
1 79 82.4
2 57 71.1
3 54 67.1
4 44 58.7
../TreeLifeData/COG2812.newick
1 58 64.4
2 46 51.8
3 38 48.2
4 38 45.6
../TreeLifeData/COG0677.newick
1 38 40.8
2 26 32.4
3 24 30.8
4 22 28.8
../TreeLifeData/COG0298.newick
1 34 34.0
2 21 26.4
3 20 25.0
4 20 21.3
../TreeLifeData/COG0168.newick
1 61 69.3
2 52 60.4
3 46 54.0
4 41 50.4
../TreeLifeData/COG5059.newick
1 166 167.2
2 106 138.9
3 103 128.0
../TreeLifeData/COG0337.newick
1 65 65.0
2 50 57.7
3 46 54.9
4 44 51.5
../TreeLifeData/COG0321.newick
1 40 42.2
2 30 37.6
3 28 33.8
4 26 30.0
../TreeLifeData/COG0238.newick
1 50 55.2
2 38 45.4
3 34 41.2
4 34 39.0
../TreeLifeData/COG2156.newick
1 40 41.6
2 27 34.3
3 26 30.3
4 22 27.3
../TreeLifeData/COG4965.newick
1 49 48.2
2 32 44.0
3 24 40.5
4 22 34.6
../TreeLifeData/COG1418.newick
1 32 36.2
2 26 29.6
3 22 26.8
4 20 23.6
../TreeLifeData/COG1433.newick
1 39 37.6
2 30 32.8
3 22 27.7
4 18 26.0
../TreeLifeData/COG1222.newick
1 79 81.4
2 50 64.6
3 49 61.4
4 44 57.9
../TreeLifeData/COG2710.newick
1 92 95.8
2 66 81.8
3 63 74.7
4 59 69.9
../TreeLifeData/COG2169.newick
1 27 27.4
2 21 23.5
3 18 21.8
4 16 19.9
../TreeLifeData/COG0572.newick
1 63 67.0
2 42 51.4
3 40 48.7
4 38 46.5
../TreeLifeData/COG0190.newick
1 81 84.4
2 61 70.8
3 55 67.2
4 53 64.1
../TreeLifeData/COG0144.newick
1 86 88.4
2 55 72.6
3 54 65.2
4 47 60.8
../TreeLifeData/COG0291.newick
1 44 48.2
2 32 39.8
3 30 35.4
4 26 34.2
../TreeLifeData/COG0251.newick
1 42 45.8
2 34 40.8
3 32 37.4
4 28 36.4
../TreeLifeData/COG1619.newick
1 31 36.4
2 27 31.2
3 23 28.0
4 20 26.6
../TreeLifeData/COG0569.newick
1 59 63.5
2 49 55.5
3 41 51.1
4 41 46.9
../TreeLifeData/COG0124.newick
1 48 49.2
2 30 38.4
3 30 36.8
4 26 32.4
../TreeLifeData/COG0368.newick
1 42 47.2
2 34 39.0
3 28 36.8
4 28 33.8
../TreeLifeData/COG0564.newick
1 95 100.6
2 67 83.0
3 60 80.9
4 57 75.0
../TreeLifeData/COG2113.newick
1 33 36.8
2 28 32.6
3 25 29.4
4 24 28.5
../TreeLifeData/COG0299.newick
1 40 40.0
2 24 31.2
3 24 28.2
4 22 25.8
../TreeLifeData/COG4963.newick
1 23 24.4
2 17 19.7
3 15 17.7
4 14 16.5
../TreeLifeData/COG0126.newick
1 57 61.0
2 40 49.6
3 37 47.0
4 35 42.6
../TreeLifeData/COG0266.newick
1 50 52.4
2 32 40.8
3 30 37.0
4 28 34.8
../TreeLifeData/COG0634.newick
1 61 66.9
2 49 56.4
3 44 52.8
4 41 51.0
../TreeLifeData/COG2337.newick
1 42 42.8
2 26 36.6
3 26 29.4
4 22 31.2
../TreeLifeData/COG1501.newick
1 36 38.2
2 27 30.1
3 23 28.2
4 22 26.8
../TreeLifeData/COG0162.newick
1 40 43.4
2 28 35.6
3 26 31.8
4 24 28.6
../TreeLifeData/COG0690.newick
1 38 40.6
2 26 32.2
3 22 27.4
4 22 26.6
../TreeLifeData/COG0312.newick
1 48 52.7
2 38 44.7
3 35 42.0
4 34 40.9
../TreeLifeData/COG0201.newick
1 69 73.0
2 45 56.0
3 42 52.8
4 40 48.1
../TreeLifeData/COG1690.newick
1 29 30.2
2 21 25.9
3 20 23.0
4 18 21.4
../TreeLifeData/COG0097.newick
1 61 61.0
2 43 52.6
3 41 48.3
4 39 47.9
../TreeLifeData/COG2204.newick
1 124 131.2
2 89 107.1
3 83 102.2
../TreeLifeData/COG1198.newick
1 38 38.0
2 18 27.6
3 18 25.4
4 18 24.2
../TreeLifeData/COG2239.newick
1 34 36.2
2 26 29.6
3 22 26.6
4 20 25.0
../TreeLifeData/COG3568.newick
1 49 50.1
2 29 42.1
3 22 43.8
4 18 43.8
../TreeLifeData/COG1252.newick
1 91 96.5
2 64 82.3
3 59 73.7
4 58 72.1
../TreeLifeData/COG0750.newick
1 36 38.6
2 24 30.0
3 22 26.4
4 20 23.4
../TreeLifeData/COG2249.newick
1 51 52.0
2 32 41.9
3 32 37.1
4 32 35.9
../TreeLifeData/COG5272.newick
1 49 52.0
2 36 42.6
3 31 38.8
4 30 36.1
../TreeLifeData/COG0284.newick
1 45 48.3
2 36 39.7
3 33 38.4
4 31 35.4
../TreeLifeData/COG1172.newick
1 124 132.2
2 94 111.0
3 86 107.9
../TreeLifeData/COG1344.newick
1 81 80.6
2 61 72.7
3 58 65.1
4 53 66.1
../TreeLifeData/COG0082.newick
1 51 55.0
2 38 44.3
3 34 39.3
4 32 38.6
../TreeLifeData/COG3027.newick
1 28 28.2
2 18 23.0
3 18 20.8
4 16 20.2
../TreeLifeData/COG1947.newick
1 47 48.4
2 28 37.5
3 26 36.9
4 25 31.7
../TreeLifeData/COG0843.newick
1 74 76.6
2 52 60.3
3 49 59.4
4 41 54.9
../TreeLifeData/COG3181.newick
1 41 41.8
2 26 33.7
3 24 30.1
4 22 27.9
../TreeLifeData/COG0791.newick
1 135 141.3
../TreeLifeData/COG3315.newick
1 52 52.0
2 40 46.0
3 36 42.4
4 28 37.4
../TreeLifeData/COG4771.newick
1 34 36.9
2 29 31.8
3 25 28.0
4 24 28.1
../TreeLifeData/COG1368.newick
1 34 36.6
2 26 30.0
3 22 27.8
4 21 25.1
../TreeLifeData/COG0280.newick
1 81 87.5
2 65 74.1
3 60 70.1
4 57 67.5
../TreeLifeData/COG0803.newick
1 69 75.6
2 58 65.4
3 54 62.8
4 52 61.1
../TreeLifeData/COG0466.newick
1 42 44.8
2 26 35.6
3 26 31.0
4 24 27.4
../TreeLifeData/COG0607.newick
../TreeLifeData/COG0738.newick
1 45 47.2
2 30 38.4
3 29 33.8
4 26 31.2
../TreeLifeData/COG0303.newick
1 41 42.4
2 24 33.8
3 24 29.8
4 21 27.8
../TreeLifeData/COG0392.newick
1 47 47.7
2 35 39.4
3 30 36.6
4 29 35.1
../TreeLifeData/COG0836.newick
1 59 61.7
2 46 53.4
3 37 48.5
4 36 44.5
../TreeLifeData/COG0475.newick
1 90 98.1
2 65 78.1
3 62 75.5
4 58 71.5
../TreeLifeData/COG0523.newick
1 67 69.2
2 46 57.0
3 44 53.1
4 41 51.1
../TreeLifeData/COG0601.newick
1 204 216.3
../TreeLifeData/COG1286.newick
1 30 33.0
2 22 27.2
3 18 25.2
4 18 23.2
../TreeLifeData/COG0002.newick
1 56 58.2
2 38 47.8
3 36 43.8
4 34 42.0
../TreeLifeData/COG0622.newick
1 44 44.0
2 29 35.6
3 25 30.7
4 22 31.1
../TreeLifeData/COG0159.newick
1 58 60.6
2 40 50.4
3 40 47.4
4 36 44.2
../TreeLifeData/COG0529.newick
1 31 31.0
2 19 25.1
3 18 21.8
4 17 20.7
../TreeLifeData/COG0714.newick
1 44 47.4
2 32 39.2
3 30 35.8
4 26 32.8
../TreeLifeData/COG1972.newick
1 32 34.4
2 22 25.9
3 20 23.9
4 17 22.0
../TreeLifeData/COG0211.newick
1 44 48.7
2 39 43.9
3 36 42.1
4 36 38.5
../TreeLifeData/COG0011.newick
1 26 26.0
2 16 22.4
3 14 18.4
4 14 17.6
../TreeLifeData/COG2358.newick
1 46 47.2
2 37 41.7
3 33 39.3
4 31 38.1
../TreeLifeData/COG1764.newick
1 42 41.7
2 34 37.7
3 32 34.5
4 29 34.3
