../TreeLifeData/COG3833.newick
1 5.500000 5.500000 5.9
2 3.500000 3.500000 4.05
3 2.500000 2.500000 3.3
4 2.000000 2.000000 2.7
../TreeLifeData/COG3785.newick
1 0.000000 0.000000 0.0
2 0.000000 0.000000 0.0
3 0.000000 0.000000 0.0
4 0.000000 0.000000 0.0
../TreeLifeData/COG0531.newick
../TreeLifeData/COG1428.newick
1 6.500000 6.500000 6.5
2 3.250000 3.250000 4.475
3 2.625000 2.625000 3.5125
4 2.000000 2.000000 2.7875
../TreeLifeData/COG5218.newick
1 0.000000 0.000000 0.0
2 0.000000 0.000000 0.0
3 0.000000 0.000000 0.0
4 0.000000 0.000000 0.0
../TreeLifeData/COG1781.newick
1 3.500000 3.500000 3.7
2 2.000000 2.000000 2.55
3 1.000000 1.000000 1.7
4 0.000000 0.000000 1.3
../TreeLifeData/COG1321.newick
1 16.500000 16.500000 16.5
2 11.812500 11.812500 13.2125
3 11.062500 11.062500 11.3953125
4 10.484375 10.484375 10.60625
../TreeLifeData/COG0713.newick
1 28.788406 28.788406 32.9768115942
2 25.590217 25.169324 29.2218478261
3 24.024577 23.291184 25.7115398551
4 22.972403 22.367512 24.2200060386
../TreeLifeData/COG3108.newick
1 9.333333 9.333333 9.7
2 6.083333 6.083333 7.18333333333
3 5.416667 5.416667 5.825
4 4.833333 4.833333 4.925
../TreeLifeData/COG1031.newick
1 0.000000 0.000000 0.0
2 0.000000 0.000000 0.0
3 0.000000 0.000000 0.0
4 0.000000 0.000000 0.0
../TreeLifeData/COG0821.newick
1 35.705128 35.705128 37.6679487179
2 30.763472 30.763472 32.986076055
3 29.508948 29.508948 30.6096120459
4 28.703442 28.430055 28.7944043803
../TreeLifeData/COG0386.newick
1 14.333333 14.333333 15.6666666667
2 11.965278 11.965278 12.8534722222
3 10.736111 10.736111 11.5243055556
4 10.062500 10.062500 10.5326388889
../TreeLifeData/COG1578.newick
../TreeLifeData/COG1682.newick
1 41.666667 39.166667 45.3583333333
2 38.024837 36.499494 40.1094079004
3 36.171225 35.354969 37.4950816615
../TreeLifeData/COG5653.newick
1 2.500000 2.500000 2.5
2 0.000000 0.000000 1.25
3 0.000000 0.000000 1.0
4 0.000000 0.000000 0.25
../TreeLifeData/COG0698.newick
1 24.916667 24.916667 26.9333333333
2 21.467014 21.237269 22.856558642
3 19.674961 19.674961 20.5840084877
4 18.786265 18.786265 19.1820987654
../TreeLifeData/COG0644.newick
1 49.074394 49.074394 51.223644752
2 42.748886 42.080853 45.7532445454
3 40.939392 40.258348 41.7615022618
../TreeLifeData/COG4027.newick
../TreeLifeData/COG2014.newick
1 2.000000 2.000000 2.0
2 0.000000 0.000000 1.0
3 0.000000 0.000000 0.8
4 0.000000 0.000000 0.2
../TreeLifeData/COG1197.newick
1 6.000000 5.000000 5.63333333333
2 2.833333 2.833333 3.66666666667
3 2.000000 2.000000 2.71666666667
4 2.000000 2.000000 2.56666666667
../TreeLifeData/COG1826.newick
1 44.763158 44.763158 49.7859649123
2 40.144902 38.854132 41.9929721765
3 38.061255 37.405428 39.0104021039
4 36.768523 36.421144
../TreeLifeData/COG1928.newick
1 0.000000 0.000000 0.0
2 0.000000 0.000000 0.0
3 0.000000 0.000000 0.0
4 0.000000 0.000000 0.0
../TreeLifeData/COG1933.newick
1 5.600000 5.600000 5.96
2 2.800000 2.800000 4.44
3 1.600000 1.600000 3.68
4 0.800000 0.800000 3.52
../TreeLifeData/COG5323.newick
1 5.000000 5.000000 5.0
2 2.000000 2.000000 3.0
3 1.000000 1.000000 1.4
4 0.000000 0.000000 1.3
../TreeLifeData/COG1862.newick
1 16.000000 16.000000 16.2
2 10.703125 10.703125 13.075
3 9.421875 9.296875 10.203125
4 8.921875 8.921875 9.4671875
../TreeLifeData/COG4095.newick
../TreeLifeData/COG0364.newick
1 26.095238 26.095238 27.2047619048
2 20.989583 20.412202 22.4101934524
3 19.385789 19.235491 20.1549107143
4 18.601190 18.601190 18.839546131
../TreeLifeData/COG1492.newick
1 32.247024 32.247024 35.7144345238
2 28.181408 27.548782 31.083328683
3 26.606166 26.050037 28.3653087798
4 25.329520 24.806920 26.8995558966
../TreeLifeData/COG0766.newick
1 26.000000 26.000000 26.7428571429
2 20.403460 20.000000 22.2649553571
3 19.498884 18.924665 19.8609375
4 19.059152 18.526228 18.3943080357
../TreeLifeData/COG5663.newick
../TreeLifeData/COG4695.newick
1 9.250000 9.250000 9.96666666667
2 7.166667 7.166667 8.3125
3 6.083333 6.083333 7.1875
4 5.375000 5.375000 6.37916666667
../TreeLifeData/COG5525.newick
../TreeLifeData/COG3201.newick
1 2.000000 2.000000 2.0
2 0.000000 0.000000 1.0
3 0.000000 0.000000 0.8
4 0.000000 0.000000 0.2
../TreeLifeData/COG3459.newick
1 3.333333 3.333333 3.53333333333
2 1.333333 1.333333 2.66666666667
3 0.000000 0.000000 1.46666666667
4 0.000000 0.000000 1.13333333333
../TreeLifeData/COG2264.newick
1 20.850000 20.850000 23.8966666667
2 16.345833 16.345833 18.9370833333
3 15.179167 15.179167 17.0579166667
4 14.152083 13.970833 15.5747916667
../TreeLifeData/COG0459.newick
1 3.000000 3.000000 3.0
2 0.000000 0.000000 1.5
3 0.000000 0.000000 1.2
4 0.000000 0.000000 0.3
../TreeLifeData/COG2607.newick
1 3.000000 3.000000 3.0
2 0.000000 0.000000 1.5
3 0.000000 0.000000 1.2
4 0.000000 0.000000 0.3
../TreeLifeData/COG5412.newick
1 4.666667 4.666667 5.2
2 3.000000 3.000000 3.46666666667
3 2.000000 2.000000 2.6
4 2.000000 1.333333 2.4
../TreeLifeData/COG3204.newick
1 2.000000 2.000000 2.0
2 0.000000 0.000000 1.0
3 0.000000 0.000000 0.8
4 0.000000 0.000000 0.2
../TreeLifeData/COG0835.newick
1 62.379934 62.379934 66.1834711503
2 57.533950 56.433412 60.2949045103
../TreeLifeData/COG3168.newick
1 0.000000 0.000000 0.0
2 0.000000 0.000000 0.0
3 0.000000 0.000000 0.0
4 0.000000 0.000000 0.0
../TreeLifeData/COG5418.newick
1 0.000000 0.000000 0.0
2 0.000000 0.000000 0.0
3 0.000000 0.000000 0.0
4 0.000000 0.000000 0.0
../TreeLifeData/COG4353.newick
1 0.000000 0.000000 0.0
2 0.000000 0.000000 0.0
3 0.000000 0.000000 0.0
4 0.000000 0.000000 0.0
../TreeLifeData/COG2933.newick
1 0.000000 0.000000 0.0
2 0.000000 0.000000 0.0
3 0.000000 0.000000 0.0
4 0.000000 0.000000 0.0
../TreeLifeData/COG2956.newick
1 2.000000 2.000000 2.0
2 0.000000 0.000000 1.0
3 0.000000 0.000000 0.8
4 0.000000 0.000000 0.2
../TreeLifeData/COG0500.newick
../TreeLifeData/COG5564.newick
../TreeLifeData/COG1117.newick
1 23.076923 23.076923 26.3307692308
2 19.762286 19.583333 21.8110576923
3 18.426816 18.426816 19.6148771368
4 17.819712 17.650374 18.3299145299
../TreeLifeData/COG5451.newick
1 0.000000 0.000000 0.0
2 0.000000 0.000000 0.0
3 0.000000 0.000000 0.0
4 0.000000 0.000000 0.0
../TreeLifeData/COG5543.newick
1 0.000000 0.000000 0.0
2 0.000000 0.000000 0.0
3 0.000000 0.000000 0.0
4 0.000000 0.000000 0.0
../TreeLifeData/COG4667.newick
1 5.833333 5.833333 6.76666666667
2 3.666667 3.666667 4.43333333333
3 2.500000 2.500000 3.2
4 2.500000 2.500000 2.61666666667
../TreeLifeData/COG1738.newick
1 11.000000 11.000000 11.7
2 8.281250 8.281250 9.0
3 7.468750 7.468750 7.7
4 6.906250 6.906250 6.940625
../TreeLifeData/COG2020.newick
1 29.333333 29.333333 30.4733333333
2 24.075000 23.470182 25.8980208333
3 23.150391 22.786198 23.4361458333
4 22.411979 22.081250 21.728125
../TreeLifeData/COG4981.newick
../TreeLifeData/COG3449.newick
1 6.000000 6.000000 6.56
2 4.000000 4.000000 4.88
3 3.000000 3.000000 3.76
4 2.400000 2.400000 3.34
../TreeLifeData/COG4783.newick
../TreeLifeData/COG2910.newick
1 4.666667 4.666667 5.2
2 3.000000 3.000000 3.46666666667
3 2.000000 2.000000 2.6
4 1.333333 1.333333 2.4
../TreeLifeData/COG5314.newick
1 4.666667 4.666667 5.2
2 3.000000 3.000000 3.56666666667
3 2.000000 2.000000 2.5
4 2.000000 1.333333 2.03333333333
../TreeLifeData/COG5360.newick
1 0.000000 0.000000 0.0
2 0.000000 0.000000 0.0
3 0.000000 0.000000 0.0
4 0.000000 0.000000 0.0
../TreeLifeData/COG2821.newick
1 6.500000 6.500000 7.0
2 5.000000 5.000000 5.4
3 4.125000 3.750000 4.6375
4 3.500000 3.375000 3.7125
../TreeLifeData/COG1462.newick
1 6.666667 6.666667 7.2
2 4.166667 4.166667 5.11666666667
3 3.166667 3.166667 4.1
4 3.166667 3.166667 3.45
../TreeLifeData/COG5462.newick
1 2.000000 2.000000 2.0
2 0.000000 0.000000 1.0
3 0.000000 0.000000 0.8
4 0.000000 0.000000 0.2
../TreeLifeData/COG0404.newick
1 46.496377 41.163043 47.3891304348
2 39.173200 37.008832 40.6244992955
3 33.849403 31.859073 36.7283137077
../TreeLifeData/COG4764.newick
1 3.333333 3.333333 4.2
2 1.333333 1.333333 2.66666666667
3 0.000000 0.000000 1.26666666667
4 0.000000 0.000000 0.533333333333
../TreeLifeData/COG0476.newick
1 6.500000 5.500000 6.1
2 3.166667 3.166667 3.48333333333
3 2.166667 2.166667 2.91666666667
4 2.166667 2.166667 2.53333333333
../TreeLifeData/COG4485.newick
1 0.000000 0.000000 0.0
2 0.000000 0.000000 0.0
3 0.000000 0.000000 0.0
4 0.000000 0.000000 0.0
../TreeLifeData/COG5253.newick
1 2.500000 2.500000 2.5
2 0.000000 0.000000 1.25
3 0.000000 0.000000 1.0
4 0.000000 0.000000 0.25
../TreeLifeData/COG1395.newick
1 3.000000 3.000000 3.0
2 0.000000 0.000000 1.5
3 0.000000 0.000000 1.2
4 0.000000 0.000000 0.3
../TreeLifeData/COG2201.newick
1 10.000000 10.000000 10.0
2 6.250000 6.250000 8.1
3 5.625000 5.625000 6.95
4 5.250000 5.250000 5.725
../TreeLifeData/COG5071.newick
1 0.000000 0.000000 0.0
2 0.000000 0.000000 0.0
3 0.000000 0.000000 0.0
4 0.000000 0.000000 0.0
../TreeLifeData/COG1749.newick
1 12.166667 12.166667 13.4666666667
2 9.583333 9.416667 11.1625
3 8.375000 8.125000 9.34583333333
4 7.041667 6.708333 8.0625
../TreeLifeData/COG4224.newick
1 2.000000 2.000000 2.0
2 0.000000 0.000000 1.0
3 0.000000 0.000000 0.8
4 0.000000 0.000000 0.2
../TreeLifeData/COG0478.newick
1 5.000000 5.000000 5.8
2 3.000000 3.000000 4.1
3 1.000000 1.000000 2.4
4 0.000000 0.000000 2.45
../TreeLifeData/COG0454.newick
../TreeLifeData/COG2926.newick
1 0.000000 0.000000 0.0
2 0.000000 0.000000 0.0
3 0.000000 0.000000 0.0
4 0.000000 0.000000 0.0
../TreeLifeData/COG0471.newick
1 25.866667 25.866667 26.8666666667
2 21.600130 21.262500 23.4229036458
3 20.501172 20.189583 21.2149088542
4 19.694271 19.415495 19.9908984375
../TreeLifeData/COG4918.newick
1 0.000000 0.000000 0.0
2 0.000000 0.000000 0.0
3 0.000000 0.000000 0.0
4 0.000000 0.000000 0.0
../TreeLifeData/COG5487.newick
../TreeLifeData/COG2106.newick
1 7.000000 7.000000 7.0
2 3.500000 3.500000 4.45
3 3.500000 3.500000 3.475
4 2.750000 2.750000 2.675
../TreeLifeData/COG2999.newick
../TreeLifeData/COG1300.newick
1 4.666667 4.666667 5.2
2 3.000000 3.000000 3.56666666667
3 2.000000 2.000000 2.5
4 2.000000 1.333333 2.03333333333
../TreeLifeData/COG1239.newick
1 6.000000 6.000000 6.0
2 3.000000 3.000000 4.1
3 2.500000 2.500000 3.25
4 2.000000 2.000000 2.6
../TreeLifeData/COG1587.newick
1 27.158333 27.158333 30.8566666667
2 23.788108 23.107118 26.9443055556
3 22.576128 22.018576 24.1712847222
4 21.711719 21.067274 22.6155295139
../TreeLifeData/COG1926.newick
1 7.222222 7.222222 8.4
2 5.833333 5.333333 6.07777777778
3 4.333333 4.333333 5.25555555556
4 3.666667 3.666667 4.43888888889
../TreeLifeData/COG5243.newick
1 0.000000 0.000000 0.0
2 0.000000 0.000000 0.0
3 0.000000 0.000000 0.0
4 0.000000 0.000000 0.0
../TreeLifeData/COG1478.newick
1 4.000000 4.000000 4.0
2 2.000000 2.000000 2.4
3 1.000000 1.000000 1.4
4 0.000000 0.000000 1.3
../TreeLifeData/COG5539.newick
1 0.000000 0.000000 0.0
2 0.000000 0.000000 0.0
3 0.000000 0.000000 0.0
4 0.000000 0.000000 0.0
../TreeLifeData/COG3630.newick
../TreeLifeData/COG3165.newick
1 0.000000 0.000000 0.0
2 0.000000 0.000000 0.0
3 0.000000 0.000000 0.0
4 0.000000 0.000000 0.0
../TreeLifeData/COG3920.newick
1 48.828261 48.245652 59.2253623188
2 39.853200 37.850181 47.36102657
3 38.362032 36.156899 41.0468327295
4 35.766652 32.204378
../TreeLifeData/COG4961.newick
1 2.000000 2.000000 2.0
2 0.000000 0.000000 1.0
3 0.000000 0.000000 0.8
4 0.000000 0.000000 0.2
../TreeLifeData/COG0850.newick
1 2.000000 2.000000 2.0
2 0.000000 0.000000 1.0
3 0.000000 0.000000 0.8
4 0.000000 0.000000 0.2
../TreeLifeData/COG0634.newick
1 35.233333 34.733333 37.7466666667
2 30.171165 29.938223 32.808984375
3 29.058398 28.771367 30.1029036458
4 27.707096 27.486491 28.4682285156
../TreeLifeData/COG0294.newick
../TreeLifeData/COG1291.newick
1 39.340821 36.530596 43.0868319132
2 33.180868 29.886909 33.9075910147
3 27.600310 25.062742 29.5007939582
4 25.133617 22.132455 26.2889039504
../TreeLifeData/COG5305.newick
../TreeLifeData/COG4044.newick
1 0.000000 0.000000 0.0
2 0.000000 0.000000 0.0
3 0.000000 0.000000 0.0
4 0.000000 0.000000 0.0
../TreeLifeData/COG1344.newick
1 42.368732 41.368732 45.8805309735
2 37.721867 37.026533 40.1383870043
3 35.555347 34.852687 37.4517326969
../TreeLifeData/COG3323.newick
1 4.000000 4.000000 4.0
2 0.000000 0.000000 2.0
3 0.000000 0.000000 1.6
4 0.000000 0.000000 0.4
../TreeLifeData/COG0614.newick
1 66.700000 66.700000 73.3283333333
2 62.668571 61.140014 66.5804620191
../TreeLifeData/COG4824.newick
1 0.000000 0.000000 0.0
2 0.000000 0.000000 0.0
3 0.000000 0.000000 0.0
4 0.000000 0.000000 0.0
../TreeLifeData/COG1944.newick
1 15.300000 15.300000 15.94
2 11.225000 10.787500 12.554375
3 10.425000 10.081250 10.56
4 9.781250 9.531250 9.93125
../TreeLifeData/COG2521.newick
1 4.333333 4.333333 4.7
2 3.000000 3.000000 2.93333333333
3 2.000000 2.000000 2.56666666667
4 1.333333 1.333333 2.03333333333
../TreeLifeData/COG3162.newick
1 11.333333 10.333333 11.4
2 7.888889 7.888889 8.97222222222
3 6.444444 6.444444 7.50277777778
4 6.083333 6.083333 6.10833333333
../TreeLifeData/COG3568.newick
1 18.659574 18.659574 26.3234042553
2 16.138298 16.138298 16.5930851064
3 12.648936 12.478723 14.8920212766
4 10.888298 10.180851 12.6718085106
../TreeLifeData/COG0033.newick
1 7.666667 7.666667 8.56666666667
2 5.000000 5.000000 6.54166666667
3 3.666667 3.666667 4.48333333333
4 2.916667 2.916667 3.95833333333
../TreeLifeData/COG3861.newick
1 2.666667 2.666667 3.13333333333
2 1.333333 1.333333 1.86666666667
3 0.000000 0.000000 1.26666666667
4 0.000000 0.000000 1.0
../TreeLifeData/COG1555.newick
1 13.833333 13.833333 15.3833333333
2 11.250000 11.250000 11.9458333333
3 9.916667 9.916667 10.6208333333
4 9.194444 9.194444 9.81666666667
../TreeLifeData/COG4158.newick
../TreeLifeData/COG3638.newick
1 13.000000 13.000000 13.0
2 8.875000 8.875000 10.2375
3 8.062500 8.062500 8.721875
4 7.500000 7.500000 8.13125
../TreeLifeData/COG3541.newick
../TreeLifeData/COG2069.newick
1 0.000000 0.000000 0.0
2 0.000000 0.000000 0.0
3 0.000000 0.000000 0.0
4 0.000000 0.000000 0.0
../TreeLifeData/COG4013.newick
1 0.000000 0.000000 0.0
2 0.000000 0.000000 0.0
3 0.000000 0.000000 0.0
4 0.000000 0.000000 0.0
../TreeLifeData/COG4517.newick
1 0.000000 0.000000 0.0
2 0.000000 0.000000 0.0
3 0.000000 0.000000 0.0
4 0.000000 0.000000 0.0
../TreeLifeData/COG3206.newick
1 20.500000 20.166667 21.9666666667
2 16.175926 16.175926 18.0577546296
3 15.006944 15.006944 15.8398148148
4 14.093750 13.646991 14.5849537037
../TreeLifeData/COG3636.newick
../TreeLifeData/COG2850.newick
1 0.000000 0.000000 0.0
2 0.000000 0.000000 0.0
3 0.000000 0.000000 0.0
4 0.000000 0.000000 0.0
../TreeLifeData/COG5469.newick
1 2.000000 2.000000 2.0
2 0.000000 0.000000 1.0
3 0.000000 0.000000 0.8
4 0.000000 0.000000 0.2
../TreeLifeData/COG4633.newick
1 0.000000 0.000000 0.0
2 0.000000 0.000000 0.0
3 0.000000 0.000000 0.0
4 0.000000 0.000000 0.0
../TreeLifeData/COG2813.newick
1 8.666667 8.666667 10.4
2 6.222222 6.222222 7.34444444444
3 5.111111 5.111111 6.17777777778
4 4.222222 4.222222 5.12222222222
