../TreeLifeData/COG3833.newick
1 5.500000 5.500000
2 3.500000 3.500000
3 3.500000 2.750000
4 3.500000 2.750000
1 5.500000 5.500000
2 3.500000 3.500000
3 2.750000 2.500000
4 2.750000 2.500000
1 6.500000 5.500000
2 4.500000 4.000000
3 3.000000 2.500000
4 2.000000 2.000000
1 6.500000 5.500000
2 4.500000 3.500000
3 4.500000 2.750000
4 3.500000 2.000000
1 6.500000 5.500000
2 3.500000 3.500000
3 2.750000 2.500000
4 2.750000 2.000000
../TreeLifeData/COG3785.newick
1 0.000000 0.000000
2 0.000000 0.000000
3 0.000000 0.000000
4 0.000000 0.000000
1 0.000000 0.000000
2 0.000000 0.000000
3 0.000000 0.000000
4 0.000000 0.000000
1 0.000000 0.000000
2 0.000000 0.000000
3 0.000000 0.000000
4 0.000000 0.000000
1 0.000000 0.000000
2 0.000000 0.000000
3 0.000000 0.000000
4 0.000000 0.000000
1 0.000000 0.000000
2 0.000000 0.000000
3 0.000000 0.000000
4 0.000000 0.000000
../TreeLifeData/COG0531.newick
../TreeLifeData/COG1428.newick
1 6.500000 6.500000
2 3.250000 3.250000
3 2.625000 2.625000
4 2.000000 2.000000
1 6.500000 6.500000
2 3.250000 3.250000
3 3.250000 2.625000
4 2.625000 2.000000
1 6.500000 6.500000
2 3.250000 3.250000
3 2.625000 2.625000
4 2.125000 2.000000
1 6.500000 6.500000
2 4.500000 4.500000
3 3.000000 3.000000
4 2.125000 2.000000
1 6.500000 6.500000
2 4.500000 4.500000
3 2.625000 2.625000
4 2.125000 2.125000
../TreeLifeData/COG5218.newick
1 0.000000 0.000000
2 0.000000 0.000000
3 0.000000 0.000000
4 0.000000 0.000000
1 0.000000 0.000000
2 0.000000 0.000000
3 0.000000 0.000000
4 0.000000 0.000000
1 0.000000 0.000000
2 0.000000 0.000000
3 0.000000 0.000000
4 0.000000 0.000000
1 0.000000 0.000000
2 0.000000 0.000000
3 0.000000 0.000000
4 0.000000 0.000000
1 0.000000 0.000000
2 0.000000 0.000000
3 0.000000 0.000000
4 0.000000 0.000000
../TreeLifeData/COG1781.newick
1 4.000000 3.500000
2 4.000000 2.000000
3 2.500000 2.500000
4 1.000000 1.000000
1 4.000000 3.500000
2 2.500000 2.500000
3 1.000000 1.000000
4 0.000000 0.000000
1 3.500000 3.500000
2 2.000000 2.000000
3 1.000000 1.000000
4 0.000000 0.000000
1 4.000000 3.500000
2 4.000000 2.000000
3 4.000000 2.000000
4 2.500000 2.500000
1 4.000000 3.500000
2 4.000000 2.000000
3 2.500000 2.500000
4 2.500000 2.500000
../TreeLifeData/COG1321.newick
1 16.500000 16.500000
2 12.750000 12.750000
3 11.812500 11.437500
4 10.593750 10.046875
1 16.500000 16.500000
2 12.750000 12.750000
3 11.062500 11.062500
4 10.101562 10.101562
1 16.500000 16.500000
2 12.437500 12.437500
3 11.781250 11.781250
4 11.046875 11.046875
1 16.500000 16.500000
2 14.500000 14.500000
3 12.562500 12.562500
4 10.734375 10.734375
1 16.500000 16.500000
2 13.750000 13.750000
3 10.843750 10.843750
4 10.007813 10.007813
../TreeLifeData/COG0713.newick
1 35.655072 28.788406
2 32.610145 25.788406
3 28.468961 24.021256
4 27.487560 23.094203
1 33.168116 28.788406
2 28.368116 25.884058
3 26.903623 23.749275
4 24.844203 21.787500
1 34.397101 28.788406
2 32.092271 26.287440
3 31.248551 25.214010
4 27.429952 23.220411
1 35.098551 28.788406
2 29.339614 25.639614
3 28.473430 24.249396
4 27.494686 23.001691
1 34.704348 28.788406
2 32.192754 26.000242
3 29.043599 23.957065
4 28.236957 22.754408
../TreeLifeData/COG3108.newick
1 9.666667 9.333333
2 7.166667 7.166667
3 5.250000 5.250000
4 4.833333 4.250000
1 10.000000 9.333333
2 7.666667 7.666667
3 7.666667 7.666667
4 7.000000 7.000000
1 9.333333 9.333333
2 6.333333 6.333333
3 5.500000 5.500000
4 5.500000 4.833333
1 9.666667 9.333333
2 6.666667 6.333333
3 6.000000 5.500000
4 5.000000 4.500000
1 10.000000 9.333333
2 8.000000 8.000000
3 7.000000 7.000000
4 5.250000 4.916667
../TreeLifeData/COG1031.newick
1 0.000000 0.000000
2 0.000000 0.000000
3 0.000000 0.000000
4 0.000000 0.000000
1 0.000000 0.000000
2 0.000000 0.000000
3 0.000000 0.000000
4 0.000000 0.000000
1 0.000000 0.000000
2 0.000000 0.000000
3 0.000000 0.000000
4 0.000000 0.000000
1 0.000000 0.000000
2 0.000000 0.000000
3 0.000000 0.000000
4 0.000000 0.000000
1 0.000000 0.000000
2 0.000000 0.000000
3 0.000000 0.000000
4 0.000000 0.000000
../TreeLifeData/COG0821.newick
1 39.839744 35.705128
2 34.526042 31.889824
3 32.404447 30.799880
4 30.95../TreeLifeData/COG0386.newick
1 15.500000 14.333333
2 13.666667 12.333333
3 11.861111 10.756944
4 10.611111 9.763889
1 16.500000 14.333333
2 13.000000 11.895833
3 12.145833 11.208333
4 11.111111 10.215278
1 16.166667 14.333333
2 14.166667 12.333333
3 12.062500 10.812500
4 10.583333 9.631944
1 16.666667 14.333333
2 12.833333 12.361111
3 10.993056 10.666667
4 10.131944 10.131944
1 17.166667 14.333333
2 13.833333 12.666667
3 13.416667 11.083333
4 12.250000 10.388889
../TreeLifeData/COG1578.newick
../TreeLifeData/COG5653.newick
1 2.500000 2.500000
2 2.500000 2.500000
3 0.000000 0.000000
4 0.000000 0.000000
1 2.500000 2.500000
2 0.000000 0.000000
3 0.000000 0.000000
4 0.000000 0.000000
1 2.500000 2.500000
2 0.000000 0.000000
3 0.000000 0.000000
4 0.000000 0.000000
1 2.500000 2.500000
2 2.500000 2.500000
3 0.000000 0.000000
4 0.000000 0.000000
1 2.500000 2.500000
2 0.000000 0.000000
3 0.000000 0.000000
4 0.000000 0.000000
../TreeLifeData/COG0698.newick
1 26.083333 24.916667
2 21.760417 20.807870
3 19.627122 19.351466
4 18.818673 18.465664
1 26.250000 24.916667
2 22.631944 22.326389
3 20.503472 19.996528
4 19.252315 18.576389
1 29.583333 24.916667
2 22.349537 21.703704
3 20.462770 19.297261
4 19.368248 18.310571
1 29.583333 24.916667
2 22.097222 21.782407
3 20.594907 20.432099
4 19.898920 19.744599
1 28.750000 24.916667
2 23.194444 21.701389
3 20.375965 19.484375
4 19.387153 18.885802
../TreeLifeData/COG0644.newick
1 54.076701 49.074394
2 53.880632 42.827170
3 45.900195 44.344786
../TreeLifeData/COG4027.newick
../TreeLifeData/COG2014.newick
1 2.000000 2.000000
2 0.000000 0.000000
3 0.000000 0.000000
4 0.000000 0.000000
1 2.000000 2.000000
2 0.000000 0.000000
3 0.000000 0.000000
4 0.000000 0.000000
1 2.000000 2.000000
2 2.000000 2.000000
3 2.000000 2.000000
4 2.000000 2.000000
1 2.000000 2.000000
2 2.000000 2.000000
3 2.000000 2.000000
4 0.000000 0.000000
1 2.000000 2.000000
2 2.000000 2.000000
3 0.000000 0.000000
4 0.000000 0.000000
../TreeLifeData/COG1197.newick
1 5.666667 5.000000
2 2.833333 2.833333
3 2.166667 2.166667
4 2.166667 2.166667
1 6.000000 5.000000
2 3.333333 3.333333
3 3.333333 3.333333
4 3.333333 3.333333
1 6.000000 5.000000
2 6.000000 3.333333
3 4.000000 2.000000
4 4.000000 2.000000
1 5.000000 5.000000
2 3.166667 3.166667
3 2.500000 2.500000
4 1.333333 1.333333
1 6.000000 5.000000
2 3.333333 3.333333
3 3.333333 3.333333
4 3.333333 3.333333
../TreeLifeData/COG1826.newick
1 46.728070 44.763158
2 41.443805 39.496162
3 38.060159 36.966934
../TreeLifeData/COG1928.newick
1 0.000000 0.000000
2 0.000000 0.000000
3 0.000000 0.000000
4 0.000000 0.000000
1 0.000000 0.000000
2 0.000000 0.000000
3 0.000000 0.000000
4 0.000000 0.000000
1 0.000000 0.000000
2 0.000000 0.000000
3 0.000000 0.000000
4 0.000000 0.000000
1 0.000000 0.000000
2 0.000000 0.000000
3 0.000000 0.000000
4 0.000000 0.000000
1 0.000000 0.000000
2 0.000000 0.000000
3 0.000000 0.000000
4 0.000000 0.000000
../TreeLifeData/COG1933.newick
1 6.800000 5.600000
2 2.800000 2.800000
3 2.000000 2.000000
4 2.000000 2.000000
1 6.800000 5.600000
2 3.200000 2.800000
3 3.200000 2.800000
4 3.200000 2.800000
1 6.800000 5.600000
2 6.800000 2.800000
3 2.800000 2.800000
4 2.800000 2.800000
1 6.400000 5.600000
2 3.600000 2.800000
3 3.600000 2.800000
4 1.600000 1.600000
1 6.800000 5.600000
2 2.800000 2.800000
3 1.600000 1.600000
4 1.600000 1.600000
../TreeLifeData/COG5323.newick
1 5.000000 5.000000
2 2.000000 2.000000
3 1.000000 1.000000
4 1.000000 1.000000
1 5.000000 5.000000
2 2.000000 2.000000
3 1.000000 1.000000
4 1.000000 1.000000
1 5.000000 5.000000
2 5.000000 5.000000
3 5.000000 5.000000
4 5.000000 5.000000
1 5.000000 5.000000
2 4.000000 2.000000
3 4.000000 2.000000
4 1.000000 1.000000
1 5.000000 5.000000
2 4.000000 2.000000
3 1.000000 1.000000
4 1.000000 1.000000
../TreeLifeData/COG1862.newick
1 16.500000 16.000000
2 12.250000 12.000000
3 11.125000 10.750000
4 10.375000 9.750000
1 16.500000 16.000000
2 11.937500 11.687500
3 10.906250 10.593750
4 9.250000 8.906250
1 16.500000 16.000000
2 12.000000 11.750000
3 10.375000 10.125000
4 9.125000 9.125000
1 16.000000 16.000000
2 ../TreeLifeData/COG4095.newick
../TreeLifeData/COG1492.newick
1 36.217262 32.247024
2 33.179688 28.096354
3 31.940406 25.619513
4 27.277158 24.562151
1 34.720238 32.247024
2 33.974702 28.193452
3 30.914435 26.591518
4 30.425595 25.397507
1 37.547619 32.247024
2 34.030692 28.325521
3 33.476493 25.599912
4 29.037272 24.383952
1 42.659226 32.247024
2 39.431548 29.247024
3 34.309524 25.848493
4 32.047712 24.578172
1 42.659226 32.247024
2 39.907738 30.150298
3 39.636905 26.663318
4 34.262602 27.414295
../TreeLifeData/COG0766.newick
1 26.285714 26.000000
2 23.535714 23.535714
3 21.169643 20.633929
4 18.696429 18.696429
1 27.857143 26.000000
2 23.357143 21.500000
3 19.393973 18.611607
4 18.642857 17.854911
1 26.285714 26.000000
2 21.781250 21.544643
3 19.877232 19.877232
4 18.006138 18.006138
1 27.285714 26.000000
2 21.986607 20.700893
3 19.773438 19.029018
4 18.652902 17.841518
1 27.857143 26.000000
2 22.410714 21.714286
3 19.761161 19.430804
4 18.073103 17.862165
../TreeLifeData/COG5663.newick
../TreeLifeData/COG4695.newick
1 9.250000 9.250000
2 7.833333 7.458333
3 7.375000 6.708333
4 6.875000 5.625000
1 9.666667 9.250000
2 7.875000 7.416667
3 6.416667 6.416667
4 6.041667 5.750000
1 9.666667 9.250000
2 8.000000 7.416667
3 7.166667 6.291667
4 6.541667 5.541667
1 9.666667 9.250000
2 9.416667 7.250000
3 7.583333 6.250000
4 6.625000 5.541667
1 10.083333 9.250000
2 8.500000 7.333333
3 8.500000 6.833333
4 7.083333 6.125000
../TreeLifeData/COG5525.newick
../TreeLifeData/COG3201.newick
1 2.000000 2.000000
2 2.000000 2.000000
3 2.000000 2.000000
4 2.000000 2.000000
1 2.000000 2.000000
2 2.000000 2.000000
3 0.000000 0.000000
4 0.000000 0.000000
1 2.000000 2.000000
2 0.000000 0.000000
3 0.000000 0.000000
4 0.000000 0.000000
1 2.000000 2.000000
2 2.000000 2.000000
3 0.000000 0.000000
4 0.000000 0.000000
1 2.000000 2.000000
2 0.000000 0.000000
3 0.000000 0.000000
4 0.000000 0.000000
../TreeLifeData/COG3459.newick
1 4.000000 3.333333
2 4.000000 3.333333
3 4.000000 3.333333
4 1.333333 1.333333
1 3.333333 3.333333
2 1.333333 1.333333
3 1.333333 1.333333
4 1.333333 1.333333
1 4.000000 3.333333
2 1.333333 1.333333
3 1.333333 1.333333
4 1.333333 1.333333
1 3.333333 3.333333
2 1.333333 1.333333
3 1.333333 1.333333
4 1.333333 1.333333
1 4.000000 3.333333
2 4.000000 3.333333
3 4.000000 3.333333
4 4.000000 3.333333
../TreeLifeData/COG2264.newick
1 22.150000 20.850000
2 18.433333 16.475000
3 17.385417 15.179167
4 16.785417 14.081250
1 25.550000 20.850000
2 17.872917 16.233333
3 17.020833 14.870833
4 15.937500 13.943750
1 22.150000 20.850000
2 18.266667 18.266667
3 16.475000 16.283333
4 15.366667 15.270833
1 21.516667 20.850000
2 17.925000 17.266667
3 16.618750 15.258333
4 15.143750 14.445833
1 25.550000 20.850000
2 20.145833 16.233333
3 19.375000 15.137500
4 18.175000 14.375000
../TreeLifeData/COG0459.newick
1 3.000000 3.000000
2 3.000000 3.000000
3 3.000000 3.000000
4 3.000000 3.000000
1 3.000000 3.000000
2 0.000000 0.000000
3 0.000000 0.000000
4 0.000000 0.000000
1 3.000000 3.000000
2 0.000000 0.000000
3 0.000000 0.000000
4 0.000000 0.000000
1 3.000000 3.000000
2 0.000000 0.000000
3 0.000000 0.000000
4 0.000000 0.000000
1 3.000000 3.000000
2 3.000000 3.000000
3 0.000000 0.000000
4 0.000000 0.000000
../TreeLifeData/COG2607.newick
1 3.000000 3.000000
2 3.000000 3.000000
3 3.000000 3.000000
4 3.000000 3.000000
1 3.000000 3.000000
2 0.000000 0.000000
3 0.000000 0.000000
4 0.000000 0.000000
1 3.000000 3.000000
2 0.000000 0.000000
3 0.000000 0.000000
4 0.000000 0.000000
1 3.000000 3.000000
2 0.000000 0.000000
3 0.000000 0.000000
4 0.000000 0.000000
1 3.000000 3.000000
2 3.000000 3.000000
3 0.000000 0.000000
4 0.000000 0.000000
../TreeLifeData/COG5412.newick
1 5.333333 4.666667
2 3.333333 3.333333
3 3.333333 3.333333
4 3.333333 3.333333
1 4.666667 4.666667
2 3.333333 3.333333
3 2.000000 2.000000
4 2.000000 2.000000
1 5.333333 4.666667
2 3.333333 2.666667
3 2.333333 2.000000
4 2.333333 1.333333
1 5.333333 4.666667
2 3.333333 3.333333
3 3.333333 3.333333
4 2.333333 2.333333
1 5.333333 4.666667
2 2.666667 2.666667
3 2.666667 2.666667
4 2.000000 2.000000
../TreeLifeData/COG3204.newick
1 2.000000 2.000000
2 2.000000 2.000000
3 2.000000 2.000000
4 0.000000 0.000000
1 2.000000 2.000000
2 0.000000 0.000000
3 0.000000 0.000000
4 0.000000 0.000000
1 2.000000 2.000000
2 2.000000 2.000000
3 0.000000 0.000000
4 0.000000 0.000000
1 2.000000 2.000000
2 2.000000 2.000000
3 2.000000 2.000000
4 2.000000 2.000000
1 2.000000 2.000000
2 0.000000 0.000000
3 0.000000 0.000000
4 0.000000 0.000000
../TreeLifeData/COG3168.newick
1 0.000000 0.000000
2 0.000000 0.000000
3 0.000000 0.000000
4 0.000000 0.000000
1 0.000000 0.000000
2 0.000000 0.000000
3 0.000000 0.000000
4 0.000000 0.000000
1 0.000000 0.000000
2 0.000000 0.000000
3 0.000000 0.000000
4 0.000000 0.000000
1 0.000000 0.000000
2 0.000000 0.000000
3 0.000000 0.000000
4 0.000000 0.000000
1 0.000000 0.000000
2 0.000000 0.000000
3 0.000000 0.000000
4 0.000000 0.000000
../TreeLifeData/COG5418.newick
1 0.000000 0.000000
2 0.000000 0.000000
3 0.000000 0.000000
4 0.000000 0.000000
1 0.000000 0.000000
2 0.000000 0.000000
3 0.000000 0.000000
4 0.000000 0.000000
1 0.000000 0.000000
2 0.000000 0.000000
3 0.000000 0.000000
4 0.000000 0.000000
1 0.000000 0.000000
2 0.000000 0.000000
3 0.000000 0.000000
4 0.000000 0.000000
1 0.000000 0.000000
2 0.000000 0.000000
3 0.000000 0.000000
4 0.000000 0.000000
../TreeLifeData/COG4353.newick
1 0.000000 0.000000
2 0.000000 0.000000
3 0.000000 0.000000
4 0.000000 0.000000
1 0.000000 0.000000
2 0.000000 0.000000
3 0.000000 0.000000
4 0.000000 0.000000
1 0.000000 0.000000
2 0.000000 0.000000
3 0.000000 0.000000
4 0.000000 0.000000
1 0.000000 0.000000
2 0.000000 0.000000
3 0.000000 0.000000
4 0.000000 0.000000
1 0.000000 0.000000
2 0.000000 0.000000
3 0.000000 0.000000
4 0.000000 0.000000
../TreeLifeData/COG2933.newick
1 0.000000 0.000000
2 0.000000 0.000000
3 0.000000 0.000000
4 0.000000 0.000000
1 0.000000 0.000000
2 0.000000 0.000000
3 0.000000 0.000000
4 0.000000 0.000000
1 0.000000 0.000000
2 0.000000 0.000000
3 0.000000 0.000000
4 0.000000 0.000000
1 0.000000 0.000000
2 0.000000 0.000000
3 0.000000 0.000000
4 0.000000 0.000000
1 0.000000 0.000000
2 0.000000 0.000000
3 0.000000 0.000000
4 0.000000 0.000000
../TreeLifeData/COG2956.newick
1 2.000000 2.000000
2 0.000000 0.000000
3 0.000000 0.000000
4 0.000000 0.000000
1 2.000000 2.000000
2 0.000000 0.000000
3 0.000000 0.000000
4 0.000000 0.000000
1 2.000000 2.000000
2 2.000000 2.000000
3 0.000000 0.000000
4 0.000000 0.000000
1 2.000000 2.000000
2 2.000000 2.000000
3 0.000000 0.000000
4 0.000000 0.000000
1 2.000000 2.000000
2 0.000000 0.000000
3 0.000000 0.000000
4 0.000000 0.000000
../TreeLifeData/COG5564.newick
../TreeLifeData/COG1117.newick
1 26.743590 23.076923
2 22.929487 19.882479
3 21.321047 18.246795
4 20.471688 17.533654
1 27.717949 23.076923
2 24.717949 20.743590
3 23.173077 18.641026
4 19.561966 17.809295
1 26.743590 23.076923
2 21.450321 19.753205
3 19.840011 18.258013
4 19.039797 17.266827
1 24.717949 23.076923
2 21.881410 20.538462
3 20.927885 18.926282
4 18.848558 17.853365
1 27.410256 23.076923
2 23.205128 21.435897
3 20.355769 18.511218
4 19.176816 17.492521
../TreeLifeData/COG5451.newick
1 0.000000 0.000000
2 0.000000 0.000000
3 0.000000 0.000000
4 0.000000 0.000000
1 0.000000 0.000000
2 0.000000 0.000000
3 0.000000 0.000000
4 0.000000 0.000000
1 0.000000 0.000000
2 0.000000 0.000000
3 0.000000 0.000000
4 0.000000 0.000000
1 0.000000 0.000000
2 0.000000 0.000000
3 0.000000 0.000000
4 0.000000 0.000000
1 0.000000 0.000000
2 0.000000 0.000000
3 0.000000 0.000000
4 0.000000 0.000000
../TreeLifeData/COG5543.newick
1 0.000000 0.000000
2 0.000000 0.000000
3 0.000000 0.000000
4 0.000000 0.000000
1 0.000000 0.000000
2 0.000000 0.000000
3 0.000000 0.000000
4 0.000000 0.000000
1 0.000000 0.000000
2 0.000000 0.000000
3 0.000000 0.000000
4 0.000000 0.000000
1 0.000000 0.000000
2 0.000000 0.000000
3 0.000000 0.000000
4 0.000000 0.000000
1 0.000000 0.000000
2 0.000000 0.000000
3 0.000000 0.000000
4 0.000000 0.000000
../TreeLifeData/COG2020.newick
1 30.400000 29.333333
2 26.218750 24.645833
3 24.373177 22.947917
4 23.208594 22.108724
1 30.066667 29.333333
2 26.316667 25.083333
3 23.364844 22.744531
4 21.561719 21.175130
1 29.733333 29.333333
2 26.050000 25.250000
3 24.039583 22.880208
4 21.973177 21.410937
1 31.600000 29.333333
2 26.475000 24.875000
3 24.295313 22.531250
4 23.725000 21.748698
1 31.600000 29.333333
2 27.704167 26.104167
3 25.126042 23.234375
4 23.254687 22.040365
../TreeLifeData/COG4981.newick
../TreeLifeData/COG3449.newick
1 6.800000 6.000000
2 4.000000 4.000000
3 4.000000 3.400000
4 3.000000 2.600000
1 6.800000 6.000000
2 4.400000 4.000000
3 4.400000 3.400000
4 3.400000 3.400000
1 6.800000 6.000000
2 5.200000 4.800000
3 3.800000 3.200000
4 3.200000 2.800000
1 6.800000 6.000000
2 4.400000 4.000000
3 3.200000 3.200000
4 2.600000 2.600000
1 6.800000 6.000000
2 6.800000 4.800000
3 4.800000 4.000000
4 4.800000 4.000000
../TreeLifeData/COG2910.newick
1 5.333333 4.666667
2 3.333333 3.333333
3 2.000000 2.000000
4 1.333333 1.333333
1 5.333333 4.666667
2 2.666667 2.666667
3 2.000000 2.000000
4 2.000000 1.333333
1 5.333333 4.666667
2 2.666667 2.666667
3 2.000000 2.000000
4 2.000000 2.000000
1 5.333333 4.666667
2 5.333333 3.333333
3 3.333333 2.000000
4 3.333333 2.000000
1 5.333333 4.666667
2 2.666667 2.666667
3 2.000000 2.000000
4 1.333333 1.333333
../TreeLifeData/COG5314.newick
1 5.333333 4.666667
2 3.333333 3.333333
3 2.000000 2.000000
4 1.333333 1.333333
1 5.333333 4.666667
2 5.333333 3.333333
3 3.000000 3.000000
4 2.000000 2.000000
1 4.666667 4.666667
2 2.666667 2.666667
3 2.000000 2.000000
4 1.333333 1.333333
1 5.333333 4.666667
2 3.333333 2.666667
3 2.000000 2.000000
4 2.000000 2.000000
1 5.333333 4.666667
2 3.333333 3.333333
3 2.000000 2.000000
4 1.333333 1.333333
../TreeLifeData/COG5360.newick
1 0.000000 0.000000
2 0.000000 0.000000
3 0.000000 0.000000
4 0.000000 0.000000
1 0.000000 0.000000
2 0.000000 0.000000
3 0.000000 0.000000
4 0.000000 0.000000
1 0.000000 0.000000
2 0.000000 0.000000
3 0.000000 0.000000
4 0.000000 0.000000
1 0.000000 0.000000
2 0.000000 0.000000
3 0.000000 0.000000
4 0.000000 0.000000
1 0.000000 0.000000
2 0.000000 0.000000
3 0.000000 0.000000
4 0.000000 0.000000
../TreeLifeData/COG2821.newick
1 7.750000 6.500000
2 6.000000 5.000000
3 4.125000 3.875000
4 3.750000 3.500000
1 6.750000 6.500000
2 5.250000 5.000000
3 4.875000 4.000000
4 4.250000 3.375000
1 7.750000 6.500000
2 5.250000 5.000000
3 4.625000 3.875000
4 4.000000 3.250000
1 6.750000 6.500000
2 5.125000 5.125000
3 3.875000 3.875000
4 3.375000 3.250000
1 6.500000 6.500000
2 5.625000 5.000000
3 4.250000 4.000000
4 3.625000 3.250000
../TreeLifeData/COG1462.newick
1 7.333333 6.666667
2 7.333333 5.333333
3 5.333333 5.333333
4 4.000000 4.000000
1 7.333333 6.666667
2 4.666667 4.666667
3 3.666667 3.666667
4 3.666667 3.666667
1 7.333333 6.666667
2 4.666667 4.666667
3 4.000000 4.000000
4 3.000000 2.833333
1 7.333333 6.666667
2 5.000000 5.000000
3 3.666667 3.666667
4 3.166667 2.666667
1 7.333333 6.666667
2 5.333333 5.333333
3 4.333333 4.333333
4 4.333333 4.333333
../TreeLifeData/COG5462.newick
1 2.000000 2.000000
2 0.000000 0.000000
3 0.000000 0.000000
4 0.000000 0.000000
1 2.000000 2.000000
2 0.000000 0.000000
3 0.000000 0.000000
4 0.000000 0.000000
1 2.000000 2.000000
2 2.000000 2.000000
3 2.000000 2.000000
4 0.000000 0.000000
1 2.000000 2.000000
2 2.000000 2.000000
3 2.000000 2.000000
4 0.000000 0.000000
1 2.000000 2.000000
2 0.000000 0.000000
3 0.000000 0.000000
4 0.000000 0.000000
../TreeLifeData/COG0404.newick
1 73.028986 41.163043
2 42.402325 36.525664
3 37.505133 35.078284
4 37.297663 32.743810
1 47.858696 41.163043
2 40.598027 36.041893
3 39.644349 35.325936
../TreeLifeData/COG4764.newick
1 4.666667 3.333333
2 4.666667 2.000000
3 1.333333 1.333333
4 1.333333 1.333333
1 4.000000 3.333333
2 2.000000 2.000000
3 0.000000 0.000000
4 0.000000 0.000000
1 4.666667 3.333333
2 1.333333 1.333333
3 1.333333 1.333333
4 1.333333 1.333333
1 3.333333 3.333333
2 1.333333 1.333333
3 1.333333 1.333333
4 1.333333 1.333333
1 4.000000 3.333333
2 2.000000 2.000000
3 2.000000 2.000000
4 0.000000 0.000000
../TreeLifeData/COG0476.newick
1 5.500000 5.500000
2 4.166667 3.833333
3 2.500000 2.500000
4 2.500000 2.500000
1 5.500000 5.500000
2 3.500000 3.500000
3 2.166667 2.166667
4 1.500000 1.333333
1 6.166667 5.500000
2 3.166667 3.166667
3 2.333333 2.333333
4 1.333333 1.333333
1 6.166667 5.500000
2 3.166667 3.166667
3 3.166667 2.333333
4 3.166667 2.333333
1 6.166667 5.500000
2 3.166667 3.166667
3 2.333333 2.333333
4 1.666667 1.666667
../TreeLifeData/COG4485.newick
1 0.000000 0.000000
2 0.000000 0.000000
3 0.000000 0.000000
4 0.000000 0.000000
1 0.000000 0.000000
2 0.000000 0.000000
3 0.000000 0.000000
4 0.000000 0.000000
1 0.000000 0.000000
2 0.000000 0.000000
3 0.000000 0.000000
4 0.000000 0.000000
1 0.000000 0.000000
2 0.000000 0.000000
3 0.000000 0.000000
4 0.000000 0.000000
1 0.000000 0.000000
2 0.000000 0.000000
3 0.000000 0.000000
4 0.000000 0.000000
../TreeLifeData/COG5253.newick
1 2.500000 2.500000
2 2.500000 2.500000
3 2.500000 2.500000
4 0.000000 0.000000
1 2.500000 2.500000
2 2.500000 2.500000
3 2.500000 2.500000
4 0.000000 0.000000
1 2.500000 2.500000
2 2.500000 2.500000
3 2.500000 2.500000
4 0.000000 0.000000
1 2.500000 2.500000
2 0.000000 0.000000
3 0.000000 0.000000
4 0.000000 0.000000
1 2.500000 2.500000
2 0.000000 0.000000
3 0.000000 0.000000
4 0.000000 0.000000
../TreeLifeData/COG1395.newick
1 3.000000 3.000000
2 3.000000 3.000000
3 0.000000 0.000000
4 0.000000 0.000000
1 3.000000 3.000000
2 0.000000 0.000000
3 0.000000 0.000000
4 0.000000 0.000000
1 3.000000 3.000000
2 0.000000 0.000000
3 0.000000 0.000000
4 0.000000 0.000000
1 3.000000 3.000000
2 0.000000 0.000000
3 0.000000 0.000000
4 0.000000 0.000000
1 3.000000 3.000000
2 0.000000 0.000000
3 0.000000 0.000000
4 0.000000 0.000000
../TreeLifeData/COG2201.newick
1 10.000000 10.000000
2 8.000000 8.000000
3 7.000000 7.000000
4 6.500000 6.500000
1 10.000000 10.000000
2 8.000000 8.000000
3 8.000000 8.000000
4 7.000000 6.500000
1 10.000000 10.000000
2 8.000000 8.000000
3 7.000000 7.000000
4 5.750000 5.000000
1 10.000000 10.000000
2 7.000000 7.000000
3 6.000000 6.000000
4 5.250000 5.000000
1 10.000000 10.000000
2 6.250000 6.250000
3 5.625000 5.625000
4 5.125000 5.125000
../TreeLifeData/COG5071.newick
1 0.000000 0.000000
2 0.000000 0.000000
3 0.000000 0.000000
4 0.000000 0.000000
1 0.000000 0.000000
2 0.000000 0.000000
3 0.000000 0.000000
4 0.000000 0.000000
1 0.000000 0.000000
2 0.000000 0.000000
3 0.000000 0.000000
4 0.000000 0.000000
1 0.000000 0.000000
2 0.000000 0.000000
3 0.000000 0.000000
4 0.000000 0.000000
1 0.000000 0.000000
2 0.000000 0.000000
3 0.000000 0.000000
4 0.000000 0.000000
../TreeLifeData/COG4224.newick
1 2.000000 2.000000
2 0.000000 0.000000
3 0.000000 0.000000
4 0.000000 0.000000
1 2.000000 2.000000
2 0.000000 0.000000
3 0.000000 0.000000
4 0.000000 0.000000
1 2.000000 2.000000
2 2.000000 2.000000
3 0.000000 0.000000
4 0.000000 0.000000
1 2.000000 2.000000
2 0.000000 0.000000
3 0.000000 0.000000
4 0.000000 0.000000
1 2.000000 2.000000
2 2.000000 2.000000
3 2.000000 2.000000
4 2.000000 2.000000
../TreeLifeData/COG0478.newick
1 5.500000 5.000000
2 3.500000 2.500000
3 3.500000 1.500000
4 3.500000 1.500000
1 6.500000 5.000000
2 3.500000 3.500000
3 3.500000 3.500000
4 3.500000 3.500000
1 5.000000 5.000000
2 3.000000 2.500000
3 3.000000 1.500000
4 3.000000 1.500000
1 6.500000 5.000000
2 6.500000 5.000000
3 2.500000 1.500000
4 2.500000 1.500000
1 5.000000 5.000000
2 3.000000 3.000000
3 1.000000 1.000000
4 1.000000 1.000000
../TreeLifeData/COG0454.newick
../TreeLifeData/COG2926.newick
1 0.000000 0.000000
2 0.000000 0.000000
3 0.000000 0.000000
4 0.000000 0.000000
1 0.000000 0.000000
2 0.000000 0.000000
3 0.000000 0.000000
4 0.000000 0.000000
1 0.000000 0.000000
2 0.000000 0.000000
3 0.000000 0.000000
4 0.000000 0.000000
1 0.000000 0.000000
2 0.000000 0.000000
3 0.000000 0.000000
4 0.000000 0.000000
1 0.000000 0.000000
2 0.000000 0.000000
3 0.000000 0.000000
4 0.000000 0.000000
../TreeLifeData/COG4918.newick
1 0.000000 0.000000
2 0.000000 0.000000
3 0.000000 0.000000
4 0.000000 0.000000
1 0.000000 0.000000
2 0.000000 0.000000
3 0.000000 0.000000
4 0.000000 0.000000
1 0.000000 0.000000
2 0.000000 0.000000
3 0.000000 0.000000
4 0.000000 0.000000
1 0.000000 0.000000
2 0.000000 0.000000
3 0.000000 0.000000
4 0.000000 0.000000
1 0.000000 0.000000
2 0.000000 0.000000
3 0.000000 0.000000
4 0.000000 0.000000
../TreeLifeData/COG5487.newick
../TreeLifeData/COG2106.newick
1 7.000000 7.000000
2 5.000000 5.000000
3 5.000000 5.000000
4 3.000000 3.000000
1 7.000000 7.000000
2 5.000000 5.000000
3 3.000000 3.000000
4 3.000000 3.000000
1 7.000000 7.000000
2 5.000000 5.000000
3 5.000000 5.000000
4 3.000000 3.000000
1 7.000000 7.000000
2 4.000000 4.000000
3 4.000000 4.000000
4 3.000000 3.000000
1 7.000000 7.000000
2 5.000000 5.000000
3 5.000000 5.000000
4 3.000000 3.000000
../TreeLifeData/COG2999.newick
../TreeLifeData/COG1300.newick
1 4.666667 4.666667
2 3.333333 3.333333
3 2.333333 2.000000
4 1.333333 1.333333
1 5.333333 4.666667
2 5.333333 3.333333
3 3.000000 2.666667
4 2.333333 2.000000
1 5.333333 4.666667
2 3.000000 3.000000
3 3.000000 2.000000
4 2.000000 1.333333
1 5.333333 4.666667
2 5.333333 3.333333
3 2.666667 2.000000
4 2.000000 2.000000
1 5.333333 4.666667
2 3.333333 3.333333
3 2.000000 2.000000
4 1.333333 1.333333
../TreeLifeData/COG1239.newick
1 6.000000 6.000000
2 4.000000 4.000000
3 2.500000 2.500000
4 2.500000 2.000000
1 6.000000 6.000000
2 4.000000 4.000000
3 2.500000 2.500000
4 2.500000 2.000000
1 6.000000 6.000000
2 4.000000 4.000000
3 2.500000 2.500000
4 2.000000 2.000000
1 6.000000 6.000000
2 3.000000 3.000000
3 2.500000 2.500000
4 2.500000 2.000000
1 6.000000 6.000000
2 6.000000 6.000000
3 4.000000 4.000000
4 3.000000 3.000000
../TreeLifeData/COG1587.newick
1 31.125000 27.158333
2 25.258160 22.894271
3 23.232639 21.872830
4 22.210938 21.134115
1 30.141667 27.158333
2 26.775000 24.775000
3 25.366667 22.912500
4 24.141667 21.689583
1 31.375000 27.158333
2 26.954167 24.327778
3 24.795139 22.262500
4 22.930208 20.738542
1 29.791667 27.158333
2 25.927083 24.170833
3 24.073785 22.085417
4 23.101389 21.184201
1 30.125000 27.158333
2 24.936806 23.679167
3 22.539323 21.834115
4 21.891146 20.848437
../TreeLifeData/COG1926.newick
1 8.444444 7.222222
2 6.444444 5.444444
3 5.000000 4.666667
4 4.000000 3.666667
1 8.444444 7.222222
2 8.444444 5.277778
3 8.444444 5.277778
4 7.777778 4.777778
1 8.444444 7.222222
2 7.777778 5.444444
3 5.444444 4.444444
4 4.666667 3.833333
1 8.444444 7.222222
2 6.555556 5.222222
3 6.555556 4.500000
4 4.777778 3.777778
1 8.888889 7.222222
2 8.888889 5.277778
3 5.500000 4.666667
4 5.111111 4.222222
../TreeLifeData/COG5243.newick
1 0.000000 0.000000
2 0.000000 0.000000
3 0.000000 0.000000
4 0.000000 0.000000
1 0.000000 0.000000
2 0.000000 0.000000
3 0.000000 0.000000
4 0.000000 0.000000
1 0.000000 0.000000
2 0.000000 0.000000
3 0.000000 0.000000
4 0.000000 0.000000
1 0.000000 0.000000
2 0.000000 0.000000
3 0.000000 0.000000
4 0.000000 0.000000
1 0.000000 0.000000
2 0.000000 0.000000
3 0.000000 0.000000
4 0.000000 0.000000
../TreeLifeData/COG1478.newick
1 4.000000 4.000000
2 2.000000 2.000000
3 2.000000 1.000000
4 1.000000 1.000000
1 4.000000 4.000000
2 2.000000 2.000000
3 1.000000 1.000000
4 1.000000 1.000000
1 4.000000 4.000000
2 2.000000 2.000000
3 1.000000 1.000000
4 1.000000 1.000000
1 4.000000 4.000000
2 2.000000 2.000000
3 1.000000 1.000000
4 1.000000 1.000000
1 4.000000 4.000000
2 2.000000 2.000000
3 2.000000 2.000000
4 1.000000 1.000000
../TreeLifeData/COG5539.newick
1 0.000000 0.000000
2 0.000000 0.000000
3 0.000000 0.000000
4 0.000000 0.000000
1 0.000000 0.000000
2 0.000000 0.000000
3 0.000000 0.000000
4 0.000000 0.000000
1 0.000000 0.000000
2 0.000000 0.000000
3 0.000000 0.000000
4 0.000000 0.000000
1 0.000000 0.000000
2 0.000000 0.000000
3 0.000000 0.000000
4 0.000000 0.000000
1 0.000000 0.000000
2 0.000000 0.000000
3 0.000000 0.000000
4 0.000000 0.000000
../TreeLifeData/COG3630.newick
../TreeLifeData/COG3165.newick
1 0.000000 0.000000
2 0.000000 0.000000
3 0.000000 0.000000
4 0.000000 0.000000
1 0.000000 0.000000
2 0.000000 0.000000
3 0.000000 0.000000
4 0.000000 0.000000
1 0.000000 0.000000
2 0.000000 0.000000
3 0.000000 0.000000
4 0.000000 0.000000
1 0.000000 0.000000
2 0.000000 0.000000
3 0.000000 0.000000
4 0.000000 0.000000
1 0.000000 0.000000
2 0.000000 0.000000
3 0.000000 0.000000
4 0.000000 0.000000
../TreeLifeData/COG3920.newick
1 54.615217 48.245652
2 46.081854 43.509239
3 39.232277 34.793478
4 36.739025 33.182428
1 50.315217 48.245652
2 45.580797 43.675906
3 43.009360 40.627355
../TreeLifeData/COG0850.newick
1 2.000000 2.000000
2 2.000000 2.000000
3 0.000000 0.000000
4 0.000000 0.000000
1 2.000000 2.000000
2 2.000000 2.000000
3 2.000000 2.000000
4 2.000000 2.000000
1 2.000000 2.000000
2 2.000000 2.000000
3 0.000000 0.000000
4 0.000000 0.000000
1 2.000000 2.000000
2 0.000000 0.000000
3 0.000000 0.000000
4 0.000000 0.000000
1 2.000000 2.000000
2 2.000000 2.000000
3 2.000000 2.000000
4 2.000000 2.000000
../TreeLifeData/COG0294.newick
../TreeLifeData/COG5305.newick
../TreeLifeData/COG4044.newick
1 0.000000 0.000000
2 0.000000 0.000000
3 0.000000 0.000000
4 0.000000 0.000000
1 0.000000 0.000000
2 0.000000 0.000000
3 0.000000 0.000000
4 0.000000 0.000000
1 0.000000 0.000000
2 0.000000 0.000000
3 0.000000 0.000000
4 0.000000 0.000000
1 0.000000 0.000000
2 0.000000 0.000000
3 0.000000 0.000000
4 0.000000 0.000000
1 0.000000 0.000000
2 0.000000 0.000000
3 0.000000 0.000000
4 0.000000 0.000000
../TreeLifeData/COG3323.newick
1 4.000000 4.000000
2 0.000000 0.000000
3 0.000000 0.000000
4 0.000000 0.000000
1 4.000000 4.000000
2 4.000000 4.000000
3 0.000000 0.000000
4 0.000000 0.000000
1 4.000000 4.000000
2 4.000000 4.000000
3 4.000000 4.000000
4 0.000000 0.000000
1 4.000000 4.000000
2 4.000000 4.000000
3 0.000000 0.000000
4 0.000000 0.000000
1 4.000000 4.000000
2 4.000000 4.000000
3 0.000000 0.000000
4 0.000000 0.000000
../TreeLifeData/COG0614.newick
1 80.383333 66.700000
2 75.694271 63.351042
../TreeLifeData/COG4824.newick
1 0.000000 0.000000
2 0.000000 0.000000
3 0.000000 0.000000
4 0.000000 0.000000
1 0.000000 0.000000
2 0.000000 0.000000
3 0.000000 0.000000
4 0.000000 0.000000
1 0.000000 0.000000
2 0.000000 0.000000
3 0.000000 0.000000
4 0.000000 0.000000
1 0.000000 0.000000
2 0.000000 0.000000
3 0.000000 0.000000
4 0.000000 0.000000
1 0.000000 0.000000
2 0.000000 0.000000
3 0.000000 0.000000
4 0.000000 0.000000
../TreeLifeData/COG1944.newick
1 15.700000 15.300000
2 13.000000 12.650000
3 12.050000 12.050000
4 11.575000 11.187500
1 15.700000 15.300000
2 11.431250 10.787500
3 10.006250 9.718750
4 9.256250 8.912500
1 15.700000 15.300000
2 11.600000 11.150000
3 10.250000 9.912500
4 9.931250 9.250000
1 15.700000 15.300000
2 13.075000 12.525000
3 10.087500 9.706250
4 9.156250 8.837500
1 15.700000 15.300000
2 14.200000 13.800000
3 12.387500 11.575000
4 9.812500 9.393750
../TreeLifeData/COG2521.newick
1 5.000000 4.333333
2 3.333333 2.666667
3 3.333333 2.000000
4 3.333333 2.000000
1 4.666667 4.333333
2 4.666667 3.333333
3 3.333333 3.000000
4 2.000000 2.000000
1 5.000000 4.333333
2 3.000000 2.666667
3 2.000000 2.000000
4 2.000000 2.000000
1 5.000000 4.333333
2 5.000000 3.333333
3 3.000000 2.666667
4 3.000000 2.666667
1 4.333333 4.333333
2 3.333333 3.333333
3 2.000000 2.000000
4 1.333333 1.333333
../TreeLifeData/COG3162.newick
1 12.333333 10.333333
2 8.111111 8.111111
3 7.333333 7.333333
4 6.083333 6.083333
1 12.666667 10.333333
2 10.666667 8.333333
3 8.583333 7.250000
4 6.972222 5.638889
1 11.333333 10.333333
2 8.166667 8.166667
3 6.944444 6.944444
4 6.361111 5.861111
1 11.666667 10.333333
2 8.500000 7.833333
3 8.500000 6.722222
4 6.527778 5.666667
1 12.666667 10.333333
2 9.333333 8.333333
3 8.666667 7.666667
4 6.555556 6.055556
../TreeLifeData/COG3568.newick
1 19.659574 18.659574
2 17.574468 15.324468
3 16.968085 14.638298
4 13.542553 11.340426
1 20.382979 18.659574
2 16.063830 14.914894
3 12.393617 12.010638
4 10.882979 10.117021
1 22.446809 18.659574
2 18.914894 14.914894
3 18.680851 14.702128
4 18.617021 14.617021
1 41.297872 18.659574
2 40.574468 15.468085
3 38.446809 13.521277
4 19.468085 14.531915
1 22.446809 18.659574
2 17.372340 15.409574
3 13.978723 12.063830
4 12.617021 10.468085
../TreeLifeData/COG0033.newick
1 8.666667 7.666667
2 6.666667 5.666667
3 5.166667 4.000000
4 3.916667 3.333333
1 8.666667 7.666667
2 5.083333 5.083333
3 3.666667 3.666667
4 3.666667 3.1../TreeLifeData/COG3861.newick
1 3.333333 2.666667
2 1.333333 1.333333
3 1.333333 1.333333
4 1.333333 1.333333
1 3.333333 2.666667
2 3.333333 1.333333
3 1.333333 1.333333
4 0.000000 0.000000
1 3.333333 2.666667
2 1.333333 1.333333
3 0.000000 0.000000
4 0.000000 0.000000
1 3.333333 2.666667
2 1.333333 1.333333
3 1.333333 1.333333
4 1.333333 1.333333
1 3.333333 2.666667
2 1.333333 1.333333
3 0.000000 0.000000
4 0.000000 0.000000
../TreeLifeData/COG1555.newick
1 16.166667 13.833333
2 12.833333 12.166667
3 10.430556 9.944444
4 9.944444 9.166667
1 16.166667 13.833333
2 12.416667 11.750000
3 10.902778 10.652778
4 9.638889 9.638889
1 14.500000 13.833333
2 12.125000 11.458333
3 10.402778 10.111111
4 9.319444 8.833333
1 15.500000 13.833333
2 12.777778 11.833333
3 10.805556 9.875000
4 10.375000 8.958333
1 16.666667 13.833333
2 12.583333 11.666667
3 10.777778 10.500000
4 9.263889 8.902778
../TreeLifeData/COG4158.newick
../TreeLifeData/COG3638.newick
1 13.000000 13.000000
2 10.000000 10.000000
3 8.687500 8.687500
4 7.062500 7.062500
1 13.000000 13.000000
2 9.625000 9.625000
3 8.937500 8.812500
4 8.375000 8.187500
1 13.000000 13.000000
2 9.625000 9.625000
3 8.937500 8.812500
4 8.937500 8.812500
1 13.000000 13.000000
2 9.250000 9.250000
3 8.062500 8.000000
4 7.500000 7.062500
1 13.000000 13.000000
2 10.000000 10.000000
3 8.000000 8.000000
4 7.250000 7.250000
../TreeLifeData/COG3541.newick
../TreeLifeData/COG2069.newick
1 0.000000 0.000000
2 0.000000 0.000000
3 0.000000 0.000000
4 0.000000 0.000000
1 0.000000 0.000000
2 0.000000 0.000000
3 0.000000 0.000000
4 0.000000 0.000000
1 0.000000 0.000000
2 0.000000 0.000000
3 0.000000 0.000000
4 0.000000 0.000000
1 0.000000 0.000000
2 0.000000 0.000000
3 0.000000 0.000000
4 0.000000 0.000000
1 0.000000 0.000000
2 0.000000 0.000000
3 0.000000 0.000000
4 0.000000 0.000000
../TreeLifeData/COG4013.newick
1 0.000000 0.000000
2 0.000000 0.000000
3 0.000000 0.000000
4 0.000000 0.000000
1 0.000000 0.000000
2 0.000000 0.000000
3 0.000000 0.000000
4 0.000000 0.000000
1 0.000000 0.000000
2 0.000000 0.000000
3 0.000000 0.000000
4 0.000000 0.000000
1 0.000000 0.000000
2 0.000000 0.000000
3 0.000000 0.000000
4 0.000000 0.000000
1 0.000000 0.000000
2 0.000000 0.000000
3 0.000000 0.000000
4 0.000000 0.000000
../TreeLifeData/COG4517.newick
1 0.000000 0.000000
2 0.000000 0.000000
3 0.000000 0.000000
4 0.000000 0.000000
1 0.000000 0.000000
2 0.000000 0.000000
3 0.000000 0.000000
4 0.000000 0.000000
1 0.000000 0.000000
2 0.000000 0.000000
3 0.000000 0.000000
4 0.000000 0.000000
1 0.000000 0.000000
2 0.000000 0.000000
3 0.000000 0.000000
4 0.000000 0.000000
1 0.000000 0.000000
2 0.000000 0.000000
3 0.000000 0.000000
4 0.000000 0.000000
../TreeLifeData/COG3206.newick
1 21.833333 20.166667
2 16.694444 16.694444
3 15.391204 14.879630
4 14.590278 14.378472
1 21.166667 20.166667
2 17.111111 16.236111
3 15.579861 14.635417
4 14.729167 14.062500
1 21.833333 20.166667
2 19.333333 17.666667
3 16.305556 14.942130
4 14.886574 14.018519
1 21.166667 20.166667
2 17.833333 16.944444
3 16.388889 16.111111
4 15.370370 14.879630
1 21.833333 20.166667
2 17.888889 17.055556
3 15.678241 15.060185
4 14.807870 14.300926
../TreeLifeData/COG3636.newick
../TreeLifeData/COG2850.newick
1 0.000000 0.000000
2 0.000000 0.000000
3 0.000000 0.000000
4 0.000000 0.000000
1 0.000000 0.000000
2 0.000000 0.000000
3 0.000000 0.000000
4 0.000000 0.000000
1 0.000000 0.000000
2 0.000000 0.000000
3 0.000000 0.000000
4 0.000000 0.000000
1 0.000000 0.000000
2 0.000000 0.000000
3 0.000000 0.000000
4 0.000000 0.000000
1 0.000000 0.000000
2 0.000000 0.000000
3 0.000000 0.000000
4 0.000000 0.000000
../TreeLifeData/COG5469.newick
1 2.000000 2.000000
2 0.000000 0.000000
3 0.000000 0.000000
4 0.000000 0.000000
1 2.000000 2.000000
2 0.000000 0.000000
3 0.000000 0.000000
4 0.000000 0.000000
1 2.000000 2.000000
2 0.000000 0.000000
3 0.000000 0.000000
4 0.000000 0.000000
1 2.000000 2.000000
2 0.000000 0.000000
3 0.000000 0.000000
4 0.000000 0.000000
1 2.000000 2.000000
2 0.000000 0.000000
3 0.000000 0.000000
4 0.000000 0.000000
../TreeLifeData/COG4633.newick
1 0.000000 0.000000
2 0.000000 0.000000
3 0.000000 0.000000
4 0.000000 0.000000
1 0.000000 0.000000
2 0.000000 0.000000
3 0.000000 0.000000
4 0.000000 0.000000
1 0.000000 0.000000
2 0.000000 0.000000
3 0.000000 0.000000
4 0.000000 0.000000
1 0.000000 0.000000
2 0.000000 0.000000
3 0.000000 0.000000
4 0.000000 0.000000
1 0.000000 0.000000
2 0.000000 0.000000
3 0.000000 0.000000
4 0.000000 0.000000
../TreeLifeData/COG0235.newick
1 37.833333 34.833333
2 31.644387 30.290104
3 29.912326 29.042014
../TreeLifeData/COG2026.newick
1 10.000000 9.333333
2 8.000000 7.333333
3 6.833333 6.166667
4 6.333333 5.666667
1 10.666667 9.333333
2 8.666667 7.333333
3 6.777778 6.777778
4 6.555556 6.555556
1 10.000000 9.333333
2 8.000000 7.000000
3 6.722222 6.166667
4 5.222222 5.222222
1 10.000000 9.333333
2 8.333333 7.333333
3 6.166667 5.944444
4 5.500000 5.500000
1 10.000000 9.333333
2 8.333333 7.333333
3 8.333333 6.555556
4 7.333333 5.555556
../TreeLifeData/COG3592.newick
../TreeLifeData/COG3185.newick
1 6.500000 5.500000
2 3.500000 3.500000
3 2.500000 2.500000
4 2.000000 2.000000
1 6.500000 5.500000
2 4.500000 4.000000
3 3.500000 2.500000
4 3.500000 2.000000
1 6.500000 5.500000
2 6.500000 4.000000
3 3.500000 2.500000
4 3.500000 2.500000
1 6.500000 5.500000
2 4.000000 4.000000
3 3.000000 3.000000
4 2.000000 2.000000
1 6.500000 5.500000
2 4.500000 4.000000
3 4.500000 3.000000
4 4.500000 3.000000
../TreeLifeData/COG4298.newick
../TreeLifeData/COG3085.newick
1 0.000000 0.000000
2 0.000000 0.000000
3 0.000000 0.000000
4 0.000000 0.000000
1 0.000000 0.000000
2 0.000000 0.000000
3 0.000000 0.000000
4 0.000000 0.000000
1 0.000000 0.000000
2 0.000000 0.000000
3 0.000000 0.000000
4 0.000000 0.000000
1 0.000000 0.000000
2 0.000000 0.000000
3 0.000000 0.000000
4 0.000000 0.000000
1 0.000000 0.000000
2 0.000000 0.000000
3 0.000000 0.000000
4 0.000000 0.000000
../TreeLifeData/COG1191.newick
1 23.500000 23.000000
2 20.798611 20.006944
3 19.145255 18.155671
4 17.224537 16.984375
1 24.166667 23.000000
2 20.132812 18.896991
3 18.698206 17.844907
4 17.301794 17.142072
1 24.833333 23.000000
2 22.083333 19.833333
3 20.673611 18.430556
4 18.068866 16.968171
1 25.666667 23.000000
2 20.394097 19.020833
3 18.659433 17.884838
4 18.121528 17.601852
1 26.166667 23.000000
2 23.708333 21.041667
3 21.750000 19.500000
4 20.362847 17.239583
../TreeLifeData/COG0523.newick
1 39.500000 36.500000
2 33.526042 32.876085
3 30.982076 30.500604
../TreeLifeData/COG3601.newick
1 2.000000 2.000000
2 2.000000 2.000000
3 2.000000 2.000000
4 2.000000 2.000000
1 2.000000 2.000000
2 2.000000 2.000000
3 2.000000 2.000000
4 2.000000 2.000000
1 2.000000 2.000000
2 2.000000 2.000000
3 2.000000 2.000000
4 2.000000 2.000000
1 2.000000 2.000000
2 0.000000 0.000000
3 0.000000 0.000000
4 0.000000 0.000000
1 2.000000 2.000000
2 2.000000 2.000000
3 0.000000 0.000000
4 0.000000 0.000000
../TreeLifeData/COG1941.newick
1 7.000000 6.000000
2 7.000000 4.500000
3 4.500000 2.750000
4 4.500000 2.750000
1 6.000000 6.000000
2 4.000000 3.500000
3 4.000000 2.750000
4 3.000000 2.125000
1 7.000000 6.000000
2 3.750000 3.750000
3 3.750000 3.750000
4 2.875000 2.625000
1 7.000000 6.000000
2 7.000000 4.500000
3 4.500000 2.750000
4 3.500000 2.125000
1 6.000000 6.000000
2 3.750000 3.750000
3 2.875000 2.625000
4 2.125000 2.000000
../TreeLifeData/COG0555.newick
