Mon Jun 20 16:24:29 PDT 2016
Loading reonciliation graph from cache
Loading reonciliation graph from cache
Loading reonciliation graph from cache
Loading reonciliation graph from cache
A reconciliation graph has not been built yet for this newick file
Doing so now and caching it in {./cache/COG0500.newick.graph}...
Found cluster representatives using point-collecting
Starting K-centers algorithm ... 
Found cluster representatives using point-collecting
Starting K-centers algorithm ... 
Found cluster representatives using point-collecting
Starting K-centers algorithm ... 
Found cluster representatives using point-collecting
Starting K-centers algorithm ... 
Mon Jun 20 16:46:41 PDT 2016
Loading reonciliation graph from cache
Loading reonciliation graph from cache
Loading reonciliation graph from cache
Loading reonciliation graph from cache
A reconciliation graph has not been built yet for this newick file
Doing so now and caching it in {./cache/COG0500.newick.graph}...
Found cluster representatives using point-collecting
Starting K-centers algorithm ... 
Found cluster representatives using point-collecting
Starting K-centers algorithm ... 
Found cluster representatives using point-collecting
Starting K-centers algorithm ... 
Found cluster representatives using point-collecting
Starting K-centers algorithm ... 
Loading reonciliation graph from cache
Loading reonciliation graph from cache
Found cluster representatives using point-collecting
Starting K-centers algorithm ... 
Found cluster representatives using point-collecting
Starting K-centers algorithm ... 
A reconciliation graph has not been built yet for this newick file
Doing so now and caching it in {./cache/COG0507.newick.graph}...
A reconciliation graph has not been built yet for this newick file
Doing so now and caching it in {./cache/COG0506.newick.graph}...
A reconciliation graph has not been built yet for this newick file
Doing so now and caching it in {./cache/COG0509.newick.graph}...
A reconciliation graph has not been built yet for this newick file
Doing so now and caching it in {./cache/COG0505.newick.graph}...
A reconciliation graph has not been built yet for this newick file
Doing so now and caching it in {./cache/COG0508.newick.graph}...
Loading reonciliation graph from cache
Found cluster representatives using point-collecting
Starting K-centers algorithm ... 
Loading reonciliation graph from cache
Found cluster representatives using point-collecting
Starting K-centers algorithm ... 
Loading reonciliation graph from cache
Found cluster representatives using point-collecting
Starting K-centers algorithm ... 
Loading reonciliation graph from cache
Found cluster representatives using point-collecting
Starting K-centers algorithm ... 
Loading reonciliation graph from cache
Found cluster representatives using point-collecting
Starting K-centers algorithm ... 
Loading reonciliation graph from cache
Found cluster representatives using point-collecting
Starting K-centers algorithm ... 
Loading reonciliation graph from cache
Loading reonciliation graph from cache
Loading reonciliation graph from cache
Loading reonciliation graph from cache
Found cluster representatives using point-collecting
Starting K-centers algorithm ... 
Found cluster representatives using point-collecting
Starting K-centers algorithm ... 
Found cluster representatives using point-collecting
Starting K-centers algorithm ... 
Found cluster representatives using point-collecting
Starting K-centers algorithm ... 
A reconciliation graph has not been built yet for this newick file
Doing so now and caching it in {./cache/COG0513.newick.graph}...
A reconciliation graph has not been built yet for this newick file
Doing so now and caching it in {./cache/COG0512.newick.graph}...
A reconciliation graph has not been built yet for this newick file
Doing so now and caching it in {./cache/COG0514.newick.graph}...
A reconciliation graph has not been built yet for this newick file
Doing so now and caching it in {./cache/COG0510.newick.graph}...
A reconciliation graph has not been built yet for this newick file
Doing so now and caching it in {./cache/COG0511.newick.graph}...
Loading reonciliation graph from cache
Found cluster representatives using point-collecting
Starting K-centers algorithm ... 
Loading reonciliation graph from cache
Found cluster representatives using point-collecting
Starting K-centers algorithm ... 
Loading reonciliation graph from cache
Found cluster representatives using point-collecting
Starting K-centers algorithm ... 
Loading reonciliation graph from cache
Found cluster representatives using point-collecting
Starting K-centers algorithm ... 
Loading reonciliation graph from cache
Found cluster representatives using point-collecting
Starting K-centers algorithm ... 
A reconciliation graph has not been built yet for this newick file
Doing so now and caching it in {./cache/COG0517.newick.graph}...
A reconciliation graph has not been built yet for this newick file
Doing so now and caching it in {./cache/COG0518.newick.graph}...
A reconciliation graph has not been built yet for this newick file
Doing so now and caching it in {./cache/COG0519.newick.graph}...
A reconciliation graph has not been built yet for this newick file
Doing so now and caching it in {./cache/COG0516.newick.graph}...
Loading reonciliation graph from cache
Found cluster representatives using point-collecting
Starting K-centers algorithm ... 
Loading reonciliation graph from cache
Found cluster representatives using point-collecting
Starting K-centers algorithm ... 
Loading reonciliation graph from cache
Found cluster representatives using point-collecting
Starting K-centers algorithm ... 
Loading reonciliation graph from cache
Found cluster representatives using point-collecting
Starting K-centers algorithm ... 
A reconciliation graph has not been built yet for this newick file
Doing so now and caching it in {./cache/COG0524.newick.graph}...
A reconciliation graph has not been built yet for this newick file
Doing so now and caching it in {./cache/COG0520.newick.graph}...
A reconciliation graph has not been built yet for this newick file
Doing so now and caching it in {./cache/COG0521.newick.graph}...
A reconciliation graph has not been built yet for this newick file
Doing so now and caching it in {./cache/COG0522.newick.graph}...
A reconciliation graph has not been built yet for this newick file
Doing so now and caching it in {./cache/COG0523.newick.graph}...
Loading reonciliation graph from cache
Found cluster representatives using point-collecting
Starting K-centers algorithm ... 
Loading reonciliation graph from cache
Found cluster representatives using point-collecting
Starting K-centers algorithm ... 
Loading reonciliation graph from cache
Found cluster representatives using point-collecting
Starting K-centers algorithm ... 
Loading reonciliation graph from cache
Found cluster representatives using point-collecting
Starting K-centers algorithm ... 
A reconciliation graph has not been built yet for this newick file
Doing so now and caching it in {./cache/COG0526.newick.graph}...
A reconciliation graph has not been built yet for this newick file
Doing so now and caching it in {./cache/COG0528.newick.graph}...
A reconciliation graph has not been built yet for this newick file
Doing so now and caching it in {./cache/COG0529.newick.graph}...
A reconciliation graph has not been built yet for this newick file
Doing so now and caching it in {./cache/COG0525.newick.graph}...
A reconciliation graph has not been built yet for this newick file
Doing so now and caching it in {./cache/COG0527.newick.graph}...
Loading reonciliation graph from cache
Found cluster representatives using point-collecting
Starting K-centers algorithm ... 
Loading reonciliation graph from cache
Found cluster representatives using point-collecting
Starting K-centers algorithm ... 
Loading reonciliation graph from cache
Found cluster representatives using point-collecting
Starting K-centers algorithm ... 
Loading reonciliation graph from cache
Found cluster representatives using point-collecting
Starting K-centers algorithm ... 
Loading reonciliation graph from cache
Found cluster representatives using point-collecting
Starting K-centers algorithm ... 
Loading reonciliation graph from cache
Found cluster representatives using point-collecting
Starting K-centers algorithm ... 
Loading reonciliation graph from cache
Loading reonciliation graph from cache
Loading reonciliation graph from cache
Loading reonciliation graph from cache
Found cluster representatives using point-collecting
Starting K-centers algorithm ... 
Found cluster representatives using point-collecting
Starting K-centers algorithm ... 
Found cluster representatives using point-collecting
Starting K-centers algorithm ... 
Found cluster representatives using point-collecting
Starting K-centers algorithm ... 
Loading reonciliation graph from cacheLoading reonciliation graph from cache

Found cluster representatives using point-collecting
Starting K-centers algorithm ... 
Loading reonciliation graph from cache
Loading reonciliation graph from cache
Found cluster representatives using point-collecting
Starting K-centers algorithm ... 
Found cluster representatives using point-collecting
Starting K-centers algorithm ... 
Found cluster representatives using point-collecting
Starting K-centers algorithm ... 
